#    1 | steps:    72 | steps_t: 90830 | t: 0.339647 | r:  -560.000000 | e:   0.100000 | Q: 254.989517 | won: False 
#    2 | steps:   105 | steps_t: 90830 | t: 0.510733 | r:  -521.000000 | e:   0.100000 | Q: 254.989517 | won: False 
#    3 | steps:   187 | steps_t: 90830 | t: 0.804058 | r:  -570.000000 | e:   0.100000 | Q: 254.989517 | won: False 
#    4 | steps:   224 | steps_t: 90830 | t: 1.021858 | r:  -525.000000 | e:   0.100000 | Q: 254.989517 | won: False 
#    5 | steps:   309 | steps_t: 90830 | t: 1.313419 | r:  -573.000000 | e:   0.100000 | Q: 223.623199 | won: False 
#    6 | steps:   328 | steps_t: 90830 | t: 1.350162 | r:  -496.000000 | e:   0.100000 | Q: 254.989517 | won: False 
#    7 | steps:   405 | steps_t: 90830 | t: 1.518405 | r:  -565.000000 | e:   0.100000 | Q: 254.989517 | won: False 
#    8 | steps:   458 | steps_t: 90830 | t: 1.633956 | r:  -541.000000 | e:   0.100000 | Q: 254.989517 | won: False 
#    9 | steps:   486 | steps_t: 90830 | t: 1.700466 | r:  -516.000000 | e:   0.100000 | Q: 254.989517 | won: False 
#   10 | steps:   574 | steps_t: 90830 | t: 1.880716 | r:    24.000000 | e:   0.100000 | Q: 254.989517 | won: True 
#   11 | steps:   606 | steps_t: 90830 | t: 1.943165 | r:  -520.000000 | e:   0.100000 | Q: 185.644272 | won: False 
#   12 | steps:   795 | steps_t: 90830 | t: 2.324446 | r:  -677.000000 | e:   0.100000 | Q: 254.989517 | won: False 
#   13 | steps:   889 | steps_t: 90830 | t: 2.505977 | r:  -582.000000 | e:   0.100000 | Q: 223.623199 | won: False 
#   14 | steps:   969 | steps_t: 90830 | t: 2.664237 | r:  -568.000000 | e:   0.100000 | Q: 229.685638 | won: False 
#   15 | steps:  1003 | steps_t: 90830 | t: 2.726807 | r:  -522.000000 | e:   0.100000 | Q: 254.989517 | won: False 
#   16 | steps:  1030 | steps_t: 90830 | t: 2.782043 | r:  -515.000000 | e:   0.100000 | Q: 254.989517 | won: False 
#   17 | steps:  1099 | steps_t: 90830 | t: 2.963588 | r:  -557.000000 | e:   0.100000 | Q: 254.989517 | won: False 
#   18 | steps:  1158 | steps_t: 90830 | t: 3.182025 | r:  -547.000000 | e:   0.100000 | Q: 207.932129 | won: False 
#   19 | steps:  1206 | steps_t: 90830 | t: 3.346846 | r:  -536.000000 | e:   0.100000 | Q: 229.685638 | won: False 
#   20 | steps:  1255 | steps_t: 90830 | t: 3.602294 | r:  -537.000000 | e:   0.100000 | Q: 254.989517 | won: False 
#   21 | steps:  1358 | steps_t: 90830 | t: 4.187644 | r:  -591.000000 | e:   0.100000 | Q: 254.989517 | won: False 
#   22 | steps:  1389 | steps_t: 90830 | t: 4.356737 | r:  -519.000000 | e:   0.100000 | Q: 204.240723 | won: False 
#   23 | steps:  1457 | steps_t: 90830 | t: 4.726910 | r:    44.000000 | e:   0.100000 | Q: 254.989517 | won: True 
#   24 | steps:  1487 | steps_t: 90830 | t: 4.889203 | r:  -518.000000 | e:   0.100000 | Q: 208.423416 | won: False 
#   25 | steps:  1508 | steps_t: 90830 | t: 4.999433 | r:  -509.000000 | e:   0.100000 | Q: 254.989517 | won: False 
#   26 | steps:  1541 | steps_t: 90830 | t: 5.071325 | r:  -521.000000 | e:   0.100000 | Q: 185.644272 | won: False 
#   27 | steps:  1560 | steps_t: 90830 | t: 5.104689 | r:  -496.000000 | e:   0.100000 | Q: 254.989517 | won: False 
#   28 | steps:  1602 | steps_t: 90830 | t: 5.203341 | r:  -530.000000 | e:   0.100000 | Q: 207.932129 | won: False 
#   29 | steps:  1697 | steps_t: 90830 | t: 5.481489 | r:  -583.000000 | e:   0.100000 | Q: 254.989517 | won: False 
#   30 | steps:  1773 | steps_t: 90830 | t: 5.708646 | r:  -564.000000 | e:   0.100000 | Q: 254.989517 | won: False 
#   31 | steps:  1793 | steps_t: 90830 | t: 5.769434 | r:  -508.000000 | e:   0.100000 | Q: 254.989517 | won: False 
#   32 | steps:  1831 | steps_t: 90830 | t: 5.875302 | r:  -526.000000 | e:   0.100000 | Q: 254.989517 | won: False 
#   33 | steps:  1851 | steps_t: 90830 | t: 5.909175 | r:  -508.000000 | e:   0.100000 | Q: 190.307083 | won: False 
#   34 | steps:  1881 | steps_t: 90830 | t: 5.963509 | r:  -518.000000 | e:   0.100000 | Q: 254.989517 | won: False 
#   35 | steps:  2008 | steps_t: 90830 | t: 6.207948 | r:  -615.000000 | e:   0.100000 | Q: 254.989517 | won: False 
#   36 | steps:  2038 | steps_t: 90830 | t: 6.264654 | r:  -518.000000 | e:   0.100000 | Q: 207.932129 | won: False 
#   37 | steps:  2071 | steps_t: 90830 | t: 6.330807 | r:  -521.000000 | e:   0.100000 | Q: 229.685638 | won: False 
#   38 | steps:  2199 | steps_t: 90830 | t: 6.579188 | r:  -616.000000 | e:   0.100000 | Q: 254.989517 | won: False 
#   39 | steps:  2261 | steps_t: 90830 | t: 6.709739 | r:  -550.000000 | e:   0.100000 | Q: 254.989517 | won: False 
#   40 | steps:  2286 | steps_t: 90830 | t: 6.762767 | r:  -513.000000 | e:   0.100000 | Q: 207.932129 | won: False 
#   41 | steps:  2313 | steps_t: 90830 | t: 6.828142 | r:  -515.000000 | e:   0.100000 | Q: 207.932129 | won: False 
#   42 | steps:  2327 | steps_t: 90830 | t: 6.857738 | r:  -513.000000 | e:   0.100000 | Q: 185.644272 | won: False 
#   43 | steps:  2339 | steps_t: 90830 | t: 6.880625 | r:  -511.000000 | e:   0.100000 | Q: 207.932129 | won: False 
#   44 | steps:  2358 | steps_t: 90830 | t: 6.922652 | r:  -507.000000 | e:   0.100000 | Q: 254.989517 | won: False 
#   45 | steps:  2461 | steps_t: 90830 | t: 7.171425 | r:  -591.000000 | e:   0.100000 | Q: 254.989517 | won: False 
#   46 | steps:  2505 | steps_t: 90830 | t: 7.286878 | r:  -532.000000 | e:   0.100000 | Q: 208.423416 | won: False 
#   47 | steps:  2519 | steps_t: 90830 | t: 7.323376 | r:  -513.000000 | e:   0.100000 | Q: 229.685638 | won: False 
#   48 | steps:  2534 | steps_t: 90830 | t: 7.360999 | r:  -514.000000 | e:   0.100000 | Q: 254.989517 | won: False 
#   49 | steps:  2591 | steps_t: 90830 | t: 7.582150 | r:  -545.000000 | e:   0.100000 | Q: 229.685638 | won: False 
#   50 | steps:  2618 | steps_t: 90830 | t: 7.715483 | r:  -515.000000 | e:   0.100000 | Q: 185.134262 | won: False 
#   51 | steps:  2638 | steps_t: 90830 | t: 7.815849 | r:  -508.000000 | e:   0.100000 | Q: 254.989517 | won: False 
#   52 | steps:  2710 | steps_t: 90830 | t: 8.174954 | r:  -560.000000 | e:   0.100000 | Q: 223.623199 | won: False 
#   53 | steps:  2755 | steps_t: 90830 | t: 8.274482 | r:  -533.000000 | e:   0.100000 | Q: 207.932129 | won: False 
#   54 | steps:  2864 | steps_t: 90830 | t: 8.486745 | r:  -597.000000 | e:   0.100000 | Q: 254.989517 | won: False 
#   55 | steps:  2919 | steps_t: 90830 | t: 8.591788 | r:  -543.000000 | e:   0.100000 | Q: 223.623199 | won: False 
#   56 | steps:  3002 | steps_t: 90830 | t: 8.844402 | r:  -571.000000 | e:   0.100000 | Q: 254.989517 | won: False 
#   57 | steps:  3020 | steps_t: 90830 | t: 8.930045 | r:  -517.000000 | e:   0.100000 | Q: 207.932129 | won: False 
#   58 | steps:  3070 | steps_t: 90830 | t: 9.208511 | r:  -538.000000 | e:   0.100000 | Q: 254.989517 | won: False 
#   59 | steps:  3093 | steps_t: 90830 | t: 9.322917 | r:  -511.000000 | e:   0.100000 | Q: 254.989517 | won: False 
#   60 | steps:  3190 | steps_t: 90830 | t: 9.628855 | r:  -585.000000 | e:   0.100000 | Q: 254.989517 | won: False 
#   61 | steps:  3237 | steps_t: 90830 | t: 9.723894 | r:  -535.000000 | e:   0.100000 | Q: 208.423416 | won: False 
#   62 | steps:  3269 | steps_t: 90830 | t: 9.785463 | r:  -520.000000 | e:   0.100000 | Q: 254.989517 | won: False 
#   63 | steps:  3300 | steps_t: 90830 | t: 9.847572 | r:  -519.000000 | e:   0.100000 | Q: 254.989517 | won: False 
#   64 | steps:  3371 | steps_t: 90830 | t: 9.978548 | r:  -559.000000 | e:   0.100000 | Q: 223.623199 | won: False 
#   65 | steps:  3434 | steps_t: 90830 | t: 10.098870 | r:  -551.000000 | e:   0.100000 | Q: 254.989517 | won: False 
#   66 | steps:  3470 | steps_t: 90830 | t: 10.167062 | r:  -524.000000 | e:   0.100000 | Q: 254.989517 | won: False 
#   67 | steps:  3600 | steps_t: 90830 | t: 10.419651 | r:  -618.000000 | e:   0.100000 | Q: 223.623199 | won: False 
#   68 | steps:  3644 | steps_t: 90830 | t: 10.534962 | r:  -532.000000 | e:   0.100000 | Q: 223.623199 | won: False 
#   69 | steps:  3722 | steps_t: 90830 | t: 10.946930 | r:  -566.000000 | e:   0.100000 | Q: 254.989517 | won: False 
#   70 | steps:  3785 | steps_t: 90830 | t: 11.265943 | r:  -551.000000 | e:   0.100000 | Q: 254.989517 | won: False 
#   71 | steps:  3940 | steps_t: 90830 | t: 11.932360 | r:  -643.000000 | e:   0.100000 | Q: 223.623199 | won: False 
#   72 | steps:  3977 | steps_t: 90830 | t: 12.010763 | r:  -525.000000 | e:   0.100000 | Q: 190.709396 | won: False 
#   73 | steps:  4020 | steps_t: 90830 | t: 12.104855 | r:  -531.000000 | e:   0.100000 | Q: 254.989517 | won: False 
#   74 | steps:  4084 | steps_t: 90830 | t: 12.236836 | r:  -552.000000 | e:   0.100000 | Q: 254.989517 | won: False 
#   75 | steps:  4145 | steps_t: 90830 | t: 12.363558 | r:  -549.000000 | e:   0.100000 | Q: 254.989517 | won: False 
#   76 | steps:  4218 | steps_t: 90830 | t: 12.514289 | r:  -561.000000 | e:   0.100000 | Q: 254.989517 | won: False 
#   77 | steps:  4299 | steps_t: 90830 | t: 12.678986 | r:  -569.000000 | e:   0.100000 | Q: 254.989517 | won: False 
#   78 | steps:  4330 | steps_t: 90830 | t: 12.742616 | r:  -519.000000 | e:   0.100000 | Q: 207.932129 | won: False 
#   79 | steps:  4348 | steps_t: 90830 | t: 12.772768 | r:  -517.000000 | e:   0.100000 | Q: 254.989517 | won: False 
#   80 | steps:  4415 | steps_t: 90830 | t: 12.913367 | r:  -555.000000 | e:   0.100000 | Q: 254.989517 | won: False 
#   81 | steps:  4440 | steps_t: 90830 | t: 12.962412 | r:  -513.000000 | e:   0.100000 | Q: 254.989517 | won: False 
#   82 | steps:  4553 | steps_t: 90830 | t: 13.194001 | r:  -601.000000 | e:   0.100000 | Q: 254.989517 | won: False 
#   83 | steps:  4690 | steps_t: 90830 | t: 13.529123 | r:  -625.000000 | e:   0.100000 | Q: 254.989517 | won: False 
#   84 | steps:  4706 | steps_t: 90830 | t: 13.580100 | r:  -515.000000 | e:   0.100000 | Q: 254.989517 | won: False 
#   85 | steps:  4743 | steps_t: 90830 | t: 13.679488 | r:  -525.000000 | e:   0.100000 | Q: 254.989517 | won: False 
#   86 | steps:  4803 | steps_t: 90830 | t: 13.842613 | r:  -548.000000 | e:   0.100000 | Q: 229.685638 | won: False 
#   87 | steps:  4836 | steps_t: 90830 | t: 14.054604 | r:    79.000000 | e:   0.100000 | Q: 254.989517 | won: True 
#   88 | steps:  4858 | steps_t: 90830 | t: 14.177367 | r:  -510.000000 | e:   0.100000 | Q: 229.685638 | won: False 
#   89 | steps:  4904 | steps_t: 90830 | t: 14.435445 | r:  -534.000000 | e:   0.100000 | Q: 254.989517 | won: False 
#   90 | steps:  4932 | steps_t: 90830 | t: 14.594743 | r:  -516.000000 | e:   0.100000 | Q: 229.685638 | won: False 
#   91 | steps:  4976 | steps_t: 90830 | t: 14.729030 | r:  -532.000000 | e:   0.100000 | Q: 254.989517 | won: False 
#   92 | steps:  5010 | steps_t: 90838 | t: 15.050848 | r:  -522.000000 | e:   0.100000 | Q: 207.932129 | won: False 
#   93 | steps:  5038 | steps_t: 90865 | t: 15.449513 | r:  -516.000000 | e:   0.100000 | Q: 206.782547 | won: False 
#   94 | steps:  5084 | steps_t: 90910 | t: 16.637013 | r:  -534.000000 | e:   0.100000 | Q: 243.504974 | won: False 
#   95 | steps:  5097 | steps_t: 90922 | t: 17.075777 | r:  -512.000000 | e:   0.100000 | Q: 231.528854 | won: False 
#   96 | steps:  5128 | steps_t: 90952 | t: 18.144529 | r:  -519.000000 | e:   0.100000 | Q: 205.383652 | won: False 
#   97 | steps:  5148 | steps_t: 90971 | t: 18.840715 | r:  -508.000000 | e:   0.100000 | Q: 171.373337 | won: False 
#   98 | steps:  5203 | steps_t: 91025 | t: 20.800733 | r:  -543.000000 | e:   0.100000 | Q: 231.839935 | won: False 
#   99 | steps:  5246 | steps_t: 91067 | t: 22.303461 | r:  -531.000000 | e:   0.100000 | Q: 163.243256 | won: False 
#  100 | steps:  5273 | steps_t: 91093 | t: 23.245646 | r:  -515.000000 | e:   0.100000 | Q: 209.153885 | won: False 
#  101 | steps:  5298 | steps_t: 91117 | t: 24.105090 | r:  -513.000000 | e:   0.100000 | Q: 183.344986 | won: False 
#  102 | steps:  5306 | steps_t: 91124 | t: 24.359587 | r:  -507.000000 | e:   0.100000 | Q: 138.797668 | won: False 
#  103 | steps:  5354 | steps_t: 91171 | t: 26.076474 | r:  -536.000000 | e:   0.100000 | Q: 136.794907 | won: False 
#  104 | steps:  5419 | steps_t: 91235 | t: 28.335727 | r:  -553.000000 | e:   0.100000 | Q: 143.658127 | won: False 
#  105 | steps:  5440 | steps_t: 91255 | t: 29.069597 | r:  -509.000000 | e:   0.100000 | Q: 171.105698 | won: False 
#  106 | steps:  5481 | steps_t: 91295 | t: 30.374161 | r:  -529.000000 | e:   0.100000 | Q: 150.623718 | won: False 
#  107 | steps:  5523 | steps_t: 91336 | t: 31.851101 | r:  -530.000000 | e:   0.100000 | Q: 126.576294 | won: False 
