#    1 | steps:   117 | steps_t: 90830 | t: 0.263185 | r:  -605.000000 | e:   0.100000 | Q: 254.989517 | won: False 
#    2 | steps:   159 | steps_t: 90830 | t: 0.344812 | r:  -530.000000 | e:   0.100000 | Q: 229.685638 | won: False 
#    3 | steps:   238 | steps_t: 90830 | t: 0.568659 | r:  -567.000000 | e:   0.100000 | Q: 223.623199 | won: False 
#    4 | steps:   271 | steps_t: 90830 | t: 0.630497 | r:  -521.000000 | e:   0.100000 | Q: 207.932129 | won: False 
#    5 | steps:   309 | steps_t: 90830 | t: 0.706341 | r:  -526.000000 | e:   0.100000 | Q: 229.685638 | won: False 
#    6 | steps:   355 | steps_t: 90830 | t: 0.897798 | r:  -534.000000 | e:   0.100000 | Q: 254.989517 | won: False 
#    7 | steps:   558 | steps_t: 90830 | t: 1.438007 | r:  -691.000000 | e:   0.100000 | Q: 223.623199 | won: False 
#    8 | steps:   619 | steps_t: 90830 | t: 1.574572 | r:  -549.000000 | e:   0.100000 | Q: 223.623199 | won: False 
#    9 | steps:   746 | steps_t: 90830 | t: 1.851754 | r:  -615.000000 | e:   0.100000 | Q: 254.989517 | won: False 
#   10 | steps:   790 | steps_t: 90830 | t: 1.943479 | r:  -532.000000 | e:   0.100000 | Q: 207.932129 | won: False 
#   11 | steps:   823 | steps_t: 90830 | t: 2.012854 | r:  -521.000000 | e:   0.100000 | Q: 254.989517 | won: False 
#   12 | steps:   943 | steps_t: 90830 | t: 2.256626 | r:  -608.000000 | e:   0.100000 | Q: 229.685638 | won: False 
#   13 | steps:   972 | steps_t: 90830 | t: 2.315491 | r:  -517.000000 | e:   0.100000 | Q: 254.989517 | won: False 
#   14 | steps:  1042 | steps_t: 90830 | t: 2.449437 | r:  -558.000000 | e:   0.100000 | Q: 223.623199 | won: False 
#   15 | steps:  1061 | steps_t: 90830 | t: 2.485671 | r:  -496.000000 | e:   0.100000 | Q: 254.989517 | won: False 
#   16 | steps:  1078 | steps_t: 90830 | t: 2.516700 | r:  -516.000000 | e:   0.100000 | Q: 190.709396 | won: False 
#   17 | steps:  1127 | steps_t: 90830 | t: 2.615989 | r:  -537.000000 | e:   0.100000 | Q: 254.989517 | won: False 
#   18 | steps:  1182 | steps_t: 90830 | t: 2.728070 | r:  -543.000000 | e:   0.100000 | Q: 207.932129 | won: False 
#   19 | steps:  1344 | steps_t: 90830 | t: 3.240491 | r:  -650.000000 | e:   0.100000 | Q: 223.623199 | won: False 
#   20 | steps:  1380 | steps_t: 90830 | t: 3.360101 | r:  -524.000000 | e:   0.100000 | Q: 254.989517 | won: False 
#   21 | steps:  1427 | steps_t: 90830 | t: 3.522984 | r:  -535.000000 | e:   0.100000 | Q: 254.989517 | won: False 
#   22 | steps:  1482 | steps_t: 90830 | t: 3.700974 | r:  -543.000000 | e:   0.100000 | Q: 254.989517 | won: False 
#   23 | steps:  1536 | steps_t: 90830 | t: 3.889580 | r:  -542.000000 | e:   0.100000 | Q: 254.989517 | won: False 
#   24 | steps:  1560 | steps_t: 90830 | t: 3.971511 | r:  -512.000000 | e:   0.100000 | Q: 254.989517 | won: False 
#   25 | steps:  1584 | steps_t: 90830 | t: 4.055564 | r:  -512.000000 | e:   0.100000 | Q: 229.685638 | won: False 
#   26 | steps:  1617 | steps_t: 90830 | t: 4.168318 | r:  -521.000000 | e:   0.100000 | Q: 172.634140 | won: False 
#   27 | steps:  1736 | steps_t: 90830 | t: 4.598933 | r:  -607.000000 | e:   0.100000 | Q: 254.989517 | won: False 
#   28 | steps:  1751 | steps_t: 90830 | t: 4.645199 | r:  -503.000000 | e:   0.100000 | Q: 207.932129 | won: False 
#   29 | steps:  1821 | steps_t: 90830 | t: 4.888789 | r:  -558.000000 | e:   0.100000 | Q: 254.989517 | won: False 
#   30 | steps:  1891 | steps_t: 90830 | t: 5.122596 | r:  -558.000000 | e:   0.100000 | Q: 254.989517 | won: False 
#   31 | steps:  1920 | steps_t: 90830 | t: 5.215165 | r:  -517.000000 | e:   0.100000 | Q: 254.989517 | won: False 
#   32 | steps:  1967 | steps_t: 90830 | t: 5.371052 | r:  -535.000000 | e:   0.100000 | Q: 208.423416 | won: False 
#   33 | steps:  2003 | steps_t: 90830 | t: 5.489738 | r:  -524.000000 | e:   0.100000 | Q: 207.932129 | won: False 
#   34 | steps:  2032 | steps_t: 90830 | t: 5.590540 | r:  -517.000000 | e:   0.100000 | Q: 254.989517 | won: False 
#   35 | steps:  2059 | steps_t: 90830 | t: 5.679328 | r:  -515.000000 | e:   0.100000 | Q: 185.134262 | won: False 
#   36 | steps:  2121 | steps_t: 90830 | t: 5.885388 | r:  -550.000000 | e:   0.100000 | Q: 254.989517 | won: False 
#   37 | steps:  2201 | steps_t: 90830 | t: 6.157291 | r:  -568.000000 | e:   0.100000 | Q: 254.989517 | won: False 
#   38 | steps:  2240 | steps_t: 90830 | t: 6.286682 | r:  -527.000000 | e:   0.100000 | Q: 229.685638 | won: False 
#   39 | steps:  2272 | steps_t: 90830 | t: 6.369970 | r:  -520.000000 | e:   0.100000 | Q: 207.932129 | won: False 
#   40 | steps:  2343 | steps_t: 90830 | t: 6.509429 | r:  -559.000000 | e:   0.100000 | Q: 254.989517 | won: False 
#   41 | steps:  2366 | steps_t: 90830 | t: 6.550060 | r:  -500.000000 | e:   0.100000 | Q: 254.989517 | won: False 
#   42 | steps:  2436 | steps_t: 90830 | t: 6.767298 | r:  -558.000000 | e:   0.100000 | Q: 254.989517 | won: False 
#   43 | steps:  2509 | steps_t: 90830 | t: 6.953229 | r:  -561.000000 | e:   0.100000 | Q: 223.623199 | won: False 
#   44 | steps:  2590 | steps_t: 90830 | t: 7.113535 | r:  -569.000000 | e:   0.100000 | Q: 254.989517 | won: False 
#   45 | steps:  2625 | steps_t: 90830 | t: 7.177572 | r:  -523.000000 | e:   0.100000 | Q: 172.634140 | won: False 
#   46 | steps:  2677 | steps_t: 90830 | t: 7.285652 | r:    60.000000 | e:   0.100000 | Q: 254.989517 | won: True 
#   47 | steps:  2702 | steps_t: 90830 | t: 7.336775 | r:  -513.000000 | e:   0.100000 | Q: 254.989517 | won: False 
#   48 | steps:  2730 | steps_t: 90830 | t: 7.397946 | r:  -516.000000 | e:   0.100000 | Q: 254.989517 | won: False 
#   49 | steps:  2821 | steps_t: 90830 | t: 7.704731 | r:  -579.000000 | e:   0.100000 | Q: 254.989517 | won: False 
#   50 | steps:  2836 | steps_t: 90830 | t: 7.775301 | r:  -503.000000 | e:   0.100000 | Q: 229.685638 | won: False 
#   51 | steps:  2855 | steps_t: 90830 | t: 7.866190 | r:  -507.000000 | e:   0.100000 | Q: 199.065475 | won: False 
#   52 | steps:  2874 | steps_t: 90830 | t: 7.964456 | r:  -507.000000 | e:   0.100000 | Q: 199.065475 | won: False 
#   53 | steps:  2893 | steps_t: 90830 | t: 8.059753 | r:  -507.000000 | e:   0.100000 | Q: 199.065475 | won: False 
#   54 | steps:  2915 | steps_t: 90830 | t: 8.168659 | r:  -510.000000 | e:   0.100000 | Q: 161.517670 | won: False 
#   55 | steps:  2945 | steps_t: 90830 | t: 8.321028 | r:    82.000000 | e:   0.100000 | Q: 254.989517 | won: True 
#   56 | steps:  3008 | steps_t: 90830 | t: 8.626863 | r:  -551.000000 | e:   0.100000 | Q: 254.989517 | won: False 
#   57 | steps:  3055 | steps_t: 90830 | t: 8.719950 | r:  -535.000000 | e:   0.100000 | Q: 254.989517 | won: False 
#   58 | steps:  3123 | steps_t: 90830 | t: 8.865398 | r:  -556.000000 | e:   0.100000 | Q: 254.989517 | won: False 
#   59 | steps:  3170 | steps_t: 90830 | t: 8.957914 | r:  -535.000000 | e:   0.100000 | Q: 284.413513 | won: False 
#   60 | steps:  3193 | steps_t: 90830 | t: 9.004450 | r:  -511.000000 | e:   0.100000 | Q: 199.065475 | won: False 
#   61 | steps:  3236 | steps_t: 90830 | t: 9.090121 | r:  -531.000000 | e:   0.100000 | Q: 254.989517 | won: False 
#   62 | steps:  3319 | steps_t: 90830 | t: 9.257492 | r:  -571.000000 | e:   0.100000 | Q: 223.623199 | won: False 
#   63 | steps:  3350 | steps_t: 90830 | t: 9.322657 | r:  -519.000000 | e:   0.100000 | Q: 254.989517 | won: False 
#   64 | steps:  3401 | steps_t: 90830 | t: 9.423926 | r:  -539.000000 | e:   0.100000 | Q: 204.240723 | won: False 
#   65 | steps:  3445 | steps_t: 90830 | t: 9.650954 | r:  -532.000000 | e:   0.100000 | Q: 254.989517 | won: False 
#   66 | steps:  3476 | steps_t: 90830 | t: 9.747470 | r:  -519.000000 | e:   0.100000 | Q: 207.932129 | won: False 
#   67 | steps:  3495 | steps_t: 90830 | t: 9.790558 | r:  -507.000000 | e:   0.100000 | Q: 127.356308 | won: False 
#   68 | steps:  3514 | steps_t: 90830 | t: 9.829072 | r:  -507.000000 | e:   0.100000 | Q: 186.335251 | won: False 
#   69 | steps:  3561 | steps_t: 90830 | t: 9.922559 | r:  -535.000000 | e:   0.100000 | Q: 254.989517 | won: False 
#   70 | steps:  3592 | steps_t: 90830 | t: 9.980953 | r:  -519.000000 | e:   0.100000 | Q: 207.932129 | won: False 
#   71 | steps:  3616 | steps_t: 90830 | t: 10.027578 | r:  -512.000000 | e:   0.100000 | Q: 254.989517 | won: False 
#   72 | steps:  3631 | steps_t: 90830 | t: 10.055719 | r:  -503.000000 | e:   0.100000 | Q: 254.989517 | won: False 
#   73 | steps:  3649 | steps_t: 90830 | t: 10.088869 | r:  -506.000000 | e:   0.100000 | Q: 171.807007 | won: False 
#   74 | steps:  3672 | steps_t: 90830 | t: 10.137239 | r:  -511.000000 | e:   0.100000 | Q: 199.065475 | won: False 
#   75 | steps:  3743 | steps_t: 90830 | t: 10.273537 | r:  -559.000000 | e:   0.100000 | Q: 254.989517 | won: False 
#   76 | steps:  3777 | steps_t: 90830 | t: 10.334773 | r:  -522.000000 | e:   0.100000 | Q: 207.932129 | won: False 
#   77 | steps:  3870 | steps_t: 90830 | t: 10.509538 | r:  -581.000000 | e:   0.100000 | Q: 254.989517 | won: False 
#   78 | steps:  3889 | steps_t: 90830 | t: 10.544620 | r:  -496.000000 | e:   0.100000 | Q: 179.041473 | won: False 
#   79 | steps:  3912 | steps_t: 90830 | t: 10.601756 | r:  -511.000000 | e:   0.100000 | Q: 199.065475 | won: False 
#   80 | steps:  3952 | steps_t: 90830 | t: 10.735167 | r:  -528.000000 | e:   0.100000 | Q: 254.989517 | won: False 
#   81 | steps:  3999 | steps_t: 90830 | t: 10.894352 | r:  -535.000000 | e:   0.100000 | Q: 229.685638 | won: False 
#   82 | steps:  4025 | steps_t: 90830 | t: 10.989718 | r:  -514.000000 | e:   0.100000 | Q: 254.989517 | won: False 
#   83 | steps:  4035 | steps_t: 90830 | t: 11.020691 | r:  -509.000000 | e:   0.100000 | Q: 161.517670 | won: False 
#   84 | steps:  4111 | steps_t: 90830 | t: 11.306478 | r:  -564.000000 | e:   0.100000 | Q: 254.989517 | won: False 
#   85 | steps:  4148 | steps_t: 90830 | t: 11.440066 | r:  -525.000000 | e:   0.100000 | Q: 227.217651 | won: False 
#   86 | steps:  4320 | steps_t: 90830 | t: 12.056981 | r:  -660.000000 | e:   0.100000 | Q: 254.989517 | won: False 
#   87 | steps:  4351 | steps_t: 90830 | t: 12.182009 | r:  -519.000000 | e:   0.100000 | Q: 254.989517 | won: False 
#   88 | steps:  4376 | steps_t: 90830 | t: 12.298454 | r:  -513.000000 | e:   0.100000 | Q: 254.989517 | won: False 
#   89 | steps:  4442 | steps_t: 90830 | t: 12.476088 | r:  -554.000000 | e:   0.100000 | Q: 254.989517 | won: False 
#   90 | steps:  4461 | steps_t: 90830 | t: 12.515561 | r:  -507.000000 | e:   0.100000 | Q: 153.768494 | won: False 
#   91 | steps:  4485 | steps_t: 90830 | t: 12.559608 | r:  -512.000000 | e:   0.100000 | Q: 185.134262 | won: False 
#   92 | steps:  4571 | steps_t: 90830 | t: 12.733780 | r:  -574.000000 | e:   0.100000 | Q: 254.989517 | won: False 
#   93 | steps:  4603 | steps_t: 90830 | t: 12.791197 | r:  -520.000000 | e:   0.100000 | Q: 172.634140 | won: False 
#   94 | steps:  4614 | steps_t: 90830 | t: 12.809040 | r:  -510.000000 | e:   0.100000 | Q: 207.932129 | won: False 
#   95 | steps:  4645 | steps_t: 90830 | t: 12.879195 | r:  -519.000000 | e:   0.100000 | Q: 254.989517 | won: False 
#   96 | steps:  4690 | steps_t: 90830 | t: 12.965427 | r:  -533.000000 | e:   0.100000 | Q: 254.989517 | won: False 
#   97 | steps:  4721 | steps_t: 90830 | t: 13.028663 | r:  -530.000000 | e:   0.100000 | Q: 254.989517 | won: False 
#   98 | steps:  4740 | steps_t: 90830 | t: 13.066211 | r:  -507.000000 | e:   0.100000 | Q: 199.065475 | won: False 
#   99 | steps:  4760 | steps_t: 90830 | t: 13.108905 | r:  -508.000000 | e:   0.100000 | Q: 199.065475 | won: False 
#  100 | steps:  4783 | steps_t: 90830 | t: 13.158849 | r:  -511.000000 | e:   0.100000 | Q: 199.065475 | won: False 
