#    1 | steps:     8 | steps_t:     0 | t: 0.004577 | r:  -507.000000 | e:   1.000000 | Q:        nan | won: False 
#    2 | steps:    15 | steps_t:     0 | t: 0.008019 | r:  -506.000000 | e:   1.000000 | Q:        nan | won: False 
#    3 | steps:    23 | steps_t:     0 | t: 0.011684 | r:  -507.000000 | e:   1.000000 | Q:        nan | won: False 
#    4 | steps:    32 | steps_t:     0 | t: 0.015735 | r:  -508.000000 | e:   1.000000 | Q:        nan | won: False 
#    5 | steps:    47 | steps_t:     0 | t: 0.022380 | r:  -514.000000 | e:   1.000000 | Q:        nan | won: False 
#    6 | steps:    54 | steps_t:     2 | t: 0.201731 | r:  -506.000000 | e:   0.999800 | Q:        nan | won: False 
#    7 | steps:    72 | steps_t:    19 | t: 0.393112 | r:  -517.000000 | e:   0.998100 | Q:        nan | won: False 
#    8 | steps:    82 | steps_t:    28 | t: 0.502033 | r:  -509.000000 | e:   0.997200 | Q:        nan | won: False 
#    9 | steps:    93 | steps_t:    38 | t: 0.752527 | r:  -510.000000 | e:   0.996200 | Q:        nan | won: False 
#   10 | steps:   103 | steps_t:    47 | t: 1.001755 | r:  -509.000000 | e:   0.995300 | Q:        nan | won: False 
#   11 | steps:   109 | steps_t:    52 | t: 1.108673 | r:  -505.000000 | e:   0.994800 | Q:        nan | won: False 
#   12 | steps:   115 | steps_t:    57 | t: 1.287453 | r:  -505.000000 | e:   0.994300 | Q:        nan | won: False 
#   13 | steps:   126 | steps_t:    67 | t: 1.580977 | r:  -510.000000 | e:   0.993300 | Q:        nan | won: False 
#   14 | steps:   145 | steps_t:    85 | t: 1.874286 | r:  -518.000000 | e:   0.991500 | Q:        nan | won: False 
#   15 | steps:   155 | steps_t:    94 | t: 2.141008 | r:  -509.000000 | e:   0.990600 | Q: -51.187237 | won: False 
#   16 | steps:   164 | steps_t:   102 | t: 2.371055 | r:  -508.000000 | e:   0.989800 | Q:        nan | won: False 
#   17 | steps:   181 | steps_t:   118 | t: 2.820917 | r:  -516.000000 | e:   0.988200 | Q:        nan | won: False 
#   18 | steps:   189 | steps_t:   125 | t: 3.017626 | r:  -507.000000 | e:   0.987500 | Q:        nan | won: False 
#   19 | steps:   195 | steps_t:   130 | t: 3.159115 | r:  -505.000000 | e:   0.987000 | Q:        nan | won: False 
#   20 | steps:   205 | steps_t:   139 | t: 3.419180 | r:  -509.000000 | e:   0.986100 | Q:        nan | won: False 
#   21 | steps:   212 | steps_t:   145 | t: 3.589801 | r:  -506.000000 | e:   0.985500 | Q:        nan | won: False 
#   22 | steps:   224 | steps_t:   156 | t: 3.895810 | r:  -511.000000 | e:   0.984400 | Q:        nan | won: False 
#   23 | steps:   231 | steps_t:   162 | t: 4.058250 | r:  -506.000000 | e:   0.983800 | Q:        nan | won: False 
#   24 | steps:   238 | steps_t:   168 | t: 4.222584 | r:  -506.000000 | e:   0.983200 | Q:        nan | won: False 
#   25 | steps:   266 | steps_t:   195 | t: 4.978784 | r:  -516.000000 | e:   0.980500 | Q: -210.667923 | won: False 
#   26 | steps:   275 | steps_t:   203 | t: 5.193541 | r:  -508.000000 | e:   0.979700 | Q:        nan | won: False 
#   27 | steps:   281 | steps_t:   208 | t: 5.330516 | r:  -505.000000 | e:   0.979200 | Q:        nan | won: False 
#   28 | steps:   288 | steps_t:   214 | t: 5.499007 | r:  -506.000000 | e:   0.978600 | Q:        nan | won: False 
#   29 | steps:   299 | steps_t:   224 | t: 5.775731 | r:  -510.000000 | e:   0.977600 | Q:        nan | won: False 
#   30 | steps:   317 | steps_t:   241 | t: 6.083840 | r:  -517.000000 | e:   0.975900 | Q: -342.947418 | won: False 
#   31 | steps:   325 | steps_t:   248 | t: 6.212855 | r:  -507.000000 | e:   0.975200 | Q:        nan | won: False 
#   32 | steps:   330 | steps_t:   252 | t: 6.288605 | r:  -504.000000 | e:   0.974800 | Q:        nan | won: False 
#   33 | steps:   373 | steps_t:   294 | t: 7.366258 | r:  -542.000000 | e:   0.970600 | Q: -264.453796 | won: False 
#   34 | steps:   380 | steps_t:   300 | t: 7.529248 | r:  -506.000000 | e:   0.970000 | Q: -241.264664 | won: False 
#   35 | steps:   389 | steps_t:   308 | t: 7.751483 | r:  -508.000000 | e:   0.969200 | Q: -239.676773 | won: False 
#   36 | steps:   402 | steps_t:   320 | t: 8.070054 | r:  -512.000000 | e:   0.968000 | Q:        nan | won: False 
#   37 | steps:   410 | steps_t:   327 | t: 8.254294 | r:  -507.000000 | e:   0.967300 | Q:        nan | won: False 
#   38 | steps:   429 | steps_t:   345 | t: 8.741135 | r:  -518.000000 | e:   0.965500 | Q: -267.693146 | won: False 
#   39 | steps:   439 | steps_t:   354 | t: 8.981074 | r:  -509.000000 | e:   0.964600 | Q:        nan | won: False 
#   40 | steps:   447 | steps_t:   361 | t: 9.168446 | r:  -507.000000 | e:   0.963900 | Q:        nan | won: False 
#   41 | steps:   455 | steps_t:   368 | t: 9.357904 | r:  -507.000000 | e:   0.963200 | Q:        nan | won: False 
#   42 | steps:   498 | steps_t:   410 | t: 10.177216 | r:  -531.000000 | e:   0.959000 | Q: -272.609375 | won: False 
#   43 | steps:   504 | steps_t:   415 | t: 10.321248 | r:  -505.000000 | e:   0.958500 | Q:        nan | won: False 
#   44 | steps:   513 | steps_t:   423 | t: 10.543710 | r:  -508.000000 | e:   0.957700 | Q:        nan | won: False 
#   45 | steps:   522 | steps_t:   431 | t: 10.760550 | r:  -508.000000 | e:   0.956900 | Q:        nan | won: False 
#   46 | steps:   533 | steps_t:   441 | t: 11.039797 | r:  -510.000000 | e:   0.955900 | Q:        nan | won: False 
#   47 | steps:   552 | steps_t:   459 | t: 11.533100 | r:  -518.000000 | e:   0.954100 | Q: -273.697876 | won: False 
#   48 | steps:   562 | steps_t:   468 | t: 11.786674 | r:  -509.000000 | e:   0.953200 | Q: -303.565674 | won: False 
#   49 | steps:   579 | steps_t:   484 | t: 12.228816 | r:  -516.000000 | e:   0.951600 | Q: -305.785278 | won: False 
#   50 | steps:   588 | steps_t:   492 | t: 12.444347 | r:  -508.000000 | e:   0.950800 | Q:        nan | won: False 
#   51 | steps:   596 | steps_t:   499 | t: 12.642693 | r:  -507.000000 | e:   0.950100 | Q: -299.013489 | won: False 
#   52 | steps:   616 | steps_t:   518 | t: 13.164583 | r:  -519.000000 | e:   0.948200 | Q: -284.993988 | won: False 
#   53 | steps:   638 | steps_t:   539 | t: 13.737156 | r:  -521.000000 | e:   0.946100 | Q: -273.974731 | won: False 
#   54 | steps:   654 | steps_t:   554 | t: 14.138393 | r:  -515.000000 | e:   0.944600 | Q: -283.216461 | won: False 
#   55 | steps:   662 | steps_t:   561 | t: 14.328874 | r:  -507.000000 | e:   0.943900 | Q:        nan | won: False 
#   56 | steps:   668 | steps_t:   566 | t: 14.464109 | r:  -505.000000 | e:   0.943400 | Q:        nan | won: False 
#   57 | steps:   676 | steps_t:   573 | t: 14.654507 | r:  -507.000000 | e:   0.942700 | Q:        nan | won: False 
#   58 | steps:   686 | steps_t:   582 | t: 14.920653 | r:  -509.000000 | e:   0.941800 | Q:        nan | won: False 
#   59 | steps:   696 | steps_t:   591 | t: 15.073325 | r:  -509.000000 | e:   0.940900 | Q:        nan | won: False 
#   60 | steps:   702 | steps_t:   596 | t: 15.129514 | r:  -505.000000 | e:   0.940400 | Q:        nan | won: False 
#   61 | steps:   710 | steps_t:   603 | t: 15.198933 | r:  -507.000000 | e:   0.939700 | Q:        nan | won: False 
#   62 | steps:   723 | steps_t:   615 | t: 15.438638 | r:  -512.000000 | e:   0.938500 | Q: -302.283051 | won: False 
#   63 | steps:   730 | steps_t:   621 | t: 15.601008 | r:  -506.000000 | e:   0.937900 | Q:        nan | won: False 
#   64 | steps:   736 | steps_t:   626 | t: 15.738687 | r:  -505.000000 | e:   0.937400 | Q:        nan | won: False 
#   65 | steps:   745 | steps_t:   634 | t: 15.958812 | r:  -508.000000 | e:   0.936600 | Q:        nan | won: False 
#   66 | steps:   756 | steps_t:   644 | t: 16.239544 | r:  -510.000000 | e:   0.935600 | Q: -272.737122 | won: False 
#   67 | steps:   761 | steps_t:   648 | t: 16.350919 | r:  -504.000000 | e:   0.935200 | Q:        nan | won: False 
#   68 | steps:   769 | steps_t:   655 | t: 16.547449 | r:  -507.000000 | e:   0.934500 | Q: -289.228119 | won: False 
#   69 | steps:   778 | steps_t:   663 | t: 16.763025 | r:  -508.000000 | e:   0.933700 | Q:        nan | won: False 
#   70 | steps:   790 | steps_t:   674 | t: 17.056310 | r:  -511.000000 | e:   0.932600 | Q:        nan | won: False 
#   71 | steps:   798 | steps_t:   681 | t: 17.244817 | r:  -507.000000 | e:   0.931900 | Q:        nan | won: False 
#   72 | steps:   805 | steps_t:   687 | t: 17.421317 | r:  -506.000000 | e:   0.931300 | Q: -320.986481 | won: False 
#   73 | steps:   814 | steps_t:   695 | t: 17.666525 | r:  -508.000000 | e:   0.930500 | Q:        nan | won: False 
#   74 | steps:   823 | steps_t:   703 | t: 17.890180 | r:  -508.000000 | e:   0.929700 | Q: -314.340607 | won: False 
#   75 | steps:   836 | steps_t:   715 | t: 18.216896 | r:  -512.000000 | e:   0.928500 | Q:        nan | won: False 
#   76 | steps:   846 | steps_t:   724 | t: 18.460783 | r:  -509.000000 | e:   0.927600 | Q:        nan | won: False 
#   77 | steps:   852 | steps_t:   729 | t: 18.606426 | r:  -505.000000 | e:   0.927100 | Q:        nan | won: False 
#   78 | steps:   858 | steps_t:   734 | t: 18.751671 | r:  -505.000000 | e:   0.926600 | Q:        nan | won: False 
#   79 | steps:   866 | steps_t:   741 | t: 18.945163 | r:  -507.000000 | e:   0.925900 | Q:        nan | won: False 
#   80 | steps:   874 | steps_t:   748 | t: 19.139170 | r:  -507.000000 | e:   0.925200 | Q:        nan | won: False 
#   81 | steps:   882 | steps_t:   755 | t: 19.349415 | r:  -507.000000 | e:   0.924500 | Q: -284.419769 | won: False 
#   82 | steps:   891 | steps_t:   763 | t: 19.578792 | r:  -508.000000 | e:   0.923700 | Q:        nan | won: False 
#   83 | steps:   899 | steps_t:   770 | t: 19.784992 | r:  -507.000000 | e:   0.923000 | Q:        nan | won: False 
#   84 | steps:   907 | steps_t:   777 | t: 19.988812 | r:  -507.000000 | e:   0.922300 | Q:        nan | won: False 
#   85 | steps:   915 | steps_t:   784 | t: 20.185744 | r:  -507.000000 | e:   0.921600 | Q:        nan | won: False 
#   86 | steps:   926 | steps_t:   794 | t: 20.476067 | r:  -510.000000 | e:   0.920600 | Q: -258.515839 | won: False 
#   87 | steps:   946 | steps_t:   813 | t: 21.031022 | r:  -508.000000 | e:   0.918700 | Q: -258.524292 | won: False 
#   88 | steps:   954 | steps_t:   820 | t: 21.225794 | r:  -507.000000 | e:   0.918000 | Q:        nan | won: False 
#   89 | steps:   966 | steps_t:   831 | t: 21.532761 | r:  -511.000000 | e:   0.916900 | Q: -262.343781 | won: False 
#   90 | steps:   975 | steps_t:   839 | t: 21.750935 | r:  -508.000000 | e:   0.916100 | Q:        nan | won: False 
#   91 | steps:   987 | steps_t:   850 | t: 22.054930 | r:  -511.000000 | e:   0.915000 | Q: -285.661285 | won: False 
#   92 | steps:   995 | steps_t:   857 | t: 22.249532 | r:  -507.000000 | e:   0.914300 | Q: -289.946350 | won: False 
#   93 | steps:  1006 | steps_t:   867 | t: 22.544339 | r:  -510.000000 | e:   0.913300 | Q: -295.095551 | won: False 
#   94 | steps:  1014 | steps_t:   874 | t: 22.758244 | r:  -507.000000 | e:   0.912600 | Q: -287.848450 | won: False 
#   95 | steps:  1022 | steps_t:   881 | t: 22.871445 | r:  -507.000000 | e:   0.911900 | Q: -280.868530 | won: False 
#   96 | steps:  1031 | steps_t:   889 | t: 22.953188 | r:  -508.000000 | e:   0.911100 | Q: -280.837524 | won: False 
#   97 | steps:  1041 | steps_t:   898 | t: 23.044042 | r:  -509.000000 | e:   0.910200 | Q:        nan | won: False 
#   98 | steps:  1051 | steps_t:   907 | t: 23.243244 | r:  -509.000000 | e:   0.909300 | Q: -282.295837 | won: False 
#   99 | steps:  1060 | steps_t:   915 | t: 23.442858 | r:  -508.000000 | e:   0.908500 | Q:        nan | won: False 
#  100 | steps:  1066 | steps_t:   920 | t: 23.576808 | r:  -505.000000 | e:   0.908000 | Q:        nan | won: False 
#  101 | steps:  1074 | steps_t:   927 | t: 23.767397 | r:  -507.000000 | e:   0.907300 | Q: -314.003845 | won: False 
#  102 | steps:  1084 | steps_t:   936 | t: 24.015383 | r:  -509.000000 | e:   0.906400 | Q: -324.808777 | won: False 
#  103 | steps:  1095 | steps_t:   946 | t: 24.304663 | r:  -510.000000 | e:   0.905400 | Q: -330.243713 | won: False 
#  104 | steps:  1106 | steps_t:   956 | t: 24.594692 | r:  -510.000000 | e:   0.904400 | Q:        nan | won: False 
#  105 | steps:  1114 | steps_t:   963 | t: 24.791984 | r:  -507.000000 | e:   0.903700 | Q: -301.938354 | won: False 
#  106 | steps:  1124 | steps_t:   972 | t: 24.985122 | r:  -509.000000 | e:   0.902800 | Q:        nan | won: False 
#  107 | steps:  1135 | steps_t:   982 | t: 25.115777 | r:  -510.000000 | e:   0.901800 | Q: -282.063934 | won: False 
#  108 | steps:  1143 | steps_t:   989 | t: 25.316279 | r:  -507.000000 | e:   0.901100 | Q: -272.659943 | won: False 
#  109 | steps:  1150 | steps_t:   995 | t: 25.485848 | r:  -506.000000 | e:   0.900500 | Q:        nan | won: False 
#  110 | steps:  1161 | steps_t:  1005 | t: 25.769612 | r:  -510.000000 | e:   0.899500 | Q: -273.647064 | won: False 
#  111 | steps:  1172 | steps_t:  1015 | t: 26.056176 | r:  -510.000000 | e:   0.898500 | Q: -262.272430 | won: False 
#  112 | steps:  1178 | steps_t:  1020 | t: 26.205001 | r:  -505.000000 | e:   0.898000 | Q:        nan | won: False 
#  113 | steps:  1185 | steps_t:  1026 | t: 26.382881 | r:  -506.000000 | e:   0.897400 | Q:        nan | won: False 
#  114 | steps:  1193 | steps_t:  1033 | t: 26.581333 | r:  -507.000000 | e:   0.896700 | Q:        nan | won: False 
#  115 | steps:  1205 | steps_t:  1044 | t: 26.898220 | r:  -511.000000 | e:   0.895600 | Q: -304.312347 | won: False 
#  116 | steps:  1212 | steps_t:  1050 | t: 27.070698 | r:  -506.000000 | e:   0.895000 | Q:        nan | won: False 
#  117 | steps:  1220 | steps_t:  1057 | t: 27.284288 | r:  -507.000000 | e:   0.894300 | Q: -286.942108 | won: False 
#  118 | steps:  1229 | steps_t:  1065 | t: 27.522849 | r:  -508.000000 | e:   0.893500 | Q: -283.448578 | won: False 
#  119 | steps:  1238 | steps_t:  1073 | t: 27.758190 | r:  -508.000000 | e:   0.892700 | Q: -295.843170 | won: False 
#  120 | steps:  1249 | steps_t:  1083 | t: 28.040288 | r:  -510.000000 | e:   0.891700 | Q: -334.235199 | won: False 
