#    1 | steps:     9 | steps_t:     0 | t: 0.004441 | r:  -508.000000 | e:   1.000000 | Q:        nan | won: False 
#    2 | steps:    29 | steps_t:     0 | t: 0.013477 | r:  -519.000000 | e:   1.000000 | Q:        nan | won: False 
#    3 | steps:    36 | steps_t:     0 | t: 0.016602 | r:  -506.000000 | e:   1.000000 | Q:        nan | won: False 
#    4 | steps:    46 | steps_t:     0 | t: 0.020830 | r:  -509.000000 | e:   1.000000 | Q:        nan | won: False 
#    5 | steps:    57 | steps_t:     5 | t: 0.216970 | r:  -510.000000 | e:   0.999500 | Q:        nan | won: False 
#    6 | steps:    77 | steps_t:    24 | t: 0.441341 | r:  -519.000000 | e:   0.997600 | Q:        nan | won: False 
#    7 | steps:    86 | steps_t:    32 | t: 0.582309 | r:  -508.000000 | e:   0.996800 | Q:        nan | won: False 
#    8 | steps:    93 | steps_t:    38 | t: 0.651709 | r:  -506.000000 | e:   0.996200 | Q:        nan | won: False 
#    9 | steps:   101 | steps_t:    45 | t: 0.740903 | r:  -507.000000 | e:   0.995500 | Q:        nan | won: False 
#   10 | steps:   108 | steps_t:    51 | t: 0.818119 | r:  -506.000000 | e:   0.994900 | Q:        nan | won: False 
#   11 | steps:   116 | steps_t:    58 | t: 0.899954 | r:  -507.000000 | e:   0.994200 | Q:        nan | won: False 
#   12 | steps:   130 | steps_t:    71 | t: 1.243050 | r:  -513.000000 | e:   0.992900 | Q: -12.949116 | won: False 
#   13 | steps:   143 | steps_t:    83 | t: 1.577022 | r:  -512.000000 | e:   0.991700 | Q:        nan | won: False 
#   14 | steps:   159 | steps_t:    98 | t: 1.992471 | r:  -515.000000 | e:   0.990200 | Q:        nan | won: False 
#   15 | steps:   167 | steps_t:   105 | t: 2.221705 | r:  -507.000000 | e:   0.989500 | Q:        nan | won: False 
#   16 | steps:   174 | steps_t:   111 | t: 2.393299 | r:  -506.000000 | e:   0.988900 | Q:        nan | won: False 
#   17 | steps:   184 | steps_t:   120 | t: 2.639769 | r:  -509.000000 | e:   0.988000 | Q:        nan | won: False 
#   18 | steps:   191 | steps_t:   126 | t: 2.806992 | r:  -506.000000 | e:   0.987400 | Q:        nan | won: False 
#   19 | steps:   200 | steps_t:   134 | t: 3.040163 | r:  -508.000000 | e:   0.986600 | Q:        nan | won: False 
#   20 | steps:   207 | steps_t:   140 | t: 3.162609 | r:  -506.000000 | e:   0.986000 | Q:        nan | won: False 
#   21 | steps:   221 | steps_t:   153 | t: 3.422174 | r:  -502.000000 | e:   0.984700 | Q:        nan | won: False 
#   22 | steps:   230 | steps_t:   161 | t: 3.615731 | r:  -508.000000 | e:   0.983900 | Q:        nan | won: False 
#   23 | steps:   237 | steps_t:   167 | t: 3.777506 | r:  -506.000000 | e:   0.983300 | Q:        nan | won: False 
#   24 | steps:   255 | steps_t:   184 | t: 4.299442 | r:  -517.000000 | e:   0.981600 | Q:        nan | won: False 
#   25 | steps:   263 | steps_t:   191 | t: 4.492210 | r:  -507.000000 | e:   0.980900 | Q:        nan | won: False 
#   26 | steps:   271 | steps_t:   198 | t: 4.684221 | r:  -507.000000 | e:   0.980200 | Q:        nan | won: False 
#   27 | steps:   285 | steps_t:   211 | t: 5.103939 | r:  -513.000000 | e:   0.978900 | Q:        nan | won: False 
#   28 | steps:   294 | steps_t:   219 | t: 5.223807 | r:  -508.000000 | e:   0.978100 | Q:        nan | won: False 
#   29 | steps:   310 | steps_t:   234 | t: 5.643175 | r:  -504.000000 | e:   0.976600 | Q: -277.353088 | won: False 
#   30 | steps:   318 | steps_t:   241 | t: 5.848478 | r:  -507.000000 | e:   0.975900 | Q:        nan | won: False 
#   31 | steps:   332 | steps_t:   254 | t: 6.248376 | r:  -513.000000 | e:   0.974600 | Q:        nan | won: False 
#   32 | steps:   343 | steps_t:   264 | t: 6.528316 | r:  -510.000000 | e:   0.973600 | Q:        nan | won: False 
#   33 | steps:   351 | steps_t:   271 | t: 6.717386 | r:  -507.000000 | e:   0.972900 | Q:        nan | won: False 
#   34 | steps:   359 | steps_t:   278 | t: 6.912135 | r:  -507.000000 | e:   0.972200 | Q:        nan | won: False 
#   35 | steps:   368 | steps_t:   286 | t: 7.184054 | r:  -508.000000 | e:   0.971400 | Q: -278.424713 | won: False 
#   36 | steps:   380 | steps_t:   297 | t: 7.490665 | r:  -511.000000 | e:   0.970300 | Q:        nan | won: False 
#   37 | steps:   389 | steps_t:   305 | t: 7.719295 | r:  -508.000000 | e:   0.969500 | Q: -303.058044 | won: False 
#   38 | steps:   400 | steps_t:   315 | t: 8.003116 | r:  -510.000000 | e:   0.968500 | Q: -340.742493 | won: False 
#   39 | steps:   420 | steps_t:   334 | t: 8.521496 | r:  -519.000000 | e:   0.966600 | Q:        nan | won: False 
#   40 | steps:   426 | steps_t:   339 | t: 8.659330 | r:  -505.000000 | e:   0.966100 | Q:        nan | won: False 
#   41 | steps:   432 | steps_t:   344 | t: 8.794836 | r:  -505.000000 | e:   0.965600 | Q:        nan | won: False 
#   42 | steps:   439 | steps_t:   350 | t: 8.956941 | r:  -506.000000 | e:   0.965000 | Q:        nan | won: False 
#   43 | steps:   454 | steps_t:   364 | t: 9.387198 | r:  -514.000000 | e:   0.963600 | Q: -289.511780 | won: False 
#   44 | steps:   461 | steps_t:   370 | t: 9.577187 | r:  -506.000000 | e:   0.963000 | Q:        nan | won: False 
#   45 | steps:   471 | steps_t:   379 | t: 9.696955 | r:  -509.000000 | e:   0.962100 | Q:        nan | won: False 
#   46 | steps:   482 | steps_t:   389 | t: 9.838201 | r:  -510.000000 | e:   0.961100 | Q: -310.916748 | won: False 
#   47 | steps:   492 | steps_t:   398 | t: 10.014925 | r:  -509.000000 | e:   0.960200 | Q: -310.192017 | won: False 
#   48 | steps:   499 | steps_t:   404 | t: 10.137841 | r:  -506.000000 | e:   0.959600 | Q:        nan | won: False 
#   49 | steps:   506 | steps_t:   410 | t: 10.215913 | r:  -506.000000 | e:   0.959000 | Q:        nan | won: False 
#   50 | steps:   515 | steps_t:   418 | t: 10.368310 | r:  -508.000000 | e:   0.958200 | Q: -306.118561 | won: False 
#   51 | steps:   522 | steps_t:   424 | t: 10.577240 | r:  -506.000000 | e:   0.957600 | Q:        nan | won: False 
#   52 | steps:   528 | steps_t:   429 | t: 10.719022 | r:  -505.000000 | e:   0.957100 | Q:        nan | won: False 
#   53 | steps:   550 | steps_t:   450 | t: 11.307423 | r:  -521.000000 | e:   0.955000 | Q:        nan | won: False 
#   54 | steps:   565 | steps_t:   464 | t: 11.734564 | r:  -514.000000 | e:   0.953600 | Q:        nan | won: False 
#   55 | steps:   574 | steps_t:   472 | t: 11.957184 | r:  -508.000000 | e:   0.952800 | Q:        nan | won: False 
#   56 | steps:   581 | steps_t:   478 | t: 12.130038 | r:  -506.000000 | e:   0.952200 | Q: -330.828735 | won: False 
#   57 | steps:   589 | steps_t:   485 | t: 12.329069 | r:  -507.000000 | e:   0.951500 | Q: -335.366638 | won: False 
#   58 | steps:   598 | steps_t:   493 | t: 12.544567 | r:  -508.000000 | e:   0.950700 | Q:        nan | won: False 
#   59 | steps:   606 | steps_t:   500 | t: 12.793225 | r:  -507.000000 | e:   0.950000 | Q: -328.658844 | won: False 
#   60 | steps:   624 | steps_t:   517 | t: 13.258582 | r:  -506.000000 | e:   0.948300 | Q: -330.242706 | won: False 
#   61 | steps:   632 | steps_t:   524 | t: 13.463281 | r:  -507.000000 | e:   0.947600 | Q:        nan | won: False 
#   62 | steps:   641 | steps_t:   532 | t: 13.756218 | r:  -508.000000 | e:   0.946800 | Q:        nan | won: False 
#   63 | steps:   647 | steps_t:   537 | t: 13.910153 | r:  -505.000000 | e:   0.946300 | Q:        nan | won: False 
#   64 | steps:   656 | steps_t:   545 | t: 14.154772 | r:  -508.000000 | e:   0.945500 | Q: -316.637115 | won: False 
#   65 | steps:   663 | steps_t:   551 | t: 14.321693 | r:  -506.000000 | e:   0.944900 | Q:        nan | won: False 
#   66 | steps:   672 | steps_t:   559 | t: 14.548704 | r:  -508.000000 | e:   0.944100 | Q:        nan | won: False 
#   67 | steps:   679 | steps_t:   565 | t: 14.718690 | r:  -506.000000 | e:   0.943500 | Q: -303.640472 | won: False 
#   68 | steps:   685 | steps_t:   570 | t: 14.916408 | r:  -505.000000 | e:   0.943000 | Q:        nan | won: False 
#   69 | steps:   693 | steps_t:   577 | t: 15.115242 | r:  -507.000000 | e:   0.942300 | Q: -308.628662 | won: False 
#   70 | steps:   699 | steps_t:   582 | t: 15.252272 | r:  -505.000000 | e:   0.941800 | Q:        nan | won: False 
#   71 | steps:   706 | steps_t:   588 | t: 15.429118 | r:  -506.000000 | e:   0.941200 | Q:        nan | won: False 
#   72 | steps:   714 | steps_t:   595 | t: 15.630481 | r:  -507.000000 | e:   0.940500 | Q:        nan | won: False 
#   73 | steps:   724 | steps_t:   604 | t: 15.920744 | r:  -509.000000 | e:   0.939600 | Q:        nan | won: False 
#   74 | steps:   732 | steps_t:   611 | t: 16.122859 | r:  -507.000000 | e:   0.938900 | Q: -340.411560 | won: False 
#   75 | steps:   745 | steps_t:   623 | t: 16.463169 | r:  -512.000000 | e:   0.937700 | Q:        nan | won: False 
#   76 | steps:   759 | steps_t:   636 | t: 16.819573 | r:  -513.000000 | e:   0.936400 | Q:        nan | won: False 
#   77 | steps:   768 | steps_t:   644 | t: 17.098072 | r:  -508.000000 | e:   0.935600 | Q: -314.229675 | won: False 
#   78 | steps:   801 | steps_t:   676 | t: 18.032924 | r:  -532.000000 | e:   0.932400 | Q: -327.414520 | won: False 
#   79 | steps:   815 | steps_t:   689 | t: 18.395982 | r:  -513.000000 | e:   0.931100 | Q:        nan | won: False 
#   80 | steps:   826 | steps_t:   699 | t: 18.675147 | r:  -510.000000 | e:   0.930100 | Q:        nan | won: False 
