#    1 | steps:     7 | steps_t:     0 | t: 0.009373 | r:  -506.000000 | e:   1.000000 | Q:        nan | won: False 
#    2 | steps:    13 | steps_t:     0 | t: 0.016401 | r:  -505.000000 | e:   1.000000 | Q:        nan | won: False 
#    3 | steps:    28 | steps_t:     0 | t: 0.033484 | r:  -514.000000 | e:   1.000000 | Q:        nan | won: False 
#    4 | steps:    36 | steps_t:     0 | t: 0.043813 | r:  -507.000000 | e:   1.000000 | Q:        nan | won: False 
#    5 | steps:    43 | steps_t:     0 | t: 0.052634 | r:  -506.000000 | e:   1.000000 | Q:        nan | won: False 
#    6 | steps:    69 | steps_t:     0 | t: 0.083482 | r:  -525.000000 | e:   1.000000 | Q:        nan | won: False 
#    7 | steps:    76 | steps_t:     0 | t: 0.091920 | r:  -506.000000 | e:   1.000000 | Q:        nan | won: False 
#    8 | steps:    82 | steps_t:     0 | t: 0.099926 | r:  -505.000000 | e:   1.000000 | Q:        nan | won: False 
#    9 | steps:    92 | steps_t:     0 | t: 0.111950 | r:  -509.000000 | e:   1.000000 | Q:        nan | won: False 
#   10 | steps:   102 | steps_t:     0 | t: 0.120472 | r:  -509.000000 | e:   1.000000 | Q:        nan | won: False 
#   11 | steps:   112 | steps_t:     0 | t: 0.127035 | r:  -509.000000 | e:   1.000000 | Q:        nan | won: False 
#   12 | steps:   120 | steps_t:     0 | t: 0.132039 | r:  -507.000000 | e:   1.000000 | Q:        nan | won: False 
#   13 | steps:   130 | steps_t:     0 | t: 0.137522 | r:  -509.000000 | e:   1.000000 | Q:        nan | won: False 
#   14 | steps:   138 | steps_t:     0 | t: 0.141577 | r:  -507.000000 | e:   1.000000 | Q:        nan | won: False 
#   15 | steps:   150 | steps_t:     0 | t: 0.146903 | r:  -511.000000 | e:   1.000000 | Q:        nan | won: False 
#   16 | steps:   161 | steps_t:     0 | t: 0.152250 | r:  -510.000000 | e:   1.000000 | Q:        nan | won: False 
#   17 | steps:   179 | steps_t:     0 | t: 0.160281 | r:  -517.000000 | e:   1.000000 | Q:        nan | won: False 
#   18 | steps:   190 | steps_t:     0 | t: 0.165463 | r:  -510.000000 | e:   1.000000 | Q:        nan | won: False 
#   19 | steps:   206 | steps_t:     0 | t: 0.172890 | r:  -515.000000 | e:   1.000000 | Q:        nan | won: False 
#   20 | steps:   213 | steps_t:     0 | t: 0.176133 | r:  -506.000000 | e:   1.000000 | Q:        nan | won: False 
#   21 | steps:   221 | steps_t:     0 | t: 0.179701 | r:  -507.000000 | e:   1.000000 | Q:        nan | won: False 
#   22 | steps:   230 | steps_t:     0 | t: 0.183756 | r:  -508.000000 | e:   1.000000 | Q:        nan | won: False 
#   23 | steps:   241 | steps_t:     0 | t: 0.188942 | r:  -510.000000 | e:   1.000000 | Q:        nan | won: False 
#   24 | steps:   249 | steps_t:     0 | t: 0.192633 | r:  -507.000000 | e:   1.000000 | Q:        nan | won: False 
#   25 | steps:   270 | steps_t:     0 | t: 0.202659 | r:  -520.000000 | e:   1.000000 | Q:        nan | won: False 
#   26 | steps:   277 | steps_t:     0 | t: 0.206042 | r:  -506.000000 | e:   1.000000 | Q:        nan | won: False 
#   27 | steps:   287 | steps_t:     0 | t: 0.210533 | r:  -509.000000 | e:   1.000000 | Q:        nan | won: False 
#   28 | steps:   302 | steps_t:     0 | t: 0.217162 | r:  -514.000000 | e:   1.000000 | Q:        nan | won: False 
#   29 | steps:   312 | steps_t:     0 | t: 0.221801 | r:  -509.000000 | e:   1.000000 | Q:        nan | won: False 
#   30 | steps:   324 | steps_t:     0 | t: 0.226921 | r:  -511.000000 | e:   1.000000 | Q:        nan | won: False 
#   31 | steps:   334 | steps_t:     0 | t: 0.231886 | r:  -509.000000 | e:   1.000000 | Q:        nan | won: False 
#   32 | steps:   344 | steps_t:     0 | t: 0.236783 | r:  -509.000000 | e:   1.000000 | Q:        nan | won: False 
#   33 | steps:   351 | steps_t:     0 | t: 0.239900 | r:  -506.000000 | e:   1.000000 | Q:        nan | won: False 
#   34 | steps:   362 | steps_t:     0 | t: 0.244532 | r:  -510.000000 | e:   1.000000 | Q:        nan | won: False 
#   35 | steps:   377 | steps_t:     0 | t: 0.251970 | r:  -514.000000 | e:   1.000000 | Q:        nan | won: False 
#   36 | steps:   385 | steps_t:     0 | t: 0.256436 | r:  -507.000000 | e:   1.000000 | Q:        nan | won: False 
#   37 | steps:   403 | steps_t:     0 | t: 0.264064 | r:  -517.000000 | e:   1.000000 | Q:        nan | won: False 
#   38 | steps:   409 | steps_t:     0 | t: 0.267081 | r:  -505.000000 | e:   1.000000 | Q:        nan | won: False 
#   39 | steps:   416 | steps_t:     0 | t: 0.270277 | r:  -506.000000 | e:   1.000000 | Q:        nan | won: False 
#   40 | steps:   423 | steps_t:     0 | t: 0.273422 | r:  -506.000000 | e:   1.000000 | Q:        nan | won: False 
#   41 | steps:   433 | steps_t:     0 | t: 0.277757 | r:  -509.000000 | e:   1.000000 | Q:        nan | won: False 
#   42 | steps:   444 | steps_t:     0 | t: 0.364861 | r:  -510.000000 | e:   1.000000 | Q:        nan | won: False 
#   43 | steps:   453 | steps_t:     0 | t: 0.369593 | r:  -508.000000 | e:   1.000000 | Q:        nan | won: False 
#   44 | steps:   480 | steps_t:     0 | t: 0.383230 | r:  -526.000000 | e:   1.000000 | Q:        nan | won: False 
#   45 | steps:   491 | steps_t:     0 | t: 0.388983 | r:  -510.000000 | e:   1.000000 | Q:        nan | won: False 
#   46 | steps:   512 | steps_t:    10 | t: 0.630929 | r:  -520.000000 | e:   0.999000 | Q:        nan | won: False 
#   47 | steps:   521 | steps_t:    18 | t: 0.726520 | r:  -508.000000 | e:   0.998200 | Q:        nan | won: False 
#   48 | steps:   532 | steps_t:    28 | t: 0.843418 | r:  -510.000000 | e:   0.997200 | Q:        nan | won: False 
#   49 | steps:   542 | steps_t:    37 | t: 0.940347 | r:  -509.000000 | e:   0.996300 | Q:        nan | won: False 
#   50 | steps:   552 | steps_t:    46 | t: 1.034968 | r:  -509.000000 | e:   0.995400 | Q:        nan | won: False 
#   51 | steps:   560 | steps_t:    53 | t: 1.111015 | r:  -507.000000 | e:   0.994700 | Q:        nan | won: False 
#   52 | steps:   569 | steps_t:    61 | t: 1.195208 | r:  -508.000000 | e:   0.993900 | Q:        nan | won: False 
#   53 | steps:   578 | steps_t:    69 | t: 1.280252 | r:  -508.000000 | e:   0.993100 | Q:        nan | won: False 
#   54 | steps:   589 | steps_t:    79 | t: 1.387076 | r:  -510.000000 | e:   0.992100 | Q:        nan | won: False 
#   55 | steps:   608 | steps_t:    97 | t: 1.606516 | r:  -518.000000 | e:   0.990300 | Q: -60.689960 | won: False 
#   56 | steps:   617 | steps_t:   105 | t: 1.718316 | r:  -508.000000 | e:   0.989500 | Q:        nan | won: False 
#   57 | steps:   638 | steps_t:   125 | t: 1.995071 | r:  -520.000000 | e:   0.987500 | Q:        nan | won: False 
#   58 | steps:   646 | steps_t:   132 | t: 2.100940 | r:  -507.000000 | e:   0.986800 | Q:        nan | won: False 
#   59 | steps:   658 | steps_t:   143 | t: 2.284734 | r:  -511.000000 | e:   0.985700 | Q:        nan | won: False 
#   60 | steps:   671 | steps_t:   155 | t: 2.554604 | r:  -512.000000 | e:   0.984500 | Q:        nan | won: False 
#   61 | steps:   678 | steps_t:   161 | t: 2.718020 | r:  -506.000000 | e:   0.983900 | Q:        nan | won: False 
#   62 | steps:   684 | steps_t:   166 | t: 2.856187 | r:  -505.000000 | e:   0.983400 | Q:        nan | won: False 
#   63 | steps:   693 | steps_t:   174 | t: 3.075722 | r:  -508.000000 | e:   0.982600 | Q:        nan | won: False 
#   64 | steps:   702 | steps_t:   182 | t: 3.295150 | r:  -508.000000 | e:   0.981800 | Q:        nan | won: False 
#   65 | steps:   711 | steps_t:   190 | t: 3.512240 | r:  -508.000000 | e:   0.981000 | Q:        nan | won: False 
#   66 | steps:   719 | steps_t:   197 | t: 3.705788 | r:  -507.000000 | e:   0.980300 | Q:        nan | won: False 
#   67 | steps:   726 | steps_t:   203 | t: 3.870387 | r:  -506.000000 | e:   0.979700 | Q:        nan | won: False 
#   68 | steps:   734 | steps_t:   210 | t: 4.060554 | r:  -507.000000 | e:   0.979000 | Q:        nan | won: False 
#   69 | steps:   740 | steps_t:   215 | t: 4.206066 | r:  -505.000000 | e:   0.978500 | Q:        nan | won: False 
#   70 | steps:   746 | steps_t:   220 | t: 4.350486 | r:  -505.000000 | e:   0.978000 | Q: -302.915283 | won: False 
#   71 | steps:   755 | steps_t:   228 | t: 4.568365 | r:  -508.000000 | e:   0.977200 | Q:        nan | won: False 
#   72 | steps:   761 | steps_t:   233 | t: 4.706288 | r:  -505.000000 | e:   0.976700 | Q:        nan | won: False 
#   73 | steps:   775 | steps_t:   246 | t: 5.053821 | r:  -513.000000 | e:   0.975400 | Q:        nan | won: False 
#   74 | steps:   790 | steps_t:   260 | t: 5.430589 | r:  -514.000000 | e:   0.974000 | Q:        nan | won: False 
#   75 | steps:   797 | steps_t:   266 | t: 5.595219 | r:  -506.000000 | e:   0.973400 | Q:        nan | won: False 
#   76 | steps:   804 | steps_t:   272 | t: 5.757571 | r:  -506.000000 | e:   0.972800 | Q:        nan | won: False 
#   77 | steps:   810 | steps_t:   277 | t: 5.896527 | r:  -505.000000 | e:   0.972300 | Q:        nan | won: False 
#   78 | steps:   820 | steps_t:   286 | t: 6.138500 | r:  -509.000000 | e:   0.971400 | Q:        nan | won: False 
#   79 | steps:   831 | steps_t:   296 | t: 6.413834 | r:  -510.000000 | e:   0.970400 | Q: -290.718506 | won: False 
#   80 | steps:   839 | steps_t:   303 | t: 6.607989 | r:  -507.000000 | e:   0.969700 | Q:        nan | won: False 
