#    1 | steps:     7 | steps_t:     0 | t: 0.003936 | r:  -506.000000 | e:   1.000000 | Q:        nan | won: False 
#    2 | steps:    14 | steps_t:     0 | t: 0.006761 | r:  -506.000000 | e:   1.000000 | Q:        nan | won: False 
#    3 | steps:    24 | steps_t:     0 | t: 0.010766 | r:  -509.000000 | e:   1.000000 | Q:        nan | won: False 
#    4 | steps:    46 | steps_t:     0 | t: 0.020432 | r:  -521.000000 | e:   1.000000 | Q:        nan | won: False 
#    5 | steps:    53 | steps_t:     1 | t: 0.157697 | r:  -506.000000 | e:   0.999900 | Q:        nan | won: False 
#    6 | steps:    69 | steps_t:    16 | t: 0.326885 | r:  -515.000000 | e:   0.998400 | Q:        nan | won: False 
#    7 | steps:    79 | steps_t:    25 | t: 0.422069 | r:  -509.000000 | e:   0.997500 | Q:        nan | won: False 
#    8 | steps:    87 | steps_t:    32 | t: 0.495007 | r:  -507.000000 | e:   0.996800 | Q:        nan | won: False 
#    9 | steps:   101 | steps_t:    45 | t: 0.634052 | r:  -513.000000 | e:   0.995500 | Q:        nan | won: False 
#   10 | steps:   109 | steps_t:    52 | t: 0.712881 | r:  -507.000000 | e:   0.994800 | Q:        nan | won: False 
#   11 | steps:   122 | steps_t:    64 | t: 0.849812 | r:  -512.000000 | e:   0.993600 | Q:        nan | won: False 
#   12 | steps:   131 | steps_t:    72 | t: 0.936473 | r:  -508.000000 | e:   0.992800 | Q:        nan | won: False 
#   13 | steps:   150 | steps_t:    90 | t: 1.126584 | r:  -496.000000 | e:   0.991000 | Q: -32.432907 | won: False 
#   14 | steps:   158 | steps_t:    97 | t: 1.199914 | r:  -507.000000 | e:   0.990300 | Q:        nan | won: False 
#   15 | steps:   171 | steps_t:   109 | t: 1.327792 | r:  -512.000000 | e:   0.989100 | Q:        nan | won: False 
#   16 | steps:   183 | steps_t:   120 | t: 1.442684 | r:  -511.000000 | e:   0.988000 | Q:        nan | won: False 
#   17 | steps:   191 | steps_t:   127 | t: 1.517102 | r:  -507.000000 | e:   0.987300 | Q:        nan | won: False 
#   18 | steps:   199 | steps_t:   134 | t: 1.592549 | r:  -507.000000 | e:   0.986600 | Q:        nan | won: False 
#   19 | steps:   206 | steps_t:   140 | t: 1.658085 | r:  -506.000000 | e:   0.986000 | Q:        nan | won: False 
#   20 | steps:   215 | steps_t:   148 | t: 1.746422 | r:  -508.000000 | e:   0.985200 | Q:        nan | won: False 
#   21 | steps:   231 | steps_t:   163 | t: 1.904470 | r:  -515.000000 | e:   0.983700 | Q: -31.474384 | won: False 
#   22 | steps:   248 | steps_t:   179 | t: 2.065106 | r:  -516.000000 | e:   0.982100 | Q:        nan | won: False 
#   23 | steps:   258 | steps_t:   188 | t: 2.154890 | r:  -509.000000 | e:   0.981200 | Q:        nan | won: False 
#   24 | steps:   274 | steps_t:   203 | t: 2.309433 | r:  -515.000000 | e:   0.979700 | Q:        nan | won: False 
#   25 | steps:   287 | steps_t:   215 | t: 2.432216 | r:  -512.000000 | e:   0.978500 | Q:        nan | won: False 
#   26 | steps:   299 | steps_t:   226 | t: 2.641307 | r:  -511.000000 | e:   0.977400 | Q:        nan | won: False 
#   27 | steps:   308 | steps_t:   234 | t: 2.745730 | r:  -508.000000 | e:   0.976600 | Q:        nan | won: False 
#   28 | steps:   316 | steps_t:   241 | t: 2.839545 | r:  -507.000000 | e:   0.975900 | Q:        nan | won: False 
#   29 | steps:   323 | steps_t:   247 | t: 2.920855 | r:  -506.000000 | e:   0.975300 | Q:        nan | won: False 
#   30 | steps:   332 | steps_t:   255 | t: 3.012145 | r:  -508.000000 | e:   0.974500 | Q: -156.574280 | won: False 
#   31 | steps:   353 | steps_t:   275 | t: 3.274973 | r:  -520.000000 | e:   0.972500 | Q: -188.416473 | won: False 
#   32 | steps:   366 | steps_t:   287 | t: 3.590328 | r:  -512.000000 | e:   0.971300 | Q:        nan | won: False 
#   33 | steps:   378 | steps_t:   298 | t: 3.885263 | r:  -511.000000 | e:   0.970200 | Q: -175.310135 | won: False 
#   34 | steps:   385 | steps_t:   304 | t: 4.048043 | r:  -506.000000 | e:   0.969600 | Q:        nan | won: False 
#   35 | steps:   393 | steps_t:   311 | t: 4.237464 | r:  -507.000000 | e:   0.968900 | Q: -163.489563 | won: False 
#   36 | steps:   399 | steps_t:   316 | t: 4.372133 | r:  -505.000000 | e:   0.968400 | Q:        nan | won: False 
#   37 | steps:   406 | steps_t:   322 | t: 4.536877 | r:  -506.000000 | e:   0.967800 | Q:        nan | won: False 
#   38 | steps:   416 | steps_t:   331 | t: 4.772007 | r:  -509.000000 | e:   0.966900 | Q:        nan | won: False 
#   39 | steps:   427 | steps_t:   341 | t: 5.041654 | r:  -510.000000 | e:   0.965900 | Q:        nan | won: False 
#   40 | steps:   468 | steps_t:   381 | t: 6.094610 | r:  -529.000000 | e:   0.961900 | Q:        nan | won: False 
#   41 | steps:   480 | steps_t:   392 | t: 6.394837 | r:  -511.000000 | e:   0.960800 | Q: -222.667419 | won: False 
#   42 | steps:   486 | steps_t:   397 | t: 6.527925 | r:  -505.000000 | e:   0.960300 | Q:        nan | won: False 
#   43 | steps:   494 | steps_t:   404 | t: 6.715052 | r:  -507.000000 | e:   0.959600 | Q:        nan | won: False 
#   44 | steps:   507 | steps_t:   416 | t: 7.034035 | r:  -512.000000 | e:   0.958400 | Q:        nan | won: False 
#   45 | steps:   523 | steps_t:   431 | t: 7.427507 | r:  -515.000000 | e:   0.956900 | Q:        nan | won: False 
#   46 | steps:   534 | steps_t:   441 | t: 7.696023 | r:  -510.000000 | e:   0.955900 | Q: -260.084534 | won: False 
#   47 | steps:   541 | steps_t:   447 | t: 7.854945 | r:  -506.000000 | e:   0.955300 | Q:        nan | won: False 
#   48 | steps:   549 | steps_t:   454 | t: 8.046204 | r:  -507.000000 | e:   0.954600 | Q: -260.594788 | won: False 
#   49 | steps:   558 | steps_t:   462 | t: 8.265633 | r:  -508.000000 | e:   0.953800 | Q: -244.227829 | won: False 
#   50 | steps:   575 | steps_t:   478 | t: 8.685266 | r:  -516.000000 | e:   0.952200 | Q: -215.621109 | won: False 
#   51 | steps:   585 | steps_t:   487 | t: 8.926971 | r:  -509.000000 | e:   0.951300 | Q: -199.437485 | won: False 
#   52 | steps:   598 | steps_t:   499 | t: 9.256007 | r:  -512.000000 | e:   0.950100 | Q: -192.372635 | won: False 
#   53 | steps:   604 | steps_t:   504 | t: 9.388575 | r:  -505.000000 | e:   0.949600 | Q:        nan | won: False 
#   54 | steps:   613 | steps_t:   512 | t: 9.625390 | r:  -508.000000 | e:   0.948800 | Q: -192.956284 | won: False 
#   55 | steps:   629 | steps_t:   527 | t: 9.971891 | r:  -515.000000 | e:   0.947300 | Q: -220.062912 | won: False 
#   56 | steps:   640 | steps_t:   537 | t: 10.084548 | r:  -510.000000 | e:   0.946300 | Q:        nan | won: False 
#   57 | steps:   657 | steps_t:   553 | t: 10.474589 | r:  -516.000000 | e:   0.944700 | Q: -255.140900 | won: False 
#   58 | steps:   672 | steps_t:   567 | t: 10.853364 | r:  -503.000000 | e:   0.943300 | Q: -239.953354 | won: False 
#   59 | steps:   691 | steps_t:   585 | t: 11.333694 | r:  -518.000000 | e:   0.941500 | Q: -227.682343 | won: False 
#   60 | steps:   699 | steps_t:   592 | t: 11.528338 | r:  -507.000000 | e:   0.940800 | Q: -213.441788 | won: False 
#   61 | steps:   709 | steps_t:   601 | t: 11.769527 | r:  -509.000000 | e:   0.939900 | Q:        nan | won: False 
#   62 | steps:   719 | steps_t:   610 | t: 12.014537 | r:  -509.000000 | e:   0.939000 | Q: -206.396378 | won: False 
#   63 | steps:   726 | steps_t:   616 | t: 12.181545 | r:  -506.000000 | e:   0.938400 | Q:        nan | won: False 
#   64 | steps:   732 | steps_t:   621 | t: 12.321205 | r:  -505.000000 | e:   0.937900 | Q:        nan | won: False 
#   65 | steps:   739 | steps_t:   627 | t: 12.481594 | r:  -506.000000 | e:   0.937300 | Q:        nan | won: False 
#   66 | steps:   749 | steps_t:   636 | t: 12.717686 | r:  -509.000000 | e:   0.936400 | Q:        nan | won: False 
#   67 | steps:   757 | steps_t:   643 | t: 12.904305 | r:  -507.000000 | e:   0.935700 | Q:        nan | won: False 
#   68 | steps:   765 | steps_t:   650 | t: 13.095522 | r:  -507.000000 | e:   0.935000 | Q:        nan | won: False 
#   69 | steps:   773 | steps_t:   657 | t: 13.281990 | r:  -507.000000 | e:   0.934300 | Q: -266.375153 | won: False 
#   70 | steps:   782 | steps_t:   665 | t: 13.369589 | r:  -508.000000 | e:   0.933500 | Q:        nan | won: False 
#   71 | steps:   800 | steps_t:   682 | t: 13.625645 | r:  -517.000000 | e:   0.931800 | Q: -282.332367 | won: False 
#   72 | steps:   810 | steps_t:   691 | t: 13.871503 | r:  -509.000000 | e:   0.930900 | Q:        nan | won: False 
#   73 | steps:   816 | steps_t:   696 | t: 14.012823 | r:  -505.000000 | e:   0.930400 | Q: -255.942673 | won: False 
#   74 | steps:   826 | steps_t:   705 | t: 14.254666 | r:  -509.000000 | e:   0.929500 | Q:        nan | won: False 
#   75 | steps:   836 | steps_t:   714 | t: 14.495298 | r:  -509.000000 | e:   0.928600 | Q:        nan | won: False 
#   76 | steps:   845 | steps_t:   722 | t: 14.716255 | r:  -508.000000 | e:   0.927800 | Q:        nan | won: False 
#   77 | steps:   853 | steps_t:   729 | t: 14.922738 | r:  -507.000000 | e:   0.927100 | Q: -259.660370 | won: False 
#   78 | steps:   859 | steps_t:   734 | t: 15.068654 | r:  -505.000000 | e:   0.926600 | Q: -266.155151 | won: False 
#   79 | steps:   866 | steps_t:   740 | t: 15.243968 | r:  -506.000000 | e:   0.926000 | Q: -268.257812 | won: False 
#   80 | steps:   872 | steps_t:   745 | t: 15.405910 | r:  -505.000000 | e:   0.925500 | Q: -266.875580 | won: False 
