#    1 | steps:    18 | steps_t:     0 | t: 0.008273 | r:  -517.000000 | e:   1.000000 | Q:        nan | won: False 
#    2 | steps:    28 | steps_t:     0 | t: 0.012348 | r:  -509.000000 | e:   1.000000 | Q:        nan | won: False 
#    3 | steps:    38 | steps_t:     0 | t: 0.016918 | r:  -509.000000 | e:   1.000000 | Q:        nan | won: False 
#    4 | steps:    48 | steps_t:     0 | t: 0.020959 | r:  -509.000000 | e:   1.000000 | Q:        nan | won: False 
#    5 | steps:    57 | steps_t:     0 | t: 0.024654 | r:  -508.000000 | e:   1.000000 | Q:        nan | won: False 
#    6 | steps:    67 | steps_t:     0 | t: 0.028755 | r:  -509.000000 | e:   1.000000 | Q:        nan | won: False 
#    7 | steps:    74 | steps_t:     0 | t: 0.032126 | r:  -506.000000 | e:   1.000000 | Q:        nan | won: False 
#    8 | steps:    83 | steps_t:     0 | t: 0.035782 | r:  -508.000000 | e:   1.000000 | Q:        nan | won: False 
#    9 | steps:   100 | steps_t:     0 | t: 0.044048 | r:  -516.000000 | e:   1.000000 | Q:        nan | won: False 
#   10 | steps:   108 | steps_t:     0 | t: 0.048065 | r:  -507.000000 | e:   1.000000 | Q:        nan | won: False 
#   11 | steps:   116 | steps_t:     0 | t: 0.051340 | r:  -507.000000 | e:   1.000000 | Q:        nan | won: False 
#   12 | steps:   135 | steps_t:     0 | t: 0.060419 | r:  -507.000000 | e:   1.000000 | Q:        nan | won: False 
#   13 | steps:   141 | steps_t:     0 | t: 0.063660 | r:  -505.000000 | e:   1.000000 | Q:        nan | won: False 
#   14 | steps:   150 | steps_t:     0 | t: 0.067735 | r:  -508.000000 | e:   1.000000 | Q:        nan | won: False 
#   15 | steps:   158 | steps_t:     0 | t: 0.071038 | r:  -507.000000 | e:   1.000000 | Q:        nan | won: False 
#   16 | steps:   165 | steps_t:     0 | t: 0.073955 | r:  -506.000000 | e:   1.000000 | Q:        nan | won: False 
#   17 | steps:   171 | steps_t:     0 | t: 0.076507 | r:  -505.000000 | e:   1.000000 | Q:        nan | won: False 
#   18 | steps:   191 | steps_t:     0 | t: 0.086022 | r:  -519.000000 | e:   1.000000 | Q:        nan | won: False 
#   19 | steps:   210 | steps_t:     0 | t: 0.094311 | r:  -518.000000 | e:   1.000000 | Q:        nan | won: False 
#   20 | steps:   216 | steps_t:     0 | t: 0.097115 | r:  -505.000000 | e:   1.000000 | Q:        nan | won: False 
#   21 | steps:   230 | steps_t:     0 | t: 0.103305 | r:  -513.000000 | e:   1.000000 | Q:        nan | won: False 
#   22 | steps:   236 | steps_t:     0 | t: 0.106071 | r:  -505.000000 | e:   1.000000 | Q:        nan | won: False 
#   23 | steps:   248 | steps_t:     0 | t: 0.111235 | r:  -511.000000 | e:   1.000000 | Q:        nan | won: False 
#   24 | steps:   256 | steps_t:     0 | t: 0.114940 | r:  -507.000000 | e:   1.000000 | Q:        nan | won: False 
#   25 | steps:   266 | steps_t:     0 | t: 0.119427 | r:  -509.000000 | e:   1.000000 | Q:        nan | won: False 
#   26 | steps:   279 | steps_t:     0 | t: 0.125113 | r:  -512.000000 | e:   1.000000 | Q:        nan | won: False 
#   27 | steps:   293 | steps_t:     0 | t: 0.133501 | r:  -513.000000 | e:   1.000000 | Q:        nan | won: False 
#   28 | steps:   299 | steps_t:     0 | t: 0.136453 | r:  -505.000000 | e:   1.000000 | Q:        nan | won: False 
#   29 | steps:   309 | steps_t:     0 | t: 0.140881 | r:  -509.000000 | e:   1.000000 | Q:        nan | won: False 
#   30 | steps:   332 | steps_t:     0 | t: 0.151492 | r:  -511.000000 | e:   1.000000 | Q:        nan | won: False 
#   31 | steps:   338 | steps_t:     0 | t: 0.154389 | r:  -505.000000 | e:   1.000000 | Q:        nan | won: False 
#   32 | steps:   346 | steps_t:     0 | t: 0.157828 | r:  -507.000000 | e:   1.000000 | Q:        nan | won: False 
#   33 | steps:   356 | steps_t:     0 | t: 0.162798 | r:  -509.000000 | e:   1.000000 | Q:        nan | won: False 
#   34 | steps:   363 | steps_t:     0 | t: 0.166230 | r:  -506.000000 | e:   1.000000 | Q:        nan | won: False 
#   35 | steps:   377 | steps_t:     0 | t: 0.172368 | r:  -513.000000 | e:   1.000000 | Q:        nan | won: False 
#   36 | steps:   384 | steps_t:     0 | t: 0.175621 | r:  -506.000000 | e:   1.000000 | Q:        nan | won: False 
#   37 | steps:   394 | steps_t:     0 | t: 0.180277 | r:  -509.000000 | e:   1.000000 | Q:        nan | won: False 
#   38 | steps:   405 | steps_t:     0 | t: 0.185362 | r:  -510.000000 | e:   1.000000 | Q:        nan | won: False 
#   39 | steps:   421 | steps_t:     0 | t: 0.193387 | r:  -504.000000 | e:   1.000000 | Q:        nan | won: False 
#   40 | steps:   435 | steps_t:     0 | t: 0.199713 | r:  -513.000000 | e:   1.000000 | Q:        nan | won: False 
#   41 | steps:   446 | steps_t:     0 | t: 0.205109 | r:  -510.000000 | e:   1.000000 | Q:        nan | won: False 
#   42 | steps:   464 | steps_t:     0 | t: 0.213273 | r:  -517.000000 | e:   1.000000 | Q:        nan | won: False 
#   43 | steps:   470 | steps_t:     0 | t: 0.216052 | r:  -505.000000 | e:   1.000000 | Q:        nan | won: False 
#   44 | steps:   479 | steps_t:     0 | t: 0.294632 | r:  -508.000000 | e:   1.000000 | Q:        nan | won: False 
#   45 | steps:   489 | steps_t:     0 | t: 0.300206 | r:  -509.000000 | e:   1.000000 | Q:        nan | won: False 
#   46 | steps:   496 | steps_t:     0 | t: 0.303919 | r:  -506.000000 | e:   1.000000 | Q:        nan | won: False 
#   47 | steps:   505 | steps_t:     3 | t: 0.517903 | r:  -508.000000 | e:   0.999700 | Q:        nan | won: False 
#   48 | steps:   513 | steps_t:    10 | t: 0.598663 | r:  -507.000000 | e:   0.999000 | Q:        nan | won: False 
#   49 | steps:   522 | steps_t:    18 | t: 0.688102 | r:  -508.000000 | e:   0.998200 | Q:        nan | won: False 
#   50 | steps:   540 | steps_t:    35 | t: 0.865845 | r:  -517.000000 | e:   0.996500 | Q:        nan | won: False 
#   51 | steps:   550 | steps_t:    44 | t: 0.958402 | r:  -509.000000 | e:   0.995600 | Q:        nan | won: False 
#   52 | steps:   568 | steps_t:    61 | t: 1.131452 | r:  -517.000000 | e:   0.993900 | Q:        nan | won: False 
#   53 | steps:   577 | steps_t:    69 | t: 1.213016 | r:  -508.000000 | e:   0.993100 | Q:        nan | won: False 
#   54 | steps:   594 | steps_t:    85 | t: 1.382918 | r:  -516.000000 | e:   0.991500 | Q:        nan | won: False 
#   55 | steps:   605 | steps_t:    95 | t: 1.490541 | r:  -510.000000 | e:   0.990500 | Q: -77.844109 | won: False 
#   56 | steps:   615 | steps_t:   104 | t: 1.587782 | r:  -509.000000 | e:   0.989600 | Q:        nan | won: False 
#   57 | steps:   625 | steps_t:   113 | t: 1.681860 | r:  -509.000000 | e:   0.988700 | Q:        nan | won: False 
#   58 | steps:   647 | steps_t:   134 | t: 1.909105 | r:  -521.000000 | e:   0.986600 | Q: -213.872635 | won: False 
#   59 | steps:   655 | steps_t:   141 | t: 1.983430 | r:  -507.000000 | e:   0.985900 | Q:        nan | won: False 
#   60 | steps:   667 | steps_t:   152 | t: 2.098075 | r:  -511.000000 | e:   0.984800 | Q:        nan | won: False 
#   61 | steps:   673 | steps_t:   157 | t: 2.151314 | r:  -505.000000 | e:   0.984300 | Q:        nan | won: False 
#   62 | steps:   680 | steps_t:   163 | t: 2.215482 | r:  -506.000000 | e:   0.983700 | Q:        nan | won: False 
#   63 | steps:   688 | steps_t:   170 | t: 2.291765 | r:  -507.000000 | e:   0.983000 | Q:        nan | won: False 
#   64 | steps:   694 | steps_t:   175 | t: 2.347479 | r:  -505.000000 | e:   0.982500 | Q:        nan | won: False 
#   65 | steps:   701 | steps_t:   181 | t: 2.414358 | r:  -506.000000 | e:   0.981900 | Q:        nan | won: False 
#   66 | steps:   709 | steps_t:   188 | t: 2.490715 | r:  -507.000000 | e:   0.981200 | Q:        nan | won: False 
#   67 | steps:   718 | steps_t:   196 | t: 2.577043 | r:  -508.000000 | e:   0.980400 | Q: -308.720673 | won: False 
#   68 | steps:   728 | steps_t:   205 | t: 2.683026 | r:  -509.000000 | e:   0.979500 | Q:        nan | won: False 
#   69 | steps:   738 | steps_t:   214 | t: 2.791693 | r:  -509.000000 | e:   0.978600 | Q:        nan | won: False 
#   70 | steps:   743 | steps_t:   218 | t: 2.841278 | r:  -504.000000 | e:   0.978200 | Q:        nan | won: False 
#   71 | steps:   748 | steps_t:   222 | t: 2.892117 | r:  -504.000000 | e:   0.977800 | Q:        nan | won: False 
#   72 | steps:   759 | steps_t:   232 | t: 3.013030 | r:  -510.000000 | e:   0.976800 | Q:        nan | won: False 
#   73 | steps:   771 | steps_t:   243 | t: 3.214176 | r:  -511.000000 | e:   0.975700 | Q: -253.095169 | won: False 
#   74 | steps:   778 | steps_t:   249 | t: 3.377131 | r:  -506.000000 | e:   0.975100 | Q:        nan | won: False 
#   75 | steps:   785 | steps_t:   255 | t: 3.538511 | r:  -506.000000 | e:   0.974500 | Q:        nan | won: False 
#   76 | steps:   790 | steps_t:   259 | t: 3.649931 | r:  -504.000000 | e:   0.974100 | Q:        nan | won: False 
#   77 | steps:   801 | steps_t:   269 | t: 3.920460 | r:  -510.000000 | e:   0.973100 | Q: -264.996338 | won: False 
#   78 | steps:   813 | steps_t:   280 | t: 4.214038 | r:  -511.000000 | e:   0.972000 | Q:        nan | won: False 
#   79 | steps:   826 | steps_t:   292 | t: 4.539798 | r:  -512.000000 | e:   0.970800 | Q: -268.046295 | won: False 
#   80 | steps:   834 | steps_t:   299 | t: 4.729845 | r:  -507.000000 | e:   0.970100 | Q:        nan | won: False 
#   81 | steps:   842 | steps_t:   306 | t: 4.920212 | r:  -507.000000 | e:   0.969400 | Q:        nan | won: False 
#   82 | steps:   851 | steps_t:   314 | t: 5.134610 | r:  -508.000000 | e:   0.968600 | Q:        nan | won: False 
#   83 | steps:   857 | steps_t:   319 | t: 5.277144 | r:  -505.000000 | e:   0.968100 | Q:        nan | won: False 
#   84 | steps:   867 | steps_t:   328 | t: 5.523444 | r:  -509.000000 | e:   0.967200 | Q:        nan | won: False 
#   85 | steps:   872 | steps_t:   332 | t: 5.636724 | r:  -504.000000 | e:   0.966800 | Q:        nan | won: False 
#   86 | steps:   880 | steps_t:   339 | t: 5.828631 | r:  -507.000000 | e:   0.966100 | Q:        nan | won: False 
#   87 | steps:   888 | steps_t:   346 | t: 6.029052 | r:  -507.000000 | e:   0.965400 | Q:        nan | won: False 
#   88 | steps:   896 | steps_t:   353 | t: 6.229692 | r:  -507.000000 | e:   0.964700 | Q:        nan | won: False 
#   89 | steps:   905 | steps_t:   361 | t: 6.453470 | r:  -508.000000 | e:   0.963900 | Q:        nan | won: False 
#   90 | steps:   912 | steps_t:   367 | t: 6.618524 | r:  -506.000000 | e:   0.963300 | Q:        nan | won: False 
#   91 | steps:   924 | steps_t:   378 | t: 6.916811 | r:  -511.000000 | e:   0.962200 | Q:        nan | won: False 
#   92 | steps:   935 | steps_t:   388 | t: 7.192710 | r:  -510.000000 | e:   0.961200 | Q:        nan | won: False 
#   93 | steps:   943 | steps_t:   395 | t: 7.395491 | r:  -507.000000 | e:   0.960500 | Q:        nan | won: False 
#   94 | steps:   953 | steps_t:   404 | t: 7.660091 | r:  -509.000000 | e:   0.959600 | Q:        nan | won: False 
#   95 | steps:   962 | steps_t:   412 | t: 7.905756 | r:  -508.000000 | e:   0.958800 | Q:        nan | won: False 
#   96 | steps:   981 | steps_t:   430 | t: 8.401284 | r:  -518.000000 | e:   0.957000 | Q:        nan | won: False 
#   97 | steps:   988 | steps_t:   436 | t: 8.572019 | r:  -506.000000 | e:   0.956400 | Q:        nan | won: False 
#   98 | steps:   999 | steps_t:   446 | t: 8.847279 | r:  -510.000000 | e:   0.955400 | Q:        nan | won: False 
#   99 | steps:  1006 | steps_t:   452 | t: 9.015153 | r:  -506.000000 | e:   0.954800 | Q:        nan | won: False 
#  100 | steps:  1013 | steps_t:   458 | t: 9.185752 | r:  -506.000000 | e:   0.954200 | Q:        nan | won: False 
#  101 | steps:  1023 | steps_t:   467 | t: 9.439902 | r:  -509.000000 | e:   0.953300 | Q: -296.134308 | won: False 
#  102 | steps:  1030 | steps_t:   473 | t: 9.605769 | r:  -506.000000 | e:   0.952700 | Q:        nan | won: False 
#  103 | steps:  1037 | steps_t:   479 | t: 9.780397 | r:  -506.000000 | e:   0.952100 | Q:        nan | won: False 
#  104 | steps:  1048 | steps_t:   489 | t: 10.064687 | r:  -510.000000 | e:   0.951100 | Q:        nan | won: False 
#  105 | steps:  1056 | steps_t:   496 | t: 10.185236 | r:  -507.000000 | e:   0.950400 | Q:        nan | won: False 
#  106 | steps:  1065 | steps_t:   504 | t: 10.274335 | r:  -508.000000 | e:   0.949600 | Q:        nan | won: False 
#  107 | steps:  1074 | steps_t:   512 | t: 10.495260 | r:  -508.000000 | e:   0.948800 | Q: -292.494995 | won: False 
#  108 | steps:  1087 | steps_t:   524 | t: 10.816814 | r:  -512.000000 | e:   0.947600 | Q: -274.720825 | won: False 
#  109 | steps:  1098 | steps_t:   534 | t: 11.093923 | r:  -510.000000 | e:   0.946600 | Q:        nan | won: False 
#  110 | steps:  1109 | steps_t:   544 | t: 11.367279 | r:  -510.000000 | e:   0.945600 | Q:        nan | won: False 
#  111 | steps:  1115 | steps_t:   549 | t: 11.512949 | r:  -505.000000 | e:   0.945100 | Q:        nan | won: False 
#  112 | steps:  1123 | steps_t:   556 | t: 11.718854 | r:  -507.000000 | e:   0.944400 | Q: -313.739960 | won: False 
#  113 | steps:  1130 | steps_t:   562 | t: 11.887393 | r:  -506.000000 | e:   0.943800 | Q:        nan | won: False 
#  114 | steps:  1139 | steps_t:   570 | t: 12.106753 | r:  -508.000000 | e:   0.943000 | Q:        nan | won: False 
#  115 | steps:  1150 | steps_t:   580 | t: 12.403289 | r:  -510.000000 | e:   0.942000 | Q:        nan | won: False 
#  116 | steps:  1156 | steps_t:   585 | t: 12.548311 | r:  -505.000000 | e:   0.941500 | Q: -354.975189 | won: False 
#  117 | steps:  1164 | steps_t:   592 | t: 12.752476 | r:  -507.000000 | e:   0.940800 | Q: -348.447449 | won: False 
#  118 | steps:  1173 | steps_t:   600 | t: 12.981612 | r:  -508.000000 | e:   0.940000 | Q:        nan | won: False 
