#    1 | steps:    11 | steps_t:     0 | t: 0.005049 | r:  -510.000000 | e:   1.000000 | Q:        nan | won: False 
#    2 | steps:    18 | steps_t:     0 | t: 0.007884 | r:  -506.000000 | e:   1.000000 | Q:        nan | won: False 
#    3 | steps:    27 | steps_t:     0 | t: 0.011297 | r:  -508.000000 | e:   1.000000 | Q:        nan | won: False 
#    4 | steps:    34 | steps_t:     0 | t: 0.014223 | r:  -506.000000 | e:   1.000000 | Q:        nan | won: False 
#    5 | steps:    42 | steps_t:     0 | t: 0.017826 | r:  -507.000000 | e:   1.000000 | Q:        nan | won: False 
#    6 | steps:    50 | steps_t:     0 | t: 0.022281 | r:  -507.000000 | e:   1.000000 | Q:        nan | won: False 
#    7 | steps:    60 | steps_t:     8 | t: 0.342300 | r:  -509.000000 | e:   0.999200 | Q:        nan | won: False 
#    8 | steps:    73 | steps_t:    20 | t: 0.612214 | r:  -512.000000 | e:   0.998000 | Q:        nan | won: False 
#    9 | steps:    84 | steps_t:    30 | t: 0.742371 | r:  -510.000000 | e:   0.997000 | Q:        nan | won: False 
#   10 | steps:    91 | steps_t:    36 | t: 0.841399 | r:  -506.000000 | e:   0.996400 | Q:        nan | won: False 
#   11 | steps:    99 | steps_t:    43 | t: 0.919996 | r:  -507.000000 | e:   0.995700 | Q:        nan | won: False 
#   12 | steps:   106 | steps_t:    49 | t: 1.009182 | r:  -506.000000 | e:   0.995100 | Q:        nan | won: False 
#   13 | steps:   123 | steps_t:    65 | t: 1.429976 | r:  -516.000000 | e:   0.993500 | Q:        nan | won: False 
#   14 | steps:   131 | steps_t:    72 | t: 1.669794 | r:  -507.000000 | e:   0.992800 | Q:        nan | won: False 
#   15 | steps:   141 | steps_t:    81 | t: 1.964240 | r:  -509.000000 | e:   0.991900 | Q:        nan | won: False 
#   16 | steps:   152 | steps_t:    91 | t: 2.294239 | r:  -510.000000 | e:   0.990900 | Q:        nan | won: False 
#   17 | steps:   173 | steps_t:   111 | t: 2.944115 | r:  -509.000000 | e:   0.988900 | Q:        nan | won: False 
#   18 | steps:   181 | steps_t:   118 | t: 3.204849 | r:  -507.000000 | e:   0.988200 | Q:        nan | won: False 
#   19 | steps:   189 | steps_t:   125 | t: 3.290854 | r:  -507.000000 | e:   0.987500 | Q:        nan | won: False 
#   20 | steps:   201 | steps_t:   136 | t: 3.483427 | r:  -511.000000 | e:   0.986400 | Q:        nan | won: False 
#   21 | steps:   211 | steps_t:   145 | t: 3.793756 | r:  -509.000000 | e:   0.985500 | Q:        nan | won: False 
#   22 | steps:   224 | steps_t:   157 | t: 4.152417 | r:  -512.000000 | e:   0.984300 | Q:        nan | won: False 
#   23 | steps:   238 | steps_t:   170 | t: 4.532090 | r:  -513.000000 | e:   0.983000 | Q:        nan | won: False 
#   24 | steps:   251 | steps_t:   182 | t: 4.913128 | r:  -512.000000 | e:   0.981800 | Q:        nan | won: False 
#   25 | steps:   264 | steps_t:   194 | t: 5.416715 | r:  -512.000000 | e:   0.980600 | Q:        nan | won: False 
#   26 | steps:   273 | steps_t:   202 | t: 5.664988 | r:  -508.000000 | e:   0.979800 | Q:        nan | won: False 
#   27 | steps:   281 | steps_t:   209 | t: 5.888285 | r:  -507.000000 | e:   0.979100 | Q:        nan | won: False 
#   28 | steps:   289 | steps_t:   216 | t: 6.075378 | r:  -507.000000 | e:   0.978400 | Q:        nan | won: False 
#   29 | steps:   295 | steps_t:   221 | t: 6.255638 | r:  -505.000000 | e:   0.977900 | Q:        nan | won: False 
#   30 | steps:   306 | steps_t:   231 | t: 6.589117 | r:  -510.000000 | e:   0.976900 | Q:        nan | won: False 
#   31 | steps:   314 | steps_t:   238 | t: 6.819026 | r:  -507.000000 | e:   0.976200 | Q:        nan | won: False 
#   32 | steps:   325 | steps_t:   248 | t: 7.135441 | r:  -510.000000 | e:   0.975200 | Q:        nan | won: False 
#   33 | steps:   340 | steps_t:   262 | t: 7.568383 | r:  -503.000000 | e:   0.973800 | Q: -341.640533 | won: False 
#   34 | steps:   347 | steps_t:   268 | t: 7.732803 | r:  -506.000000 | e:   0.973200 | Q:        nan | won: False 
#   35 | steps:   355 | steps_t:   275 | t: 7.963221 | r:  -507.000000 | e:   0.972500 | Q:        nan | won: False 
#   36 | steps:   362 | steps_t:   281 | t: 8.158386 | r:  -506.000000 | e:   0.971900 | Q:        nan | won: False 
#   37 | steps:   369 | steps_t:   287 | t: 8.328047 | r:  -506.000000 | e:   0.971300 | Q:        nan | won: False 
#   38 | steps:   375 | steps_t:   292 | t: 8.519489 | r:  -505.000000 | e:   0.970800 | Q:        nan | won: False 
#   39 | steps:   384 | steps_t:   300 | t: 8.774724 | r:  -508.000000 | e:   0.970000 | Q:        nan | won: False 
#   40 | steps:   397 | steps_t:   312 | t: 9.158571 | r:  -512.000000 | e:   0.968800 | Q:        nan | won: False 
#   41 | steps:   407 | steps_t:   321 | t: 9.439518 | r:  -509.000000 | e:   0.967900 | Q:        nan | won: False 
#   42 | steps:   416 | steps_t:   329 | t: 9.719677 | r:  -508.000000 | e:   0.967100 | Q: -297.739380 | won: False 
#   43 | steps:   426 | steps_t:   338 | t: 9.898882 | r:  -509.000000 | e:   0.966200 | Q:        nan | won: False 
#   44 | steps:   440 | steps_t:   351 | t: 10.141699 | r:  -513.000000 | e:   0.964900 | Q:        nan | won: False 
#   45 | steps:   446 | steps_t:   356 | t: 10.273349 | r:  -505.000000 | e:   0.964400 | Q:        nan | won: False 
#   46 | steps:   452 | steps_t:   361 | t: 10.448138 | r:  -505.000000 | e:   0.963900 | Q:        nan | won: False 
#   47 | steps:   461 | steps_t:   369 | t: 10.709176 | r:  -508.000000 | e:   0.963100 | Q:        nan | won: False 
#   48 | steps:   472 | steps_t:   379 | t: 11.025856 | r:  -510.000000 | e:   0.962100 | Q: -315.529175 | won: False 
#   49 | steps:   500 | steps_t:   406 | t: 11.778055 | r:  -527.000000 | e:   0.959400 | Q: -354.614319 | won: False 
#   50 | steps:   508 | steps_t:   413 | t: 11.974275 | r:  -507.000000 | e:   0.958700 | Q: -348.782562 | won: False 
#   51 | steps:   526 | steps_t:   430 | t: 12.387057 | r:  -517.000000 | e:   0.957000 | Q:        nan | won: False 
#   52 | steps:   535 | steps_t:   438 | t: 12.659046 | r:  -508.000000 | e:   0.956200 | Q:        nan | won: False 
#   53 | steps:   544 | steps_t:   446 | t: 12.925343 | r:  -508.000000 | e:   0.955400 | Q:        nan | won: False 
#   54 | steps:   556 | steps_t:   457 | t: 13.280719 | r:  -511.000000 | e:   0.954300 | Q:        nan | won: False 
#   55 | steps:   567 | steps_t:   467 | t: 13.595758 | r:  -510.000000 | e:   0.953300 | Q: -323.989960 | won: False 
#   56 | steps:   588 | steps_t:   487 | t: 14.252463 | r:  -520.000000 | e:   0.951300 | Q: -324.466980 | won: False 
#   57 | steps:   601 | steps_t:   499 | t: 14.676895 | r:  -512.000000 | e:   0.950100 | Q:        nan | won: False 
#   58 | steps:   608 | steps_t:   505 | t: 14.781237 | r:  -506.000000 | e:   0.949500 | Q: -308.308380 | won: False 
#   59 | steps:   616 | steps_t:   512 | t: 14.962037 | r:  -507.000000 | e:   0.948800 | Q: -307.055023 | won: False 
#   60 | steps:   623 | steps_t:   518 | t: 15.146345 | r:  -506.000000 | e:   0.948200 | Q: -319.846588 | won: False 
#   61 | steps:   635 | steps_t:   529 | t: 15.400719 | r:  -511.000000 | e:   0.947100 | Q: -318.206085 | won: False 
#   62 | steps:   645 | steps_t:   538 | t: 15.667472 | r:  -509.000000 | e:   0.946200 | Q: -316.227448 | won: False 
#   63 | steps:   660 | steps_t:   552 | t: 15.892803 | r:  -514.000000 | e:   0.944800 | Q: -313.113403 | won: False 
#   64 | steps:   668 | steps_t:   559 | t: 15.988279 | r:  -507.000000 | e:   0.944100 | Q:        nan | won: False 
#   65 | steps:   677 | steps_t:   567 | t: 16.134832 | r:  -508.000000 | e:   0.943300 | Q:        nan | won: False 
#   66 | steps:   683 | steps_t:   572 | t: 16.221058 | r:  -505.000000 | e:   0.942800 | Q: -300.224335 | won: False 
#   67 | steps:   693 | steps_t:   581 | t: 16.349813 | r:  -509.000000 | e:   0.941900 | Q:        nan | won: False 
#   68 | steps:   699 | steps_t:   586 | t: 16.427034 | r:  -505.000000 | e:   0.941400 | Q: -286.252197 | won: False 
#   69 | steps:   712 | steps_t:   598 | t: 16.663437 | r:  -512.000000 | e:   0.940200 | Q: -307.334320 | won: False 
#   70 | steps:   734 | steps_t:   619 | t: 17.064379 | r:  -521.000000 | e:   0.938100 | Q:        nan | won: False 
#   71 | steps:   742 | steps_t:   626 | t: 17.204931 | r:  -507.000000 | e:   0.937400 | Q: -319.724792 | won: False 
#   72 | steps:   748 | steps_t:   631 | t: 17.270403 | r:  -505.000000 | e:   0.936900 | Q:        nan | won: False 
#   73 | steps:   759 | steps_t:   641 | t: 17.421778 | r:  -510.000000 | e:   0.935900 | Q: -326.113770 | won: False 
#   74 | steps:   765 | steps_t:   646 | t: 17.520741 | r:  -505.000000 | e:   0.935400 | Q:        nan | won: False 
#   75 | steps:   772 | steps_t:   652 | t: 17.640562 | r:  -506.000000 | e:   0.934800 | Q:        nan | won: False 
#   76 | steps:   783 | steps_t:   662 | t: 17.792385 | r:  -510.000000 | e:   0.933800 | Q:        nan | won: False 
#   77 | steps:   789 | steps_t:   667 | t: 17.874733 | r:  -505.000000 | e:   0.933300 | Q: -276.840210 | won: False 
#   78 | steps:   804 | steps_t:   681 | t: 18.293535 | r:  -514.000000 | e:   0.931900 | Q:        nan | won: False 
#   79 | steps:   811 | steps_t:   687 | t: 18.393550 | r:  -506.000000 | e:   0.931300 | Q:        nan | won: False 
#   80 | steps:   822 | steps_t:   697 | t: 18.566056 | r:  -510.000000 | e:   0.930300 | Q: -325.903290 | won: False 
#   81 | steps:   830 | steps_t:   704 | t: 18.719919 | r:  -507.000000 | e:   0.929600 | Q:        nan | won: False 
#   82 | steps:   841 | steps_t:   714 | t: 18.950940 | r:  -510.000000 | e:   0.928600 | Q: -320.341064 | won: False 
#   83 | steps:   847 | steps_t:   719 | t: 19.023628 | r:  -505.000000 | e:   0.928100 | Q:        nan | won: False 
#   84 | steps:   859 | steps_t:   730 | t: 19.203740 | r:  -511.000000 | e:   0.927000 | Q:        nan | won: False 
#   85 | steps:   879 | steps_t:   749 | t: 19.674630 | r:  -519.000000 | e:   0.925100 | Q:        nan | won: False 
#   86 | steps:   897 | steps_t:   766 | t: 20.120452 | r:  -517.000000 | e:   0.923400 | Q:        nan | won: False 
#   87 | steps:   904 | steps_t:   772 | t: 20.240687 | r:  -506.000000 | e:   0.922800 | Q:        nan | won: False 
#   88 | steps:   912 | steps_t:   779 | t: 20.392833 | r:  -507.000000 | e:   0.922100 | Q: -308.483521 | won: False 
#   89 | steps:   920 | steps_t:   786 | t: 20.589359 | r:  -507.000000 | e:   0.921400 | Q:        nan | won: False 
#   90 | steps:   927 | steps_t:   792 | t: 20.766807 | r:  -506.000000 | e:   0.920800 | Q: -306.238525 | won: False 
#   91 | steps:   933 | steps_t:   797 | t: 20.965561 | r:  -505.000000 | e:   0.920300 | Q: -295.893982 | won: False 
