#    1 | steps:     8 | steps_t:   990 | t: 0.006752 | r:  -507.000000 | e:   0.901000 | Q:        nan | won: False 
#    2 | steps:    23 | steps_t:   990 | t: 0.124295 | r:  -514.000000 | e:   0.901000 | Q: -302.114594 | won: False 
#    3 | steps:    32 | steps_t:   990 | t: 0.140841 | r:  -508.000000 | e:   0.901000 | Q: -308.238220 | won: False 
#    4 | steps:    46 | steps_t:   990 | t: 0.169691 | r:  -513.000000 | e:   0.901000 | Q: -302.277588 | won: False 
#    5 | steps:    56 | steps_t:   994 | t: 0.389816 | r:  -509.000000 | e:   0.900600 | Q: -301.909088 | won: False 
#    6 | steps:    63 | steps_t:  1000 | t: 0.467776 | r:  -506.000000 | e:   0.900000 | Q: -282.328918 | won: False 
#    7 | steps:    87 | steps_t:  1023 | t: 0.749590 | r:  -523.000000 | e:   0.897700 | Q: -246.974197 | won: False 
#    8 | steps:    99 | steps_t:  1034 | t: 0.919053 | r:  -511.000000 | e:   0.896600 | Q: -228.479279 | won: False 
#    9 | steps:   106 | steps_t:  1040 | t: 1.204546 | r:  -506.000000 | e:   0.896000 | Q:        nan | won: False 
#   10 | steps:   116 | steps_t:  1049 | t: 1.458216 | r:  -509.000000 | e:   0.895100 | Q: -244.106094 | won: False 
#   11 | steps:   130 | steps_t:  1062 | t: 1.709214 | r:  -513.000000 | e:   0.893800 | Q: -297.233765 | won: False 
#   12 | steps:   145 | steps_t:  1076 | t: 2.034801 | r:  -514.000000 | e:   0.892400 | Q:        nan | won: False 
#   13 | steps:   157 | steps_t:  1087 | t: 2.362902 | r:  -511.000000 | e:   0.891300 | Q: -316.087463 | won: False 
#   14 | steps:   163 | steps_t:  1092 | t: 2.499196 | r:  -505.000000 | e:   0.890800 | Q:        nan | won: False 
#   15 | steps:   172 | steps_t:  1100 | t: 2.721964 | r:  -508.000000 | e:   0.890000 | Q:        nan | won: False 
#   16 | steps:   179 | steps_t:  1106 | t: 2.886682 | r:  -506.000000 | e:   0.889400 | Q:        nan | won: False 
#   17 | steps:   193 | steps_t:  1119 | t: 3.243206 | r:  -491.000000 | e:   0.888100 | Q: -310.853851 | won: False 
#   18 | steps:   202 | steps_t:  1127 | t: 3.509432 | r:  -508.000000 | e:   0.887300 | Q: -296.400787 | won: False 
#   19 | steps:   211 | steps_t:  1135 | t: 3.726192 | r:  -508.000000 | e:   0.886500 | Q: -283.993622 | won: False 
#   20 | steps:   221 | steps_t:  1144 | t: 3.969771 | r:  -509.000000 | e:   0.885600 | Q: -270.093353 | won: False 
#   21 | steps:   235 | steps_t:  1157 | t: 4.325527 | r:  -513.000000 | e:   0.884300 | Q: -277.982727 | won: False 
#   22 | steps:   246 | steps_t:  1167 | t: 4.607628 | r:  -510.000000 | e:   0.883300 | Q: -278.231537 | won: False 
#   23 | steps:   255 | steps_t:  1175 | t: 4.970669 | r:  -508.000000 | e:   0.882500 | Q:        nan | won: False 
#   24 | steps:   266 | steps_t:  1185 | t: 5.258489 | r:  -510.000000 | e:   0.881500 | Q: -286.459076 | won: False 
#   25 | steps:   273 | steps_t:  1191 | t: 5.444381 | r:  -506.000000 | e:   0.880900 | Q: -296.296692 | won: False 
#   26 | steps:   281 | steps_t:  1198 | t: 5.561623 | r:  -507.000000 | e:   0.880200 | Q: -293.483124 | won: False 
#   27 | steps:   296 | steps_t:  1212 | t: 5.908441 | r:  -514.000000 | e:   0.878800 | Q:        nan | won: False 
#   28 | steps:   307 | steps_t:  1222 | t: 6.236961 | r:  -510.000000 | e:   0.877800 | Q: -295.065216 | won: False 
#   29 | steps:   315 | steps_t:  1229 | t: 6.430216 | r:  -507.000000 | e:   0.877100 | Q:        nan | won: False 
#   30 | steps:   331 | steps_t:  1244 | t: 6.839605 | r:  -504.000000 | e:   0.875600 | Q: -279.883667 | won: False 
#   31 | steps:   341 | steps_t:  1253 | t: 7.096349 | r:  -509.000000 | e:   0.874700 | Q: -279.329865 | won: False 
#   32 | steps:   347 | steps_t:  1258 | t: 7.233967 | r:  -505.000000 | e:   0.874200 | Q: -288.947235 | won: False 
#   33 | steps:   358 | steps_t:  1268 | t: 7.500337 | r:  -510.000000 | e:   0.873200 | Q:        nan | won: False 
#   34 | steps:   366 | steps_t:  1275 | t: 7.695434 | r:  -507.000000 | e:   0.872500 | Q:        nan | won: False 
#   35 | steps:   376 | steps_t:  1284 | t: 7.965394 | r:  -509.000000 | e:   0.871600 | Q: -311.692688 | won: False 
#   36 | steps:   386 | steps_t:  1293 | t: 8.211719 | r:  -509.000000 | e:   0.870700 | Q: -309.257111 | won: False 
#   37 | steps:   398 | steps_t:  1304 | t: 8.520728 | r:  -511.000000 | e:   0.869600 | Q: -301.948242 | won: False 
#   38 | steps:   405 | steps_t:  1310 | t: 8.725473 | r:  -506.000000 | e:   0.869000 | Q:        nan | won: False 
#   39 | steps:   413 | steps_t:  1317 | t: 8.912001 | r:  -507.000000 | e:   0.868300 | Q:        nan | won: False 
#   40 | steps:   425 | steps_t:  1328 | t: 9.228151 | r:  -511.000000 | e:   0.867200 | Q: -325.056671 | won: False 
#   41 | steps:   433 | steps_t:  1335 | t: 9.416917 | r:  -507.000000 | e:   0.866500 | Q:        nan | won: False 
#   42 | steps:   440 | steps_t:  1341 | t: 9.579159 | r:  -506.000000 | e:   0.865900 | Q:        nan | won: False 
#   43 | steps:   452 | steps_t:  1352 | t: 9.839016 | r:  -511.000000 | e:   0.864800 | Q: -351.861847 | won: False 
#   44 | steps:   468 | steps_t:  1367 | t: 10.063835 | r:  -504.000000 | e:   0.863300 | Q: -338.967804 | won: False 
#   45 | steps:   479 | steps_t:  1377 | t: 10.358154 | r:  -510.000000 | e:   0.862300 | Q: -331.387207 | won: False 
#   46 | steps:   489 | steps_t:  1386 | t: 10.610277 | r:  -509.000000 | e:   0.861400 | Q: -331.736786 | won: False 
#   47 | steps:   496 | steps_t:  1392 | t: 10.773336 | r:  -506.000000 | e:   0.860800 | Q:        nan | won: False 
#   48 | steps:   501 | steps_t:  1396 | t: 10.929451 | r:  -504.000000 | e:   0.860400 | Q:        nan | won: False 
#   49 | steps:   509 | steps_t:  1403 | t: 11.118479 | r:  -507.000000 | e:   0.859700 | Q:        nan | won: False 
#   50 | steps:   522 | steps_t:  1415 | t: 11.453453 | r:  -512.000000 | e:   0.858500 | Q: -338.012299 | won: False 
#   51 | steps:   536 | steps_t:  1428 | t: 11.808049 | r:  -513.000000 | e:   0.857200 | Q:        nan | won: False 
#   52 | steps:   547 | steps_t:  1438 | t: 12.081142 | r:  -510.000000 | e:   0.856200 | Q: -311.350403 | won: False 
#   53 | steps:   558 | steps_t:  1448 | t: 12.357347 | r:  -510.000000 | e:   0.855200 | Q: -304.532745 | won: False 
#   54 | steps:   564 | steps_t:  1453 | t: 12.498498 | r:  -505.000000 | e:   0.854700 | Q:        nan | won: False 
#   55 | steps:   570 | steps_t:  1458 | t: 12.634313 | r:  -505.000000 | e:   0.854200 | Q:        nan | won: False 
#   56 | steps:   580 | steps_t:  1467 | t: 12.900922 | r:  -509.000000 | e:   0.853300 | Q: -289.582916 | won: False 
#   57 | steps:   606 | steps_t:  1492 | t: 13.607112 | r:  -525.000000 | e:   0.850800 | Q: -309.076935 | won: False 
#   58 | steps:   617 | steps_t:  1502 | t: 13.887929 | r:  -510.000000 | e:   0.849800 | Q: -300.971008 | won: False 
#   59 | steps:   662 | steps_t:  1546 | t: 14.946863 | r:  -533.000000 | e:   0.845400 | Q: -304.788239 | won: False 
#   60 | steps:   670 | steps_t:  1553 | t: 15.163036 | r:  -507.000000 | e:   0.844700 | Q: -335.743805 | won: False 
#   61 | steps:   678 | steps_t:  1560 | t: 15.365807 | r:  -507.000000 | e:   0.844000 | Q: -309.912109 | won: False 
#   62 | steps:   691 | steps_t:  1572 | t: 15.619673 | r:  -512.000000 | e:   0.842800 | Q: -287.717712 | won: False 
#   63 | steps:   700 | steps_t:  1580 | t: 15.872152 | r:  -508.000000 | e:   0.842000 | Q: -286.751587 | won: False 
#   64 | steps:   706 | steps_t:  1585 | t: 16.015998 | r:  -505.000000 | e:   0.841500 | Q: -301.884094 | won: False 
#   65 | steps:   714 | steps_t:  1592 | t: 16.220263 | r:  -507.000000 | e:   0.840800 | Q: -305.549622 | won: False 
#   66 | steps:   725 | steps_t:  1602 | t: 16.504681 | r:  -510.000000 | e:   0.839800 | Q: -312.198364 | won: False 
#   67 | steps:   732 | steps_t:  1608 | t: 16.673516 | r:  -506.000000 | e:   0.839200 | Q: -334.139709 | won: False 
#   68 | steps:   744 | steps_t:  1619 | t: 16.968367 | r:  -511.000000 | e:   0.838100 | Q: -331.183899 | won: False 
#   69 | steps:   754 | steps_t:  1628 | t: 17.216066 | r:  -509.000000 | e:   0.837200 | Q: -341.689819 | won: False 
#   70 | steps:   761 | steps_t:  1634 | t: 17.382399 | r:  -506.000000 | e:   0.836600 | Q:        nan | won: False 
#   71 | steps:   767 | steps_t:  1639 | t: 17.525471 | r:  -505.000000 | e:   0.836100 | Q: -359.918365 | won: False 
#   72 | steps:   775 | steps_t:  1646 | t: 17.721545 | r:  -507.000000 | e:   0.835400 | Q:        nan | won: False 
#   73 | steps:   784 | steps_t:  1654 | t: 17.942800 | r:  -508.000000 | e:   0.834600 | Q: -338.550751 | won: False 
#   74 | steps:   792 | steps_t:  1661 | t: 18.144336 | r:  -507.000000 | e:   0.833900 | Q: -325.531677 | won: False 
#   75 | steps:   805 | steps_t:  1673 | t: 18.534960 | r:  -512.000000 | e:   0.832700 | Q: -300.597137 | won: False 
#   76 | steps:   816 | steps_t:  1683 | t: 18.829548 | r:  -510.000000 | e:   0.831700 | Q: -278.916718 | won: False 
#   77 | steps:   824 | steps_t:  1690 | t: 19.030452 | r:  -507.000000 | e:   0.831000 | Q: -276.541809 | won: False 
#   78 | steps:   833 | steps_t:  1698 | t: 19.265430 | r:  -508.000000 | e:   0.830200 | Q: -290.118256 | won: False 
#   79 | steps:   850 | steps_t:  1714 | t: 19.701606 | r:  -505.000000 | e:   0.828600 | Q: -318.308044 | won: False 
#   80 | steps:   859 | steps_t:  1722 | t: 19.929873 | r:  -508.000000 | e:   0.827800 | Q:        nan | won: False 
#   81 | steps:   864 | steps_t:  1726 | t: 20.057033 | r:  -504.000000 | e:   0.827400 | Q: -302.830688 | won: False 
#   82 | steps:   870 | steps_t:  1731 | t: 20.199238 | r:  -505.000000 | e:   0.826900 | Q: -292.149689 | won: False 
#   83 | steps:   877 | steps_t:  1737 | t: 20.372534 | r:  -506.000000 | e:   0.826300 | Q:        nan | won: False 
#   84 | steps:   889 | steps_t:  1748 | t: 20.698467 | r:  -511.000000 | e:   0.825200 | Q: -295.956451 | won: False 
#   85 | steps:   897 | steps_t:  1755 | t: 20.884798 | r:  -507.000000 | e:   0.824500 | Q:        nan | won: False 
#   86 | steps:   909 | steps_t:  1766 | t: 21.239458 | r:  -511.000000 | e:   0.823400 | Q: -372.286377 | won: False 
#   87 | steps:   918 | steps_t:  1774 | t: 21.466170 | r:  -508.000000 | e:   0.822600 | Q: -362.714722 | won: False 
#   88 | steps:   929 | steps_t:  1784 | t: 21.752667 | r:  -510.000000 | e:   0.821600 | Q: -328.798370 | won: False 
#   89 | steps:   934 | steps_t:  1788 | t: 21.869695 | r:  -504.000000 | e:   0.821200 | Q: -307.391357 | won: False 
#   90 | steps:   939 | steps_t:  1792 | t: 21.995208 | r:  -504.000000 | e:   0.820800 | Q: -298.031860 | won: False 
#   91 | steps:   950 | steps_t:  1802 | t: 22.276943 | r:  -510.000000 | e:   0.819800 | Q: -315.331299 | won: False 
#   92 | steps:   959 | steps_t:  1810 | t: 22.508510 | r:  -508.000000 | e:   0.819000 | Q: -291.028076 | won: False 
#   93 | steps:   968 | steps_t:  1818 | t: 22.735972 | r:  -508.000000 | e:   0.818200 | Q: -312.359283 | won: False 
#   94 | steps:   976 | steps_t:  1825 | t: 22.929936 | r:  -507.000000 | e:   0.817500 | Q:        nan | won: False 
#   95 | steps:   985 | steps_t:  1833 | t: 23.154984 | r:  -508.000000 | e:   0.816700 | Q: -356.279449 | won: False 
#   96 | steps:   994 | steps_t:  1841 | t: 23.376403 | r:  -508.000000 | e:   0.815900 | Q: -369.248962 | won: False 
#   97 | steps:  1001 | steps_t:  1847 | t: 23.586176 | r:  -506.000000 | e:   0.815300 | Q: -332.702576 | won: False 
#   98 | steps:  1011 | steps_t:  1856 | t: 23.826185 | r:  -509.000000 | e:   0.814400 | Q: -373.304596 | won: False 
#   99 | steps:  1035 | steps_t:  1879 | t: 24.486893 | r:  -523.000000 | e:   0.812100 | Q: -325.051025 | won: False 
#  100 | steps:  1051 | steps_t:  1894 | t: 24.933464 | r:  -515.000000 | e:   0.810600 | Q: -294.384827 | won: False 
#  101 | steps:  1057 | steps_t:  1899 | t: 25.082727 | r:  -505.000000 | e:   0.810100 | Q: -340.779755 | won: False 
#  102 | steps:  1063 | steps_t:  1904 | t: 25.231595 | r:  -505.000000 | e:   0.809600 | Q: -334.030304 | won: False 
#  103 | steps:  1073 | steps_t:  1913 | t: 25.485634 | r:  -509.000000 | e:   0.808700 | Q: -346.575745 | won: False 
#  104 | steps:  1083 | steps_t:  1922 | t: 25.725684 | r:  -509.000000 | e:   0.807800 | Q: -397.927338 | won: False 
#  105 | steps:  1094 | steps_t:  1932 | t: 26.005269 | r:  -510.000000 | e:   0.806800 | Q: -387.692169 | won: False 
#  106 | steps:  1105 | steps_t:  1942 | t: 26.346574 | r:  -510.000000 | e:   0.805800 | Q: -340.545319 | won: False 
#  107 | steps:  1118 | steps_t:  1954 | t: 26.700784 | r:  -512.000000 | e:   0.804600 | Q: -334.038452 | won: False 
#  108 | steps:  1126 | steps_t:  1961 | t: 26.908189 | r:  -507.000000 | e:   0.803900 | Q: -342.011566 | won: False 
#  109 | steps:  1132 | steps_t:  1966 | t: 27.055070 | r:  -505.000000 | e:   0.803400 | Q: -306.770905 | won: False 
#  110 | steps:  1139 | steps_t:  1972 | t: 27.229631 | r:  -506.000000 | e:   0.802800 | Q: -331.404419 | won: False 
#  111 | steps:  1148 | steps_t:  1980 | t: 27.465065 | r:  -508.000000 | e:   0.802000 | Q: -323.861816 | won: False 
#  112 | steps:  1158 | steps_t:  1989 | t: 27.720412 | r:  -509.000000 | e:   0.801100 | Q: -333.940948 | won: False 
#  113 | steps:  1167 | steps_t:  1997 | t: 27.961493 | r:  -508.000000 | e:   0.800300 | Q: -334.089081 | won: False 
#  114 | steps:  1179 | steps_t:  2008 | t: 28.272962 | r:  -511.000000 | e:   0.799200 | Q: -342.911896 | won: False 
#  115 | steps:  1190 | steps_t:  2018 | t: 28.548703 | r:  -510.000000 | e:   0.798200 | Q: -320.940826 | won: False 
#  116 | steps:  1197 | steps_t:  2024 | t: 28.722652 | r:  -506.000000 | e:   0.797600 | Q: -340.145538 | won: False 
#  117 | steps:  1203 | steps_t:  2029 | t: 28.903021 | r:  -505.000000 | e:   0.797100 | Q:        nan | won: False 
#  118 | steps:  1218 | steps_t:  2043 | t: 29.292637 | r:  -514.000000 | e:   0.795700 | Q: -337.919678 | won: False 
#  119 | steps:  1227 | steps_t:  2051 | t: 29.517443 | r:  -508.000000 | e:   0.794900 | Q: -344.825317 | won: False 
#  120 | steps:  1232 | steps_t:  2055 | t: 29.643369 | r:  -504.000000 | e:   0.794500 | Q: -329.338074 | won: False 
