#    1 | steps:    10 | steps_t:   676 | t: 0.070060 | r:  -509.000000 | e:   0.932400 | Q: -336.908234 | won: False 
#    2 | steps:    20 | steps_t:   676 | t: 0.085738 | r:  -509.000000 | e:   0.932400 | Q: -336.943695 | won: False 
#    3 | steps:    26 | steps_t:   676 | t: 0.093675 | r:  -505.000000 | e:   0.932400 | Q:        nan | won: False 
#    4 | steps:    39 | steps_t:   676 | t: 0.112750 | r:  -512.000000 | e:   0.932400 | Q:        nan | won: False 
#    5 | steps:    44 | steps_t:   676 | t: 0.119727 | r:  -504.000000 | e:   0.932400 | Q:        nan | won: False 
#    6 | steps:    55 | steps_t:   679 | t: 0.348984 | r:  -510.000000 | e:   0.932100 | Q:        nan | won: False 
#    7 | steps:    61 | steps_t:   684 | t: 0.424058 | r:  -505.000000 | e:   0.931600 | Q:        nan | won: False 
#    8 | steps:    84 | steps_t:   706 | t: 0.797279 | r:  -522.000000 | e:   0.929400 | Q: -261.805145 | won: False 
#    9 | steps:    91 | steps_t:   712 | t: 0.884334 | r:  -506.000000 | e:   0.928800 | Q:        nan | won: False 
#   10 | steps:   100 | steps_t:   720 | t: 1.010210 | r:  -508.000000 | e:   0.928000 | Q:        nan | won: False 
#   11 | steps:   109 | steps_t:   728 | t: 1.226813 | r:  -508.000000 | e:   0.927200 | Q:        nan | won: False 
#   12 | steps:   118 | steps_t:   736 | t: 1.452423 | r:  -508.000000 | e:   0.926400 | Q: -192.236511 | won: False 
#   13 | steps:   125 | steps_t:   742 | t: 1.693562 | r:  -506.000000 | e:   0.925800 | Q:        nan | won: False 
#   14 | steps:   132 | steps_t:   748 | t: 1.814111 | r:  -506.000000 | e:   0.925200 | Q:        nan | won: False 
#   15 | steps:   141 | steps_t:   756 | t: 1.902727 | r:  -508.000000 | e:   0.924400 | Q:        nan | won: False 
#   16 | steps:   157 | steps_t:   771 | t: 2.305525 | r:  -515.000000 | e:   0.922900 | Q: -211.613800 | won: False 
#   17 | steps:   166 | steps_t:   779 | t: 2.598628 | r:  -508.000000 | e:   0.922100 | Q: -207.081314 | won: False 
#   18 | steps:   184 | steps_t:   796 | t: 3.049175 | r:  -517.000000 | e:   0.920400 | Q:        nan | won: False 
#   19 | steps:   200 | steps_t:   811 | t: 3.459012 | r:  -515.000000 | e:   0.918900 | Q:        nan | won: False 
#   20 | steps:   207 | steps_t:   817 | t: 3.629291 | r:  -506.000000 | e:   0.918300 | Q:        nan | won: False 
#   21 | steps:   216 | steps_t:   825 | t: 3.799436 | r:  -508.000000 | e:   0.917500 | Q: -213.831009 | won: False 
#   22 | steps:   226 | steps_t:   834 | t: 3.980764 | r:  -509.000000 | e:   0.916600 | Q:        nan | won: False 
#   23 | steps:   234 | steps_t:   841 | t: 4.181221 | r:  -507.000000 | e:   0.915900 | Q: -215.232956 | won: False 
#   24 | steps:   243 | steps_t:   849 | t: 4.443792 | r:  -508.000000 | e:   0.915100 | Q: -215.551315 | won: False 
#   25 | steps:   251 | steps_t:   856 | t: 4.640951 | r:  -507.000000 | e:   0.914400 | Q: -218.811493 | won: False 
#   26 | steps:   262 | steps_t:   866 | t: 4.922650 | r:  -510.000000 | e:   0.913400 | Q: -226.841812 | won: False 
#   27 | steps:   269 | steps_t:   872 | t: 5.089956 | r:  -506.000000 | e:   0.912800 | Q:        nan | won: False 
#   28 | steps:   276 | steps_t:   878 | t: 5.257984 | r:  -506.000000 | e:   0.912200 | Q:        nan | won: False 
#   29 | steps:   284 | steps_t:   885 | t: 5.479846 | r:  -507.000000 | e:   0.911500 | Q: -229.478592 | won: False 
#   30 | steps:   296 | steps_t:   896 | t: 5.613874 | r:  -511.000000 | e:   0.910400 | Q: -227.971054 | won: False 
#   31 | steps:   304 | steps_t:   903 | t: 5.705505 | r:  -507.000000 | e:   0.909700 | Q:        nan | won: False 
#   32 | steps:   311 | steps_t:   909 | t: 5.781111 | r:  -506.000000 | e:   0.909100 | Q:        nan | won: False 
#   33 | steps:   320 | steps_t:   917 | t: 5.879990 | r:  -508.000000 | e:   0.908300 | Q:        nan | won: False 
#   34 | steps:   329 | steps_t:   925 | t: 5.987964 | r:  -508.000000 | e:   0.907500 | Q:        nan | won: False 
#   35 | steps:   340 | steps_t:   935 | t: 6.134659 | r:  -510.000000 | e:   0.906500 | Q: -287.061951 | won: False 
#   36 | steps:   347 | steps_t:   941 | t: 6.273584 | r:  -506.000000 | e:   0.905900 | Q:        nan | won: False 
#   37 | steps:   367 | steps_t:   960 | t: 6.830151 | r:  -519.000000 | e:   0.904000 | Q:        nan | won: False 
#   38 | steps:   375 | steps_t:   967 | t: 7.035935 | r:  -507.000000 | e:   0.903300 | Q: -310.647766 | won: False 
#   39 | steps:   384 | steps_t:   975 | t: 7.257772 | r:  -508.000000 | e:   0.902500 | Q:        nan | won: False 
#   40 | steps:   394 | steps_t:   984 | t: 7.524658 | r:  -509.000000 | e:   0.901600 | Q: -312.076813 | won: False 
#   41 | steps:   401 | steps_t:   990 | t: 7.730344 | r:  -506.000000 | e:   0.901000 | Q: -309.615662 | won: False 
#   42 | steps:   408 | steps_t:   996 | t: 7.891842 | r:  -506.000000 | e:   0.900400 | Q:        nan | won: False 
#   43 | steps:   418 | steps_t:  1005 | t: 8.146290 | r:  -509.000000 | e:   0.899500 | Q: -294.018799 | won: False 
#   44 | steps:   441 | steps_t:  1027 | t: 8.668419 | r:  -522.000000 | e:   0.897300 | Q: -279.023285 | won: False 
#   45 | steps:   450 | steps_t:  1035 | t: 8.885135 | r:  -508.000000 | e:   0.896500 | Q:        nan | won: False 
#   46 | steps:   464 | steps_t:  1048 | t: 9.242186 | r:  -502.000000 | e:   0.895200 | Q: -278.264038 | won: False 
#   47 | steps:   472 | steps_t:  1055 | t: 9.442129 | r:  -507.000000 | e:   0.894500 | Q:        nan | won: False 
#   48 | steps:   481 | steps_t:  1063 | t: 9.690284 | r:  -508.000000 | e:   0.893700 | Q: -289.925720 | won: False 
#   49 | steps:   492 | steps_t:  1073 | t: 9.802871 | r:  -510.000000 | e:   0.892700 | Q: -278.743286 | won: False 
#   50 | steps:   507 | steps_t:  1087 | t: 10.093857 | r:  -514.000000 | e:   0.891300 | Q: -295.725555 | won: False 
#   51 | steps:   522 | steps_t:  1101 | t: 10.509575 | r:  -514.000000 | e:   0.889900 | Q:        nan | won: False 
#   52 | steps:   528 | steps_t:  1106 | t: 10.654127 | r:  -505.000000 | e:   0.889400 | Q: -326.889954 | won: False 
#   53 | steps:   536 | steps_t:  1113 | t: 10.852409 | r:  -507.000000 | e:   0.888700 | Q: -316.595551 | won: False 
#   54 | steps:   561 | steps_t:  1137 | t: 11.573891 | r:  -524.000000 | e:   0.886300 | Q: -299.653107 | won: False 
#   55 | steps:   568 | steps_t:  1143 | t: 11.738952 | r:  -506.000000 | e:   0.885700 | Q:        nan | won: False 
#   56 | steps:   581 | steps_t:  1155 | t: 12.052163 | r:  -512.000000 | e:   0.884500 | Q:        nan | won: False 
#   57 | steps:   590 | steps_t:  1163 | t: 12.273948 | r:  -508.000000 | e:   0.883700 | Q:        nan | won: False 
#   58 | steps:   596 | steps_t:  1168 | t: 12.428898 | r:  -505.000000 | e:   0.883200 | Q: -312.452576 | won: False 
#   59 | steps:   603 | steps_t:  1174 | t: 12.636457 | r:  -506.000000 | e:   0.882600 | Q:        nan | won: False 
#   60 | steps:   614 | steps_t:  1184 | t: 12.913140 | r:  -510.000000 | e:   0.881600 | Q: -337.141541 | won: False 
#   61 | steps:   622 | steps_t:  1191 | t: 13.110202 | r:  -507.000000 | e:   0.880900 | Q: -338.330719 | won: False 
#   62 | steps:   630 | steps_t:  1198 | t: 13.316796 | r:  -507.000000 | e:   0.880200 | Q: -331.999786 | won: False 
#   63 | steps:   638 | steps_t:  1205 | t: 13.508710 | r:  -507.000000 | e:   0.879500 | Q:        nan | won: False 
#   64 | steps:   645 | steps_t:  1211 | t: 13.731338 | r:  -506.000000 | e:   0.878900 | Q:        nan | won: False 
#   65 | steps:   655 | steps_t:  1220 | t: 13.979521 | r:  -509.000000 | e:   0.878000 | Q:        nan | won: False 
#   66 | steps:   666 | steps_t:  1230 | t: 14.293656 | r:  -510.000000 | e:   0.877000 | Q: -306.961792 | won: False 
#   67 | steps:   671 | steps_t:  1234 | t: 14.410256 | r:  -504.000000 | e:   0.876600 | Q:        nan | won: False 
#   68 | steps:   678 | steps_t:  1240 | t: 14.594239 | r:  -506.000000 | e:   0.876000 | Q: -289.821014 | won: False 
#   69 | steps:   689 | steps_t:  1250 | t: 14.912424 | r:  -510.000000 | e:   0.875000 | Q: -289.677399 | won: False 
#   70 | steps:   704 | steps_t:  1264 | t: 15.314610 | r:  -514.000000 | e:   0.873600 | Q: -296.889526 | won: False 
#   71 | steps:   715 | steps_t:  1274 | t: 15.601561 | r:  -510.000000 | e:   0.872600 | Q: -329.509369 | won: False 
#   72 | steps:   721 | steps_t:  1279 | t: 15.776370 | r:  -505.000000 | e:   0.872100 | Q:        nan | won: False 
#   73 | steps:   728 | steps_t:  1285 | t: 15.947548 | r:  -506.000000 | e:   0.871500 | Q: -337.183289 | won: False 
#   74 | steps:   738 | steps_t:  1294 | t: 16.205495 | r:  -509.000000 | e:   0.870600 | Q: -333.241821 | won: False 
#   75 | steps:   744 | steps_t:  1299 | t: 16.398090 | r:  -505.000000 | e:   0.870100 | Q:        nan | won: False 
#   76 | steps:   753 | steps_t:  1307 | t: 16.635721 | r:  -508.000000 | e:   0.869300 | Q: -320.308228 | won: False 
#   77 | steps:   761 | steps_t:  1314 | t: 16.879673 | r:  -507.000000 | e:   0.868600 | Q:        nan | won: False 
#   78 | steps:   766 | steps_t:  1318 | t: 16.992273 | r:  -504.000000 | e:   0.868200 | Q:        nan | won: False 
#   79 | steps:   776 | steps_t:  1327 | t: 17.246729 | r:  -509.000000 | e:   0.867300 | Q:        nan | won: False 
#   80 | steps:   796 | steps_t:  1346 | t: 17.771556 | r:  -519.000000 | e:   0.865400 | Q: -312.791870 | won: False 
#   81 | steps:   804 | steps_t:  1353 | t: 18.009810 | r:  -507.000000 | e:   0.864700 | Q:        nan | won: False 
#   82 | steps:   818 | steps_t:  1366 | t: 18.378563 | r:  -502.000000 | e:   0.863400 | Q: -318.050598 | won: False 
#   83 | steps:   827 | steps_t:  1374 | t: 18.598919 | r:  -508.000000 | e:   0.862600 | Q:        nan | won: False 
#   84 | steps:   835 | steps_t:  1381 | t: 18.800138 | r:  -507.000000 | e:   0.861900 | Q: -326.937439 | won: False 
#   85 | steps:   841 | steps_t:  1386 | t: 18.982892 | r:  -505.000000 | e:   0.861400 | Q:        nan | won: False 
#   86 | steps:   854 | steps_t:  1398 | t: 19.306290 | r:  -512.000000 | e:   0.860200 | Q: -311.895782 | won: False 
#   87 | steps:   868 | steps_t:  1411 | t: 19.663807 | r:  -513.000000 | e:   0.858900 | Q: -297.914703 | won: False 
#   88 | steps:   877 | steps_t:  1419 | t: 19.928683 | r:  -508.000000 | e:   0.858100 | Q: -298.952576 | won: False 
#   89 | steps:   884 | steps_t:  1425 | t: 20.134166 | r:  -506.000000 | e:   0.857500 | Q:        nan | won: False 
#   90 | steps:   895 | steps_t:  1435 | t: 20.422758 | r:  -510.000000 | e:   0.856500 | Q:        nan | won: False 
#   91 | steps:   904 | steps_t:  1443 | t: 20.666555 | r:  -508.000000 | e:   0.855700 | Q: -333.344574 | won: False 
#   92 | steps:   921 | steps_t:  1459 | t: 21.154752 | r:  -516.000000 | e:   0.854100 | Q: -314.573730 | won: False 
#   93 | steps:   928 | steps_t:  1465 | t: 21.336829 | r:  -506.000000 | e:   0.853500 | Q: -310.858215 | won: False 
#   94 | steps:   940 | steps_t:  1476 | t: 21.648221 | r:  -511.000000 | e:   0.852400 | Q: -330.882538 | won: False 
#   95 | steps:   946 | steps_t:  1481 | t: 21.801860 | r:  -505.000000 | e:   0.851900 | Q: -346.315186 | won: False 
#   96 | steps:   957 | steps_t:  1491 | t: 22.094493 | r:  -510.000000 | e:   0.850900 | Q: -325.133362 | won: False 
#   97 | steps:   967 | steps_t:  1500 | t: 22.386668 | r:  -509.000000 | e:   0.850000 | Q: -343.456757 | won: False 
#   98 | steps:   973 | steps_t:  1505 | t: 22.528095 | r:  -505.000000 | e:   0.849500 | Q: -324.959351 | won: False 
#   99 | steps:   981 | steps_t:  1512 | t: 22.724979 | r:  -507.000000 | e:   0.848800 | Q:        nan | won: False 
#  100 | steps:   987 | steps_t:  1517 | t: 22.864029 | r:  -505.000000 | e:   0.848300 | Q:        nan | won: False 
#  101 | steps:   997 | steps_t:  1526 | t: 23.119971 | r:  -509.000000 | e:   0.847400 | Q: -306.861206 | won: False 
#  102 | steps:  1008 | steps_t:  1536 | t: 23.442831 | r:  -510.000000 | e:   0.846400 | Q: -298.815826 | won: False 
#  103 | steps:  1017 | steps_t:  1544 | t: 23.690051 | r:  -508.000000 | e:   0.845600 | Q: -292.960693 | won: False 
#  104 | steps:  1028 | steps_t:  1554 | t: 23.949106 | r:  -510.000000 | e:   0.844600 | Q: -333.013092 | won: False 
#  105 | steps:  1040 | steps_t:  1565 | t: 24.254451 | r:  -511.000000 | e:   0.843500 | Q: -317.229950 | won: False 
#  106 | steps:  1051 | steps_t:  1575 | t: 24.517787 | r:  -510.000000 | e:   0.842500 | Q: -302.336853 | won: False 
#  107 | steps:  1060 | steps_t:  1583 | t: 24.744626 | r:  -508.000000 | e:   0.841700 | Q: -304.340546 | won: False 
#  108 | steps:  1075 | steps_t:  1597 | t: 25.038275 | r:  -492.000000 | e:   0.840300 | Q: -295.889618 | won: False 
#  109 | steps:  1084 | steps_t:  1605 | t: 25.314820 | r:  -508.000000 | e:   0.839500 | Q: -341.029877 | won: False 
#  110 | steps:  1093 | steps_t:  1613 | t: 25.544995 | r:  -508.000000 | e:   0.838700 | Q: -358.333282 | won: False 
#  111 | steps:  1101 | steps_t:  1620 | t: 25.736413 | r:  -507.000000 | e:   0.838000 | Q:        nan | won: False 
#  112 | steps:  1110 | steps_t:  1628 | t: 25.966042 | r:  -508.000000 | e:   0.837200 | Q: -345.947937 | won: False 
#  113 | steps:  1121 | steps_t:  1638 | t: 26.293021 | r:  -510.000000 | e:   0.836200 | Q: -336.401703 | won: False 
#  114 | steps:  1137 | steps_t:  1653 | t: 26.714242 | r:  -515.000000 | e:   0.834700 | Q: -369.164581 | won: False 
#  115 | steps:  1151 | steps_t:  1666 | t: 27.085877 | r:  -513.000000 | e:   0.833400 | Q: -318.584778 | won: False 
#  116 | steps:  1161 | steps_t:  1675 | t: 27.396688 | r:  -509.000000 | e:   0.832500 | Q:        nan | won: False 
#  117 | steps:  1169 | steps_t:  1682 | t: 27.591610 | r:  -507.000000 | e:   0.831800 | Q: -341.421509 | won: False 
#  118 | steps:  1177 | steps_t:  1689 | t: 27.786605 | r:  -507.000000 | e:   0.831100 | Q: -302.125031 | won: False 
#  119 | steps:  1188 | steps_t:  1699 | t: 28.076598 | r:  -510.000000 | e:   0.830100 | Q: -293.988525 | won: False 
#  120 | steps:  1197 | steps_t:  1707 | t: 28.285810 | r:  -508.000000 | e:   0.829300 | Q:        nan | won: False 
