#    1 | steps:    21 | steps_t:     0 | t: 0.009829 | r:  -520.000000 | e:   1.000000 | Q:        nan | won: False 
#    2 | steps:    33 | steps_t:     0 | t: 0.014847 | r:  -511.000000 | e:   1.000000 | Q:        nan | won: False 
#    3 | steps:    47 | steps_t:     0 | t: 0.021131 | r:  -513.000000 | e:   1.000000 | Q:        nan | won: False 
#    4 | steps:    57 | steps_t:     5 | t: 0.242017 | r:  -509.000000 | e:   0.999500 | Q:        nan | won: False 
#    5 | steps:    77 | steps_t:    24 | t: 0.493303 | r:  -519.000000 | e:   0.997600 | Q:        nan | won: False 
#    6 | steps:    89 | steps_t:    35 | t: 0.634966 | r:  -511.000000 | e:   0.996500 | Q:  -0.592910 | won: False 
#    7 | steps:    96 | steps_t:    41 | t: 0.712605 | r:  -506.000000 | e:   0.995900 | Q:        nan | won: False 
#    8 | steps:   105 | steps_t:    49 | t: 0.879671 | r:  -508.000000 | e:   0.995100 | Q:        nan | won: False 
#    9 | steps:   124 | steps_t:    67 | t: 1.101807 | r:  -518.000000 | e:   0.993300 | Q:        nan | won: False 
#   10 | steps:   136 | steps_t:    78 | t: 1.244487 | r:  -511.000000 | e:   0.992200 | Q:        nan | won: False 
#   11 | steps:   156 | steps_t:    97 | t: 1.663925 | r:  -519.000000 | e:   0.990300 | Q:        nan | won: False 
#   12 | steps:   164 | steps_t:   104 | t: 1.856703 | r:  -507.000000 | e:   0.989600 | Q:        nan | won: False 
#   13 | steps:   175 | steps_t:   114 | t: 2.130579 | r:  -510.000000 | e:   0.988600 | Q:        nan | won: False 
#   14 | steps:   183 | steps_t:   121 | t: 2.323032 | r:  -507.000000 | e:   0.987900 | Q:        nan | won: False 
#   15 | steps:   206 | steps_t:   143 | t: 2.971506 | r:  -522.000000 | e:   0.985700 | Q: -93.380882 | won: False 
#   16 | steps:   215 | steps_t:   151 | t: 3.194801 | r:  -508.000000 | e:   0.984900 | Q:        nan | won: False 
#   17 | steps:   225 | steps_t:   160 | t: 3.441544 | r:  -509.000000 | e:   0.984000 | Q:        nan | won: False 
#   18 | steps:   235 | steps_t:   169 | t: 3.689898 | r:  -509.000000 | e:   0.983100 | Q: -172.176117 | won: False 
#   19 | steps:   243 | steps_t:   176 | t: 3.891730 | r:  -507.000000 | e:   0.982400 | Q:        nan | won: False 
#   20 | steps:   249 | steps_t:   181 | t: 4.027102 | r:  -505.000000 | e:   0.981900 | Q:        nan | won: False 
#   21 | steps:   262 | steps_t:   193 | t: 4.467252 | r:  -512.000000 | e:   0.980700 | Q:        nan | won: False 
#   22 | steps:   284 | steps_t:   214 | t: 4.942334 | r:  -521.000000 | e:   0.978600 | Q:        nan | won: False 
#   23 | steps:   292 | steps_t:   221 | t: 5.126327 | r:  -507.000000 | e:   0.977900 | Q:        nan | won: False 
#   24 | steps:   307 | steps_t:   235 | t: 5.550607 | r:  -514.000000 | e:   0.976500 | Q:        nan | won: False 
#   25 | steps:   318 | steps_t:   245 | t: 5.818053 | r:  -510.000000 | e:   0.975500 | Q:        nan | won: False 
#   26 | steps:   336 | steps_t:   262 | t: 6.291811 | r:  -517.000000 | e:   0.973800 | Q: -258.314758 | won: False 
#   27 | steps:   351 | steps_t:   276 | t: 6.668512 | r:  -514.000000 | e:   0.972400 | Q:        nan | won: False 
#   28 | steps:   360 | steps_t:   284 | t: 6.901111 | r:  -508.000000 | e:   0.971600 | Q:        nan | won: False 
#   29 | steps:   366 | steps_t:   289 | t: 7.043662 | r:  -505.000000 | e:   0.971100 | Q:        nan | won: False 
#   30 | steps:   376 | steps_t:   298 | t: 7.290414 | r:  -509.000000 | e:   0.970200 | Q:        nan | won: False 
#   31 | steps:   388 | steps_t:   309 | t: 7.581948 | r:  -511.000000 | e:   0.969100 | Q:        nan | won: False 
#   32 | steps:   394 | steps_t:   314 | t: 7.719863 | r:  -505.000000 | e:   0.968600 | Q: -252.280853 | won: False 
#   33 | steps:   404 | steps_t:   323 | t: 8.005955 | r:  -509.000000 | e:   0.967700 | Q:        nan | won: False 
#   34 | steps:   413 | steps_t:   331 | t: 8.220057 | r:  -508.000000 | e:   0.966900 | Q:        nan | won: False 
#   35 | steps:   423 | steps_t:   340 | t: 8.460850 | r:  -509.000000 | e:   0.966000 | Q:        nan | won: False 
#   36 | steps:   431 | steps_t:   347 | t: 8.654151 | r:  -507.000000 | e:   0.965300 | Q:        nan | won: False 
#   37 | steps:   439 | steps_t:   354 | t: 8.848766 | r:  -507.000000 | e:   0.964600 | Q:        nan | won: False 
#   38 | steps:   455 | steps_t:   369 | t: 9.262388 | r:  -515.000000 | e:   0.963100 | Q: -331.423584 | won: False 
#   39 | steps:   469 | steps_t:   382 | t: 9.632589 | r:  -502.000000 | e:   0.961800 | Q: -333.868805 | won: False 
#   40 | steps:   483 | steps_t:   395 | t: 9.963633 | r:  -513.000000 | e:   0.960500 | Q:        nan | won: False 
#   41 | steps:   503 | steps_t:   414 | t: 10.346468 | r:  -519.000000 | e:   0.958600 | Q: -260.267914 | won: False 
#   42 | steps:   510 | steps_t:   420 | t: 10.514729 | r:  -506.000000 | e:   0.958000 | Q: -242.176880 | won: False 
#   43 | steps:   517 | steps_t:   426 | t: 10.677541 | r:  -506.000000 | e:   0.957400 | Q:        nan | won: False 
#   44 | steps:   526 | steps_t:   434 | t: 10.895348 | r:  -508.000000 | e:   0.956600 | Q:        nan | won: False 
#   45 | steps:   535 | steps_t:   442 | t: 11.116867 | r:  -508.000000 | e:   0.955800 | Q: -244.790848 | won: False 
#   46 | steps:   542 | steps_t:   448 | t: 11.286765 | r:  -506.000000 | e:   0.955200 | Q: -249.937653 | won: False 
#   47 | steps:   552 | steps_t:   457 | t: 11.538681 | r:  -509.000000 | e:   0.954300 | Q:        nan | won: False 
#   48 | steps:   563 | steps_t:   467 | t: 11.821831 | r:  -510.000000 | e:   0.953300 | Q: -230.539307 | won: False 
#   49 | steps:   578 | steps_t:   481 | t: 12.214467 | r:  -514.000000 | e:   0.951900 | Q: -235.155411 | won: False 
#   50 | steps:   585 | steps_t:   487 | t: 12.378367 | r:  -506.000000 | e:   0.951300 | Q:        nan | won: False 
#   51 | steps:   592 | steps_t:   493 | t: 12.549936 | r:  -506.000000 | e:   0.950700 | Q: -243.239792 | won: False 
#   52 | steps:   603 | steps_t:   503 | t: 12.863396 | r:  -510.000000 | e:   0.949700 | Q:        nan | won: False 
#   53 | steps:   613 | steps_t:   512 | t: 13.106544 | r:  -509.000000 | e:   0.948800 | Q: -262.533051 | won: False 
#   54 | steps:   622 | steps_t:   520 | t: 13.332681 | r:  -508.000000 | e:   0.948000 | Q: -282.880646 | won: False 
#   55 | steps:   635 | steps_t:   532 | t: 13.664779 | r:  -512.000000 | e:   0.946800 | Q: -285.026947 | won: False 
#   56 | steps:   645 | steps_t:   541 | t: 13.916783 | r:  -509.000000 | e:   0.945900 | Q: -287.565155 | won: False 
#   57 | steps:   654 | steps_t:   549 | t: 14.145213 | r:  -508.000000 | e:   0.945100 | Q:        nan | won: False 
#   58 | steps:   661 | steps_t:   555 | t: 14.322063 | r:  -506.000000 | e:   0.944500 | Q: -296.372589 | won: False 
#   59 | steps:   669 | steps_t:   562 | t: 14.517301 | r:  -507.000000 | e:   0.943800 | Q:        nan | won: False 
#   60 | steps:   680 | steps_t:   572 | t: 14.793781 | r:  -510.000000 | e:   0.942800 | Q:        nan | won: False 
#   61 | steps:   689 | steps_t:   580 | t: 15.017569 | r:  -508.000000 | e:   0.942000 | Q:        nan | won: False 
#   62 | steps:   696 | steps_t:   586 | t: 15.180791 | r:  -506.000000 | e:   0.941400 | Q:        nan | won: False 
#   63 | steps:   708 | steps_t:   597 | t: 15.540816 | r:  -511.000000 | e:   0.940300 | Q: -279.426788 | won: False 
#   64 | steps:   721 | steps_t:   609 | t: 15.863831 | r:  -512.000000 | e:   0.939100 | Q:        nan | won: False 
#   65 | steps:   731 | steps_t:   618 | t: 16.111560 | r:  -509.000000 | e:   0.938200 | Q:        nan | won: False 
#   66 | steps:   739 | steps_t:   625 | t: 16.300194 | r:  -507.000000 | e:   0.937500 | Q:        nan | won: False 
#   67 | steps:   749 | steps_t:   634 | t: 16.541696 | r:  -509.000000 | e:   0.936600 | Q:        nan | won: False 
#   68 | steps:   757 | steps_t:   641 | t: 16.732162 | r:  -507.000000 | e:   0.935900 | Q:        nan | won: False 
#   69 | steps:   765 | steps_t:   648 | t: 16.942317 | r:  -507.000000 | e:   0.935200 | Q: -292.827454 | won: False 
#   70 | steps:   773 | steps_t:   655 | t: 17.133517 | r:  -507.000000 | e:   0.934500 | Q:        nan | won: False 
#   71 | steps:   781 | steps_t:   662 | t: 17.329576 | r:  -507.000000 | e:   0.933800 | Q:        nan | won: False 
#   72 | steps:   786 | steps_t:   666 | t: 17.439959 | r:  -504.000000 | e:   0.933400 | Q:        nan | won: False 
#   73 | steps:   795 | steps_t:   674 | t: 17.666052 | r:  -508.000000 | e:   0.932600 | Q: -326.433167 | won: False 
#   74 | steps:   809 | steps_t:   687 | t: 18.063354 | r:  -513.000000 | e:   0.931300 | Q: -330.884460 | won: False 
#   75 | steps:   816 | steps_t:   693 | t: 18.262600 | r:  -506.000000 | e:   0.930700 | Q: -317.700439 | won: False 
#   76 | steps:   824 | steps_t:   700 | t: 18.369664 | r:  -507.000000 | e:   0.930000 | Q:        nan | won: False 
#   77 | steps:   834 | steps_t:   709 | t: 18.562452 | r:  -509.000000 | e:   0.929100 | Q: -307.604889 | won: False 
#   78 | steps:   842 | steps_t:   716 | t: 18.760338 | r:  -507.000000 | e:   0.928400 | Q:        nan | won: False 
#   79 | steps:   848 | steps_t:   721 | t: 18.901231 | r:  -505.000000 | e:   0.927900 | Q:        nan | won: False 
#   80 | steps:   854 | steps_t:   726 | t: 19.046513 | r:  -505.000000 | e:   0.927400 | Q:        nan | won: False 
#   81 | steps:   859 | steps_t:   730 | t: 19.157490 | r:  -504.000000 | e:   0.927000 | Q:        nan | won: False 
#   82 | steps:   868 | steps_t:   738 | t: 19.376168 | r:  -508.000000 | e:   0.926200 | Q: -355.706604 | won: False 
#   83 | steps:   877 | steps_t:   746 | t: 19.620362 | r:  -508.000000 | e:   0.925400 | Q: -352.376648 | won: False 
#   84 | steps:   885 | steps_t:   753 | t: 19.824507 | r:  -507.000000 | e:   0.924700 | Q:        nan | won: False 
#   85 | steps:   891 | steps_t:   758 | t: 19.972850 | r:  -505.000000 | e:   0.924200 | Q:        nan | won: False 
#   86 | steps:   898 | steps_t:   764 | t: 20.143551 | r:  -506.000000 | e:   0.923600 | Q:        nan | won: False 
#   87 | steps:   906 | steps_t:   771 | t: 20.395237 | r:  -507.000000 | e:   0.922900 | Q:        nan | won: False 
#   88 | steps:   913 | steps_t:   777 | t: 20.567469 | r:  -506.000000 | e:   0.922300 | Q:        nan | won: False 
#   89 | steps:   923 | steps_t:   786 | t: 20.833230 | r:  -509.000000 | e:   0.921400 | Q: -356.539032 | won: False 
#   90 | steps:   932 | steps_t:   794 | t: 21.065068 | r:  -508.000000 | e:   0.920600 | Q:        nan | won: False 
#   91 | steps:   945 | steps_t:   806 | t: 21.414358 | r:  -512.000000 | e:   0.919400 | Q:        nan | won: False 
#   92 | steps:   953 | steps_t:   813 | t: 21.620939 | r:  -507.000000 | e:   0.918700 | Q: -301.834930 | won: False 
#   93 | steps:   962 | steps_t:   821 | t: 21.847696 | r:  -508.000000 | e:   0.917900 | Q: -294.169952 | won: False 
#   94 | steps:   969 | steps_t:   827 | t: 22.018192 | r:  -506.000000 | e:   0.917300 | Q:        nan | won: False 
#   95 | steps:   974 | steps_t:   831 | t: 22.128242 | r:  -504.000000 | e:   0.916900 | Q:        nan | won: False 
#   96 | steps:   985 | steps_t:   841 | t: 22.417129 | r:  -510.000000 | e:   0.915900 | Q: -296.626526 | won: False 
#   97 | steps:   991 | steps_t:   846 | t: 22.554574 | r:  -505.000000 | e:   0.915400 | Q:        nan | won: False 
#   98 | steps:   999 | steps_t:   853 | t: 22.744452 | r:  -507.000000 | e:   0.914700 | Q:        nan | won: False 
#   99 | steps:  1006 | steps_t:   859 | t: 22.961129 | r:  -506.000000 | e:   0.914100 | Q:        nan | won: False 
#  100 | steps:  1015 | steps_t:   867 | t: 23.185533 | r:  -508.000000 | e:   0.913300 | Q: -331.324463 | won: False 
#  101 | steps:  1024 | steps_t:   875 | t: 23.411399 | r:  -508.000000 | e:   0.912500 | Q:        nan | won: False 
#  102 | steps:  1032 | steps_t:   882 | t: 23.623437 | r:  -507.000000 | e:   0.911800 | Q: -281.521912 | won: False 
#  103 | steps:  1040 | steps_t:   889 | t: 23.744630 | r:  -507.000000 | e:   0.911100 | Q: -301.090149 | won: False 
#  104 | steps:  1048 | steps_t:   896 | t: 23.847034 | r:  -507.000000 | e:   0.910400 | Q: -301.173248 | won: False 
#  105 | steps:  1054 | steps_t:   901 | t: 23.929833 | r:  -505.000000 | e:   0.909900 | Q: -304.214417 | won: False 
#  106 | steps:  1066 | steps_t:   912 | t: 24.117986 | r:  -511.000000 | e:   0.908800 | Q: -312.903748 | won: False 
#  107 | steps:  1072 | steps_t:   917 | t: 24.217474 | r:  -505.000000 | e:   0.908300 | Q:        nan | won: False 
#  108 | steps:  1080 | steps_t:   924 | t: 24.384323 | r:  -507.000000 | e:   0.907600 | Q: -306.353485 | won: False 
#  109 | steps:  1092 | steps_t:   935 | t: 24.675741 | r:  -511.000000 | e:   0.906500 | Q: -299.311310 | won: False 
#  110 | steps:  1102 | steps_t:   944 | t: 24.980734 | r:  -509.000000 | e:   0.905600 | Q:        nan | won: False 
#  111 | steps:  1113 | steps_t:   954 | t: 25.278423 | r:  -510.000000 | e:   0.904600 | Q: -302.150177 | won: False 
#  112 | steps:  1119 | steps_t:   959 | t: 25.428481 | r:  -505.000000 | e:   0.904100 | Q:        nan | won: False 
#  113 | steps:  1128 | steps_t:   967 | t: 25.677136 | r:  -508.000000 | e:   0.903300 | Q: -301.364166 | won: False 
#  114 | steps:  1140 | steps_t:   978 | t: 25.933315 | r:  -511.000000 | e:   0.902200 | Q: -296.554108 | won: False 
#  115 | steps:  1151 | steps_t:   988 | t: 26.212055 | r:  -510.000000 | e:   0.901200 | Q:        nan | won: False 
#  116 | steps:  1161 | steps_t:   997 | t: 26.479170 | r:  -509.000000 | e:   0.900300 | Q: -300.008484 | won: False 
#  117 | steps:  1171 | steps_t:  1006 | t: 26.761418 | r:  -509.000000 | e:   0.899400 | Q: -304.477936 | won: False 
#  118 | steps:  1177 | steps_t:  1011 | t: 26.850399 | r:  -505.000000 | e:   0.898900 | Q: -305.116272 | won: False 
#  119 | steps:  1187 | steps_t:  1020 | t: 27.073789 | r:  -509.000000 | e:   0.898000 | Q: -311.104584 | won: False 
#  120 | steps:  1195 | steps_t:  1027 | t: 27.265080 | r:  -507.000000 | e:   0.897300 | Q: -317.414734 | won: False 
