#    1 | steps:     7 | steps_t:     0 | t: 0.014008 | r:  -506.000000 | e:   1.000000 | Q:        nan | won: False 
#    2 | steps:    21 | steps_t:     0 | t: 0.032592 | r:  -513.000000 | e:   1.000000 | Q:        nan | won: False 
#    3 | steps:    29 | steps_t:     0 | t: 0.043867 | r:  -507.000000 | e:   1.000000 | Q:        nan | won: False 
#    4 | steps:    53 | steps_t:     0 | t: 0.076751 | r:  -523.000000 | e:   1.000000 | Q:        nan | won: False 
#    5 | steps:    72 | steps_t:     0 | t: 0.095534 | r:  -518.000000 | e:   1.000000 | Q:        nan | won: False 
#    6 | steps:    83 | steps_t:     0 | t: 0.103259 | r:  -510.000000 | e:   1.000000 | Q:        nan | won: False 
#    7 | steps:    96 | steps_t:     0 | t: 0.110713 | r:  -512.000000 | e:   1.000000 | Q:        nan | won: False 
#    8 | steps:   102 | steps_t:     0 | t: 0.114439 | r:  -505.000000 | e:   1.000000 | Q:        nan | won: False 
#    9 | steps:   109 | steps_t:     0 | t: 0.118741 | r:  -506.000000 | e:   1.000000 | Q:        nan | won: False 
#   10 | steps:   116 | steps_t:     0 | t: 0.122591 | r:  -506.000000 | e:   1.000000 | Q:        nan | won: False 
#   11 | steps:   124 | steps_t:     0 | t: 0.127277 | r:  -507.000000 | e:   1.000000 | Q:        nan | won: False 
#   12 | steps:   132 | steps_t:     0 | t: 0.131879 | r:  -507.000000 | e:   1.000000 | Q:        nan | won: False 
#   13 | steps:   148 | steps_t:     0 | t: 0.141239 | r:  -515.000000 | e:   1.000000 | Q:        nan | won: False 
#   14 | steps:   158 | steps_t:     0 | t: 0.147191 | r:  -509.000000 | e:   1.000000 | Q:        nan | won: False 
#   15 | steps:   184 | steps_t:     0 | t: 0.162557 | r:  -525.000000 | e:   1.000000 | Q:        nan | won: False 
#   16 | steps:   190 | steps_t:     0 | t: 0.166291 | r:  -505.000000 | e:   1.000000 | Q:        nan | won: False 
#   17 | steps:   199 | steps_t:     0 | t: 0.171615 | r:  -508.000000 | e:   1.000000 | Q:        nan | won: False 
#   18 | steps:   207 | steps_t:     0 | t: 0.176383 | r:  -507.000000 | e:   1.000000 | Q:        nan | won: False 
#   19 | steps:   213 | steps_t:     0 | t: 0.180186 | r:  -505.000000 | e:   1.000000 | Q:        nan | won: False 
#   20 | steps:   228 | steps_t:     0 | t: 0.187975 | r:  -514.000000 | e:   1.000000 | Q:        nan | won: False 
#   21 | steps:   235 | steps_t:     0 | t: 0.191535 | r:  -506.000000 | e:   1.000000 | Q:        nan | won: False 
#   22 | steps:   265 | steps_t:     0 | t: 0.205338 | r:  -529.000000 | e:   1.000000 | Q:        nan | won: False 
#   23 | steps:   273 | steps_t:     0 | t: 0.209173 | r:  -507.000000 | e:   1.000000 | Q:        nan | won: False 
#   24 | steps:   281 | steps_t:     0 | t: 0.213096 | r:  -507.000000 | e:   1.000000 | Q:        nan | won: False 
#   25 | steps:   288 | steps_t:     0 | t: 0.216425 | r:  -506.000000 | e:   1.000000 | Q:        nan | won: False 
#   26 | steps:   296 | steps_t:     0 | t: 0.220226 | r:  -507.000000 | e:   1.000000 | Q:        nan | won: False 
#   27 | steps:   304 | steps_t:     0 | t: 0.224298 | r:  -507.000000 | e:   1.000000 | Q:        nan | won: False 
#   28 | steps:   316 | steps_t:     0 | t: 0.230354 | r:  -511.000000 | e:   1.000000 | Q:        nan | won: False 
#   29 | steps:   326 | steps_t:     0 | t: 0.235153 | r:  -509.000000 | e:   1.000000 | Q:        nan | won: False 
#   30 | steps:   343 | steps_t:     0 | t: 0.243058 | r:  -516.000000 | e:   1.000000 | Q:        nan | won: False 
#   31 | steps:   354 | steps_t:     0 | t: 0.248793 | r:  -510.000000 | e:   1.000000 | Q:        nan | won: False 
#   32 | steps:   362 | steps_t:     0 | t: 0.252755 | r:  -507.000000 | e:   1.000000 | Q:        nan | won: False 
#   33 | steps:   374 | steps_t:     0 | t: 0.258315 | r:  -511.000000 | e:   1.000000 | Q:        nan | won: False 
#   34 | steps:   384 | steps_t:     0 | t: 0.264170 | r:  -509.000000 | e:   1.000000 | Q:        nan | won: False 
#   35 | steps:   401 | steps_t:     0 | t: 0.272810 | r:  -516.000000 | e:   1.000000 | Q:        nan | won: False 
#   36 | steps:   411 | steps_t:     0 | t: 0.278351 | r:  -509.000000 | e:   1.000000 | Q:        nan | won: False 
#   37 | steps:   421 | steps_t:     0 | t: 0.283868 | r:  -509.000000 | e:   1.000000 | Q:        nan | won: False 
#   38 | steps:   427 | steps_t:     0 | t: 0.286998 | r:  -505.000000 | e:   1.000000 | Q:        nan | won: False 
#   39 | steps:   434 | steps_t:     0 | t: 0.290466 | r:  -506.000000 | e:   1.000000 | Q:        nan | won: False 
#   40 | steps:   443 | steps_t:     0 | t: 0.295071 | r:  -508.000000 | e:   1.000000 | Q:        nan | won: False 
#   41 | steps:   455 | steps_t:     0 | t: 0.379160 | r:  -511.000000 | e:   1.000000 | Q:        nan | won: False 
#   42 | steps:   461 | steps_t:     0 | t: 0.382896 | r:  -505.000000 | e:   1.000000 | Q:        nan | won: False 
#   43 | steps:   471 | steps_t:     0 | t: 0.388552 | r:  -509.000000 | e:   1.000000 | Q:        nan | won: False 
#   44 | steps:   479 | steps_t:     0 | t: 0.392775 | r:  -507.000000 | e:   1.000000 | Q:        nan | won: False 
#   45 | steps:   485 | steps_t:     0 | t: 0.395678 | r:  -505.000000 | e:   1.000000 | Q:        nan | won: False 
#   46 | steps:   494 | steps_t:     0 | t: 0.400340 | r:  -508.000000 | e:   1.000000 | Q:        nan | won: False 
#   47 | steps:   502 | steps_t:     0 | t: 0.404443 | r:  -507.000000 | e:   1.000000 | Q:        nan | won: False 
#   48 | steps:   511 | steps_t:     0 | t: 0.409128 | r:  -508.000000 | e:   1.000000 | Q:        nan | won: False 
#   49 | steps:   518 | steps_t:     0 | t: 0.413002 | r:  -506.000000 | e:   1.000000 | Q:        nan | won: False 
#   50 | steps:   528 | steps_t:     0 | t: 0.418040 | r:  -509.000000 | e:   1.000000 | Q:        nan | won: False 
#   51 | steps:   539 | steps_t:     0 | t: 0.423288 | r:  -510.000000 | e:   1.000000 | Q:        nan | won: False 
#   52 | steps:   548 | steps_t:     0 | t: 0.427829 | r:  -508.000000 | e:   1.000000 | Q:        nan | won: False 
#   53 | steps:   557 | steps_t:     0 | t: 0.432201 | r:  -508.000000 | e:   1.000000 | Q:        nan | won: False 
#   54 | steps:   564 | steps_t:     0 | t: 0.435629 | r:  -506.000000 | e:   1.000000 | Q:        nan | won: False 
#   55 | steps:   583 | steps_t:     0 | t: 0.444445 | r:  -518.000000 | e:   1.000000 | Q:        nan | won: False 
#   56 | steps:   589 | steps_t:     0 | t: 0.447455 | r:  -505.000000 | e:   1.000000 | Q:        nan | won: False 
#   57 | steps:   600 | steps_t:     0 | t: 0.452778 | r:  -510.000000 | e:   1.000000 | Q:        nan | won: False 
#   58 | steps:   609 | steps_t:     0 | t: 0.456802 | r:  -508.000000 | e:   1.000000 | Q:        nan | won: False 
#   59 | steps:   618 | steps_t:     0 | t: 0.461159 | r:  -508.000000 | e:   1.000000 | Q:        nan | won: False 
#   60 | steps:   626 | steps_t:     0 | t: 0.465574 | r:  -507.000000 | e:   1.000000 | Q:        nan | won: False 
#   61 | steps:   632 | steps_t:     0 | t: 0.468458 | r:  -505.000000 | e:   1.000000 | Q:        nan | won: False 
#   62 | steps:   639 | steps_t:     0 | t: 0.472064 | r:  -506.000000 | e:   1.000000 | Q:        nan | won: False 
#   63 | steps:   650 | steps_t:     0 | t: 0.477466 | r:  -510.000000 | e:   1.000000 | Q:        nan | won: False 
#   64 | steps:   657 | steps_t:     0 | t: 0.480971 | r:  -506.000000 | e:   1.000000 | Q:        nan | won: False 
#   65 | steps:   672 | steps_t:     0 | t: 0.487895 | r:  -514.000000 | e:   1.000000 | Q:        nan | won: False 
#   66 | steps:   679 | steps_t:     0 | t: 0.491251 | r:  -506.000000 | e:   1.000000 | Q:        nan | won: False 
#   67 | steps:   698 | steps_t:     0 | t: 0.500320 | r:  -518.000000 | e:   1.000000 | Q:        nan | won: False 
#   68 | steps:   720 | steps_t:     0 | t: 0.510375 | r:  -521.000000 | e:   1.000000 | Q:        nan | won: False 
#   69 | steps:   728 | steps_t:     0 | t: 0.514436 | r:  -507.000000 | e:   1.000000 | Q:        nan | won: False 
#   70 | steps:   736 | steps_t:     0 | t: 0.518365 | r:  -507.000000 | e:   1.000000 | Q:        nan | won: False 
#   71 | steps:   744 | steps_t:     0 | t: 0.521982 | r:  -507.000000 | e:   1.000000 | Q:        nan | won: False 
#   72 | steps:   753 | steps_t:     0 | t: 0.526540 | r:  -508.000000 | e:   1.000000 | Q:        nan | won: False 
#   73 | steps:   762 | steps_t:     0 | t: 0.531153 | r:  -508.000000 | e:   1.000000 | Q:        nan | won: False 
#   74 | steps:   769 | steps_t:     0 | t: 0.535360 | r:  -506.000000 | e:   1.000000 | Q:        nan | won: False 
#   75 | steps:   780 | steps_t:     0 | t: 0.540258 | r:  -510.000000 | e:   1.000000 | Q:        nan | won: False 
#   76 | steps:   789 | steps_t:     0 | t: 0.544551 | r:  -508.000000 | e:   1.000000 | Q:        nan | won: False 
#   77 | steps:   810 | steps_t:     0 | t: 0.554651 | r:  -520.000000 | e:   1.000000 | Q:        nan | won: False 
#   78 | steps:   817 | steps_t:     0 | t: 0.557998 | r:  -506.000000 | e:   1.000000 | Q:        nan | won: False 
#   79 | steps:   825 | steps_t:     0 | t: 0.561920 | r:  -507.000000 | e:   1.000000 | Q:        nan | won: False 
#   80 | steps:   850 | steps_t:     0 | t: 0.573780 | r:  -524.000000 | e:   1.000000 | Q:        nan | won: False 
#   81 | steps:   862 | steps_t:     0 | t: 0.579601 | r:  -511.000000 | e:   1.000000 | Q:        nan | won: False 
#   82 | steps:   879 | steps_t:     0 | t: 0.587980 | r:  -516.000000 | e:   1.000000 | Q:        nan | won: False 
#   83 | steps:   890 | steps_t:     0 | t: 0.593303 | r:  -510.000000 | e:   1.000000 | Q:        nan | won: False 
#   84 | steps:   910 | steps_t:     0 | t: 0.602755 | r:  -519.000000 | e:   1.000000 | Q:        nan | won: False 
#   85 | steps:   928 | steps_t:     0 | t: 0.611512 | r:  -517.000000 | e:   1.000000 | Q:        nan | won: False 
#   86 | steps:   936 | steps_t:     0 | t: 0.615444 | r:  -507.000000 | e:   1.000000 | Q:        nan | won: False 
#   87 | steps:   957 | steps_t:     0 | t: 0.624970 | r:  -520.000000 | e:   1.000000 | Q:        nan | won: False 
#   88 | steps:   970 | steps_t:     0 | t: 0.631051 | r:  -512.000000 | e:   1.000000 | Q:        nan | won: False 
#   89 | steps:   988 | steps_t:     0 | t: 0.639438 | r:  -517.000000 | e:   1.000000 | Q:        nan | won: False 
#   90 | steps:  1005 | steps_t:     0 | t: 0.647689 | r:  -516.000000 | e:   1.000000 | Q:        nan | won: False 
#   91 | steps:  1013 | steps_t:     0 | t: 0.651366 | r:  -507.000000 | e:   1.000000 | Q:        nan | won: False 
#   92 | steps:  1022 | steps_t:     0 | t: 0.655555 | r:  -508.000000 | e:   1.000000 | Q:        nan | won: False 
#   93 | steps:  1037 | steps_t:     0 | t: 0.662580 | r:  -514.000000 | e:   1.000000 | Q:        nan | won: False 
#   94 | steps:  1046 | steps_t:     0 | t: 0.666850 | r:  -508.000000 | e:   1.000000 | Q:        nan | won: False 
#   95 | steps:  1055 | steps_t:     0 | t: 0.670990 | r:  -508.000000 | e:   1.000000 | Q:        nan | won: False 
#   96 | steps:  1077 | steps_t:     0 | t: 0.680943 | r:  -521.000000 | e:   1.000000 | Q:        nan | won: False 
#   97 | steps:  1086 | steps_t:     0 | t: 0.685276 | r:  -508.000000 | e:   1.000000 | Q:        nan | won: False 
#   98 | steps:  1097 | steps_t:     0 | t: 0.690417 | r:  -510.000000 | e:   1.000000 | Q:        nan | won: False 
#   99 | steps:  1106 | steps_t:     0 | t: 0.694549 | r:  -508.000000 | e:   1.000000 | Q:        nan | won: False 
#  100 | steps:  1114 | steps_t:     0 | t: 0.698447 | r:  -507.000000 | e:   1.000000 | Q:        nan | won: False 
#  101 | steps:  1125 | steps_t:     0 | t: 0.703694 | r:  -510.000000 | e:   1.000000 | Q:        nan | won: False 
#  102 | steps:  1136 | steps_t:     0 | t: 0.708838 | r:  -510.000000 | e:   1.000000 | Q:        nan | won: False 
#  103 | steps:  1145 | steps_t:     0 | t: 0.713083 | r:  -508.000000 | e:   1.000000 | Q:        nan | won: False 
#  104 | steps:  1153 | steps_t:     0 | t: 0.716906 | r:  -507.000000 | e:   1.000000 | Q:        nan | won: False 
#  105 | steps:  1174 | steps_t:     0 | t: 0.726583 | r:  -520.000000 | e:   1.000000 | Q:        nan | won: False 
#  106 | steps:  1188 | steps_t:     0 | t: 0.733660 | r:  -513.000000 | e:   1.000000 | Q:        nan | won: False 
#  107 | steps:  1195 | steps_t:     0 | t: 0.737040 | r:  -506.000000 | e:   1.000000 | Q:        nan | won: False 
#  108 | steps:  1202 | steps_t:     0 | t: 0.740185 | r:  -506.000000 | e:   1.000000 | Q:        nan | won: False 
#  109 | steps:  1210 | steps_t:     0 | t: 0.743993 | r:  -507.000000 | e:   1.000000 | Q:        nan | won: False 
#  110 | steps:  1219 | steps_t:     0 | t: 0.748372 | r:  -508.000000 | e:   1.000000 | Q:        nan | won: False 
#  111 | steps:  1229 | steps_t:     0 | t: 0.753080 | r:  -509.000000 | e:   1.000000 | Q:        nan | won: False 
#  112 | steps:  1237 | steps_t:     0 | t: 0.756858 | r:  -507.000000 | e:   1.000000 | Q:        nan | won: False 
#  113 | steps:  1249 | steps_t:     0 | t: 0.762641 | r:  -511.000000 | e:   1.000000 | Q:        nan | won: False 
#  114 | steps:  1269 | steps_t:     0 | t: 0.771903 | r:  -519.000000 | e:   1.000000 | Q:        nan | won: False 
#  115 | steps:  1276 | steps_t:     0 | t: 0.775268 | r:  -506.000000 | e:   1.000000 | Q:        nan | won: False 
#  116 | steps:  1287 | steps_t:     0 | t: 0.780568 | r:  -510.000000 | e:   1.000000 | Q:        nan | won: False 
#  117 | steps:  1295 | steps_t:     0 | t: 0.784396 | r:  -507.000000 | e:   1.000000 | Q:        nan | won: False 
#  118 | steps:  1303 | steps_t:     0 | t: 0.788002 | r:  -507.000000 | e:   1.000000 | Q:        nan | won: False 
#  119 | steps:  1326 | steps_t:     0 | t: 0.798625 | r:  -522.000000 | e:   1.000000 | Q:        nan | won: False 
#  120 | steps:  1333 | steps_t:     0 | t: 0.802007 | r:  -506.000000 | e:   1.000000 | Q:        nan | won: False 
#  121 | steps:  1342 | steps_t:     0 | t: 0.806178 | r:  -508.000000 | e:   1.000000 | Q:        nan | won: False 
#  122 | steps:  1349 | steps_t:     0 | t: 0.809616 | r:  -506.000000 | e:   1.000000 | Q:        nan | won: False 
#  123 | steps:  1363 | steps_t:     0 | t: 0.816348 | r:  -513.000000 | e:   1.000000 | Q:        nan | won: False 
#  124 | steps:  1377 | steps_t:     0 | t: 0.822895 | r:  -502.000000 | e:   1.000000 | Q:        nan | won: False 
#  125 | steps:  1397 | steps_t:     0 | t: 0.832546 | r:  -519.000000 | e:   1.000000 | Q:        nan | won: False 
#  126 | steps:  1406 | steps_t:     0 | t: 0.836742 | r:  -508.000000 | e:   1.000000 | Q:        nan | won: False 
#  127 | steps:  1414 | steps_t:     0 | t: 0.840322 | r:  -507.000000 | e:   1.000000 | Q:        nan | won: False 
#  128 | steps:  1422 | steps_t:     0 | t: 0.844254 | r:  -507.000000 | e:   1.000000 | Q:        nan | won: False 
#  129 | steps:  1432 | steps_t:     0 | t: 0.848984 | r:  -509.000000 | e:   1.000000 | Q:        nan | won: False 
#  130 | steps:  1444 | steps_t:     0 | t: 0.854724 | r:  -511.000000 | e:   1.000000 | Q:        nan | won: False 
#  131 | steps:  1454 | steps_t:     0 | t: 0.859251 | r:  -509.000000 | e:   1.000000 | Q:        nan | won: False 
#  132 | steps:  1462 | steps_t:     0 | t: 0.863540 | r:  -507.000000 | e:   1.000000 | Q:        nan | won: False 
#  133 | steps:  1473 | steps_t:     0 | t: 0.870335 | r:  -510.000000 | e:   1.000000 | Q:        nan | won: False 
#  134 | steps:  1479 | steps_t:     0 | t: 0.873240 | r:  -505.000000 | e:   1.000000 | Q:        nan | won: False 
#  135 | steps:  1485 | steps_t:     0 | t: 0.876339 | r:  -505.000000 | e:   1.000000 | Q:        nan | won: False 
#  136 | steps:  1499 | steps_t:     0 | t: 0.883405 | r:  -513.000000 | e:   1.000000 | Q:        nan | won: False 
#  137 | steps:  1522 | steps_t:     0 | t: 0.894215 | r:  -522.000000 | e:   1.000000 | Q:        nan | won: False 
#  138 | steps:  1535 | steps_t:     0 | t: 0.900592 | r:  -512.000000 | e:   1.000000 | Q:        nan | won: False 
#  139 | steps:  1547 | steps_t:     0 | t: 0.905918 | r:  -511.000000 | e:   1.000000 | Q:        nan | won: False 
#  140 | steps:  1554 | steps_t:     0 | t: 0.909307 | r:  -506.000000 | e:   1.000000 | Q:        nan | won: False 
#  141 | steps:  1564 | steps_t:     0 | t: 0.914274 | r:  -509.000000 | e:   1.000000 | Q:        nan | won: False 
#  142 | steps:  1570 | steps_t:     0 | t: 0.916985 | r:  -505.000000 | e:   1.000000 | Q:        nan | won: False 
#  143 | steps:  1578 | steps_t:     0 | t: 0.920547 | r:  -507.000000 | e:   1.000000 | Q:        nan | won: False 
#  144 | steps:  1586 | steps_t:     0 | t: 0.925148 | r:  -507.000000 | e:   1.000000 | Q:        nan | won: False 
#  145 | steps:  1596 | steps_t:     0 | t: 0.930488 | r:  -509.000000 | e:   1.000000 | Q:        nan | won: False 
#  146 | steps:  1609 | steps_t:     0 | t: 0.936643 | r:  -512.000000 | e:   1.000000 | Q:        nan | won: False 
#  147 | steps:  1620 | steps_t:     0 | t: 0.941771 | r:  -510.000000 | e:   1.000000 | Q:        nan | won: False 
#  148 | steps:  1634 | steps_t:     0 | t: 0.948589 | r:  -513.000000 | e:   1.000000 | Q:        nan | won: False 
#  149 | steps:  1642 | steps_t:     0 | t: 0.952403 | r:  -507.000000 | e:   1.000000 | Q:        nan | won: False 
#  150 | steps:  1655 | steps_t:     0 | t: 0.958364 | r:  -512.000000 | e:   1.000000 | Q:        nan | won: False 
#  151 | steps:  1664 | steps_t:     0 | t: 0.962681 | r:  -508.000000 | e:   1.000000 | Q:        nan | won: False 
#  152 | steps:  1673 | steps_t:     0 | t: 0.966978 | r:  -508.000000 | e:   1.000000 | Q:        nan | won: False 
#  153 | steps:  1696 | steps_t:     0 | t: 0.977797 | r:  -522.000000 | e:   1.000000 | Q:        nan | won: False 
#  154 | steps:  1708 | steps_t:     0 | t: 0.983417 | r:  -511.000000 | e:   1.000000 | Q:        nan | won: False 
#  155 | steps:  1714 | steps_t:     0 | t: 0.986266 | r:  -505.000000 | e:   1.000000 | Q:        nan | won: False 
#  156 | steps:  1732 | steps_t:     0 | t: 0.994766 | r:  -517.000000 | e:   1.000000 | Q:        nan | won: False 
#  157 | steps:  1741 | steps_t:     0 | t: 0.999103 | r:  -508.000000 | e:   1.000000 | Q:        nan | won: False 
#  158 | steps:  1752 | steps_t:     0 | t: 1.004275 | r:  -510.000000 | e:   1.000000 | Q:        nan | won: False 
#  159 | steps:  1761 | steps_t:     0 | t: 1.008543 | r:  -508.000000 | e:   1.000000 | Q:        nan | won: False 
#  160 | steps:  1771 | steps_t:     0 | t: 1.014170 | r:  -509.000000 | e:   1.000000 | Q:        nan | won: False 
#  161 | steps:  1778 | steps_t:     0 | t: 1.017619 | r:  -506.000000 | e:   1.000000 | Q:        nan | won: False 
#  162 | steps:  1798 | steps_t:     0 | t: 1.026858 | r:  -519.000000 | e:   1.000000 | Q:        nan | won: False 
#  163 | steps:  1807 | steps_t:     0 | t: 1.031318 | r:  -508.000000 | e:   1.000000 | Q:        nan | won: False 
#  164 | steps:  1816 | steps_t:     0 | t: 1.035485 | r:  -508.000000 | e:   1.000000 | Q:        nan | won: False 
#  165 | steps:  1824 | steps_t:     0 | t: 1.039202 | r:  -507.000000 | e:   1.000000 | Q:        nan | won: False 
#  166 | steps:  1833 | steps_t:     0 | t: 1.043385 | r:  -508.000000 | e:   1.000000 | Q:        nan | won: False 
#  167 | steps:  1842 | steps_t:     0 | t: 1.047973 | r:  -508.000000 | e:   1.000000 | Q:        nan | won: False 
#  168 | steps:  1850 | steps_t:     0 | t: 1.051770 | r:  -507.000000 | e:   1.000000 | Q:        nan | won: False 
#  169 | steps:  1869 | steps_t:     0 | t: 1.060795 | r:  -518.000000 | e:   1.000000 | Q:        nan | won: False 
#  170 | steps:  1892 | steps_t:     0 | t: 1.071276 | r:  -522.000000 | e:   1.000000 | Q:        nan | won: False 
#  171 | steps:  1914 | steps_t:     0 | t: 1.081753 | r:  -521.000000 | e:   1.000000 | Q:        nan | won: False 
#  172 | steps:  1923 | steps_t:     0 | t: 1.086013 | r:  -508.000000 | e:   1.000000 | Q:        nan | won: False 
#  173 | steps:  1930 | steps_t:     0 | t: 1.089268 | r:  -506.000000 | e:   1.000000 | Q:        nan | won: False 
#  174 | steps:  1937 | steps_t:     0 | t: 1.092700 | r:  -506.000000 | e:   1.000000 | Q:        nan | won: False 
#  175 | steps:  1946 | steps_t:     0 | t: 1.097520 | r:  -508.000000 | e:   1.000000 | Q:        nan | won: False 
#  176 | steps:  1956 | steps_t:     0 | t: 1.102233 | r:  -509.000000 | e:   1.000000 | Q:        nan | won: False 
#  177 | steps:  1962 | steps_t:     0 | t: 1.105063 | r:  -505.000000 | e:   1.000000 | Q:        nan | won: False 
#  178 | steps:  1971 | steps_t:     0 | t: 1.109332 | r:  -508.000000 | e:   1.000000 | Q:        nan | won: False 
#  179 | steps:  1978 | steps_t:     0 | t: 1.112868 | r:  -506.000000 | e:   1.000000 | Q:        nan | won: False 
#  180 | steps:  1986 | steps_t:     0 | t: 1.116627 | r:  -507.000000 | e:   1.000000 | Q:        nan | won: False 
#  181 | steps:  1993 | steps_t:     0 | t: 1.120004 | r:  -506.000000 | e:   1.000000 | Q:        nan | won: False 
#  182 | steps:  2004 | steps_t:     0 | t: 1.125265 | r:  -510.000000 | e:   1.000000 | Q:        nan | won: False 
#  183 | steps:  2014 | steps_t:     0 | t: 1.130362 | r:  -509.000000 | e:   1.000000 | Q:        nan | won: False 
#  184 | steps:  2025 | steps_t:     0 | t: 1.135737 | r:  -510.000000 | e:   1.000000 | Q:        nan | won: False 
#  185 | steps:  2041 | steps_t:     0 | t: 1.143098 | r:  -515.000000 | e:   1.000000 | Q:        nan | won: False 
#  186 | steps:  2057 | steps_t:     0 | t: 1.150579 | r:  -504.000000 | e:   1.000000 | Q:        nan | won: False 
#  187 | steps:  2064 | steps_t:     0 | t: 1.154095 | r:  -506.000000 | e:   1.000000 | Q:        nan | won: False 
#  188 | steps:  2089 | steps_t:     0 | t: 1.165731 | r:  -524.000000 | e:   1.000000 | Q:        nan | won: False 
#  189 | steps:  2095 | steps_t:     0 | t: 1.168630 | r:  -505.000000 | e:   1.000000 | Q:        nan | won: False 
#  190 | steps:  2103 | steps_t:     0 | t: 1.172389 | r:  -507.000000 | e:   1.000000 | Q:        nan | won: False 
#  191 | steps:  2113 | steps_t:     0 | t: 1.177543 | r:  -509.000000 | e:   1.000000 | Q:        nan | won: False 
#  192 | steps:  2125 | steps_t:     0 | t: 1.183552 | r:  -511.000000 | e:   1.000000 | Q:        nan | won: False 
#  193 | steps:  2135 | steps_t:     0 | t: 1.188134 | r:  -509.000000 | e:   1.000000 | Q:        nan | won: False 
#  194 | steps:  2145 | steps_t:     0 | t: 1.193060 | r:  -509.000000 | e:   1.000000 | Q:        nan | won: False 
#  195 | steps:  2158 | steps_t:     0 | t: 1.199389 | r:  -512.000000 | e:   1.000000 | Q:        nan | won: False 
#  196 | steps:  2173 | steps_t:     0 | t: 1.206533 | r:  -514.000000 | e:   1.000000 | Q:        nan | won: False 
#  197 | steps:  2191 | steps_t:     0 | t: 1.215436 | r:  -517.000000 | e:   1.000000 | Q:        nan | won: False 
#  198 | steps:  2209 | steps_t:     0 | t: 1.223874 | r:  -517.000000 | e:   1.000000 | Q:        nan | won: False 
#  199 | steps:  2217 | steps_t:     0 | t: 1.227823 | r:  -507.000000 | e:   1.000000 | Q:        nan | won: False 
#  200 | steps:  2224 | steps_t:     0 | t: 1.231279 | r:  -506.000000 | e:   1.000000 | Q:        nan | won: False 
#  201 | steps:  2238 | steps_t:     0 | t: 1.237601 | r:  -513.000000 | e:   1.000000 | Q:        nan | won: False 
#  202 | steps:  2247 | steps_t:     0 | t: 1.241965 | r:  -508.000000 | e:   1.000000 | Q:        nan | won: False 
#  203 | steps:  2259 | steps_t:     0 | t: 1.247881 | r:  -511.000000 | e:   1.000000 | Q:        nan | won: False 
#  204 | steps:  2267 | steps_t:     0 | t: 1.251544 | r:  -507.000000 | e:   1.000000 | Q:        nan | won: False 
#  205 | steps:  2279 | steps_t:     0 | t: 1.257302 | r:  -511.000000 | e:   1.000000 | Q:        nan | won: False 
#  206 | steps:  2289 | steps_t:     0 | t: 1.262168 | r:  -509.000000 | e:   1.000000 | Q:        nan | won: False 
#  207 | steps:  2296 | steps_t:     0 | t: 1.265662 | r:  -506.000000 | e:   1.000000 | Q:        nan | won: False 
#  208 | steps:  2308 | steps_t:     0 | t: 1.271210 | r:  -511.000000 | e:   1.000000 | Q:        nan | won: False 
#  209 | steps:  2315 | steps_t:     0 | t: 1.274779 | r:  -506.000000 | e:   1.000000 | Q:        nan | won: False 
#  210 | steps:  2323 | steps_t:     0 | t: 1.278632 | r:  -507.000000 | e:   1.000000 | Q:        nan | won: False 
#  211 | steps:  2333 | steps_t:     0 | t: 1.283554 | r:  -509.000000 | e:   1.000000 | Q:        nan | won: False 
#  212 | steps:  2356 | steps_t:     0 | t: 1.294360 | r:  -522.000000 | e:   1.000000 | Q:        nan | won: False 
#  213 | steps:  2366 | steps_t:     0 | t: 1.299149 | r:  -509.000000 | e:   1.000000 | Q:        nan | won: False 
#  214 | steps:  2373 | steps_t:     0 | t: 1.302525 | r:  -506.000000 | e:   1.000000 | Q:        nan | won: False 
#  215 | steps:  2393 | steps_t:     0 | t: 1.312851 | r:  -519.000000 | e:   1.000000 | Q:        nan | won: False 
#  216 | steps:  2402 | steps_t:     0 | t: 1.317134 | r:  -508.000000 | e:   1.000000 | Q:        nan | won: False 
#  217 | steps:  2413 | steps_t:     0 | t: 1.322497 | r:  -510.000000 | e:   1.000000 | Q:        nan | won: False 
#  218 | steps:  2430 | steps_t:     0 | t: 1.331344 | r:  -516.000000 | e:   1.000000 | Q:        nan | won: False 
#  219 | steps:  2443 | steps_t:     0 | t: 1.337425 | r:  -512.000000 | e:   1.000000 | Q:        nan | won: False 
#  220 | steps:  2451 | steps_t:     0 | t: 1.341290 | r:  -507.000000 | e:   1.000000 | Q:        nan | won: False 
#  221 | steps:  2470 | steps_t:     0 | t: 1.350306 | r:  -518.000000 | e:   1.000000 | Q:        nan | won: False 
#  222 | steps:  2489 | steps_t:     0 | t: 1.359241 | r:  -518.000000 | e:   1.000000 | Q:        nan | won: False 
#  223 | steps:  2503 | steps_t:     0 | t: 1.366416 | r:  -513.000000 | e:   1.000000 | Q:        nan | won: False 
#  224 | steps:  2515 | steps_t:     0 | t: 1.372186 | r:  -511.000000 | e:   1.000000 | Q:        nan | won: False 
#  225 | steps:  2525 | steps_t:     0 | t: 1.377161 | r:  -509.000000 | e:   1.000000 | Q:        nan | won: False 
#  226 | steps:  2533 | steps_t:     0 | t: 1.381365 | r:  -507.000000 | e:   1.000000 | Q:        nan | won: False 
#  227 | steps:  2546 | steps_t:     0 | t: 1.387388 | r:  -512.000000 | e:   1.000000 | Q:        nan | won: False 
#  228 | steps:  2563 | steps_t:     0 | t: 1.395670 | r:  -516.000000 | e:   1.000000 | Q:        nan | won: False 
#  229 | steps:  2569 | steps_t:     0 | t: 1.399292 | r:  -505.000000 | e:   1.000000 | Q:        nan | won: False 
#  230 | steps:  2576 | steps_t:     0 | t: 1.402898 | r:  -506.000000 | e:   1.000000 | Q:        nan | won: False 
#  231 | steps:  2587 | steps_t:     0 | t: 1.408272 | r:  -510.000000 | e:   1.000000 | Q:        nan | won: False 
#  232 | steps:  2601 | steps_t:     0 | t: 1.415631 | r:  -513.000000 | e:   1.000000 | Q:        nan | won: False 
#  233 | steps:  2611 | steps_t:     0 | t: 1.420689 | r:  -509.000000 | e:   1.000000 | Q:        nan | won: False 
#  234 | steps:  2619 | steps_t:     0 | t: 1.424800 | r:  -507.000000 | e:   1.000000 | Q:        nan | won: False 
#  235 | steps:  2627 | steps_t:     0 | t: 1.429114 | r:  -507.000000 | e:   1.000000 | Q:        nan | won: False 
#  236 | steps:  2632 | steps_t:     0 | t: 1.431940 | r:  -504.000000 | e:   1.000000 | Q:        nan | won: False 
#  237 | steps:  2641 | steps_t:     0 | t: 1.436412 | r:  -508.000000 | e:   1.000000 | Q:        nan | won: False 
#  238 | steps:  2664 | steps_t:     0 | t: 1.447744 | r:  -522.000000 | e:   1.000000 | Q:        nan | won: False 
#  239 | steps:  2675 | steps_t:     0 | t: 1.453037 | r:  -510.000000 | e:   1.000000 | Q:        nan | won: False 
#  240 | steps:  2682 | steps_t:     0 | t: 1.456717 | r:  -506.000000 | e:   1.000000 | Q:        nan | won: False 
#  241 | steps:  2689 | steps_t:     0 | t: 1.460126 | r:  -506.000000 | e:   1.000000 | Q:        nan | won: False 
#  242 | steps:  2697 | steps_t:     0 | t: 1.464478 | r:  -507.000000 | e:   1.000000 | Q:        nan | won: False 
#  243 | steps:  2703 | steps_t:     0 | t: 1.467360 | r:  -505.000000 | e:   1.000000 | Q:        nan | won: False 
#  244 | steps:  2710 | steps_t:     0 | t: 1.470724 | r:  -506.000000 | e:   1.000000 | Q:        nan | won: False 
#  245 | steps:  2722 | steps_t:     0 | t: 1.477650 | r:  -511.000000 | e:   1.000000 | Q:        nan | won: False 
#  246 | steps:  2732 | steps_t:     0 | t: 1.482949 | r:  -509.000000 | e:   1.000000 | Q:        nan | won: False 
#  247 | steps:  2743 | steps_t:     0 | t: 1.488628 | r:  -510.000000 | e:   1.000000 | Q:        nan | won: False 
#  248 | steps:  2751 | steps_t:     0 | t: 1.492559 | r:  -507.000000 | e:   1.000000 | Q:        nan | won: False 
#  249 | steps:  2760 | steps_t:     0 | t: 1.497144 | r:  -508.000000 | e:   1.000000 | Q:        nan | won: False 
#  250 | steps:  2769 | steps_t:     0 | t: 1.501566 | r:  -508.000000 | e:   1.000000 | Q:        nan | won: False 
#  251 | steps:  2778 | steps_t:     0 | t: 1.506089 | r:  -508.000000 | e:   1.000000 | Q:        nan | won: False 
#  252 | steps:  2789 | steps_t:     0 | t: 1.511759 | r:  -510.000000 | e:   1.000000 | Q:        nan | won: False 
#  253 | steps:  2805 | steps_t:     0 | t: 1.519654 | r:  -515.000000 | e:   1.000000 | Q:        nan | won: False 
#  254 | steps:  2814 | steps_t:     0 | t: 1.524208 | r:  -508.000000 | e:   1.000000 | Q:        nan | won: False 
#  255 | steps:  2823 | steps_t:     0 | t: 1.528727 | r:  -508.000000 | e:   1.000000 | Q:        nan | won: False 
#  256 | steps:  2834 | steps_t:     0 | t: 1.534362 | r:  -510.000000 | e:   1.000000 | Q:        nan | won: False 
#  257 | steps:  2845 | steps_t:     0 | t: 1.540045 | r:  -510.000000 | e:   1.000000 | Q:        nan | won: False 
#  258 | steps:  2863 | steps_t:     0 | t: 1.549250 | r:  -517.000000 | e:   1.000000 | Q:        nan | won: False 
#  259 | steps:  2870 | steps_t:     0 | t: 1.552703 | r:  -506.000000 | e:   1.000000 | Q:        nan | won: False 
#  260 | steps:  2891 | steps_t:     0 | t: 1.562983 | r:  -520.000000 | e:   1.000000 | Q:        nan | won: False 
#  261 | steps:  2900 | steps_t:     0 | t: 1.567358 | r:  -508.000000 | e:   1.000000 | Q:        nan | won: False 
#  262 | steps:  2909 | steps_t:     0 | t: 1.571664 | r:  -508.000000 | e:   1.000000 | Q:        nan | won: False 
#  263 | steps:  2923 | steps_t:     0 | t: 1.580441 | r:  -513.000000 | e:   1.000000 | Q:        nan | won: False 
#  264 | steps:  2931 | steps_t:     0 | t: 1.584428 | r:  -507.000000 | e:   1.000000 | Q:        nan | won: False 
#  265 | steps:  2943 | steps_t:     0 | t: 1.590439 | r:  -511.000000 | e:   1.000000 | Q:        nan | won: False 
#  266 | steps:  2955 | steps_t:     0 | t: 1.596481 | r:  -511.000000 | e:   1.000000 | Q:        nan | won: False 
#  267 | steps:  2964 | steps_t:     0 | t: 1.601067 | r:  -508.000000 | e:   1.000000 | Q:        nan | won: False 
#  268 | steps:  2982 | steps_t:     0 | t: 1.610177 | r:  -517.000000 | e:   1.000000 | Q:        nan | won: False 
#  269 | steps:  2996 | steps_t:     0 | t: 1.616893 | r:  -513.000000 | e:   1.000000 | Q:        nan | won: False 
#  270 | steps:  3022 | steps_t:     0 | t: 1.629567 | r:  -525.000000 | e:   1.000000 | Q:        nan | won: False 
#  271 | steps:  3042 | steps_t:     0 | t: 1.640377 | r:  -519.000000 | e:   1.000000 | Q:        nan | won: False 
#  272 | steps:  3049 | steps_t:     0 | t: 1.643729 | r:  -506.000000 | e:   1.000000 | Q:        nan | won: False 
#  273 | steps:  3062 | steps_t:     0 | t: 1.650201 | r:  -512.000000 | e:   1.000000 | Q:        nan | won: False 
#  274 | steps:  3069 | steps_t:     0 | t: 1.653586 | r:  -506.000000 | e:   1.000000 | Q:        nan | won: False 
#  275 | steps:  3090 | steps_t:     0 | t: 1.663797 | r:  -520.000000 | e:   1.000000 | Q:        nan | won: False 
#  276 | steps:  3096 | steps_t:     0 | t: 1.667153 | r:  -505.000000 | e:   1.000000 | Q:        nan | won: False 
#  277 | steps:  3105 | steps_t:     0 | t: 1.671506 | r:  -508.000000 | e:   1.000000 | Q:        nan | won: False 
#  278 | steps:  3115 | steps_t:     0 | t: 1.676262 | r:  -509.000000 | e:   1.000000 | Q:        nan | won: False 
#  279 | steps:  3123 | steps_t:     0 | t: 1.680524 | r:  -507.000000 | e:   1.000000 | Q:        nan | won: False 
#  280 | steps:  3131 | steps_t:     0 | t: 1.684404 | r:  -507.000000 | e:   1.000000 | Q:        nan | won: False 
#  281 | steps:  3141 | steps_t:     0 | t: 1.689214 | r:  -509.000000 | e:   1.000000 | Q:        nan | won: False 
#  282 | steps:  3154 | steps_t:     0 | t: 1.696866 | r:  -512.000000 | e:   1.000000 | Q:        nan | won: False 
#  283 | steps:  3164 | steps_t:     0 | t: 1.701931 | r:  -509.000000 | e:   1.000000 | Q:        nan | won: False 
#  284 | steps:  3178 | steps_t:     0 | t: 1.708576 | r:  -513.000000 | e:   1.000000 | Q:        nan | won: False 
#  285 | steps:  3198 | steps_t:     0 | t: 1.718349 | r:  -519.000000 | e:   1.000000 | Q:        nan | won: False 
#  286 | steps:  3212 | steps_t:     0 | t: 1.725051 | r:  -513.000000 | e:   1.000000 | Q:        nan | won: False 
#  287 | steps:  3222 | steps_t:     0 | t: 1.729891 | r:  -509.000000 | e:   1.000000 | Q:        nan | won: False 
#  288 | steps:  3236 | steps_t:     0 | t: 1.736622 | r:  -502.000000 | e:   1.000000 | Q:        nan | won: False 
#  289 | steps:  3242 | steps_t:     0 | t: 1.739714 | r:  -505.000000 | e:   1.000000 | Q:        nan | won: False 
#  290 | steps:  3248 | steps_t:     0 | t: 1.742568 | r:  -505.000000 | e:   1.000000 | Q:        nan | won: False 
#  291 | steps:  3256 | steps_t:     0 | t: 1.746488 | r:  -507.000000 | e:   1.000000 | Q:        nan | won: False 
#  292 | steps:  3274 | steps_t:     0 | t: 1.755105 | r:  -517.000000 | e:   1.000000 | Q:        nan | won: False 
#  293 | steps:  3285 | steps_t:     0 | t: 1.760618 | r:  -510.000000 | e:   1.000000 | Q:        nan | won: False 
#  294 | steps:  3299 | steps_t:     0 | t: 1.767599 | r:  -513.000000 | e:   1.000000 | Q:        nan | won: False 
#  295 | steps:  3307 | steps_t:     0 | t: 1.771489 | r:  -507.000000 | e:   1.000000 | Q:        nan | won: False 
#  296 | steps:  3316 | steps_t:     0 | t: 1.776319 | r:  -508.000000 | e:   1.000000 | Q:        nan | won: False 
#  297 | steps:  3335 | steps_t:     0 | t: 1.786372 | r:  -518.000000 | e:   1.000000 | Q:        nan | won: False 
#  298 | steps:  3340 | steps_t:     0 | t: 1.788719 | r:  -504.000000 | e:   1.000000 | Q:        nan | won: False 
#  299 | steps:  3350 | steps_t:     0 | t: 1.793360 | r:  -509.000000 | e:   1.000000 | Q:        nan | won: False 
#  300 | steps:  3357 | steps_t:     0 | t: 1.796705 | r:  -506.000000 | e:   1.000000 | Q:        nan | won: False 
#  301 | steps:  3367 | steps_t:     0 | t: 1.801396 | r:  -509.000000 | e:   1.000000 | Q:        nan | won: False 
#  302 | steps:  3377 | steps_t:     0 | t: 1.806003 | r:  -509.000000 | e:   1.000000 | Q:        nan | won: False 
#  303 | steps:  3384 | steps_t:     0 | t: 1.809333 | r:  -506.000000 | e:   1.000000 | Q:        nan | won: False 
#  304 | steps:  3410 | steps_t:     0 | t: 1.821486 | r:  -525.000000 | e:   1.000000 | Q:        nan | won: False 
#  305 | steps:  3418 | steps_t:     0 | t: 1.825267 | r:  -507.000000 | e:   1.000000 | Q:        nan | won: False 
#  306 | steps:  3432 | steps_t:     0 | t: 1.832153 | r:  -513.000000 | e:   1.000000 | Q:        nan | won: False 
#  307 | steps:  3443 | steps_t:     0 | t: 1.837109 | r:  -510.000000 | e:   1.000000 | Q:        nan | won: False 
#  308 | steps:  3454 | steps_t:     0 | t: 1.842216 | r:  -510.000000 | e:   1.000000 | Q:        nan | won: False 
#  309 | steps:  3463 | steps_t:     0 | t: 1.846779 | r:  -508.000000 | e:   1.000000 | Q:        nan | won: False 
#  310 | steps:  3475 | steps_t:     0 | t: 1.852457 | r:  -511.000000 | e:   1.000000 | Q:        nan | won: False 
#  311 | steps:  3483 | steps_t:     0 | t: 1.856286 | r:  -507.000000 | e:   1.000000 | Q:        nan | won: False 
#  312 | steps:  3501 | steps_t:     0 | t: 1.864702 | r:  -517.000000 | e:   1.000000 | Q:        nan | won: False 
#  313 | steps:  3510 | steps_t:     0 | t: 1.868911 | r:  -508.000000 | e:   1.000000 | Q:        nan | won: False 
#  314 | steps:  3519 | steps_t:     0 | t: 1.873286 | r:  -508.000000 | e:   1.000000 | Q:        nan | won: False 
#  315 | steps:  3526 | steps_t:     0 | t: 1.876713 | r:  -506.000000 | e:   1.000000 | Q:        nan | won: False 
#  316 | steps:  3534 | steps_t:     0 | t: 1.880440 | r:  -507.000000 | e:   1.000000 | Q:        nan | won: False 
#  317 | steps:  3544 | steps_t:     0 | t: 1.885092 | r:  -509.000000 | e:   1.000000 | Q:        nan | won: False 
#  318 | steps:  3553 | steps_t:     0 | t: 1.889328 | r:  -508.000000 | e:   1.000000 | Q:        nan | won: False 
#  319 | steps:  3560 | steps_t:     0 | t: 1.892478 | r:  -506.000000 | e:   1.000000 | Q:        nan | won: False 
#  320 | steps:  3570 | steps_t:     0 | t: 1.897403 | r:  -509.000000 | e:   1.000000 | Q:        nan | won: False 
#  321 | steps:  3600 | steps_t:     0 | t: 1.911842 | r:  -529.000000 | e:   1.000000 | Q:        nan | won: False 
#  322 | steps:  3610 | steps_t:     0 | t: 1.916987 | r:  -509.000000 | e:   1.000000 | Q:        nan | won: False 
#  323 | steps:  3618 | steps_t:     0 | t: 1.921049 | r:  -507.000000 | e:   1.000000 | Q:        nan | won: False 
#  324 | steps:  3630 | steps_t:     0 | t: 1.926944 | r:  -511.000000 | e:   1.000000 | Q:        nan | won: False 
#  325 | steps:  3642 | steps_t:     0 | t: 1.934070 | r:  -511.000000 | e:   1.000000 | Q:        nan | won: False 
#  326 | steps:  3649 | steps_t:     0 | t: 1.938151 | r:  -506.000000 | e:   1.000000 | Q:        nan | won: False 
#  327 | steps:  3659 | steps_t:     0 | t: 1.943024 | r:  -509.000000 | e:   1.000000 | Q:        nan | won: False 
#  328 | steps:  3667 | steps_t:     0 | t: 1.947089 | r:  -507.000000 | e:   1.000000 | Q:        nan | won: False 
#  329 | steps:  3674 | steps_t:     0 | t: 1.950377 | r:  -506.000000 | e:   1.000000 | Q:        nan | won: False 
#  330 | steps:  3685 | steps_t:     0 | t: 1.955664 | r:  -510.000000 | e:   1.000000 | Q:        nan | won: False 
#  331 | steps:  3694 | steps_t:     0 | t: 1.959981 | r:  -508.000000 | e:   1.000000 | Q:        nan | won: False 
#  332 | steps:  3714 | steps_t:     0 | t: 1.970135 | r:  -519.000000 | e:   1.000000 | Q:        nan | won: False 
#  333 | steps:  3731 | steps_t:     0 | t: 1.978171 | r:  -516.000000 | e:   1.000000 | Q:        nan | won: False 
#  334 | steps:  3741 | steps_t:     0 | t: 1.983074 | r:  -509.000000 | e:   1.000000 | Q:        nan | won: False 
#  335 | steps:  3748 | steps_t:     0 | t: 1.986387 | r:  -506.000000 | e:   1.000000 | Q:        nan | won: False 
#  336 | steps:  3756 | steps_t:     0 | t: 1.990218 | r:  -507.000000 | e:   1.000000 | Q:        nan | won: False 
#  337 | steps:  3763 | steps_t:     0 | t: 1.993398 | r:  -506.000000 | e:   1.000000 | Q:        nan | won: False 
#  338 | steps:  3774 | steps_t:     0 | t: 1.998897 | r:  -510.000000 | e:   1.000000 | Q:        nan | won: False 
#  339 | steps:  3782 | steps_t:     0 | t: 2.002694 | r:  -507.000000 | e:   1.000000 | Q:        nan | won: False 
#  340 | steps:  3800 | steps_t:     0 | t: 2.011131 | r:  -517.000000 | e:   1.000000 | Q:        nan | won: False 
#  341 | steps:  3810 | steps_t:     0 | t: 2.015901 | r:  -509.000000 | e:   1.000000 | Q:        nan | won: False 
#  342 | steps:  3817 | steps_t:     0 | t: 2.018978 | r:  -506.000000 | e:   1.000000 | Q:        nan | won: False 
#  343 | steps:  3828 | steps_t:     0 | t: 2.024050 | r:  -510.000000 | e:   1.000000 | Q:        nan | won: False 
#  344 | steps:  3848 | steps_t:     0 | t: 2.035426 | r:  -519.000000 | e:   1.000000 | Q:        nan | won: False 
#  345 | steps:  3858 | steps_t:     0 | t: 2.040164 | r:  -509.000000 | e:   1.000000 | Q:        nan | won: False 
#  346 | steps:  3877 | steps_t:     0 | t: 2.049171 | r:  -518.000000 | e:   1.000000 | Q:        nan | won: False 
#  347 | steps:  3884 | steps_t:     0 | t: 2.052568 | r:  -506.000000 | e:   1.000000 | Q:        nan | won: False 
#  348 | steps:  3900 | steps_t:     0 | t: 2.060359 | r:  -515.000000 | e:   1.000000 | Q:        nan | won: False 
#  349 | steps:  3915 | steps_t:     0 | t: 2.067218 | r:  -503.000000 | e:   1.000000 | Q:        nan | won: False 
#  350 | steps:  3934 | steps_t:     0 | t: 2.076301 | r:  -507.000000 | e:   1.000000 | Q:        nan | won: False 
#  351 | steps:  3941 | steps_t:     0 | t: 2.079968 | r:  -506.000000 | e:   1.000000 | Q:        nan | won: False 
#  352 | steps:  3950 | steps_t:     0 | t: 2.084234 | r:  -508.000000 | e:   1.000000 | Q:        nan | won: False 
#  353 | steps:  3960 | steps_t:     0 | t: 2.088961 | r:  -509.000000 | e:   1.000000 | Q:        nan | won: False 
#  354 | steps:  3970 | steps_t:     0 | t: 2.093910 | r:  -509.000000 | e:   1.000000 | Q:        nan | won: False 
#  355 | steps:  3982 | steps_t:     0 | t: 2.100401 | r:  -511.000000 | e:   1.000000 | Q:        nan | won: False 
#  356 | steps:  3991 | steps_t:     0 | t: 2.104718 | r:  -508.000000 | e:   1.000000 | Q:        nan | won: False 
#  357 | steps:  4010 | steps_t:     0 | t: 2.114832 | r:  -507.000000 | e:   1.000000 | Q:        nan | won: False 
#  358 | steps:  4016 | steps_t:     0 | t: 2.117706 | r:  -505.000000 | e:   1.000000 | Q:        nan | won: False 
#  359 | steps:  4022 | steps_t:     0 | t: 2.120563 | r:  -505.000000 | e:   1.000000 | Q:        nan | won: False 
#  360 | steps:  4031 | steps_t:     0 | t: 2.124809 | r:  -508.000000 | e:   1.000000 | Q:        nan | won: False 
#  361 | steps:  4042 | steps_t:     0 | t: 2.130316 | r:  -510.000000 | e:   1.000000 | Q:        nan | won: False 
#  362 | steps:  4054 | steps_t:     0 | t: 2.136110 | r:  -511.000000 | e:   1.000000 | Q:        nan | won: False 
#  363 | steps:  4061 | steps_t:     0 | t: 2.139426 | r:  -506.000000 | e:   1.000000 | Q:        nan | won: False 
#  364 | steps:  4070 | steps_t:     0 | t: 2.143888 | r:  -508.000000 | e:   1.000000 | Q:        nan | won: False 
#  365 | steps:  4081 | steps_t:     0 | t: 2.149109 | r:  -510.000000 | e:   1.000000 | Q:        nan | won: False 
#  366 | steps:  4089 | steps_t:     0 | t: 2.153023 | r:  -507.000000 | e:   1.000000 | Q:        nan | won: False 
#  367 | steps:  4096 | steps_t:     0 | t: 2.156295 | r:  -506.000000 | e:   1.000000 | Q:        nan | won: False 
#  368 | steps:  4106 | steps_t:     0 | t: 2.161139 | r:  -509.000000 | e:   1.000000 | Q:        nan | won: False 
#  369 | steps:  4115 | steps_t:     0 | t: 2.165387 | r:  -508.000000 | e:   1.000000 | Q:        nan | won: False 
#  370 | steps:  4125 | steps_t:     0 | t: 2.170116 | r:  -509.000000 | e:   1.000000 | Q:        nan | won: False 
#  371 | steps:  4133 | steps_t:     0 | t: 2.173955 | r:  -507.000000 | e:   1.000000 | Q:        nan | won: False 
#  372 | steps:  4140 | steps_t:     0 | t: 2.177402 | r:  -506.000000 | e:   1.000000 | Q:        nan | won: False 
#  373 | steps:  4148 | steps_t:     0 | t: 2.181074 | r:  -507.000000 | e:   1.000000 | Q:        nan | won: False 
#  374 | steps:  4163 | steps_t:     0 | t: 2.188063 | r:  -514.000000 | e:   1.000000 | Q:        nan | won: False 
#  375 | steps:  4173 | steps_t:     0 | t: 2.192642 | r:  -509.000000 | e:   1.000000 | Q:        nan | won: False 
#  376 | steps:  4184 | steps_t:     0 | t: 2.198025 | r:  -510.000000 | e:   1.000000 | Q:        nan | won: False 
#  377 | steps:  4193 | steps_t:     0 | t: 2.202352 | r:  -508.000000 | e:   1.000000 | Q:        nan | won: False 
#  378 | steps:  4204 | steps_t:     0 | t: 2.207461 | r:  -510.000000 | e:   1.000000 | Q:        nan | won: False 
#  379 | steps:  4211 | steps_t:     0 | t: 2.210920 | r:  -506.000000 | e:   1.000000 | Q:        nan | won: False 
#  380 | steps:  4219 | steps_t:     0 | t: 2.214628 | r:  -507.000000 | e:   1.000000 | Q:        nan | won: False 
#  381 | steps:  4229 | steps_t:     0 | t: 2.219287 | r:  -509.000000 | e:   1.000000 | Q:        nan | won: False 
#  382 | steps:  4239 | steps_t:     0 | t: 2.224001 | r:  -509.000000 | e:   1.000000 | Q:        nan | won: False 
#  383 | steps:  4247 | steps_t:     0 | t: 2.227814 | r:  -507.000000 | e:   1.000000 | Q:        nan | won: False 
#  384 | steps:  4253 | steps_t:     0 | t: 2.230660 | r:  -505.000000 | e:   1.000000 | Q:        nan | won: False 
#  385 | steps:  4262 | steps_t:     0 | t: 2.234695 | r:  -508.000000 | e:   1.000000 | Q:        nan | won: False 
#  386 | steps:  4275 | steps_t:     0 | t: 2.240620 | r:  -512.000000 | e:   1.000000 | Q:        nan | won: False 
#  387 | steps:  4284 | steps_t:     0 | t: 2.244874 | r:  -508.000000 | e:   1.000000 | Q:        nan | won: False 
#  388 | steps:  4291 | steps_t:     0 | t: 2.248310 | r:  -506.000000 | e:   1.000000 | Q:        nan | won: False 
#  389 | steps:  4309 | steps_t:     0 | t: 2.257305 | r:  -517.000000 | e:   1.000000 | Q:        nan | won: False 
#  390 | steps:  4317 | steps_t:     0 | t: 2.261173 | r:  -507.000000 | e:   1.000000 | Q:        nan | won: False 
#  391 | steps:  4323 | steps_t:     0 | t: 2.264302 | r:  -505.000000 | e:   1.000000 | Q:        nan | won: False 
#  392 | steps:  4333 | steps_t:     0 | t: 2.269077 | r:  -509.000000 | e:   1.000000 | Q:        nan | won: False 
#  393 | steps:  4345 | steps_t:     0 | t: 2.274705 | r:  -511.000000 | e:   1.000000 | Q:        nan | won: False 
#  394 | steps:  4353 | steps_t:     0 | t: 2.278354 | r:  -507.000000 | e:   1.000000 | Q:        nan | won: False 
#  395 | steps:  4364 | steps_t:     0 | t: 2.283520 | r:  -510.000000 | e:   1.000000 | Q:        nan | won: False 
#  396 | steps:  4373 | steps_t:     0 | t: 2.287615 | r:  -508.000000 | e:   1.000000 | Q:        nan | won: False 
#  397 | steps:  4383 | steps_t:     0 | t: 2.292317 | r:  -509.000000 | e:   1.000000 | Q:        nan | won: False 
#  398 | steps:  4392 | steps_t:     0 | t: 2.296580 | r:  -508.000000 | e:   1.000000 | Q:        nan | won: False 
#  399 | steps:  4408 | steps_t:     0 | t: 2.304334 | r:  -504.000000 | e:   1.000000 | Q:        nan | won: False 
#  400 | steps:  4419 | steps_t:     0 | t: 2.309383 | r:  -510.000000 | e:   1.000000 | Q:        nan | won: False 
#  401 | steps:  4435 | steps_t:     0 | t: 2.317915 | r:  -515.000000 | e:   1.000000 | Q:        nan | won: False 
#  402 | steps:  4446 | steps_t:     0 | t: 2.323243 | r:  -510.000000 | e:   1.000000 | Q:        nan | won: False 
#  403 | steps:  4454 | steps_t:     0 | t: 2.327821 | r:  -507.000000 | e:   1.000000 | Q:        nan | won: False 
#  404 | steps:  4462 | steps_t:     0 | t: 2.332618 | r:  -507.000000 | e:   1.000000 | Q:        nan | won: False 
#  405 | steps:  4471 | steps_t:     0 | t: 2.336886 | r:  -508.000000 | e:   1.000000 | Q:        nan | won: False 
#  406 | steps:  4491 | steps_t:     0 | t: 2.346268 | r:  -519.000000 | e:   1.000000 | Q:        nan | won: False 
#  407 | steps:  4498 | steps_t:     0 | t: 2.349882 | r:  -506.000000 | e:   1.000000 | Q:        nan | won: False 
#  408 | steps:  4506 | steps_t:     0 | t: 2.353496 | r:  -507.000000 | e:   1.000000 | Q:        nan | won: False 
#  409 | steps:  4515 | steps_t:     0 | t: 2.358122 | r:  -508.000000 | e:   1.000000 | Q:        nan | won: False 
#  410 | steps:  4526 | steps_t:     0 | t: 2.363603 | r:  -510.000000 | e:   1.000000 | Q:        nan | won: False 
#  411 | steps:  4535 | steps_t:     0 | t: 2.368197 | r:  -508.000000 | e:   1.000000 | Q:        nan | won: False 
#  412 | steps:  4542 | steps_t:     0 | t: 2.371557 | r:  -506.000000 | e:   1.000000 | Q:        nan | won: False 
#  413 | steps:  4552 | steps_t:     0 | t: 2.376257 | r:  -509.000000 | e:   1.000000 | Q:        nan | won: False 
#  414 | steps:  4562 | steps_t:     0 | t: 2.381263 | r:  -509.000000 | e:   1.000000 | Q:        nan | won: False 
#  415 | steps:  4571 | steps_t:     0 | t: 2.385477 | r:  -508.000000 | e:   1.000000 | Q:        nan | won: False 
#  416 | steps:  4585 | steps_t:     0 | t: 2.392393 | r:  -513.000000 | e:   1.000000 | Q:        nan | won: False 
#  417 | steps:  4592 | steps_t:     0 | t: 2.395726 | r:  -506.000000 | e:   1.000000 | Q:        nan | won: False 
#  418 | steps:  4600 | steps_t:     0 | t: 2.399310 | r:  -507.000000 | e:   1.000000 | Q:        nan | won: False 
#  419 | steps:  4615 | steps_t:     0 | t: 2.406177 | r:  -503.000000 | e:   1.000000 | Q:        nan | won: False 
#  420 | steps:  4630 | steps_t:     0 | t: 2.413998 | r:  -514.000000 | e:   1.000000 | Q:        nan | won: False 
#  421 | steps:  4641 | steps_t:     0 | t: 2.419295 | r:  -510.000000 | e:   1.000000 | Q:        nan | won: False 
#  422 | steps:  4654 | steps_t:     0 | t: 2.425424 | r:  -512.000000 | e:   1.000000 | Q:        nan | won: False 
#  423 | steps:  4661 | steps_t:     0 | t: 2.428764 | r:  -506.000000 | e:   1.000000 | Q:        nan | won: False 
#  424 | steps:  4669 | steps_t:     0 | t: 2.432793 | r:  -507.000000 | e:   1.000000 | Q:        nan | won: False 
#  425 | steps:  4677 | steps_t:     0 | t: 2.436892 | r:  -507.000000 | e:   1.000000 | Q:        nan | won: False 
#  426 | steps:  4688 | steps_t:     0 | t: 2.442245 | r:  -510.000000 | e:   1.000000 | Q:        nan | won: False 
#  427 | steps:  4697 | steps_t:     0 | t: 2.446889 | r:  -508.000000 | e:   1.000000 | Q:        nan | won: False 
#  428 | steps:  4716 | steps_t:     0 | t: 2.456001 | r:  -518.000000 | e:   1.000000 | Q:        nan | won: False 
#  429 | steps:  4724 | steps_t:     0 | t: 2.459988 | r:  -507.000000 | e:   1.000000 | Q:        nan | won: False 
#  430 | steps:  4739 | steps_t:     0 | t: 2.466941 | r:  -514.000000 | e:   1.000000 | Q:        nan | won: False 
#  431 | steps:  4751 | steps_t:     0 | t: 2.472637 | r:  -511.000000 | e:   1.000000 | Q:        nan | won: False 
#  432 | steps:  4762 | steps_t:     0 | t: 2.477729 | r:  -510.000000 | e:   1.000000 | Q:        nan | won: False 
#  433 | steps:  4770 | steps_t:     0 | t: 2.482196 | r:  -507.000000 | e:   1.000000 | Q:        nan | won: False 
#  434 | steps:  4789 | steps_t:     0 | t: 2.491042 | r:  -518.000000 | e:   1.000000 | Q:        nan | won: False 
#  435 | steps:  4801 | steps_t:     0 | t: 2.496744 | r:  -511.000000 | e:   1.000000 | Q:        nan | won: False 
#  436 | steps:  4812 | steps_t:     0 | t: 2.502068 | r:  -510.000000 | e:   1.000000 | Q:        nan | won: False 
#  437 | steps:  4819 | steps_t:     0 | t: 2.505411 | r:  -506.000000 | e:   1.000000 | Q:        nan | won: False 
#  438 | steps:  4828 | steps_t:     0 | t: 2.509820 | r:  -508.000000 | e:   1.000000 | Q:        nan | won: False 
#  439 | steps:  4847 | steps_t:     0 | t: 2.518822 | r:  -496.000000 | e:   1.000000 | Q:        nan | won: False 
#  440 | steps:  4858 | steps_t:     0 | t: 2.524063 | r:  -510.000000 | e:   1.000000 | Q:        nan | won: False 
#  441 | steps:  4869 | steps_t:     0 | t: 2.529360 | r:  -510.000000 | e:   1.000000 | Q:        nan | won: False 
#  442 | steps:  4878 | steps_t:     0 | t: 2.533909 | r:  -508.000000 | e:   1.000000 | Q:        nan | won: False 
#  443 | steps:  4886 | steps_t:     0 | t: 2.537532 | r:  -507.000000 | e:   1.000000 | Q:        nan | won: False 
#  444 | steps:  4894 | steps_t:     0 | t: 2.541265 | r:  -507.000000 | e:   1.000000 | Q:        nan | won: False 
#  445 | steps:  4900 | steps_t:     0 | t: 2.544200 | r:  -505.000000 | e:   1.000000 | Q:        nan | won: False 
#  446 | steps:  4908 | steps_t:     0 | t: 2.548091 | r:  -507.000000 | e:   1.000000 | Q:        nan | won: False 
#  447 | steps:  4914 | steps_t:     0 | t: 2.550969 | r:  -505.000000 | e:   1.000000 | Q:        nan | won: False 
#  448 | steps:  4926 | steps_t:     0 | t: 2.556543 | r:  -511.000000 | e:   1.000000 | Q:        nan | won: False 
#  449 | steps:  4957 | steps_t:     0 | t: 2.570880 | r:  -519.000000 | e:   1.000000 | Q:        nan | won: False 
#  450 | steps:  4966 | steps_t:     0 | t: 2.575016 | r:  -508.000000 | e:   1.000000 | Q:        nan | won: False 
#  451 | steps:  4974 | steps_t:     0 | t: 2.578700 | r:  -507.000000 | e:   1.000000 | Q:        nan | won: False 
#  452 | steps:  4988 | steps_t:     0 | t: 2.586298 | r:  -513.000000 | e:   1.000000 | Q:        nan | won: False 
#  453 | steps:  4996 | steps_t:     0 | t: 2.590283 | r:  -507.000000 | e:   1.000000 | Q:        nan | won: False 
#  454 | steps:  5003 | steps_t:     1 | t: 2.865294 | r:  -506.000000 | e:   0.999900 | Q:        nan | won: False 
#  455 | steps:  5010 | steps_t:     7 | t: 2.943810 | r:  -506.000000 | e:   0.999300 | Q:        nan | won: False 
#  456 | steps:  5022 | steps_t:    18 | t: 3.089559 | r:  -511.000000 | e:   0.998200 | Q:        nan | won: False 
#  457 | steps:  5039 | steps_t:    34 | t: 3.295387 | r:  -516.000000 | e:   0.996600 | Q:        nan | won: False 
#  458 | steps:  5056 | steps_t:    50 | t: 3.489691 | r:  -516.000000 | e:   0.995000 | Q:        nan | won: False 
#  459 | steps:  5065 | steps_t:    58 | t: 3.588139 | r:  -508.000000 | e:   0.994200 | Q:        nan | won: False 
#  460 | steps:  5077 | steps_t:    69 | t: 3.722317 | r:  -511.000000 | e:   0.993100 | Q:        nan | won: False 
#  461 | steps:  5090 | steps_t:    81 | t: 3.870036 | r:  -512.000000 | e:   0.991900 | Q:        nan | won: False 
#  462 | steps:  5099 | steps_t:    89 | t: 3.970557 | r:  -508.000000 | e:   0.991100 | Q:        nan | won: False 
#  463 | steps:  5109 | steps_t:    98 | t: 4.090570 | r:  -509.000000 | e:   0.990200 | Q: -61.418831 | won: False 
#  464 | steps:  5121 | steps_t:   109 | t: 4.225880 | r:  -511.000000 | e:   0.989100 | Q:        nan | won: False 
#  465 | steps:  5131 | steps_t:   118 | t: 4.339670 | r:  -509.000000 | e:   0.988200 | Q: -150.196823 | won: False 
#  466 | steps:  5140 | steps_t:   126 | t: 4.439938 | r:  -508.000000 | e:   0.987400 | Q:        nan | won: False 
#  467 | steps:  5151 | steps_t:   136 | t: 4.559612 | r:  -510.000000 | e:   0.986400 | Q:        nan | won: False 
#  468 | steps:  5159 | steps_t:   143 | t: 4.641019 | r:  -507.000000 | e:   0.985700 | Q: -253.233521 | won: False 
#  469 | steps:  5173 | steps_t:   156 | t: 4.784879 | r:  -513.000000 | e:   0.984400 | Q:        nan | won: False 
#  470 | steps:  5180 | steps_t:   162 | t: 4.856750 | r:  -506.000000 | e:   0.983800 | Q:        nan | won: False 
#  471 | steps:  5188 | steps_t:   169 | t: 4.945832 | r:  -507.000000 | e:   0.983100 | Q: -298.143005 | won: False 
#  472 | steps:  5197 | steps_t:   177 | t: 5.043053 | r:  -508.000000 | e:   0.982300 | Q:        nan | won: False 
#  473 | steps:  5205 | steps_t:   184 | t: 5.222455 | r:  -507.000000 | e:   0.981600 | Q:        nan | won: False 
#  474 | steps:  5213 | steps_t:   191 | t: 5.410857 | r:  -507.000000 | e:   0.980900 | Q: -329.171509 | won: False 
#  475 | steps:  5220 | steps_t:   197 | t: 5.572716 | r:  -506.000000 | e:   0.980300 | Q:        nan | won: False 
#  476 | steps:  5227 | steps_t:   203 | t: 5.731001 | r:  -506.000000 | e:   0.979700 | Q:        nan | won: False 
#  477 | steps:  5237 | steps_t:   212 | t: 5.960008 | r:  -509.000000 | e:   0.978800 | Q:        nan | won: False 
#  478 | steps:  5247 | steps_t:   221 | t: 6.190043 | r:  -509.000000 | e:   0.977900 | Q:        nan | won: False 
#  479 | steps:  5262 | steps_t:   235 | t: 6.557140 | r:  -514.000000 | e:   0.976500 | Q: -305.053558 | won: False 
#  480 | steps:  5272 | steps_t:   244 | t: 6.790031 | r:  -509.000000 | e:   0.975600 | Q:        nan | won: False 
#  481 | steps:  5279 | steps_t:   250 | t: 6.949555 | r:  -506.000000 | e:   0.975000 | Q:        nan | won: False 
#  482 | steps:  5288 | steps_t:   258 | t: 7.165972 | r:  -508.000000 | e:   0.974200 | Q: -294.019897 | won: False 
#  483 | steps:  5307 | steps_t:   276 | t: 7.630903 | r:  -518.000000 | e:   0.972400 | Q: -308.496704 | won: False 
#  484 | steps:  5323 | steps_t:   291 | t: 8.013958 | r:  -515.000000 | e:   0.970900 | Q:        nan | won: False 
#  485 | steps:  5331 | steps_t:   298 | t: 8.195196 | r:  -507.000000 | e:   0.970200 | Q:        nan | won: False 
#  486 | steps:  5341 | steps_t:   307 | t: 8.431364 | r:  -509.000000 | e:   0.969300 | Q: -300.368896 | won: False 
#  487 | steps:  5353 | steps_t:   318 | t: 8.720585 | r:  -511.000000 | e:   0.968200 | Q:        nan | won: False 
#  488 | steps:  5364 | steps_t:   328 | t: 8.985142 | r:  -510.000000 | e:   0.967200 | Q:        nan | won: False 
#  489 | steps:  5370 | steps_t:   333 | t: 9.115292 | r:  -505.000000 | e:   0.966700 | Q:        nan | won: False 
#  490 | steps:  5388 | steps_t:   350 | t: 9.563761 | r:  -517.000000 | e:   0.965000 | Q: -322.484039 | won: False 
#  491 | steps:  5400 | steps_t:   361 | t: 9.854488 | r:  -511.000000 | e:   0.963900 | Q:        nan | won: False 
#  492 | steps:  5409 | steps_t:   369 | t: 9.978993 | r:  -508.000000 | e:   0.963100 | Q: -309.852844 | won: False 
#  493 | steps:  5420 | steps_t:   379 | t: 10.160984 | r:  -510.000000 | e:   0.962100 | Q:        nan | won: False 
#  494 | steps:  5425 | steps_t:   383 | t: 10.267076 | r:  -504.000000 | e:   0.961700 | Q:        nan | won: False 
#  495 | steps:  5431 | steps_t:   388 | t: 10.400751 | r:  -505.000000 | e:   0.961200 | Q:        nan | won: False 
#  496 | steps:  5440 | steps_t:   396 | t: 10.607155 | r:  -508.000000 | e:   0.960400 | Q:        nan | won: False 
#  497 | steps:  5451 | steps_t:   406 | t: 10.864063 | r:  -510.000000 | e:   0.959400 | Q:        nan | won: False 
#  498 | steps:  5471 | steps_t:   425 | t: 11.354769 | r:  -519.000000 | e:   0.957500 | Q:        nan | won: False 
#  499 | steps:  5479 | steps_t:   432 | t: 11.538979 | r:  -507.000000 | e:   0.956800 | Q:        nan | won: False 
#  500 | steps:  5500 | steps_t:   452 | t: 12.054806 | r:  -520.000000 | e:   0.954800 | Q:        nan | won: False 
#  501 | steps:  5508 | steps_t:   459 | t: 12.239269 | r:  -507.000000 | e:   0.954100 | Q:        nan | won: False 
#  502 | steps:  5522 | steps_t:   472 | t: 12.568107 | r:  -502.000000 | e:   0.952800 | Q:        nan | won: False 
#  503 | steps:  5535 | steps_t:   484 | t: 12.878216 | r:  -512.000000 | e:   0.951600 | Q:        nan | won: False 
#  504 | steps:  5542 | steps_t:   490 | t: 13.031853 | r:  -506.000000 | e:   0.951000 | Q:        nan | won: False 
#  505 | steps:  5548 | steps_t:   495 | t: 13.165345 | r:  -505.000000 | e:   0.950500 | Q:        nan | won: False 
#  506 | steps:  5555 | steps_t:   501 | t: 13.328935 | r:  -506.000000 | e:   0.949900 | Q:        nan | won: False 
#  507 | steps:  5567 | steps_t:   512 | t: 13.609170 | r:  -511.000000 | e:   0.948800 | Q:        nan | won: False 
#  508 | steps:  5579 | steps_t:   523 | t: 13.900948 | r:  -511.000000 | e:   0.947700 | Q: -313.251801 | won: False 
#  509 | steps:  5593 | steps_t:   536 | t: 14.235467 | r:  -513.000000 | e:   0.946400 | Q:        nan | won: False 
#  510 | steps:  5602 | steps_t:   544 | t: 14.446609 | r:  -508.000000 | e:   0.945600 | Q:        nan | won: False 
#  511 | steps:  5610 | steps_t:   551 | t: 14.636796 | r:  -507.000000 | e:   0.944900 | Q: -301.484467 | won: False 
#  512 | steps:  5634 | steps_t:   574 | t: 15.237424 | r:  -523.000000 | e:   0.942600 | Q: -334.175049 | won: False 
#  513 | steps:  5640 | steps_t:   579 | t: 15.369298 | r:  -505.000000 | e:   0.942100 | Q:        nan | won: False 
#  514 | steps:  5648 | steps_t:   586 | t: 15.561453 | r:  -507.000000 | e:   0.941400 | Q:        nan | won: False 
#  515 | steps:  5656 | steps_t:   593 | t: 15.761668 | r:  -507.000000 | e:   0.940700 | Q:        nan | won: False 
#  516 | steps:  5674 | steps_t:   610 | t: 16.215519 | r:  -517.000000 | e:   0.939000 | Q: -317.570770 | won: False 
#  517 | steps:  5681 | steps_t:   616 | t: 16.374618 | r:  -506.000000 | e:   0.938400 | Q:        nan | won: False 
#  518 | steps:  5690 | steps_t:   624 | t: 16.585581 | r:  -508.000000 | e:   0.937600 | Q:        nan | won: False 
#  519 | steps:  5700 | steps_t:   633 | t: 16.822866 | r:  -509.000000 | e:   0.936700 | Q:        nan | won: False 
#  520 | steps:  5708 | steps_t:   640 | t: 17.007980 | r:  -507.000000 | e:   0.936000 | Q:        nan | won: False 
#  521 | steps:  5714 | steps_t:   645 | t: 17.142072 | r:  -505.000000 | e:   0.935500 | Q:        nan | won: False 
#  522 | steps:  5720 | steps_t:   650 | t: 17.275523 | r:  -505.000000 | e:   0.935000 | Q:        nan | won: False 
#  523 | steps:  5728 | steps_t:   657 | t: 17.458632 | r:  -507.000000 | e:   0.934300 | Q:        nan | won: False 
#  524 | steps:  5753 | steps_t:   681 | t: 18.078580 | r:  -524.000000 | e:   0.931900 | Q: -302.543335 | won: False 
#  525 | steps:  5760 | steps_t:   687 | t: 18.234078 | r:  -506.000000 | e:   0.931300 | Q: -321.256592 | won: False 
#  526 | steps:  5770 | steps_t:   696 | t: 18.470786 | r:  -509.000000 | e:   0.930400 | Q: -327.203766 | won: False 
#  527 | steps:  5776 | steps_t:   701 | t: 18.596273 | r:  -505.000000 | e:   0.929900 | Q: -315.027710 | won: False 
#  528 | steps:  5790 | steps_t:   714 | t: 18.915550 | r:  -513.000000 | e:   0.928600 | Q:        nan | won: False 
#  529 | steps:  5804 | steps_t:   727 | t: 19.258676 | r:  -513.000000 | e:   0.927300 | Q: -293.021057 | won: False 
#  530 | steps:  5815 | steps_t:   737 | t: 19.516987 | r:  -510.000000 | e:   0.926300 | Q:        nan | won: False 
#  531 | steps:  5828 | steps_t:   749 | t: 19.833114 | r:  -512.000000 | e:   0.925100 | Q:        nan | won: False 
#  532 | steps:  5835 | steps_t:   755 | t: 19.992029 | r:  -506.000000 | e:   0.924500 | Q:        nan | won: False 
#  533 | steps:  5846 | steps_t:   765 | t: 20.254988 | r:  -510.000000 | e:   0.923500 | Q: -285.904572 | won: False 
#  534 | steps:  5869 | steps_t:   787 | t: 20.825624 | r:  -522.000000 | e:   0.921300 | Q: -270.553375 | won: False 
#  535 | steps:  5886 | steps_t:   803 | t: 21.239536 | r:  -516.000000 | e:   0.919700 | Q: -292.169220 | won: False 
#  536 | steps:  5898 | steps_t:   814 | t: 21.535497 | r:  -511.000000 | e:   0.918600 | Q: -289.981079 | won: False 
#  537 | steps:  5911 | steps_t:   826 | t: 21.850821 | r:  -512.000000 | e:   0.917400 | Q: -305.497314 | won: False 
#  538 | steps:  5922 | steps_t:   836 | t: 22.111740 | r:  -510.000000 | e:   0.916400 | Q: -323.716797 | won: False 
#  539 | steps:  5931 | steps_t:   844 | t: 22.326477 | r:  -508.000000 | e:   0.915600 | Q:        nan | won: False 
#  540 | steps:  5943 | steps_t:   855 | t: 22.608598 | r:  -511.000000 | e:   0.914500 | Q:        nan | won: False 
#  541 | steps:  5953 | steps_t:   864 | t: 22.841806 | r:  -509.000000 | e:   0.913600 | Q:        nan | won: False 
#  542 | steps:  5965 | steps_t:   875 | t: 23.135986 | r:  -511.000000 | e:   0.912500 | Q: -328.207672 | won: False 
#  543 | steps:  5973 | steps_t:   882 | t: 23.315287 | r:  -507.000000 | e:   0.911800 | Q:        nan | won: False 
#  544 | steps:  5981 | steps_t:   889 | t: 23.495631 | r:  -507.000000 | e:   0.911100 | Q:        nan | won: False 
#  545 | steps:  6000 | steps_t:   907 | t: 23.954688 | r:  -518.000000 | e:   0.909300 | Q: -333.066864 | won: False 
#  546 | steps:  6008 | steps_t:   914 | t: 24.138313 | r:  -507.000000 | e:   0.908600 | Q:        nan | won: False 
#  547 | steps:  6027 | steps_t:   932 | t: 24.610305 | r:  -518.000000 | e:   0.906800 | Q: -293.190552 | won: False 
#  548 | steps:  6036 | steps_t:   940 | t: 24.819937 | r:  -508.000000 | e:   0.906000 | Q:        nan | won: False 
#  549 | steps:  6045 | steps_t:   948 | t: 25.028647 | r:  -508.000000 | e:   0.905200 | Q: -298.238647 | won: False 
#  550 | steps:  6051 | steps_t:   953 | t: 25.165768 | r:  -505.000000 | e:   0.904700 | Q: -301.308807 | won: False 
#  551 | steps:  6058 | steps_t:   959 | t: 25.322217 | r:  -506.000000 | e:   0.904100 | Q:        nan | won: False 
#  552 | steps:  6071 | steps_t:   971 | t: 25.641042 | r:  -512.000000 | e:   0.902900 | Q: -327.868713 | won: False 
#  553 | steps:  6079 | steps_t:   978 | t: 25.822533 | r:  -507.000000 | e:   0.902200 | Q:        nan | won: False 
#  554 | steps:  6088 | steps_t:   986 | t: 26.036646 | r:  -508.000000 | e:   0.901400 | Q: -324.353241 | won: False 
#  555 | steps:  6099 | steps_t:   996 | t: 26.303823 | r:  -510.000000 | e:   0.900400 | Q: -348.125275 | won: False 
#  556 | steps:  6120 | steps_t:  1016 | t: 26.823854 | r:  -520.000000 | e:   0.898400 | Q: -326.381714 | won: False 
#  557 | steps:  6126 | steps_t:  1021 | t: 26.956477 | r:  -505.000000 | e:   0.897900 | Q: -305.760681 | won: False 
#  558 | steps:  6132 | steps_t:  1026 | t: 27.085741 | r:  -505.000000 | e:   0.897400 | Q:        nan | won: False 
#  559 | steps:  6142 | steps_t:  1035 | t: 27.325428 | r:  -509.000000 | e:   0.896500 | Q: -296.078430 | won: False 
#  560 | steps:  6149 | steps_t:  1041 | t: 27.482798 | r:  -506.000000 | e:   0.895900 | Q:        nan | won: False 
#  561 | steps:  6159 | steps_t:  1050 | t: 27.718346 | r:  -509.000000 | e:   0.895000 | Q: -277.407745 | won: False 
#  562 | steps:  6168 | steps_t:  1058 | t: 27.931174 | r:  -508.000000 | e:   0.894200 | Q: -261.458405 | won: False 
#  563 | steps:  6181 | steps_t:  1070 | t: 28.241937 | r:  -512.000000 | e:   0.893000 | Q: -283.309509 | won: False 
#  564 | steps:  6204 | steps_t:  1092 | t: 28.817146 | r:  -522.000000 | e:   0.890800 | Q: -302.073639 | won: False 
#  565 | steps:  6214 | steps_t:  1101 | t: 29.053178 | r:  -509.000000 | e:   0.889900 | Q: -300.134125 | won: False 
#  566 | steps:  6223 | steps_t:  1109 | t: 29.265895 | r:  -508.000000 | e:   0.889100 | Q: -294.508911 | won: False 
#  567 | steps:  6230 | steps_t:  1115 | t: 29.431174 | r:  -506.000000 | e:   0.888500 | Q:        nan | won: False 
#  568 | steps:  6239 | steps_t:  1123 | t: 29.644797 | r:  -508.000000 | e:   0.887700 | Q:        nan | won: False 
#  569 | steps:  6256 | steps_t:  1139 | t: 30.059796 | r:  -516.000000 | e:   0.886100 | Q: -312.965698 | won: False 
#  570 | steps:  6267 | steps_t:  1149 | t: 30.323770 | r:  -510.000000 | e:   0.885100 | Q:        nan | won: False 
#  571 | steps:  6276 | steps_t:  1157 | t: 30.537551 | r:  -508.000000 | e:   0.884300 | Q:        nan | won: False 
#  572 | steps:  6283 | steps_t:  1163 | t: 30.707844 | r:  -506.000000 | e:   0.883700 | Q: -288.168610 | won: False 
#  573 | steps:  6294 | steps_t:  1173 | t: 30.977091 | r:  -510.000000 | e:   0.882700 | Q: -285.020233 | won: False 
#  574 | steps:  6301 | steps_t:  1179 | t: 31.137370 | r:  -506.000000 | e:   0.882100 | Q: -302.864868 | won: False 
#  575 | steps:  6308 | steps_t:  1185 | t: 31.297167 | r:  -506.000000 | e:   0.881500 | Q:        nan | won: False 
#  576 | steps:  6326 | steps_t:  1202 | t: 31.741221 | r:  -506.000000 | e:   0.879800 | Q: -298.748260 | won: False 
#  577 | steps:  6337 | steps_t:  1212 | t: 32.009161 | r:  -510.000000 | e:   0.878800 | Q: -294.322845 | won: False 
#  578 | steps:  6394 | steps_t:  1268 | t: 33.447591 | r:  -545.000000 | e:   0.873200 | Q: -280.154144 | won: False 
#  579 | steps:  6403 | steps_t:  1276 | t: 33.655987 | r:  -508.000000 | e:   0.872400 | Q:        nan | won: False 
#  580 | steps:  6412 | steps_t:  1284 | t: 33.864500 | r:  -508.000000 | e:   0.871600 | Q:        nan | won: False 
#  581 | steps:  6420 | steps_t:  1291 | t: 34.051306 | r:  -507.000000 | e:   0.870900 | Q: -293.284973 | won: False 
#  582 | steps:  6433 | steps_t:  1303 | t: 34.367590 | r:  -512.000000 | e:   0.869700 | Q: -293.580902 | won: False 
#  583 | steps:  6445 | steps_t:  1314 | t: 34.669882 | r:  -511.000000 | e:   0.868600 | Q: -299.892761 | won: False 
#  584 | steps:  6470 | steps_t:  1338 | t: 35.284863 | r:  -524.000000 | e:   0.866200 | Q: -300.749878 | won: False 
#  585 | steps:  6483 | steps_t:  1350 | t: 35.599000 | r:  -512.000000 | e:   0.865000 | Q: -296.846130 | won: False 
#  586 | steps:  6493 | steps_t:  1359 | t: 35.835705 | r:  -509.000000 | e:   0.864100 | Q: -309.940216 | won: False 
#  587 | steps:  6504 | steps_t:  1369 | t: 36.100393 | r:  -510.000000 | e:   0.863100 | Q: -336.284729 | won: False 
#  588 | steps:  6512 | steps_t:  1376 | t: 36.288792 | r:  -507.000000 | e:   0.862400 | Q: -338.884491 | won: False 
#  589 | steps:  6522 | steps_t:  1385 | t: 36.522858 | r:  -509.000000 | e:   0.861500 | Q:        nan | won: False 
#  590 | steps:  6541 | steps_t:  1403 | t: 36.984919 | r:  -518.000000 | e:   0.859700 | Q: -316.633575 | won: False 
#  591 | steps:  6548 | steps_t:  1409 | t: 37.143942 | r:  -506.000000 | e:   0.859100 | Q:        nan | won: False 
#  592 | steps:  6558 | steps_t:  1418 | t: 37.375345 | r:  -509.000000 | e:   0.858200 | Q:        nan | won: False 
#  593 | steps:  6568 | steps_t:  1427 | t: 37.612653 | r:  -509.000000 | e:   0.857300 | Q: -337.183105 | won: False 
#  594 | steps:  6577 | steps_t:  1435 | t: 37.817816 | r:  -508.000000 | e:   0.856500 | Q:        nan | won: False 
#  595 | steps:  6588 | steps_t:  1445 | t: 38.084210 | r:  -510.000000 | e:   0.855500 | Q: -320.963074 | won: False 
#  596 | steps:  6595 | steps_t:  1451 | t: 38.243466 | r:  -506.000000 | e:   0.854900 | Q: -313.802704 | won: False 
#  597 | steps:  6609 | steps_t:  1464 | t: 38.588650 | r:  -513.000000 | e:   0.853600 | Q: -322.818848 | won: False 
#  598 | steps:  6619 | steps_t:  1473 | t: 38.828583 | r:  -509.000000 | e:   0.852700 | Q: -325.672363 | won: False 
#  599 | steps:  6627 | steps_t:  1480 | t: 39.015799 | r:  -507.000000 | e:   0.852000 | Q: -315.597595 | won: False 
#  600 | steps:  6637 | steps_t:  1489 | t: 39.255712 | r:  -509.000000 | e:   0.851100 | Q: -308.142914 | won: False 
#  601 | steps:  6651 | steps_t:  1502 | t: 39.584964 | r:  -502.000000 | e:   0.849800 | Q:        nan | won: False 
#  602 | steps:  6660 | steps_t:  1510 | t: 39.804011 | r:  -508.000000 | e:   0.849000 | Q: -280.907867 | won: False 
#  603 | steps:  6672 | steps_t:  1521 | t: 40.091753 | r:  -511.000000 | e:   0.847900 | Q: -336.220703 | won: False 
#  604 | steps:  6681 | steps_t:  1529 | t: 40.299710 | r:  -508.000000 | e:   0.847100 | Q:        nan | won: False 
#  605 | steps:  6694 | steps_t:  1541 | t: 40.624881 | r:  -512.000000 | e:   0.845900 | Q: -338.764374 | won: False 
#  606 | steps:  6704 | steps_t:  1550 | t: 40.870761 | r:  -509.000000 | e:   0.845000 | Q: -307.733612 | won: False 
#  607 | steps:  6713 | steps_t:  1558 | t: 41.077541 | r:  -508.000000 | e:   0.844200 | Q:        nan | won: False 
#  608 | steps:  6727 | steps_t:  1571 | t: 41.414762 | r:  -513.000000 | e:   0.842900 | Q: -339.003326 | won: False 
#  609 | steps:  6737 | steps_t:  1580 | t: 41.649332 | r:  -509.000000 | e:   0.842000 | Q: -311.255615 | won: False 
#  610 | steps:  6746 | steps_t:  1588 | t: 41.863780 | r:  -508.000000 | e:   0.841200 | Q: -321.375183 | won: False 
#  611 | steps:  6755 | steps_t:  1596 | t: 42.078924 | r:  -508.000000 | e:   0.840400 | Q: -332.580231 | won: False 
#  612 | steps:  6766 | steps_t:  1606 | t: 42.340077 | r:  -510.000000 | e:   0.839400 | Q:        nan | won: False 
#  613 | steps:  6774 | steps_t:  1613 | t: 42.521619 | r:  -507.000000 | e:   0.838700 | Q:        nan | won: False 
#  614 | steps:  6784 | steps_t:  1622 | t: 42.762936 | r:  -509.000000 | e:   0.837800 | Q: -295.665649 | won: False 
#  615 | steps:  6790 | steps_t:  1627 | t: 42.898642 | r:  -505.000000 | e:   0.837300 | Q:        nan | won: False 
#  616 | steps:  6799 | steps_t:  1635 | t: 43.109097 | r:  -508.000000 | e:   0.836500 | Q:        nan | won: False 
#  617 | steps:  6807 | steps_t:  1642 | t: 43.297602 | r:  -507.000000 | e:   0.835800 | Q: -318.732635 | won: False 
#  618 | steps:  6818 | steps_t:  1652 | t: 43.570441 | r:  -510.000000 | e:   0.834800 | Q: -323.268890 | won: False 
#  619 | steps:  6828 | steps_t:  1661 | t: 43.814005 | r:  -509.000000 | e:   0.833900 | Q: -338.573700 | won: False 
#  620 | steps:  6838 | steps_t:  1670 | t: 44.051296 | r:  -509.000000 | e:   0.833000 | Q: -355.256165 | won: False 
#  621 | steps:  6849 | steps_t:  1680 | t: 44.312755 | r:  -510.000000 | e:   0.832000 | Q: -362.958771 | won: False 
#  622 | steps:  6860 | steps_t:  1690 | t: 44.575063 | r:  -510.000000 | e:   0.831000 | Q: -369.097839 | won: False 
#  623 | steps:  6886 | steps_t:  1715 | t: 45.226410 | r:  -525.000000 | e:   0.828500 | Q: -353.010590 | won: False 
#  624 | steps:  6897 | steps_t:  1725 | t: 45.487380 | r:  -510.000000 | e:   0.827500 | Q:        nan | won: False 
#  625 | steps:  6906 | steps_t:  1733 | t: 45.697804 | r:  -508.000000 | e:   0.826700 | Q: -373.168488 | won: False 
#  626 | steps:  6927 | steps_t:  1753 | t: 46.225967 | r:  -520.000000 | e:   0.824700 | Q: -339.385223 | won: False 
#  627 | steps:  6935 | steps_t:  1760 | t: 46.422841 | r:  -507.000000 | e:   0.824000 | Q: -334.022766 | won: False 
#  628 | steps:  6940 | steps_t:  1764 | t: 46.541638 | r:  -504.000000 | e:   0.823600 | Q: -348.340820 | won: False 
#  629 | steps:  6947 | steps_t:  1770 | t: 46.711891 | r:  -506.000000 | e:   0.823000 | Q: -345.041443 | won: False 
#  630 | steps:  6956 | steps_t:  1778 | t: 46.923055 | r:  -508.000000 | e:   0.822200 | Q: -338.780853 | won: False 
#  631 | steps:  6962 | steps_t:  1783 | t: 47.054943 | r:  -505.000000 | e:   0.821700 | Q:        nan | won: False 
#  632 | steps:  6971 | steps_t:  1791 | t: 47.272942 | r:  -508.000000 | e:   0.820900 | Q: -314.685425 | won: False 
#  633 | steps:  6980 | steps_t:  1799 | t: 47.482136 | r:  -508.000000 | e:   0.820100 | Q: -364.407043 | won: False 
#  634 | steps:  6991 | steps_t:  1809 | t: 47.739580 | r:  -510.000000 | e:   0.819100 | Q:        nan | won: False 
#  635 | steps:  6999 | steps_t:  1816 | t: 47.928280 | r:  -507.000000 | e:   0.818400 | Q: -331.060822 | won: False 
#  636 | steps:  7009 | steps_t:  1825 | t: 48.177511 | r:  -509.000000 | e:   0.817500 | Q: -347.620392 | won: False 
#  637 | steps:  7016 | steps_t:  1831 | t: 48.346726 | r:  -506.000000 | e:   0.816900 | Q: -316.062927 | won: False 
#  638 | steps:  7031 | steps_t:  1845 | t: 48.706287 | r:  -514.000000 | e:   0.815500 | Q: -317.624939 | won: False 
#  639 | steps:  7043 | steps_t:  1856 | t: 48.996307 | r:  -511.000000 | e:   0.814400 | Q: -308.898712 | won: False 
#  640 | steps:  7054 | steps_t:  1866 | t: 49.265483 | r:  -510.000000 | e:   0.813400 | Q: -317.095520 | won: False 
#  641 | steps:  7065 | steps_t:  1876 | t: 49.524376 | r:  -510.000000 | e:   0.812400 | Q:        nan | won: False 
#  642 | steps:  7078 | steps_t:  1888 | t: 49.833922 | r:  -501.000000 | e:   0.811200 | Q:        nan | won: False 
#  643 | steps:  7085 | steps_t:  1894 | t: 50.001633 | r:  -506.000000 | e:   0.810600 | Q: -313.904663 | won: False 
#  644 | steps:  7096 | steps_t:  1904 | t: 50.276970 | r:  -510.000000 | e:   0.809600 | Q: -300.421509 | won: False 
#  645 | steps:  7105 | steps_t:  1912 | t: 50.491156 | r:  -508.000000 | e:   0.808800 | Q:        nan | won: False 
#  646 | steps:  7114 | steps_t:  1920 | t: 50.717466 | r:  -508.000000 | e:   0.808000 | Q: -324.101227 | won: False 
#  647 | steps:  7124 | steps_t:  1929 | t: 50.971467 | r:  -509.000000 | e:   0.807100 | Q: -332.046478 | won: False 
#  648 | steps:  7132 | steps_t:  1936 | t: 51.159829 | r:  -507.000000 | e:   0.806400 | Q: -340.043213 | won: False 
#  649 | steps:  7142 | steps_t:  1945 | t: 51.400023 | r:  -509.000000 | e:   0.805500 | Q: -382.325928 | won: False 
#  650 | steps:  7153 | steps_t:  1955 | t: 51.667009 | r:  -510.000000 | e:   0.804500 | Q: -317.613556 | won: False 
#  651 | steps:  7162 | steps_t:  1963 | t: 51.877198 | r:  -508.000000 | e:   0.803700 | Q:        nan | won: False 
#  652 | steps:  7173 | steps_t:  1973 | t: 52.146907 | r:  -510.000000 | e:   0.802700 | Q: -316.413574 | won: False 
#  653 | steps:  7179 | steps_t:  1978 | t: 52.284699 | r:  -505.000000 | e:   0.802200 | Q: -382.313965 | won: False 
#  654 | steps:  7197 | steps_t:  1995 | t: 52.734549 | r:  -517.000000 | e:   0.800500 | Q: -319.384155 | won: False 
#  655 | steps:  7204 | steps_t:  2001 | t: 52.899253 | r:  -506.000000 | e:   0.799900 | Q: -309.360962 | won: False 
#  656 | steps:  7223 | steps_t:  2019 | t: 53.375549 | r:  -518.000000 | e:   0.798100 | Q: -294.320984 | won: False 
#  657 | steps:  7241 | steps_t:  2036 | t: 53.814502 | r:  -517.000000 | e:   0.796400 | Q: -311.671997 | won: False 
#  658 | steps:  7247 | steps_t:  2041 | t: 53.943615 | r:  -505.000000 | e:   0.795900 | Q:        nan | won: False 
#  659 | steps:  7267 | steps_t:  2060 | t: 54.450722 | r:  -519.000000 | e:   0.794000 | Q: -319.941895 | won: False 
#  660 | steps:  7276 | steps_t:  2068 | t: 54.660644 | r:  -508.000000 | e:   0.793200 | Q: -346.678925 | won: False 
#  661 | steps:  7283 | steps_t:  2074 | t: 54.828571 | r:  -506.000000 | e:   0.792600 | Q: -329.028412 | won: False 
#  662 | steps:  7300 | steps_t:  2090 | t: 55.258955 | r:  -505.000000 | e:   0.791000 | Q: -307.884155 | won: False 
#  663 | steps:  7308 | steps_t:  2097 | t: 55.441843 | r:  -507.000000 | e:   0.790300 | Q:        nan | won: False 
#  664 | steps:  7316 | steps_t:  2104 | t: 55.638279 | r:  -507.000000 | e:   0.789600 | Q: -354.020020 | won: False 
#  665 | steps:  7324 | steps_t:  2111 | t: 55.840122 | r:  -507.000000 | e:   0.788900 | Q: -333.291412 | won: False 
#  666 | steps:  7340 | steps_t:  2126 | t: 56.244018 | r:  -504.000000 | e:   0.787400 | Q: -316.403992 | won: False 
#  667 | steps:  7360 | steps_t:  2145 | t: 56.740063 | r:  -519.000000 | e:   0.785500 | Q: -296.337433 | won: False 
#  668 | steps:  7370 | steps_t:  2154 | t: 56.986147 | r:  -509.000000 | e:   0.784600 | Q: -303.962677 | won: False 
#  669 | steps:  7380 | steps_t:  2163 | t: 57.241327 | r:  -509.000000 | e:   0.783700 | Q: -332.766541 | won: False 
#  670 | steps:  7388 | steps_t:  2170 | t: 57.426970 | r:  -507.000000 | e:   0.783000 | Q:        nan | won: False 
#  671 | steps:  7397 | steps_t:  2178 | t: 57.644507 | r:  -508.000000 | e:   0.782200 | Q: -430.582581 | won: False 
#  672 | steps:  7407 | steps_t:  2187 | t: 57.886850 | r:  -509.000000 | e:   0.781300 | Q: -345.185120 | won: False 
#  673 | steps:  7425 | steps_t:  2204 | t: 58.337225 | r:  -517.000000 | e:   0.779600 | Q: -306.315826 | won: False 
#  674 | steps:  7431 | steps_t:  2209 | t: 58.478000 | r:  -505.000000 | e:   0.779100 | Q: -345.715942 | won: False 
#  675 | steps:  7444 | steps_t:  2221 | t: 58.796654 | r:  -512.000000 | e:   0.777900 | Q: -443.573761 | won: False 
#  676 | steps:  7452 | steps_t:  2228 | t: 58.995703 | r:  -507.000000 | e:   0.777200 | Q: -340.531586 | won: False 
#  677 | steps:  7461 | steps_t:  2236 | t: 59.206157 | r:  -508.000000 | e:   0.776400 | Q:        nan | won: False 
#  678 | steps:  7472 | steps_t:  2246 | t: 59.469801 | r:  -510.000000 | e:   0.775400 | Q: -349.299408 | won: False 
#  679 | steps:  7484 | steps_t:  2257 | t: 59.761611 | r:  -511.000000 | e:   0.774300 | Q: -313.235657 | won: False 
#  680 | steps:  7493 | steps_t:  2265 | t: 59.973843 | r:  -508.000000 | e:   0.773500 | Q: -333.043823 | won: False 
