#    1 | steps:   192 | steps_t: 90830 | t: 0.305083 | r:  -680.000000 | e:   0.100000 | Q: 223.623199 | won: False 
#    2 | steps:   215 | steps_t: 90830 | t: 0.338918 | r:  -511.000000 | e:   0.100000 | Q: 153.768494 | won: False 
#    3 | steps:   233 | steps_t: 90830 | t: 0.363469 | r:  -517.000000 | e:   0.100000 | Q: 229.685638 | won: False 
#    4 | steps:   248 | steps_t: 90830 | t: 0.381856 | r:  -514.000000 | e:   0.100000 | Q: 190.709396 | won: False 
#    5 | steps:   308 | steps_t: 90830 | t: 0.465268 | r:  -548.000000 | e:   0.100000 | Q: 254.989517 | won: False 
#    6 | steps:   341 | steps_t: 90830 | t: 0.512916 | r:    79.000000 | e:   0.100000 | Q: 208.423416 | won: True 
#    7 | steps:   372 | steps_t: 90830 | t: 0.554044 | r:  -519.000000 | e:   0.100000 | Q: 254.989517 | won: False 
#    8 | steps:   407 | steps_t: 90830 | t: 0.595716 | r:  -523.000000 | e:   0.100000 | Q: 254.989517 | won: False 
#    9 | steps:   439 | steps_t: 90830 | t: 0.638400 | r:  -520.000000 | e:   0.100000 | Q: 187.408112 | won: False 
#   10 | steps:   453 | steps_t: 90830 | t: 0.656650 | r:  -513.000000 | e:   0.100000 | Q: 190.307083 | won: False 
#   11 | steps:   467 | steps_t: 90830 | t: 0.674295 | r:  -513.000000 | e:   0.100000 | Q: 127.356308 | won: False 
#   12 | steps:   504 | steps_t: 90830 | t: 0.723187 | r:  -525.000000 | e:   0.100000 | Q: 254.989517 | won: False 
#   13 | steps:   545 | steps_t: 90830 | t: 0.776303 | r:  -529.000000 | e:   0.100000 | Q: 254.989517 | won: False 
#   14 | steps:   626 | steps_t: 90830 | t: 0.876920 | r:  -569.000000 | e:   0.100000 | Q: 254.989517 | won: False 
#   15 | steps:   656 | steps_t: 90830 | t: 0.922675 | r:  -518.000000 | e:   0.100000 | Q: 254.989517 | won: False 
#   16 | steps:   685 | steps_t: 90830 | t: 0.960299 | r:  -517.000000 | e:   0.100000 | Q: 254.989517 | won: False 
#   17 | steps:   722 | steps_t: 90830 | t: 1.006193 | r:  -525.000000 | e:   0.100000 | Q: 229.685638 | won: False 
#   18 | steps:   757 | steps_t: 90830 | t: 1.048836 | r:  -523.000000 | e:   0.100000 | Q: 185.644272 | won: False 
#   19 | steps:   804 | steps_t: 90830 | t: 1.112800 | r:  -535.000000 | e:   0.100000 | Q: 254.989517 | won: False 
#   20 | steps:   939 | steps_t: 90830 | t: 1.282901 | r:  -623.000000 | e:   0.100000 | Q: 223.623199 | won: False 
#   21 | steps:  1001 | steps_t: 90830 | t: 1.359875 | r:  -550.000000 | e:   0.100000 | Q: 188.598648 | won: False 
#   22 | steps:  1028 | steps_t: 90830 | t: 1.394768 | r:  -515.000000 | e:   0.100000 | Q: 254.989517 | won: False 
#   23 | steps:  1097 | steps_t: 90830 | t: 1.482241 | r:  -557.000000 | e:   0.100000 | Q: 185.644272 | won: False 
#   24 | steps:  1202 | steps_t: 90830 | t: 1.617310 | r:  -593.000000 | e:   0.100000 | Q: 223.623199 | won: False 
#   25 | steps:  1238 | steps_t: 90830 | t: 1.664252 | r:  -524.000000 | e:   0.100000 | Q: 254.989517 | won: False 
#   26 | steps:  1265 | steps_t: 90830 | t: 1.695212 | r:  -515.000000 | e:   0.100000 | Q: 254.989517 | won: False 
#   27 | steps:  1374 | steps_t: 90830 | t: 1.825542 | r:  -597.000000 | e:   0.100000 | Q: 254.989517 | won: False 
#   28 | steps:  1415 | steps_t: 90830 | t: 1.880050 | r:  -529.000000 | e:   0.100000 | Q: 254.989517 | won: False 
#   29 | steps:  1467 | steps_t: 90830 | t: 1.944156 | r:  -540.000000 | e:   0.100000 | Q: 254.989517 | won: False 
#   30 | steps:  1634 | steps_t: 90830 | t: 2.148822 | r:  -655.000000 | e:   0.100000 | Q: 254.989517 | won: False 
#   31 | steps:  1687 | steps_t: 90830 | t: 2.215919 | r:  -541.000000 | e:   0.100000 | Q: 254.989517 | won: False 
#   32 | steps:  1721 | steps_t: 90830 | t: 2.259502 | r:  -522.000000 | e:   0.100000 | Q: 254.989517 | won: False 
#   33 | steps:  1806 | steps_t: 90830 | t: 2.364377 | r:  -573.000000 | e:   0.100000 | Q: 223.623199 | won: False 
#   34 | steps:  1856 | steps_t: 90830 | t: 2.432029 | r:  -538.000000 | e:   0.100000 | Q: 229.685638 | won: False 
#   35 | steps:  1884 | steps_t: 90830 | t: 2.467507 | r:  -516.000000 | e:   0.100000 | Q: 190.709396 | won: False 
#   36 | steps:  1932 | steps_t: 90830 | t: 2.530665 | r:  -536.000000 | e:   0.100000 | Q: 172.634140 | won: False 
#   37 | steps:  1958 | steps_t: 90830 | t: 2.564720 | r:  -514.000000 | e:   0.100000 | Q: 254.989517 | won: False 
#   38 | steps:  2036 | steps_t: 90830 | t: 2.664723 | r:  -566.000000 | e:   0.100000 | Q: 254.989517 | won: False 
#   39 | steps:  2069 | steps_t: 90830 | t: 2.713342 | r:    79.000000 | e:   0.100000 | Q: 185.644272 | won: True 
#   40 | steps:  2079 | steps_t: 90830 | t: 2.723738 | r:  -509.000000 | e:   0.100000 | Q: 188.598648 | won: False 
#   41 | steps:  2101 | steps_t: 90830 | t: 2.753063 | r:  -510.000000 | e:   0.100000 | Q: 254.989517 | won: False 
#   42 | steps:  2136 | steps_t: 90830 | t: 2.814469 | r:  -523.000000 | e:   0.100000 | Q: 254.989517 | won: False 
#   43 | steps:  2195 | steps_t: 90830 | t: 2.891240 | r:  -547.000000 | e:   0.100000 | Q: 207.932129 | won: False 
#   44 | steps:  2231 | steps_t: 90830 | t: 2.937428 | r:  -524.000000 | e:   0.100000 | Q: 207.932129 | won: False 
#   45 | steps:  2347 | steps_t: 90830 | t: 3.082438 | r:  -604.000000 | e:   0.100000 | Q: 223.623199 | won: False 
#   46 | steps:  2399 | steps_t: 90830 | t: 3.148016 | r:  -540.000000 | e:   0.100000 | Q: 254.989517 | won: False 
#   47 | steps:  2414 | steps_t: 90830 | t: 3.168342 | r:  -503.000000 | e:   0.100000 | Q: 207.932129 | won: False 
#   48 | steps:  2445 | steps_t: 90830 | t: 3.210313 | r:  -519.000000 | e:   0.100000 | Q: 254.989517 | won: False 
#   49 | steps:  2599 | steps_t: 90830 | t: 3.404789 | r:  -642.000000 | e:   0.100000 | Q: 229.685638 | won: False 
#   50 | steps:  2634 | steps_t: 90830 | t: 3.451390 | r:  -523.000000 | e:   0.100000 | Q: 229.685638 | won: False 
#   51 | steps:  2700 | steps_t: 90830 | t: 3.537423 | r:  -554.000000 | e:   0.100000 | Q: 254.989517 | won: False 
#   52 | steps:  2747 | steps_t: 90830 | t: 3.597720 | r:  -535.000000 | e:   0.100000 | Q: 254.989517 | won: False 
#   53 | steps:  2865 | steps_t: 90830 | t: 3.746472 | r:  -606.000000 | e:   0.100000 | Q: 254.989517 | won: False 
#   54 | steps:  2897 | steps_t: 90830 | t: 3.789330 | r:  -520.000000 | e:   0.100000 | Q: 254.989517 | won: False 
#   55 | steps:  2926 | steps_t: 90830 | t: 3.828533 | r:    83.000000 | e:   0.100000 | Q: 254.989517 | won: True 
#   56 | steps:  2990 | steps_t: 90830 | t: 3.915401 | r:  -552.000000 | e:   0.100000 | Q: 229.685638 | won: False 
#   57 | steps:  3013 | steps_t: 90830 | t: 3.944307 | r:  -511.000000 | e:   0.100000 | Q: 207.932129 | won: False 
#   58 | steps:  3056 | steps_t: 90830 | t: 4.001087 | r:  -531.000000 | e:   0.100000 | Q: 207.932129 | won: False 
#   59 | steps:  3088 | steps_t: 90830 | t: 4.045027 | r:  -520.000000 | e:   0.100000 | Q: 207.932129 | won: False 
#   60 | steps:  3113 | steps_t: 90830 | t: 4.081836 | r:  -513.000000 | e:   0.100000 | Q: 254.989517 | won: False 
#   61 | steps:  3149 | steps_t: 90830 | t: 4.130363 | r:  -524.000000 | e:   0.100000 | Q: 254.989517 | won: False 
#   62 | steps:  3206 | steps_t: 90830 | t: 4.202478 | r:  -545.000000 | e:   0.100000 | Q: 207.932129 | won: False 
#   63 | steps:  3264 | steps_t: 90830 | t: 4.278349 | r:  -546.000000 | e:   0.100000 | Q: 254.989517 | won: False 
#   64 | steps:  3297 | steps_t: 90830 | t: 4.323079 | r:  -521.000000 | e:   0.100000 | Q: 254.989517 | won: False 
#   65 | steps:  3327 | steps_t: 90830 | t: 4.363968 | r:  -518.000000 | e:   0.100000 | Q: 254.989517 | won: False 
#   66 | steps:  3410 | steps_t: 90830 | t: 4.467035 | r:  -571.000000 | e:   0.100000 | Q: 254.989517 | won: False 
#   67 | steps:  3475 | steps_t: 90830 | t: 4.549253 | r:  -553.000000 | e:   0.100000 | Q: 254.989517 | won: False 
#   68 | steps:  3523 | steps_t: 90830 | t: 4.617599 | r:    64.000000 | e:   0.100000 | Q: 254.989517 | won: True 
#   69 | steps:  3609 | steps_t: 90830 | t: 4.729246 | r:  -574.000000 | e:   0.100000 | Q: 254.989517 | won: False 
#   70 | steps:  3815 | steps_t: 90830 | t: 5.005854 | r:  -694.000000 | e:   0.100000 | Q: 223.623199 | won: False 
#   71 | steps:  3910 | steps_t: 90830 | t: 5.134543 | r:  -583.000000 | e:   0.100000 | Q: 223.623199 | won: False 
#   72 | steps:  3966 | steps_t: 90830 | t: 5.217373 | r:  -544.000000 | e:   0.100000 | Q: 229.685638 | won: False 
#   73 | steps:  4019 | steps_t: 90830 | t: 5.295553 | r:  -541.000000 | e:   0.100000 | Q: 207.932129 | won: False 
#   74 | steps:  4032 | steps_t: 90830 | t: 5.310478 | r:  -512.000000 | e:   0.100000 | Q: 229.685638 | won: False 
#   75 | steps:  4052 | steps_t: 90830 | t: 5.337210 | r:  -519.000000 | e:   0.100000 | Q: 185.644272 | won: False 
#   76 | steps:  4078 | steps_t: 90830 | t: 5.373002 | r:  -514.000000 | e:   0.100000 | Q: 229.685638 | won: False 
#   77 | steps:  4090 | steps_t: 90830 | t: 5.385419 | r:  -511.000000 | e:   0.100000 | Q: 172.634140 | won: False 
#   78 | steps:  4133 | steps_t: 90830 | t: 5.440954 | r:  -531.000000 | e:   0.100000 | Q: 254.989517 | won: False 
#   79 | steps:  4176 | steps_t: 90830 | t: 5.497805 | r:  -531.000000 | e:   0.100000 | Q: 254.989517 | won: False 
#   80 | steps:  4253 | steps_t: 90830 | t: 5.599513 | r:  -565.000000 | e:   0.100000 | Q: 254.989517 | won: False 
#   81 | steps:  4439 | steps_t: 90830 | t: 5.918644 | r:  -674.000000 | e:   0.100000 | Q: 254.989517 | won: False 
#   82 | steps:  4523 | steps_t: 90830 | t: 6.073257 | r:  -572.000000 | e:   0.100000 | Q: 254.989517 | won: False 
#   83 | steps:  4579 | steps_t: 90830 | t: 6.190286 | r:  -544.000000 | e:   0.100000 | Q: 254.989517 | won: False 
#   84 | steps:  4632 | steps_t: 90830 | t: 6.318274 | r:  -541.000000 | e:   0.100000 | Q: 254.989517 | won: False 
#   85 | steps:  4697 | steps_t: 90830 | t: 6.471030 | r:  -553.000000 | e:   0.100000 | Q: 254.989517 | won: False 
#   86 | steps:  4739 | steps_t: 90830 | t: 6.572275 | r:  -530.000000 | e:   0.100000 | Q: 229.685638 | won: False 
#   87 | steps:  4802 | steps_t: 90830 | t: 6.683162 | r:  -551.000000 | e:   0.100000 | Q: 254.989517 | won: False 
#   88 | steps:  4839 | steps_t: 90830 | t: 6.735932 | r:  -525.000000 | e:   0.100000 | Q: 207.932129 | won: False 
#   89 | steps:  4885 | steps_t: 90830 | t: 6.802143 | r:  -534.000000 | e:   0.100000 | Q: 207.932129 | won: False 
#   90 | steps:  4915 | steps_t: 90830 | t: 6.849514 | r:  -518.000000 | e:   0.100000 | Q: 229.685638 | won: False 
#   91 | steps:  4931 | steps_t: 90830 | t: 6.872022 | r:  -515.000000 | e:   0.100000 | Q: 254.989517 | won: False 
#   92 | steps:  4979 | steps_t: 90830 | t: 6.941183 | r:  -536.000000 | e:   0.100000 | Q: 223.623199 | won: False 
#   93 | steps:  5008 | steps_t: 90836 | t: 7.144927 | r:  -517.000000 | e:   0.100000 | Q: 254.989517 | won: False 
#   94 | steps:  5030 | steps_t: 90857 | t: 7.392926 | r:  -521.000000 | e:   0.100000 | Q: 269.375397 | won: False 
#   95 | steps:  5052 | steps_t: 90878 | t: 7.629264 | r:  -510.000000 | e:   0.100000 | Q: 259.717834 | won: False 
#   96 | steps:  5066 | steps_t: 90891 | t: 7.764951 | r:  -513.000000 | e:   0.100000 | Q: 560.349548 | won: False 
#   97 | steps:  5081 | steps_t: 90905 | t: 7.905323 | r:  -503.000000 | e:   0.100000 | Q: 411.368408 | won: False 
#   98 | steps:  5110 | steps_t: 90933 | t: 8.308516 | r:  -517.000000 | e:   0.100000 | Q: 273.914856 | won: False 
#   99 | steps:  5144 | steps_t: 90966 | t: 8.691349 | r:  -522.000000 | e:   0.100000 | Q: 647.549133 | won: False 
#  100 | steps:  5183 | steps_t: 91004 | t: 9.175060 | r:  -527.000000 | e:   0.100000 | Q: 450.924744 | won: False 
#  101 | steps:  5201 | steps_t: 91021 | t: 9.386110 | r:  -517.000000 | e:   0.100000 | Q: 561.326050 | won: False 
#  102 | steps:  5229 | steps_t: 91048 | t: 9.686823 | r:  -516.000000 | e:   0.100000 | Q: 397.146912 | won: False 
#  103 | steps:  5289 | steps_t: 91107 | t: 10.364659 | r:  -548.000000 | e:   0.100000 | Q: 392.908752 | won: False 
#  104 | steps:  5317 | steps_t: 91134 | t: 10.663054 | r:  -516.000000 | e:   0.100000 | Q: 387.201569 | won: False 
#  105 | steps:  5420 | steps_t: 91236 | t: 11.810236 | r:  -591.000000 | e:   0.100000 | Q: 253.398911 | won: False 
#  106 | steps:  5437 | steps_t: 91252 | t: 11.971145 | r:  -516.000000 | e:   0.100000 | Q: 220.416504 | won: False 
#  107 | steps:  5480 | steps_t: 91294 | t: 12.434586 | r:  -531.000000 | e:   0.100000 | Q: 259.595215 | won: False 
#  108 | steps:  5557 | steps_t: 91370 | t: 13.241558 | r:  -565.000000 | e:   0.100000 | Q: 260.080872 | won: False 
#  109 | steps:  5569 | steps_t: 91381 | t: 13.355223 | r:  -511.000000 | e:   0.100000 | Q: 153.318527 | won: False 
#  110 | steps:  5584 | steps_t: 91395 | t: 13.500196 | r:  -503.000000 | e:   0.100000 | Q: 171.352707 | won: False 
#  111 | steps:  5618 | steps_t: 91428 | t: 13.829519 | r:  -522.000000 | e:   0.100000 | Q: 235.238846 | won: False 
#  112 | steps:  5638 | steps_t: 91447 | t: 14.025323 | r:  -508.000000 | e:   0.100000 | Q: 134.642258 | won: False 
#  113 | steps:  5678 | steps_t: 91486 | t: 14.416650 | r:  -528.000000 | e:   0.100000 | Q: 132.665634 | won: False 
#  114 | steps:  5720 | steps_t: 91527 | t: 14.821144 | r:  -530.000000 | e:   0.100000 | Q: 129.555389 | won: False 
#  115 | steps:  5735 | steps_t: 91541 | t: 14.970340 | r:  -514.000000 | e:   0.100000 | Q: 126.543335 | won: False 
#  116 | steps:  5777 | steps_t: 91582 | t: 15.415714 | r:  -530.000000 | e:   0.100000 | Q: 154.620087 | won: False 
#  117 | steps:  5801 | steps_t: 91605 | t: 15.762195 | r:  -512.000000 | e:   0.100000 | Q: 178.444656 | won: False 
#  118 | steps:  5903 | steps_t: 91706 | t: 17.268826 | r:    10.000000 | e:   0.100000 | Q: 207.319809 | won: True 
#  119 | steps:  5968 | steps_t: 91770 | t: 18.062710 | r:  -553.000000 | e:   0.100000 | Q: 172.709183 | won: False 
#  120 | steps:  6039 | steps_t: 91840 | t: 18.926304 | r:  -559.000000 | e:   0.100000 | Q: 191.780807 | won: False 
#  121 | steps:  6058 | steps_t: 91858 | t: 19.224636 | r:  -518.000000 | e:   0.100000 | Q: 193.320633 | won: False 
#  122 | steps:  6096 | steps_t: 91895 | t: 19.735632 | r:  -526.000000 | e:   0.100000 | Q: 156.364288 | won: False 
#  123 | steps:  6147 | steps_t: 91945 | t: 20.314799 | r:  -539.000000 | e:   0.100000 | Q: 121.499771 | won: False 
#  124 | steps:  6183 | steps_t: 91980 | t: 20.869878 | r:  -524.000000 | e:   0.100000 | Q: 102.733124 | won: False 
#  125 | steps:  6195 | steps_t: 91991 | t: 20.990541 | r:  -511.000000 | e:   0.100000 | Q:  99.769073 | won: False 
#  126 | steps:  6217 | steps_t: 92012 | t: 21.295202 | r:  -510.000000 | e:   0.100000 | Q:  94.930191 | won: False 
#  127 | steps:  6289 | steps_t: 92083 | t: 22.033921 | r:  -560.000000 | e:   0.100000 | Q: 154.102402 | won: False 
#  128 | steps:  6329 | steps_t: 92122 | t: 22.411000 | r:  -528.000000 | e:   0.100000 | Q: 108.704536 | won: False 
#  129 | steps:  6393 | steps_t: 92185 | t: 22.999054 | r:  -552.000000 | e:   0.100000 | Q: 120.349739 | won: False 
#  130 | steps:  6407 | steps_t: 92198 | t: 23.139755 | r:  -513.000000 | e:   0.100000 | Q: 128.179092 | won: False 
#  131 | steps:  6422 | steps_t: 92212 | t: 23.273500 | r:  -503.000000 | e:   0.100000 | Q: 109.965866 | won: False 
#  132 | steps:  6437 | steps_t: 92226 | t: 23.398976 | r:  -514.000000 | e:   0.100000 | Q:  97.659882 | won: False 
#  133 | steps:  6509 | steps_t: 92297 | t: 24.086190 | r:  -560.000000 | e:   0.100000 | Q: 125.524872 | won: False 
#  134 | steps:  6545 | steps_t: 92332 | t: 24.644449 | r:  -524.000000 | e:   0.100000 | Q: 113.624481 | won: False 
#  135 | steps:  6563 | steps_t: 92349 | t: 24.927589 | r:  -495.000000 | e:   0.100000 | Q: 141.759521 | won: False 
#  136 | steps:  6649 | steps_t: 92434 | t: 26.163785 | r:  -574.000000 | e:   0.100000 | Q: 151.076172 | won: False 
#  137 | steps:  6691 | steps_t: 92475 | t: 26.599083 | r:  -530.000000 | e:   0.100000 | Q:  96.203789 | won: False 
#  138 | steps:  6737 | steps_t: 92520 | t: 27.051824 | r:  -534.000000 | e:   0.100000 | Q: 146.781525 | won: False 
#  139 | steps:  6796 | steps_t: 92578 | t: 27.625174 | r:  -547.000000 | e:   0.100000 | Q:  88.628784 | won: False 
#  140 | steps:  6859 | steps_t: 92640 | t: 28.256984 | r:  -551.000000 | e:   0.100000 | Q: 150.335907 | won: False 
#  141 | steps:  6913 | steps_t: 92693 | t: 28.786494 | r:  -542.000000 | e:   0.100000 | Q: 143.778412 | won: False 
#  142 | steps:  6949 | steps_t: 92728 | t: 29.116945 | r:  -524.000000 | e:   0.100000 | Q: 113.277412 | won: False 
#  143 | steps:  6978 | steps_t: 92756 | t: 29.387465 | r:  -517.000000 | e:   0.100000 | Q: 122.593491 | won: False 
#  144 | steps:  7026 | steps_t: 92803 | t: 29.862967 | r:    64.000000 | e:   0.100000 | Q: 114.973938 | won: True 
#  145 | steps:  7035 | steps_t: 92811 | t: 29.939200 | r:  -508.000000 | e:   0.100000 | Q:  90.240479 | won: False 
#  146 | steps:  7091 | steps_t: 92866 | t: 30.495022 | r:  -544.000000 | e:   0.100000 | Q: 115.365318 | won: False 
#  147 | steps:  7124 | steps_t: 92898 | t: 30.851065 | r:  -521.000000 | e:   0.100000 | Q:  92.582100 | won: False 
#  148 | steps:  7158 | steps_t: 92931 | t: 31.170306 | r:  -522.000000 | e:   0.100000 | Q:  80.648064 | won: False 
#  149 | steps:  7201 | steps_t: 92973 | t: 31.666750 | r:  -531.000000 | e:   0.100000 | Q:  90.690361 | won: False 
#  150 | steps:  7227 | steps_t: 92998 | t: 31.899927 | r:  -514.000000 | e:   0.100000 | Q: 111.390869 | won: False 
#  151 | steps:  7248 | steps_t: 93018 | t: 32.085296 | r:  -520.000000 | e:   0.100000 | Q: 127.167976 | won: False 
#  152 | steps:  7297 | steps_t: 93066 | t: 32.563213 | r:  -537.000000 | e:   0.100000 | Q: 107.169075 | won: False 
#  153 | steps:  7337 | steps_t: 93105 | t: 32.956271 | r:  -528.000000 | e:   0.100000 | Q: 132.825607 | won: False 
#  154 | steps:  7368 | steps_t: 93135 | t: 33.289287 | r:  -519.000000 | e:   0.100000 | Q: 102.291443 | won: False 
#  155 | steps:  7392 | steps_t: 93158 | t: 33.576681 | r:  -512.000000 | e:   0.100000 | Q: 164.576035 | won: False 
#  156 | steps:  7414 | steps_t: 93179 | t: 33.810463 | r:  -510.000000 | e:   0.100000 | Q: 118.825447 | won: False 
#  157 | steps:  7443 | steps_t: 93207 | t: 34.082107 | r:  -517.000000 | e:   0.100000 | Q: 123.096634 | won: False 
#  158 | steps:  7481 | steps_t: 93244 | t: 34.457882 | r:  -526.000000 | e:   0.100000 | Q: 149.179047 | won: False 
#  159 | steps:  7502 | steps_t: 93264 | t: 34.653337 | r:  -509.000000 | e:   0.100000 | Q: 127.748405 | won: False 
#  160 | steps:  7541 | steps_t: 93302 | t: 35.010870 | r:  -527.000000 | e:   0.100000 | Q: 120.057907 | won: False 
#  161 | steps:  7578 | steps_t: 93338 | t: 35.446007 | r:  -525.000000 | e:   0.100000 | Q: 154.208160 | won: False 
#  162 | steps:  7639 | steps_t: 93398 | t: 36.068625 | r:  -549.000000 | e:   0.100000 | Q: 115.850868 | won: False 
#  163 | steps:  7676 | steps_t: 93434 | t: 36.447158 | r:  -525.000000 | e:   0.100000 | Q: 121.306580 | won: False 
#  164 | steps:  7738 | steps_t: 93495 | t: 37.047649 | r:    50.000000 | e:   0.100000 | Q: 155.202499 | won: True 
#  165 | steps:  7756 | steps_t: 93512 | t: 37.207104 | r:  -517.000000 | e:   0.100000 | Q: 108.336433 | won: False 
#  166 | steps:  7771 | steps_t: 93526 | t: 37.332267 | r:  -503.000000 | e:   0.100000 | Q: 151.898376 | won: False 
#  167 | steps:  7822 | steps_t: 93576 | t: 37.819231 | r:  -539.000000 | e:   0.100000 | Q: 214.204758 | won: False 
#  168 | steps:  7836 | steps_t: 93589 | t: 37.938406 | r:  -513.000000 | e:   0.100000 | Q: 143.865067 | won: False 
#  169 | steps:  7891 | steps_t: 93643 | t: 38.452754 | r:  -543.000000 | e:   0.100000 | Q: 270.978363 | won: False 
#  170 | steps:  7931 | steps_t: 93682 | t: 38.816083 | r:  -528.000000 | e:   0.100000 | Q: 239.412079 | won: False 
#  171 | steps:  8010 | steps_t: 93760 | t: 39.539013 | r:  -567.000000 | e:   0.100000 | Q: 265.792328 | won: False 
#  172 | steps:  8047 | steps_t: 93796 | t: 39.878754 | r:  -525.000000 | e:   0.100000 | Q: 290.712250 | won: False 
#  173 | steps:  8068 | steps_t: 93816 | t: 40.058921 | r:  -509.000000 | e:   0.100000 | Q: 274.960022 | won: False 
#  174 | steps:  8085 | steps_t: 93832 | t: 40.201845 | r:  -516.000000 | e:   0.100000 | Q: 437.136261 | won: False 
#  175 | steps:  8100 | steps_t: 93846 | t: 40.329020 | r:  -514.000000 | e:   0.100000 | Q: 370.918701 | won: False 
#  176 | steps:  8109 | steps_t: 93854 | t: 40.403246 | r:  -508.000000 | e:   0.100000 | Q: 268.357483 | won: False 
#  177 | steps:  8137 | steps_t: 93881 | t: 40.662594 | r:  -516.000000 | e:   0.100000 | Q: 254.063919 | won: False 
#  178 | steps:  8151 | steps_t: 93894 | t: 40.782132 | r:  -513.000000 | e:   0.100000 | Q: 511.133331 | won: False 
#  179 | steps:  8188 | steps_t: 93930 | t: 41.118300 | r:  -525.000000 | e:   0.100000 | Q: 421.346863 | won: False 
#  180 | steps:  8202 | steps_t: 93943 | t: 41.244963 | r:  -513.000000 | e:   0.100000 | Q: 239.472351 | won: False 
#  181 | steps:  8232 | steps_t: 93972 | t: 41.514210 | r:  -518.000000 | e:   0.100000 | Q: 364.458740 | won: False 
#  182 | steps:  8250 | steps_t: 93989 | t: 41.676272 | r:  -517.000000 | e:   0.100000 | Q: 431.230499 | won: False 
#  183 | steps:  8260 | steps_t: 93998 | t: 41.765517 | r:  -509.000000 | e:   0.100000 | Q: 333.547882 | won: False 
#  184 | steps:  8289 | steps_t: 94026 | t: 42.022352 | r:  -517.000000 | e:   0.100000 | Q: 309.894653 | won: False 
#  185 | steps:  8321 | steps_t: 94057 | t: 42.317440 | r:  -520.000000 | e:   0.100000 | Q: 447.893036 | won: False 
#  186 | steps:  8334 | steps_t: 94069 | t: 42.429330 | r:  -512.000000 | e:   0.100000 | Q: 443.267334 | won: False 
#  187 | steps:  8351 | steps_t: 94085 | t: 42.583725 | r:  -516.000000 | e:   0.100000 | Q: 306.894165 | won: False 
#  188 | steps:  8366 | steps_t: 94099 | t: 42.714460 | r:  -492.000000 | e:   0.100000 | Q: 268.401123 | won: False 
#  189 | steps:  8386 | steps_t: 94118 | t: 42.890632 | r:  -508.000000 | e:   0.100000 | Q: 256.995117 | won: False 
#  190 | steps:  8408 | steps_t: 94139 | t: 43.085932 | r:  -510.000000 | e:   0.100000 | Q: 344.348053 | won: False 
#  191 | steps:  8424 | steps_t: 94154 | t: 43.225569 | r:  -515.000000 | e:   0.100000 | Q: 285.152710 | won: False 
#  192 | steps:  8455 | steps_t: 94184 | t: 43.511235 | r:  -519.000000 | e:   0.100000 | Q: 282.909760 | won: False 
#  193 | steps:  8482 | steps_t: 94210 | t: 43.755405 | r:  -515.000000 | e:   0.100000 | Q: 208.270309 | won: False 
#  194 | steps:  8530 | steps_t: 94257 | t: 44.200082 | r:  -536.000000 | e:   0.100000 | Q: 193.954056 | won: False 
#  195 | steps:  8556 | steps_t: 94282 | t: 44.438013 | r:  -514.000000 | e:   0.100000 | Q: 159.884384 | won: False 
#  196 | steps:  8588 | steps_t: 94313 | t: 44.726750 | r:  -520.000000 | e:   0.100000 | Q: 153.339142 | won: False 
#  197 | steps:  8610 | steps_t: 94334 | t: 44.938144 | r:  -510.000000 | e:   0.100000 | Q: 142.184677 | won: False 
#  198 | steps:  8642 | steps_t: 94365 | t: 45.218331 | r:  -520.000000 | e:   0.100000 | Q: 126.173294 | won: False 
#  199 | steps:  8662 | steps_t: 94384 | t: 45.391032 | r:  -508.000000 | e:   0.100000 | Q: 133.365570 | won: False 
#  200 | steps:  8692 | steps_t: 94413 | t: 45.665585 | r:  -518.000000 | e:   0.100000 | Q: 164.235672 | won: False 
#  201 | steps:  8706 | steps_t: 94426 | t: 45.783669 | r:  -513.000000 | e:   0.100000 | Q: 118.249573 | won: False 
#  202 | steps:  8764 | steps_t: 94483 | t: 46.338812 | r:  -546.000000 | e:   0.100000 | Q: 109.576454 | won: False 
#  203 | steps:  8817 | steps_t: 94535 | t: 46.851606 | r:  -541.000000 | e:   0.100000 | Q: 113.429665 | won: False 
#  204 | steps:  8889 | steps_t: 94606 | t: 47.514107 | r:  -560.000000 | e:   0.100000 | Q: 124.184441 | won: False 
#  205 | steps:  8937 | steps_t: 94653 | t: 47.978000 | r:  -536.000000 | e:   0.100000 | Q: 129.548691 | won: False 
#  206 | steps:  8958 | steps_t: 94673 | t: 48.166353 | r:  -520.000000 | e:   0.100000 | Q:  96.303131 | won: False 
#  207 | steps:  8982 | steps_t: 94696 | t: 48.381271 | r:  -512.000000 | e:   0.100000 | Q:  88.089638 | won: False 
#  208 | steps:  9057 | steps_t: 94770 | t: 49.057088 | r:  -563.000000 | e:   0.100000 | Q:  81.621239 | won: False 
#  209 | steps:  9076 | steps_t: 94788 | t: 49.220626 | r:  -507.000000 | e:   0.100000 | Q:  80.813866 | won: False 
#  210 | steps:  9089 | steps_t: 94800 | t: 49.330871 | r:  -512.000000 | e:   0.100000 | Q:  73.644989 | won: False 
#  211 | steps:  9154 | steps_t: 94864 | t: 49.976217 | r:  -553.000000 | e:   0.100000 | Q:  80.827248 | won: False 
#  212 | steps:  9184 | steps_t: 94893 | t: 50.244516 | r:  -518.000000 | e:   0.100000 | Q:  97.239449 | won: False 
#  213 | steps:  9230 | steps_t: 94938 | t: 50.668586 | r:  -534.000000 | e:   0.100000 | Q: 140.107803 | won: False 
#  214 | steps:  9350 | steps_t: 95057 | t: 51.790143 | r:  -608.000000 | e:   0.100000 | Q: 129.911255 | won: False 
#  215 | steps:  9376 | steps_t: 95082 | t: 52.023954 | r:  -514.000000 | e:   0.100000 | Q: 100.747330 | won: False 
#  216 | steps:  9411 | steps_t: 95116 | t: 52.338564 | r:  -523.000000 | e:   0.100000 | Q:  73.825226 | won: False 
#  217 | steps:  9464 | steps_t: 95168 | t: 52.874249 | r:  -541.000000 | e:   0.100000 | Q: 147.838730 | won: False 
#  218 | steps:  9473 | steps_t: 95176 | t: 52.945280 | r:  -508.000000 | e:   0.100000 | Q:  94.564705 | won: False 
#  219 | steps:  9512 | steps_t: 95214 | t: 53.304255 | r:  -527.000000 | e:   0.100000 | Q: 219.651001 | won: False 
#  220 | steps:  9528 | steps_t: 95229 | t: 53.453034 | r:  -515.000000 | e:   0.100000 | Q: 139.462280 | won: False 
#  221 | steps:  9580 | steps_t: 95280 | t: 53.943351 | r:  -540.000000 | e:   0.100000 | Q: 159.820984 | won: False 
#  222 | steps:  9597 | steps_t: 95296 | t: 54.092375 | r:  -516.000000 | e:   0.100000 | Q: 192.746750 | won: False 
#  223 | steps:  9612 | steps_t: 95310 | t: 54.222854 | r:  -503.000000 | e:   0.100000 | Q: 179.745346 | won: False 
#  224 | steps:  9648 | steps_t: 95345 | t: 54.540213 | r:  -524.000000 | e:   0.100000 | Q: 158.177933 | won: False 
#  225 | steps:  9674 | steps_t: 95370 | t: 54.777826 | r:  -514.000000 | e:   0.100000 | Q: 131.652130 | won: False 
#  226 | steps:  9752 | steps_t: 95447 | t: 55.489595 | r:  -566.000000 | e:   0.100000 | Q: 178.374237 | won: False 
#  227 | steps:  9771 | steps_t: 95465 | t: 55.657635 | r:  -507.000000 | e:   0.100000 | Q: 172.303101 | won: False 
#  228 | steps:  9799 | steps_t: 95492 | t: 55.913378 | r:  -516.000000 | e:   0.100000 | Q: 169.145996 | won: False 
#  229 | steps:  9848 | steps_t: 95540 | t: 56.390949 | r:  -537.000000 | e:   0.100000 | Q: 230.798157 | won: False 
#  230 | steps:  9886 | steps_t: 95577 | t: 56.760989 | r:  -526.000000 | e:   0.100000 | Q: 253.656143 | won: False 
#  231 | steps:  9907 | steps_t: 95597 | t: 56.943872 | r:  -509.000000 | e:   0.100000 | Q: 160.773453 | won: False 
#  232 | steps:  9927 | steps_t: 95616 | t: 57.119789 | r:  -508.000000 | e:   0.100000 | Q: 122.396400 | won: False 
#  233 | steps:  9988 | steps_t: 95676 | t: 57.689087 | r:  -549.000000 | e:   0.100000 | Q: 130.851852 | won: False 
#  234 | steps: 10011 | steps_t: 95698 | t: 57.949752 | r:  -511.000000 | e:   0.100000 | Q:  88.266731 | won: False 
#  235 | steps: 10042 | steps_t: 95728 | t: 58.244821 | r:  -519.000000 | e:   0.100000 | Q:  96.824066 | won: False 
#  236 | steps: 10073 | steps_t: 95758 | t: 58.604856 | r:  -519.000000 | e:   0.100000 | Q:  82.412865 | won: False 
#  237 | steps: 10107 | steps_t: 95791 | t: 58.940939 | r:  -522.000000 | e:   0.100000 | Q: 107.441071 | won: False 
#  238 | steps: 10138 | steps_t: 95821 | t: 59.240020 | r:  -519.000000 | e:   0.100000 | Q: 142.430939 | won: False 
#  239 | steps: 10176 | steps_t: 95858 | t: 59.600026 | r:  -526.000000 | e:   0.100000 | Q: 100.857529 | won: False 
#  240 | steps: 10236 | steps_t: 95917 | t: 60.167464 | r:  -548.000000 | e:   0.100000 | Q:  86.021271 | won: False 
#  241 | steps: 10282 | steps_t: 95962 | t: 60.673086 | r:  -534.000000 | e:   0.100000 | Q:  72.988831 | won: False 
#  242 | steps: 10323 | steps_t: 96002 | t: 61.140805 | r:  -529.000000 | e:   0.100000 | Q: 156.188690 | won: False 
#  243 | steps: 10383 | steps_t: 96061 | t: 61.741990 | r:  -548.000000 | e:   0.100000 | Q:  97.364288 | won: False 
#  244 | steps: 10418 | steps_t: 96095 | t: 62.093728 | r:  -523.000000 | e:   0.100000 | Q: 145.132233 | won: False 
#  245 | steps: 10459 | steps_t: 96135 | t: 62.481231 | r:  -529.000000 | e:   0.100000 | Q: 166.320557 | won: False 
#  246 | steps: 10487 | steps_t: 96162 | t: 62.734732 | r:  -516.000000 | e:   0.100000 | Q: 118.816422 | won: False 
#  247 | steps: 10511 | steps_t: 96185 | t: 62.943424 | r:  -512.000000 | e:   0.100000 | Q: 151.497482 | won: False 
#  248 | steps: 10575 | steps_t: 96248 | t: 63.607662 | r:  -552.000000 | e:   0.100000 | Q: 178.000580 | won: False 
#  249 | steps: 10588 | steps_t: 96260 | t: 63.734070 | r:  -512.000000 | e:   0.100000 | Q: 258.815796 | won: False 
#  250 | steps: 10618 | steps_t: 96289 | t: 64.012937 | r:  -518.000000 | e:   0.100000 | Q: 184.545425 | won: False 
#  251 | steps: 10632 | steps_t: 96302 | t: 64.187606 | r:  -513.000000 | e:   0.100000 | Q: 125.480133 | won: False 
#  252 | steps: 10666 | steps_t: 96335 | t: 64.525088 | r:  -522.000000 | e:   0.100000 | Q: 127.514130 | won: False 
#  253 | steps: 10691 | steps_t: 96359 | t: 64.791663 | r:  -513.000000 | e:   0.100000 | Q: 235.824982 | won: False 
#  254 | steps: 10722 | steps_t: 96389 | t: 65.175315 | r:  -519.000000 | e:   0.100000 | Q: 173.629120 | won: False 
#  255 | steps: 10747 | steps_t: 96413 | t: 65.420631 | r:  -513.000000 | e:   0.100000 | Q: 132.538574 | won: False 
#  256 | steps: 10767 | steps_t: 96432 | t: 65.611867 | r:  -508.000000 | e:   0.100000 | Q: 181.710739 | won: False 
#  257 | steps: 10825 | steps_t: 96489 | t: 66.177492 | r:  -546.000000 | e:   0.100000 | Q: 142.753464 | won: False 
#  258 | steps: 10934 | steps_t: 96597 | t: 67.225819 | r:  -597.000000 | e:   0.100000 | Q: 134.864243 | won: False 
#  259 | steps: 10980 | steps_t: 96642 | t: 67.686799 | r:  -534.000000 | e:   0.100000 | Q: 177.853943 | won: False 
#  260 | steps: 11047 | steps_t: 96708 | t: 68.339765 | r:  -555.000000 | e:   0.100000 | Q: 117.879593 | won: False 
#  261 | steps: 11071 | steps_t: 96731 | t: 68.565247 | r:  -512.000000 | e:   0.100000 | Q: 110.366730 | won: False 
#  262 | steps: 11123 | steps_t: 96782 | t: 69.057932 | r:  -540.000000 | e:   0.100000 | Q: 196.748566 | won: False 
#  263 | steps: 11148 | steps_t: 96806 | t: 69.306206 | r:  -513.000000 | e:   0.100000 | Q: 258.557343 | won: False 
#  264 | steps: 11212 | steps_t: 96869 | t: 69.913324 | r:  -552.000000 | e:   0.100000 | Q: 322.052063 | won: False 
#  265 | steps: 11240 | steps_t: 96896 | t: 70.165361 | r:  -516.000000 | e:   0.100000 | Q: 558.232605 | won: False 
#  266 | steps: 11267 | steps_t: 96922 | t: 70.415781 | r:  -515.000000 | e:   0.100000 | Q: 386.995880 | won: False 
#  267 | steps: 11295 | steps_t: 96949 | t: 70.667001 | r:  -516.000000 | e:   0.100000 | Q: 283.802246 | won: False 
#  268 | steps: 11306 | steps_t: 96959 | t: 70.756333 | r:  -510.000000 | e:   0.100000 | Q: 243.950348 | won: False 
#  269 | steps: 11353 | steps_t: 97005 | t: 71.185181 | r:  -535.000000 | e:   0.100000 | Q: 290.027527 | won: False 
#  270 | steps: 11391 | steps_t: 97042 | t: 71.533823 | r:  -526.000000 | e:   0.100000 | Q: 260.197723 | won: False 
#  271 | steps: 11539 | steps_t: 97189 | t: 72.899929 | r:  -636.000000 | e:   0.100000 | Q: 202.032349 | won: False 
#  272 | steps: 11583 | steps_t: 97232 | t: 73.292247 | r:  -532.000000 | e:   0.100000 | Q: 145.175858 | won: False 
#  273 | steps: 11607 | steps_t: 97255 | t: 73.511814 | r:  -512.000000 | e:   0.100000 | Q: 189.845184 | won: False 
#  274 | steps: 11708 | steps_t: 97355 | t: 74.433712 | r:  -589.000000 | e:   0.100000 | Q: 120.066750 | won: False 
#  275 | steps: 11738 | steps_t: 97384 | t: 74.701607 | r:  -518.000000 | e:   0.100000 | Q: 114.461899 | won: False 
#  276 | steps: 11763 | steps_t: 97408 | t: 74.933485 | r:  -513.000000 | e:   0.100000 | Q: 130.439606 | won: False 
#  277 | steps: 11810 | steps_t: 97454 | t: 75.387717 | r:  -535.000000 | e:   0.100000 | Q: 130.898102 | won: False 
#  278 | steps: 11853 | steps_t: 97496 | t: 75.806556 | r:  -531.000000 | e:   0.100000 | Q:  83.594368 | won: False 
#  279 | steps: 11869 | steps_t: 97511 | t: 75.947753 | r:  -515.000000 | e:   0.100000 | Q:  81.980331 | won: False 
#  280 | steps: 11930 | steps_t: 97571 | t: 76.527313 | r:  -549.000000 | e:   0.100000 | Q: 130.489685 | won: False 
