#    1 | steps:    11 | steps_t:     0 | t: 0.021680 | r:  -510.000000 | e:   1.000000 | Q:        nan | won: False 
#    2 | steps:    19 | steps_t:     0 | t: 0.032829 | r:  -507.000000 | e:   1.000000 | Q:        nan | won: False 
#    3 | steps:    30 | steps_t:     0 | t: 0.048602 | r:  -510.000000 | e:   1.000000 | Q:        nan | won: False 
#    4 | steps:    37 | steps_t:     0 | t: 0.059436 | r:  -506.000000 | e:   1.000000 | Q:        nan | won: False 
#    5 | steps:    44 | steps_t:     0 | t: 0.070080 | r:  -506.000000 | e:   1.000000 | Q:        nan | won: False 
#    6 | steps:    52 | steps_t:     0 | t: 0.081286 | r:  -507.000000 | e:   1.000000 | Q:        nan | won: False 
#    7 | steps:    72 | steps_t:     0 | t: 0.107427 | r:  -519.000000 | e:   1.000000 | Q:        nan | won: False 
#    8 | steps:    82 | steps_t:     0 | t: 0.116137 | r:  -509.000000 | e:   1.000000 | Q:        nan | won: False 
#    9 | steps:    94 | steps_t:     0 | t: 0.125511 | r:  -511.000000 | e:   1.000000 | Q:        nan | won: False 
#   10 | steps:   100 | steps_t:     0 | t: 0.130394 | r:  -505.000000 | e:   1.000000 | Q:        nan | won: False 
#   11 | steps:   106 | steps_t:     0 | t: 0.134953 | r:  -505.000000 | e:   1.000000 | Q:        nan | won: False 
#   12 | steps:   113 | steps_t:     0 | t: 0.140103 | r:  -506.000000 | e:   1.000000 | Q:        nan | won: False 
#   13 | steps:   118 | steps_t:     0 | t: 0.144279 | r:  -504.000000 | e:   1.000000 | Q:        nan | won: False 
#   14 | steps:   138 | steps_t:     0 | t: 0.158695 | r:  -508.000000 | e:   1.000000 | Q:        nan | won: False 
#   15 | steps:   146 | steps_t:     0 | t: 0.164682 | r:  -507.000000 | e:   1.000000 | Q:        nan | won: False 
#   16 | steps:   155 | steps_t:     0 | t: 0.171124 | r:  -508.000000 | e:   1.000000 | Q:        nan | won: False 
#   17 | steps:   163 | steps_t:     0 | t: 0.177471 | r:  -507.000000 | e:   1.000000 | Q:        nan | won: False 
#   18 | steps:   170 | steps_t:     0 | t: 0.183109 | r:  -506.000000 | e:   1.000000 | Q:        nan | won: False 
#   19 | steps:   180 | steps_t:     0 | t: 0.190859 | r:  -509.000000 | e:   1.000000 | Q:        nan | won: False 
#   20 | steps:   192 | steps_t:     0 | t: 0.198559 | r:  -511.000000 | e:   1.000000 | Q:        nan | won: False 
#   21 | steps:   210 | steps_t:     0 | t: 0.208080 | r:  -517.000000 | e:   1.000000 | Q:        nan | won: False 
#   22 | steps:   220 | steps_t:     0 | t: 0.212766 | r:  -509.000000 | e:   1.000000 | Q:        nan | won: False 
#   23 | steps:   229 | steps_t:     0 | t: 0.216996 | r:  -508.000000 | e:   1.000000 | Q:        nan | won: False 
#   24 | steps:   238 | steps_t:     0 | t: 0.221185 | r:  -508.000000 | e:   1.000000 | Q:        nan | won: False 
#   25 | steps:   244 | steps_t:     0 | t: 0.224096 | r:  -505.000000 | e:   1.000000 | Q:        nan | won: False 
#   26 | steps:   251 | steps_t:     0 | t: 0.227623 | r:  -506.000000 | e:   1.000000 | Q:        nan | won: False 
#   27 | steps:   260 | steps_t:     0 | t: 0.232111 | r:  -508.000000 | e:   1.000000 | Q:        nan | won: False 
#   28 | steps:   266 | steps_t:     0 | t: 0.235121 | r:  -505.000000 | e:   1.000000 | Q:        nan | won: False 
#   29 | steps:   274 | steps_t:     0 | t: 0.239184 | r:  -507.000000 | e:   1.000000 | Q:        nan | won: False 
#   30 | steps:   280 | steps_t:     0 | t: 0.242433 | r:  -505.000000 | e:   1.000000 | Q:        nan | won: False 
#   31 | steps:   289 | steps_t:     0 | t: 0.246716 | r:  -508.000000 | e:   1.000000 | Q:        nan | won: False 
#   32 | steps:   306 | steps_t:     0 | t: 0.254524 | r:  -516.000000 | e:   1.000000 | Q:        nan | won: False 
#   33 | steps:   328 | steps_t:     0 | t: 0.264480 | r:  -521.000000 | e:   1.000000 | Q:        nan | won: False 
#   34 | steps:   337 | steps_t:     0 | t: 0.268841 | r:  -508.000000 | e:   1.000000 | Q:        nan | won: False 
#   35 | steps:   345 | steps_t:     0 | t: 0.273473 | r:  -507.000000 | e:   1.000000 | Q:        nan | won: False 
#   36 | steps:   357 | steps_t:     0 | t: 0.279144 | r:  -511.000000 | e:   1.000000 | Q:        nan | won: False 
#   37 | steps:   366 | steps_t:     0 | t: 0.283394 | r:  -508.000000 | e:   1.000000 | Q:        nan | won: False 
#   38 | steps:   373 | steps_t:     0 | t: 0.286874 | r:  -506.000000 | e:   1.000000 | Q:        nan | won: False 
#   39 | steps:   381 | steps_t:     0 | t: 0.290936 | r:  -507.000000 | e:   1.000000 | Q:        nan | won: False 
#   40 | steps:   395 | steps_t:     0 | t: 0.297392 | r:  -502.000000 | e:   1.000000 | Q:        nan | won: False 
#   41 | steps:   411 | steps_t:     0 | t: 0.306252 | r:  -515.000000 | e:   1.000000 | Q:        nan | won: False 
#   42 | steps:   418 | steps_t:     0 | t: 0.309796 | r:  -506.000000 | e:   1.000000 | Q:        nan | won: False 
#   43 | steps:   442 | steps_t:     0 | t: 0.416528 | r:  -523.000000 | e:   1.000000 | Q:        nan | won: False 
#   44 | steps:   456 | steps_t:     0 | t: 0.424861 | r:  -513.000000 | e:   1.000000 | Q:        nan | won: False 
#   45 | steps:   464 | steps_t:     0 | t: 0.429682 | r:  -507.000000 | e:   1.000000 | Q:        nan | won: False 
#   46 | steps:   475 | steps_t:     0 | t: 0.435980 | r:  -510.000000 | e:   1.000000 | Q:        nan | won: False 
#   47 | steps:   487 | steps_t:     0 | t: 0.444767 | r:  -511.000000 | e:   1.000000 | Q:        nan | won: False 
#   48 | steps:   493 | steps_t:     0 | t: 0.448316 | r:  -505.000000 | e:   1.000000 | Q:        nan | won: False 
#   49 | steps:   502 | steps_t:     0 | t: 0.453896 | r:  -508.000000 | e:   1.000000 | Q:        nan | won: False 
#   50 | steps:   510 | steps_t:     0 | t: 0.458524 | r:  -507.000000 | e:   1.000000 | Q:        nan | won: False 
#   51 | steps:   530 | steps_t:     0 | t: 0.469779 | r:  -519.000000 | e:   1.000000 | Q:        nan | won: False 
#   52 | steps:   542 | steps_t:     0 | t: 0.476691 | r:  -511.000000 | e:   1.000000 | Q:        nan | won: False 
#   53 | steps:   551 | steps_t:     0 | t: 0.482121 | r:  -508.000000 | e:   1.000000 | Q:        nan | won: False 
#   54 | steps:   558 | steps_t:     0 | t: 0.486533 | r:  -506.000000 | e:   1.000000 | Q:        nan | won: False 
#   55 | steps:   573 | steps_t:     0 | t: 0.495209 | r:  -514.000000 | e:   1.000000 | Q:        nan | won: False 
#   56 | steps:   584 | steps_t:     0 | t: 0.501369 | r:  -510.000000 | e:   1.000000 | Q:        nan | won: False 
#   57 | steps:   591 | steps_t:     0 | t: 0.505109 | r:  -506.000000 | e:   1.000000 | Q:        nan | won: False 
#   58 | steps:   597 | steps_t:     0 | t: 0.507842 | r:  -505.000000 | e:   1.000000 | Q:        nan | won: False 
#   59 | steps:   618 | steps_t:     0 | t: 0.517840 | r:  -520.000000 | e:   1.000000 | Q:        nan | won: False 
#   60 | steps:   626 | steps_t:     0 | t: 0.521825 | r:  -507.000000 | e:   1.000000 | Q:        nan | won: False 
#   61 | steps:   634 | steps_t:     0 | t: 0.525643 | r:  -507.000000 | e:   1.000000 | Q:        nan | won: False 
#   62 | steps:   650 | steps_t:     0 | t: 0.533306 | r:  -515.000000 | e:   1.000000 | Q:        nan | won: False 
#   63 | steps:   656 | steps_t:     0 | t: 0.536402 | r:  -505.000000 | e:   1.000000 | Q:        nan | won: False 
#   64 | steps:   667 | steps_t:     0 | t: 0.541835 | r:  -510.000000 | e:   1.000000 | Q:        nan | won: False 
#   65 | steps:   677 | steps_t:     0 | t: 0.546758 | r:  -509.000000 | e:   1.000000 | Q:        nan | won: False 
#   66 | steps:   697 | steps_t:     0 | t: 0.556047 | r:  -519.000000 | e:   1.000000 | Q:        nan | won: False 
#   67 | steps:   705 | steps_t:     0 | t: 0.559908 | r:  -507.000000 | e:   1.000000 | Q:        nan | won: False 
#   68 | steps:   715 | steps_t:     0 | t: 0.564785 | r:  -509.000000 | e:   1.000000 | Q:        nan | won: False 
#   69 | steps:   731 | steps_t:     0 | t: 0.572475 | r:  -515.000000 | e:   1.000000 | Q:        nan | won: False 
#   70 | steps:   740 | steps_t:     0 | t: 0.576632 | r:  -508.000000 | e:   1.000000 | Q:        nan | won: False 
#   71 | steps:   756 | steps_t:     0 | t: 0.584569 | r:  -515.000000 | e:   1.000000 | Q:        nan | won: False 
#   72 | steps:   765 | steps_t:     0 | t: 0.589013 | r:  -508.000000 | e:   1.000000 | Q:        nan | won: False 
#   73 | steps:   773 | steps_t:     0 | t: 0.592927 | r:  -507.000000 | e:   1.000000 | Q:        nan | won: False 
#   74 | steps:   797 | steps_t:     0 | t: 0.604504 | r:  -523.000000 | e:   1.000000 | Q:        nan | won: False 
#   75 | steps:   808 | steps_t:     0 | t: 0.609516 | r:  -510.000000 | e:   1.000000 | Q:        nan | won: False 
#   76 | steps:   827 | steps_t:     0 | t: 0.618541 | r:  -496.000000 | e:   1.000000 | Q:        nan | won: False 
#   77 | steps:   839 | steps_t:     0 | t: 0.624506 | r:  -511.000000 | e:   1.000000 | Q:        nan | won: False 
#   78 | steps:   846 | steps_t:     0 | t: 0.627968 | r:  -506.000000 | e:   1.000000 | Q:        nan | won: False 
#   79 | steps:   873 | steps_t:     0 | t: 0.641009 | r:  -526.000000 | e:   1.000000 | Q:        nan | won: False 
#   80 | steps:   879 | steps_t:     0 | t: 0.644060 | r:  -505.000000 | e:   1.000000 | Q:        nan | won: False 
#   81 | steps:   894 | steps_t:     0 | t: 0.651278 | r:  -514.000000 | e:   1.000000 | Q:        nan | won: False 
#   82 | steps:   903 | steps_t:     0 | t: 0.655438 | r:  -508.000000 | e:   1.000000 | Q:        nan | won: False 
#   83 | steps:   916 | steps_t:     0 | t: 0.661744 | r:  -512.000000 | e:   1.000000 | Q:        nan | won: False 
#   84 | steps:   924 | steps_t:     0 | t: 0.665733 | r:  -507.000000 | e:   1.000000 | Q:        nan | won: False 
#   85 | steps:   935 | steps_t:     0 | t: 0.670934 | r:  -510.000000 | e:   1.000000 | Q:        nan | won: False 
#   86 | steps:   941 | steps_t:     0 | t: 0.673779 | r:  -505.000000 | e:   1.000000 | Q:        nan | won: False 
#   87 | steps:   957 | steps_t:     0 | t: 0.681403 | r:  -515.000000 | e:   1.000000 | Q:        nan | won: False 
#   88 | steps:   967 | steps_t:     0 | t: 0.686234 | r:  -509.000000 | e:   1.000000 | Q:        nan | won: False 
#   89 | steps:   986 | steps_t:     0 | t: 0.694839 | r:  -507.000000 | e:   1.000000 | Q:        nan | won: False 
#   90 | steps:  1001 | steps_t:     0 | t: 0.701854 | r:  -514.000000 | e:   1.000000 | Q:        nan | won: False 
#   91 | steps:  1014 | steps_t:     0 | t: 0.708162 | r:  -512.000000 | e:   1.000000 | Q:        nan | won: False 
#   92 | steps:  1024 | steps_t:     0 | t: 0.713307 | r:  -509.000000 | e:   1.000000 | Q:        nan | won: False 
#   93 | steps:  1045 | steps_t:     0 | t: 0.728216 | r:  -520.000000 | e:   1.000000 | Q:        nan | won: False 
#   94 | steps:  1051 | steps_t:     0 | t: 0.731192 | r:  -505.000000 | e:   1.000000 | Q:        nan | won: False 
#   95 | steps:  1060 | steps_t:     0 | t: 0.735654 | r:  -508.000000 | e:   1.000000 | Q:        nan | won: False 
#   96 | steps:  1077 | steps_t:     0 | t: 0.743922 | r:  -505.000000 | e:   1.000000 | Q:        nan | won: False 
#   97 | steps:  1103 | steps_t:     0 | t: 0.756104 | r:  -525.000000 | e:   1.000000 | Q:        nan | won: False 
#   98 | steps:  1109 | steps_t:     0 | t: 0.759091 | r:  -505.000000 | e:   1.000000 | Q:        nan | won: False 
#   99 | steps:  1115 | steps_t:     0 | t: 0.762036 | r:  -505.000000 | e:   1.000000 | Q:        nan | won: False 
#  100 | steps:  1124 | steps_t:     0 | t: 0.766422 | r:  -508.000000 | e:   1.000000 | Q:        nan | won: False 
#  101 | steps:  1129 | steps_t:     0 | t: 0.768894 | r:  -504.000000 | e:   1.000000 | Q:        nan | won: False 
#  102 | steps:  1154 | steps_t:     0 | t: 0.780409 | r:  -524.000000 | e:   1.000000 | Q:        nan | won: False 
#  103 | steps:  1167 | steps_t:     0 | t: 0.786887 | r:  -512.000000 | e:   1.000000 | Q:        nan | won: False 
#  104 | steps:  1183 | steps_t:     0 | t: 0.794767 | r:  -515.000000 | e:   1.000000 | Q:        nan | won: False 
#  105 | steps:  1205 | steps_t:     0 | t: 0.805181 | r:  -521.000000 | e:   1.000000 | Q:        nan | won: False 
#  106 | steps:  1214 | steps_t:     0 | t: 0.809781 | r:  -508.000000 | e:   1.000000 | Q:        nan | won: False 
#  107 | steps:  1221 | steps_t:     0 | t: 0.813215 | r:  -506.000000 | e:   1.000000 | Q:        nan | won: False 
#  108 | steps:  1237 | steps_t:     0 | t: 0.820977 | r:  -515.000000 | e:   1.000000 | Q:        nan | won: False 
#  109 | steps:  1244 | steps_t:     0 | t: 0.824501 | r:  -506.000000 | e:   1.000000 | Q:        nan | won: False 
#  110 | steps:  1264 | steps_t:     0 | t: 0.833813 | r:  -519.000000 | e:   1.000000 | Q:        nan | won: False 
#  111 | steps:  1270 | steps_t:     0 | t: 0.836810 | r:  -505.000000 | e:   1.000000 | Q:        nan | won: False 
#  112 | steps:  1279 | steps_t:     0 | t: 0.841297 | r:  -508.000000 | e:   1.000000 | Q:        nan | won: False 
#  113 | steps:  1298 | steps_t:     0 | t: 0.850065 | r:  -518.000000 | e:   1.000000 | Q:        nan | won: False 
#  114 | steps:  1304 | steps_t:     0 | t: 0.853147 | r:  -505.000000 | e:   1.000000 | Q:        nan | won: False 
#  115 | steps:  1319 | steps_t:     0 | t: 0.860350 | r:  -514.000000 | e:   1.000000 | Q:        nan | won: False 
#  116 | steps:  1324 | steps_t:     0 | t: 0.862840 | r:  -504.000000 | e:   1.000000 | Q:        nan | won: False 
#  117 | steps:  1331 | steps_t:     0 | t: 0.866202 | r:  -506.000000 | e:   1.000000 | Q:        nan | won: False 
#  118 | steps:  1337 | steps_t:     0 | t: 0.869187 | r:  -505.000000 | e:   1.000000 | Q:        nan | won: False 
#  119 | steps:  1344 | steps_t:     0 | t: 0.872707 | r:  -506.000000 | e:   1.000000 | Q:        nan | won: False 
#  120 | steps:  1356 | steps_t:     0 | t: 0.878306 | r:  -511.000000 | e:   1.000000 | Q:        nan | won: False 
#  121 | steps:  1367 | steps_t:     0 | t: 0.883717 | r:  -510.000000 | e:   1.000000 | Q:        nan | won: False 
#  122 | steps:  1408 | steps_t:     0 | t: 0.903841 | r:  -529.000000 | e:   1.000000 | Q:        nan | won: False 
#  123 | steps:  1425 | steps_t:     0 | t: 0.912009 | r:  -516.000000 | e:   1.000000 | Q:        nan | won: False 
#  124 | steps:  1434 | steps_t:     0 | t: 0.916666 | r:  -508.000000 | e:   1.000000 | Q:        nan | won: False 
#  125 | steps:  1442 | steps_t:     0 | t: 0.920605 | r:  -507.000000 | e:   1.000000 | Q:        nan | won: False 
#  126 | steps:  1452 | steps_t:     0 | t: 0.925295 | r:  -509.000000 | e:   1.000000 | Q:        nan | won: False 
#  127 | steps:  1474 | steps_t:     0 | t: 0.936151 | r:  -521.000000 | e:   1.000000 | Q:        nan | won: False 
#  128 | steps:  1496 | steps_t:     0 | t: 0.946916 | r:  -521.000000 | e:   1.000000 | Q:        nan | won: False 
#  129 | steps:  1508 | steps_t:     0 | t: 0.953177 | r:  -511.000000 | e:   1.000000 | Q:        nan | won: False 
#  130 | steps:  1522 | steps_t:     0 | t: 0.959951 | r:  -513.000000 | e:   1.000000 | Q:        nan | won: False 
#  131 | steps:  1541 | steps_t:     0 | t: 0.969738 | r:  -518.000000 | e:   1.000000 | Q:        nan | won: False 
#  132 | steps:  1556 | steps_t:     0 | t: 0.977172 | r:  -514.000000 | e:   1.000000 | Q:        nan | won: False 
#  133 | steps:  1562 | steps_t:     0 | t: 0.980135 | r:  -505.000000 | e:   1.000000 | Q:        nan | won: False 
#  134 | steps:  1569 | steps_t:     0 | t: 0.983663 | r:  -506.000000 | e:   1.000000 | Q:        nan | won: False 
#  135 | steps:  1576 | steps_t:     0 | t: 0.987114 | r:  -506.000000 | e:   1.000000 | Q:        nan | won: False 
#  136 | steps:  1593 | steps_t:     0 | t: 0.996010 | r:  -516.000000 | e:   1.000000 | Q:        nan | won: False 
#  137 | steps:  1604 | steps_t:     0 | t: 1.002167 | r:  -510.000000 | e:   1.000000 | Q:        nan | won: False 
#  138 | steps:  1614 | steps_t:     0 | t: 1.007629 | r:  -509.000000 | e:   1.000000 | Q:        nan | won: False 
#  139 | steps:  1624 | steps_t:     0 | t: 1.012753 | r:  -509.000000 | e:   1.000000 | Q:        nan | won: False 
#  140 | steps:  1634 | steps_t:     0 | t: 1.018347 | r:  -509.000000 | e:   1.000000 | Q:        nan | won: False 
#  141 | steps:  1647 | steps_t:     0 | t: 1.025379 | r:  -512.000000 | e:   1.000000 | Q:        nan | won: False 
#  142 | steps:  1661 | steps_t:     0 | t: 1.032845 | r:  -513.000000 | e:   1.000000 | Q:        nan | won: False 
#  143 | steps:  1670 | steps_t:     0 | t: 1.037797 | r:  -508.000000 | e:   1.000000 | Q:        nan | won: False 
#  144 | steps:  1688 | steps_t:     0 | t: 1.047286 | r:  -517.000000 | e:   1.000000 | Q:        nan | won: False 
#  145 | steps:  1708 | steps_t:     0 | t: 1.057966 | r:  -508.000000 | e:   1.000000 | Q:        nan | won: False 
#  146 | steps:  1714 | steps_t:     0 | t: 1.060688 | r:  -505.000000 | e:   1.000000 | Q:        nan | won: False 
#  147 | steps:  1724 | steps_t:     0 | t: 1.065873 | r:  -509.000000 | e:   1.000000 | Q:        nan | won: False 
#  148 | steps:  1743 | steps_t:     0 | t: 1.075109 | r:  -518.000000 | e:   1.000000 | Q:        nan | won: False 
#  149 | steps:  1748 | steps_t:     0 | t: 1.077593 | r:  -504.000000 | e:   1.000000 | Q:        nan | won: False 
#  150 | steps:  1767 | steps_t:     0 | t: 1.087282 | r:  -496.000000 | e:   1.000000 | Q:        nan | won: False 
#  151 | steps:  1779 | steps_t:     0 | t: 1.093198 | r:  -511.000000 | e:   1.000000 | Q:        nan | won: False 
#  152 | steps:  1787 | steps_t:     0 | t: 1.096995 | r:  -507.000000 | e:   1.000000 | Q:        nan | won: False 
#  153 | steps:  1798 | steps_t:     0 | t: 1.102780 | r:  -510.000000 | e:   1.000000 | Q:        nan | won: False 
#  154 | steps:  1805 | steps_t:     0 | t: 1.106366 | r:  -506.000000 | e:   1.000000 | Q:        nan | won: False 
#  155 | steps:  1813 | steps_t:     0 | t: 1.110055 | r:  -507.000000 | e:   1.000000 | Q:        nan | won: False 
#  156 | steps:  1820 | steps_t:     0 | t: 1.113266 | r:  -506.000000 | e:   1.000000 | Q:        nan | won: False 
#  157 | steps:  1832 | steps_t:     0 | t: 1.119107 | r:  -511.000000 | e:   1.000000 | Q:        nan | won: False 
#  158 | steps:  1839 | steps_t:     0 | t: 1.122739 | r:  -506.000000 | e:   1.000000 | Q:        nan | won: False 
#  159 | steps:  1848 | steps_t:     0 | t: 1.128379 | r:  -508.000000 | e:   1.000000 | Q:        nan | won: False 
#  160 | steps:  1858 | steps_t:     0 | t: 1.133284 | r:  -509.000000 | e:   1.000000 | Q:        nan | won: False 
#  161 | steps:  1873 | steps_t:     0 | t: 1.140444 | r:  -514.000000 | e:   1.000000 | Q:        nan | won: False 
#  162 | steps:  1880 | steps_t:     0 | t: 1.143672 | r:  -506.000000 | e:   1.000000 | Q:        nan | won: False 
#  163 | steps:  1891 | steps_t:     0 | t: 1.149177 | r:  -510.000000 | e:   1.000000 | Q:        nan | won: False 
#  164 | steps:  1901 | steps_t:     0 | t: 1.154283 | r:  -509.000000 | e:   1.000000 | Q:        nan | won: False 
#  165 | steps:  1922 | steps_t:     0 | t: 1.164268 | r:  -520.000000 | e:   1.000000 | Q:        nan | won: False 
#  166 | steps:  1945 | steps_t:     0 | t: 1.175366 | r:  -522.000000 | e:   1.000000 | Q:        nan | won: False 
#  167 | steps:  1956 | steps_t:     0 | t: 1.180307 | r:  -510.000000 | e:   1.000000 | Q:        nan | won: False 
#  168 | steps:  1964 | steps_t:     0 | t: 1.184376 | r:  -507.000000 | e:   1.000000 | Q:        nan | won: False 
#  169 | steps:  1971 | steps_t:     0 | t: 1.187909 | r:  -506.000000 | e:   1.000000 | Q:        nan | won: False 
#  170 | steps:  1977 | steps_t:     0 | t: 1.191072 | r:  -505.000000 | e:   1.000000 | Q:        nan | won: False 
#  171 | steps:  1984 | steps_t:     0 | t: 1.194367 | r:  -506.000000 | e:   1.000000 | Q:        nan | won: False 
#  172 | steps:  1995 | steps_t:     0 | t: 1.199861 | r:  -510.000000 | e:   1.000000 | Q:        nan | won: False 
#  173 | steps:  2003 | steps_t:     0 | t: 1.203897 | r:  -507.000000 | e:   1.000000 | Q:        nan | won: False 
#  174 | steps:  2014 | steps_t:     0 | t: 1.209294 | r:  -510.000000 | e:   1.000000 | Q:        nan | won: False 
#  175 | steps:  2021 | steps_t:     0 | t: 1.212651 | r:  -506.000000 | e:   1.000000 | Q:        nan | won: False 
#  176 | steps:  2028 | steps_t:     0 | t: 1.216133 | r:  -506.000000 | e:   1.000000 | Q:        nan | won: False 
#  177 | steps:  2038 | steps_t:     0 | t: 1.220846 | r:  -509.000000 | e:   1.000000 | Q:        nan | won: False 
#  178 | steps:  2048 | steps_t:     0 | t: 1.226977 | r:  -509.000000 | e:   1.000000 | Q:        nan | won: False 
#  179 | steps:  2055 | steps_t:     0 | t: 1.230670 | r:  -506.000000 | e:   1.000000 | Q:        nan | won: False 
#  180 | steps:  2064 | steps_t:     0 | t: 1.238152 | r:  -508.000000 | e:   1.000000 | Q:        nan | won: False 
#  181 | steps:  2071 | steps_t:     0 | t: 1.242157 | r:  -506.000000 | e:   1.000000 | Q:        nan | won: False 
#  182 | steps:  2079 | steps_t:     0 | t: 1.246413 | r:  -507.000000 | e:   1.000000 | Q:        nan | won: False 
#  183 | steps:  2089 | steps_t:     0 | t: 1.251813 | r:  -509.000000 | e:   1.000000 | Q:        nan | won: False 
#  184 | steps:  2099 | steps_t:     0 | t: 1.256584 | r:  -509.000000 | e:   1.000000 | Q:        nan | won: False 
#  185 | steps:  2119 | steps_t:     0 | t: 1.267192 | r:  -519.000000 | e:   1.000000 | Q:        nan | won: False 
#  186 | steps:  2137 | steps_t:     0 | t: 1.279138 | r:  -506.000000 | e:   1.000000 | Q:        nan | won: False 
#  187 | steps:  2150 | steps_t:     0 | t: 1.285819 | r:  -512.000000 | e:   1.000000 | Q:        nan | won: False 
#  188 | steps:  2157 | steps_t:     0 | t: 1.289794 | r:  -506.000000 | e:   1.000000 | Q:        nan | won: False 
#  189 | steps:  2165 | steps_t:     0 | t: 1.293464 | r:  -507.000000 | e:   1.000000 | Q:        nan | won: False 
#  190 | steps:  2211 | steps_t:     0 | t: 1.314629 | r:  -545.000000 | e:   1.000000 | Q:        nan | won: False 
#  191 | steps:  2220 | steps_t:     0 | t: 1.319185 | r:  -508.000000 | e:   1.000000 | Q:        nan | won: False 
#  192 | steps:  2229 | steps_t:     0 | t: 1.323837 | r:  -508.000000 | e:   1.000000 | Q:        nan | won: False 
#  193 | steps:  2238 | steps_t:     0 | t: 1.327910 | r:  -508.000000 | e:   1.000000 | Q:        nan | won: False 
#  194 | steps:  2243 | steps_t:     0 | t: 1.330343 | r:  -504.000000 | e:   1.000000 | Q:        nan | won: False 
#  195 | steps:  2251 | steps_t:     0 | t: 1.334472 | r:  -507.000000 | e:   1.000000 | Q:        nan | won: False 
#  196 | steps:  2259 | steps_t:     0 | t: 1.338318 | r:  -507.000000 | e:   1.000000 | Q:        nan | won: False 
#  197 | steps:  2267 | steps_t:     0 | t: 1.342071 | r:  -507.000000 | e:   1.000000 | Q:        nan | won: False 
#  198 | steps:  2275 | steps_t:     0 | t: 1.345750 | r:  -507.000000 | e:   1.000000 | Q:        nan | won: False 
#  199 | steps:  2291 | steps_t:     0 | t: 1.353648 | r:  -515.000000 | e:   1.000000 | Q:        nan | won: False 
#  200 | steps:  2299 | steps_t:     0 | t: 1.357775 | r:  -507.000000 | e:   1.000000 | Q:        nan | won: False 
#  201 | steps:  2311 | steps_t:     0 | t: 1.363629 | r:  -511.000000 | e:   1.000000 | Q:        nan | won: False 
#  202 | steps:  2321 | steps_t:     0 | t: 1.368297 | r:  -509.000000 | e:   1.000000 | Q:        nan | won: False 
#  203 | steps:  2332 | steps_t:     0 | t: 1.374048 | r:  -510.000000 | e:   1.000000 | Q:        nan | won: False 
#  204 | steps:  2340 | steps_t:     0 | t: 1.377908 | r:  -507.000000 | e:   1.000000 | Q:        nan | won: False 
#  205 | steps:  2347 | steps_t:     0 | t: 1.381399 | r:  -506.000000 | e:   1.000000 | Q:        nan | won: False 
#  206 | steps:  2357 | steps_t:     0 | t: 1.386360 | r:  -509.000000 | e:   1.000000 | Q:        nan | won: False 
#  207 | steps:  2378 | steps_t:     0 | t: 1.396100 | r:  -520.000000 | e:   1.000000 | Q:        nan | won: False 
#  208 | steps:  2388 | steps_t:     0 | t: 1.400789 | r:  -509.000000 | e:   1.000000 | Q:        nan | won: False 
#  209 | steps:  2398 | steps_t:     0 | t: 1.405586 | r:  -509.000000 | e:   1.000000 | Q:        nan | won: False 
#  210 | steps:  2408 | steps_t:     0 | t: 1.410458 | r:  -509.000000 | e:   1.000000 | Q:        nan | won: False 
#  211 | steps:  2416 | steps_t:     0 | t: 1.414334 | r:  -507.000000 | e:   1.000000 | Q:        nan | won: False 
#  212 | steps:  2430 | steps_t:     0 | t: 1.421277 | r:  -513.000000 | e:   1.000000 | Q:        nan | won: False 
#  213 | steps:  2439 | steps_t:     0 | t: 1.425919 | r:  -508.000000 | e:   1.000000 | Q:        nan | won: False 
#  214 | steps:  2446 | steps_t:     0 | t: 1.429053 | r:  -506.000000 | e:   1.000000 | Q:        nan | won: False 
#  215 | steps:  2454 | steps_t:     0 | t: 1.433238 | r:  -507.000000 | e:   1.000000 | Q:        nan | won: False 
#  216 | steps:  2462 | steps_t:     0 | t: 1.437003 | r:  -507.000000 | e:   1.000000 | Q:        nan | won: False 
#  217 | steps:  2473 | steps_t:     0 | t: 1.442579 | r:  -510.000000 | e:   1.000000 | Q:        nan | won: False 
#  218 | steps:  2480 | steps_t:     0 | t: 1.445951 | r:  -506.000000 | e:   1.000000 | Q:        nan | won: False 
#  219 | steps:  2495 | steps_t:     0 | t: 1.453314 | r:  -514.000000 | e:   1.000000 | Q:        nan | won: False 
#  220 | steps:  2507 | steps_t:     0 | t: 1.459170 | r:  -511.000000 | e:   1.000000 | Q:        nan | won: False 
#  221 | steps:  2517 | steps_t:     0 | t: 1.463842 | r:  -509.000000 | e:   1.000000 | Q:        nan | won: False 
#  222 | steps:  2525 | steps_t:     0 | t: 1.467732 | r:  -507.000000 | e:   1.000000 | Q:        nan | won: False 
#  223 | steps:  2533 | steps_t:     0 | t: 1.471463 | r:  -507.000000 | e:   1.000000 | Q:        nan | won: False 
#  224 | steps:  2539 | steps_t:     0 | t: 1.474377 | r:  -505.000000 | e:   1.000000 | Q:        nan | won: False 
#  225 | steps:  2553 | steps_t:     0 | t: 1.480773 | r:  -513.000000 | e:   1.000000 | Q:        nan | won: False 
#  226 | steps:  2574 | steps_t:     0 | t: 1.490973 | r:  -520.000000 | e:   1.000000 | Q:        nan | won: False 
#  227 | steps:  2589 | steps_t:     0 | t: 1.498075 | r:  -514.000000 | e:   1.000000 | Q:        nan | won: False 
#  228 | steps:  2596 | steps_t:     0 | t: 1.501516 | r:  -506.000000 | e:   1.000000 | Q:        nan | won: False 
#  229 | steps:  2603 | steps_t:     0 | t: 1.504908 | r:  -506.000000 | e:   1.000000 | Q:        nan | won: False 
#  230 | steps:  2625 | steps_t:     0 | t: 1.516343 | r:  -521.000000 | e:   1.000000 | Q:        nan | won: False 
#  231 | steps:  2643 | steps_t:     0 | t: 1.524835 | r:  -517.000000 | e:   1.000000 | Q:        nan | won: False 
#  232 | steps:  2652 | steps_t:     0 | t: 1.529272 | r:  -508.000000 | e:   1.000000 | Q:        nan | won: False 
#  233 | steps:  2667 | steps_t:     0 | t: 1.536371 | r:  -514.000000 | e:   1.000000 | Q:        nan | won: False 
#  234 | steps:  2675 | steps_t:     0 | t: 1.540501 | r:  -507.000000 | e:   1.000000 | Q:        nan | won: False 
#  235 | steps:  2689 | steps_t:     0 | t: 1.546748 | r:  -513.000000 | e:   1.000000 | Q:        nan | won: False 
#  236 | steps:  2703 | steps_t:     0 | t: 1.553636 | r:  -513.000000 | e:   1.000000 | Q:        nan | won: False 
#  237 | steps:  2712 | steps_t:     0 | t: 1.557888 | r:  -508.000000 | e:   1.000000 | Q:        nan | won: False 
#  238 | steps:  2726 | steps_t:     0 | t: 1.564526 | r:  -513.000000 | e:   1.000000 | Q:        nan | won: False 
#  239 | steps:  2735 | steps_t:     0 | t: 1.569023 | r:  -508.000000 | e:   1.000000 | Q:        nan | won: False 
#  240 | steps:  2744 | steps_t:     0 | t: 1.573521 | r:  -508.000000 | e:   1.000000 | Q:        nan | won: False 
#  241 | steps:  2752 | steps_t:     0 | t: 1.577146 | r:  -507.000000 | e:   1.000000 | Q:        nan | won: False 
#  242 | steps:  2763 | steps_t:     0 | t: 1.582146 | r:  -510.000000 | e:   1.000000 | Q:        nan | won: False 
#  243 | steps:  2774 | steps_t:     0 | t: 1.587515 | r:  -510.000000 | e:   1.000000 | Q:        nan | won: False 
#  244 | steps:  2796 | steps_t:     0 | t: 1.598661 | r:  -521.000000 | e:   1.000000 | Q:        nan | won: False 
#  245 | steps:  2808 | steps_t:     0 | t: 1.604649 | r:  -511.000000 | e:   1.000000 | Q:        nan | won: False 
#  246 | steps:  2827 | steps_t:     0 | t: 1.613887 | r:  -518.000000 | e:   1.000000 | Q:        nan | won: False 
#  247 | steps:  2838 | steps_t:     0 | t: 1.619258 | r:  -510.000000 | e:   1.000000 | Q:        nan | won: False 
#  248 | steps:  2846 | steps_t:     0 | t: 1.623278 | r:  -507.000000 | e:   1.000000 | Q:        nan | won: False 
#  249 | steps:  2866 | steps_t:     0 | t: 1.632869 | r:  -519.000000 | e:   1.000000 | Q:        nan | won: False 
#  250 | steps:  2884 | steps_t:     0 | t: 1.641600 | r:  -517.000000 | e:   1.000000 | Q:        nan | won: False 
#  251 | steps:  2891 | steps_t:     0 | t: 1.644987 | r:  -506.000000 | e:   1.000000 | Q:        nan | won: False 
#  252 | steps:  2900 | steps_t:     0 | t: 1.649329 | r:  -508.000000 | e:   1.000000 | Q:        nan | won: False 
#  253 | steps:  2921 | steps_t:     0 | t: 1.659490 | r:  -520.000000 | e:   1.000000 | Q:        nan | won: False 
#  254 | steps:  2940 | steps_t:     0 | t: 1.668286 | r:  -518.000000 | e:   1.000000 | Q:        nan | won: False 
#  255 | steps:  2946 | steps_t:     0 | t: 1.671231 | r:  -505.000000 | e:   1.000000 | Q:        nan | won: False 
#  256 | steps:  2953 | steps_t:     0 | t: 1.675277 | r:  -506.000000 | e:   1.000000 | Q:        nan | won: False 
#  257 | steps:  2960 | steps_t:     0 | t: 1.678649 | r:  -506.000000 | e:   1.000000 | Q:        nan | won: False 
#  258 | steps:  2968 | steps_t:     0 | t: 1.682998 | r:  -507.000000 | e:   1.000000 | Q:        nan | won: False 
#  259 | steps:  2978 | steps_t:     0 | t: 1.688143 | r:  -509.000000 | e:   1.000000 | Q:        nan | won: False 
#  260 | steps:  2990 | steps_t:     0 | t: 1.694571 | r:  -511.000000 | e:   1.000000 | Q:        nan | won: False 
#  261 | steps:  3011 | steps_t:     0 | t: 1.705071 | r:  -520.000000 | e:   1.000000 | Q:        nan | won: False 
#  262 | steps:  3024 | steps_t:     0 | t: 1.711324 | r:  -512.000000 | e:   1.000000 | Q:        nan | won: False 
#  263 | steps:  3032 | steps_t:     0 | t: 1.716045 | r:  -507.000000 | e:   1.000000 | Q:        nan | won: False 
#  264 | steps:  3039 | steps_t:     0 | t: 1.719624 | r:  -506.000000 | e:   1.000000 | Q:        nan | won: False 
#  265 | steps:  3048 | steps_t:     0 | t: 1.724138 | r:  -508.000000 | e:   1.000000 | Q:        nan | won: False 
#  266 | steps:  3057 | steps_t:     0 | t: 1.728598 | r:  -508.000000 | e:   1.000000 | Q:        nan | won: False 
#  267 | steps:  3069 | steps_t:     0 | t: 1.734307 | r:  -511.000000 | e:   1.000000 | Q:        nan | won: False 
#  268 | steps:  3078 | steps_t:     0 | t: 1.738724 | r:  -508.000000 | e:   1.000000 | Q:        nan | won: False 
#  269 | steps:  3088 | steps_t:     0 | t: 1.743574 | r:  -509.000000 | e:   1.000000 | Q:        nan | won: False 
#  270 | steps:  3095 | steps_t:     0 | t: 1.746966 | r:  -506.000000 | e:   1.000000 | Q:        nan | won: False 
#  271 | steps:  3112 | steps_t:     0 | t: 1.755382 | r:  -516.000000 | e:   1.000000 | Q:        nan | won: False 
#  272 | steps:  3130 | steps_t:     0 | t: 1.764077 | r:  -517.000000 | e:   1.000000 | Q:        nan | won: False 
#  273 | steps:  3140 | steps_t:     0 | t: 1.770022 | r:  -509.000000 | e:   1.000000 | Q:        nan | won: False 
#  274 | steps:  3158 | steps_t:     0 | t: 1.778977 | r:  -517.000000 | e:   1.000000 | Q:        nan | won: False 
#  275 | steps:  3168 | steps_t:     0 | t: 1.783997 | r:  -509.000000 | e:   1.000000 | Q:        nan | won: False 
#  276 | steps:  3176 | steps_t:     0 | t: 1.787958 | r:  -507.000000 | e:   1.000000 | Q:        nan | won: False 
#  277 | steps:  3182 | steps_t:     0 | t: 1.791351 | r:  -505.000000 | e:   1.000000 | Q:        nan | won: False 
#  278 | steps:  3189 | steps_t:     0 | t: 1.794598 | r:  -506.000000 | e:   1.000000 | Q:        nan | won: False 
#  279 | steps:  3199 | steps_t:     0 | t: 1.799583 | r:  -509.000000 | e:   1.000000 | Q:        nan | won: False 
#  280 | steps:  3214 | steps_t:     0 | t: 1.807401 | r:  -514.000000 | e:   1.000000 | Q:        nan | won: False 
#  281 | steps:  3223 | steps_t:     0 | t: 1.811717 | r:  -508.000000 | e:   1.000000 | Q:        nan | won: False 
#  282 | steps:  3230 | steps_t:     0 | t: 1.815157 | r:  -506.000000 | e:   1.000000 | Q:        nan | won: False 
#  283 | steps:  3247 | steps_t:     0 | t: 1.823495 | r:  -516.000000 | e:   1.000000 | Q:        nan | won: False 
#  284 | steps:  3255 | steps_t:     0 | t: 1.827550 | r:  -507.000000 | e:   1.000000 | Q:        nan | won: False 
#  285 | steps:  3261 | steps_t:     0 | t: 1.830565 | r:  -505.000000 | e:   1.000000 | Q:        nan | won: False 
#  286 | steps:  3273 | steps_t:     0 | t: 1.836559 | r:  -511.000000 | e:   1.000000 | Q:        nan | won: False 
#  287 | steps:  3281 | steps_t:     0 | t: 1.840845 | r:  -507.000000 | e:   1.000000 | Q:        nan | won: False 
#  288 | steps:  3294 | steps_t:     0 | t: 1.847036 | r:  -512.000000 | e:   1.000000 | Q:        nan | won: False 
#  289 | steps:  3302 | steps_t:     0 | t: 1.851141 | r:  -507.000000 | e:   1.000000 | Q:        nan | won: False 
#  290 | steps:  3315 | steps_t:     0 | t: 1.857545 | r:  -512.000000 | e:   1.000000 | Q:        nan | won: False 
#  291 | steps:  3327 | steps_t:     0 | t: 1.863376 | r:  -511.000000 | e:   1.000000 | Q:        nan | won: False 
#  292 | steps:  3338 | steps_t:     0 | t: 1.868853 | r:  -510.000000 | e:   1.000000 | Q:        nan | won: False 
#  293 | steps:  3347 | steps_t:     0 | t: 1.873779 | r:  -508.000000 | e:   1.000000 | Q:        nan | won: False 
#  294 | steps:  3361 | steps_t:     0 | t: 1.881130 | r:  -502.000000 | e:   1.000000 | Q:        nan | won: False 
#  295 | steps:  3371 | steps_t:     0 | t: 1.886137 | r:  -509.000000 | e:   1.000000 | Q:        nan | won: False 
#  296 | steps:  3377 | steps_t:     0 | t: 1.889295 | r:  -505.000000 | e:   1.000000 | Q:        nan | won: False 
#  297 | steps:  3386 | steps_t:     0 | t: 1.893849 | r:  -508.000000 | e:   1.000000 | Q:        nan | won: False 
#  298 | steps:  3392 | steps_t:     0 | t: 1.896754 | r:  -505.000000 | e:   1.000000 | Q:        nan | won: False 
#  299 | steps:  3402 | steps_t:     0 | t: 1.902749 | r:  -509.000000 | e:   1.000000 | Q:        nan | won: False 
#  300 | steps:  3413 | steps_t:     0 | t: 1.908615 | r:  -510.000000 | e:   1.000000 | Q:        nan | won: False 
#  301 | steps:  3420 | steps_t:     0 | t: 1.912034 | r:  -506.000000 | e:   1.000000 | Q:        nan | won: False 
#  302 | steps:  3428 | steps_t:     0 | t: 1.916042 | r:  -507.000000 | e:   1.000000 | Q:        nan | won: False 
#  303 | steps:  3448 | steps_t:     0 | t: 1.925763 | r:  -519.000000 | e:   1.000000 | Q:        nan | won: False 
#  304 | steps:  3493 | steps_t:     0 | t: 1.946976 | r:  -533.000000 | e:   1.000000 | Q:        nan | won: False 
#  305 | steps:  3503 | steps_t:     0 | t: 1.952029 | r:  -509.000000 | e:   1.000000 | Q:        nan | won: False 
#  306 | steps:  3510 | steps_t:     0 | t: 1.955760 | r:  -506.000000 | e:   1.000000 | Q:        nan | won: False 
#  307 | steps:  3519 | steps_t:     0 | t: 1.960743 | r:  -508.000000 | e:   1.000000 | Q:        nan | won: False 
#  308 | steps:  3531 | steps_t:     0 | t: 1.966651 | r:  -511.000000 | e:   1.000000 | Q:        nan | won: False 
#  309 | steps:  3538 | steps_t:     0 | t: 1.970196 | r:  -506.000000 | e:   1.000000 | Q:        nan | won: False 
#  310 | steps:  3553 | steps_t:     0 | t: 1.977612 | r:  -492.000000 | e:   1.000000 | Q:        nan | won: False 
#  311 | steps:  3563 | steps_t:     0 | t: 1.984106 | r:  -509.000000 | e:   1.000000 | Q:        nan | won: False 
#  312 | steps:  3573 | steps_t:     0 | t: 1.991234 | r:  -509.000000 | e:   1.000000 | Q:        nan | won: False 
#  313 | steps:  3587 | steps_t:     0 | t: 1.999172 | r:  -513.000000 | e:   1.000000 | Q:        nan | won: False 
#  314 | steps:  3595 | steps_t:     0 | t: 2.005800 | r:  -507.000000 | e:   1.000000 | Q:        nan | won: False 
#  315 | steps:  3611 | steps_t:     0 | t: 2.014254 | r:  -515.000000 | e:   1.000000 | Q:        nan | won: False 
#  316 | steps:  3620 | steps_t:     0 | t: 2.018597 | r:  -508.000000 | e:   1.000000 | Q:        nan | won: False 
#  317 | steps:  3630 | steps_t:     0 | t: 2.024234 | r:  -509.000000 | e:   1.000000 | Q:        nan | won: False 
#  318 | steps:  3640 | steps_t:     0 | t: 2.029188 | r:  -509.000000 | e:   1.000000 | Q:        nan | won: False 
#  319 | steps:  3646 | steps_t:     0 | t: 2.032385 | r:  -505.000000 | e:   1.000000 | Q:        nan | won: False 
#  320 | steps:  3651 | steps_t:     0 | t: 2.034938 | r:  -504.000000 | e:   1.000000 | Q:        nan | won: False 
#  321 | steps:  3658 | steps_t:     0 | t: 2.038436 | r:  -506.000000 | e:   1.000000 | Q:        nan | won: False 
#  322 | steps:  3671 | steps_t:     0 | t: 2.045399 | r:  -512.000000 | e:   1.000000 | Q:        nan | won: False 
#  323 | steps:  3691 | steps_t:     0 | t: 2.055548 | r:  -519.000000 | e:   1.000000 | Q:        nan | won: False 
#  324 | steps:  3701 | steps_t:     0 | t: 2.060627 | r:  -509.000000 | e:   1.000000 | Q:        nan | won: False 
#  325 | steps:  3710 | steps_t:     0 | t: 2.065343 | r:  -508.000000 | e:   1.000000 | Q:        nan | won: False 
#  326 | steps:  3720 | steps_t:     0 | t: 2.070326 | r:  -509.000000 | e:   1.000000 | Q:        nan | won: False 
#  327 | steps:  3735 | steps_t:     0 | t: 2.077899 | r:  -514.000000 | e:   1.000000 | Q:        nan | won: False 
#  328 | steps:  3746 | steps_t:     0 | t: 2.084600 | r:  -510.000000 | e:   1.000000 | Q:        nan | won: False 
#  329 | steps:  3758 | steps_t:     0 | t: 2.093139 | r:  -511.000000 | e:   1.000000 | Q:        nan | won: False 
#  330 | steps:  3765 | steps_t:     0 | t: 2.096579 | r:  -506.000000 | e:   1.000000 | Q:        nan | won: False 
#  331 | steps:  3774 | steps_t:     0 | t: 2.100923 | r:  -508.000000 | e:   1.000000 | Q:        nan | won: False 
#  332 | steps:  3785 | steps_t:     0 | t: 2.106399 | r:  -510.000000 | e:   1.000000 | Q:        nan | won: False 
#  333 | steps:  3792 | steps_t:     0 | t: 2.109895 | r:  -506.000000 | e:   1.000000 | Q:        nan | won: False 
#  334 | steps:  3799 | steps_t:     0 | t: 2.113295 | r:  -506.000000 | e:   1.000000 | Q:        nan | won: False 
#  335 | steps:  3805 | steps_t:     0 | t: 2.116353 | r:  -505.000000 | e:   1.000000 | Q:        nan | won: False 
#  336 | steps:  3811 | steps_t:     0 | t: 2.119320 | r:  -505.000000 | e:   1.000000 | Q:        nan | won: False 
#  337 | steps:  3833 | steps_t:     0 | t: 2.131370 | r:  -521.000000 | e:   1.000000 | Q:        nan | won: False 
#  338 | steps:  3840 | steps_t:     0 | t: 2.134807 | r:  -506.000000 | e:   1.000000 | Q:        nan | won: False 
#  339 | steps:  3846 | steps_t:     0 | t: 2.137725 | r:  -505.000000 | e:   1.000000 | Q:        nan | won: False 
#  340 | steps:  3858 | steps_t:     0 | t: 2.143434 | r:  -511.000000 | e:   1.000000 | Q:        nan | won: False 
#  341 | steps:  3872 | steps_t:     0 | t: 2.150125 | r:  -491.000000 | e:   1.000000 | Q:        nan | won: False 
#  342 | steps:  3882 | steps_t:     0 | t: 2.154935 | r:  -509.000000 | e:   1.000000 | Q:        nan | won: False 
#  343 | steps:  3896 | steps_t:     0 | t: 2.161935 | r:  -513.000000 | e:   1.000000 | Q:        nan | won: False 
#  344 | steps:  3905 | steps_t:     0 | t: 2.166481 | r:  -508.000000 | e:   1.000000 | Q:        nan | won: False 
#  345 | steps:  3924 | steps_t:     0 | t: 2.175873 | r:  -518.000000 | e:   1.000000 | Q:        nan | won: False 
#  346 | steps:  3934 | steps_t:     0 | t: 2.180576 | r:  -509.000000 | e:   1.000000 | Q:        nan | won: False 
#  347 | steps:  3943 | steps_t:     0 | t: 2.185702 | r:  -508.000000 | e:   1.000000 | Q:        nan | won: False 
#  348 | steps:  3950 | steps_t:     0 | t: 2.189758 | r:  -506.000000 | e:   1.000000 | Q:        nan | won: False 
#  349 | steps:  3962 | steps_t:     0 | t: 2.195976 | r:  -511.000000 | e:   1.000000 | Q:        nan | won: False 
#  350 | steps:  3980 | steps_t:     0 | t: 2.205700 | r:  -506.000000 | e:   1.000000 | Q:        nan | won: False 
#  351 | steps:  3987 | steps_t:     0 | t: 2.209577 | r:  -506.000000 | e:   1.000000 | Q:        nan | won: False 
#  352 | steps:  3995 | steps_t:     0 | t: 2.213449 | r:  -507.000000 | e:   1.000000 | Q:        nan | won: False 
#  353 | steps:  4003 | steps_t:     0 | t: 2.218232 | r:  -507.000000 | e:   1.000000 | Q:        nan | won: False 
#  354 | steps:  4010 | steps_t:     0 | t: 2.222591 | r:  -506.000000 | e:   1.000000 | Q:        nan | won: False 
#  355 | steps:  4021 | steps_t:     0 | t: 2.228571 | r:  -510.000000 | e:   1.000000 | Q:        nan | won: False 
#  356 | steps:  4028 | steps_t:     0 | t: 2.232809 | r:  -506.000000 | e:   1.000000 | Q:        nan | won: False 
#  357 | steps:  4033 | steps_t:     0 | t: 2.236754 | r:  -504.000000 | e:   1.000000 | Q:        nan | won: False 
#  358 | steps:  4043 | steps_t:     0 | t: 2.242592 | r:  -509.000000 | e:   1.000000 | Q:        nan | won: False 
#  359 | steps:  4049 | steps_t:     0 | t: 2.245362 | r:  -505.000000 | e:   1.000000 | Q:        nan | won: False 
#  360 | steps:  4058 | steps_t:     0 | t: 2.249693 | r:  -508.000000 | e:   1.000000 | Q:        nan | won: False 
#  361 | steps:  4067 | steps_t:     0 | t: 2.254257 | r:  -508.000000 | e:   1.000000 | Q:        nan | won: False 
#  362 | steps:  4073 | steps_t:     0 | t: 2.257816 | r:  -505.000000 | e:   1.000000 | Q:        nan | won: False 
#  363 | steps:  4085 | steps_t:     0 | t: 2.263731 | r:  -511.000000 | e:   1.000000 | Q:        nan | won: False 
#  364 | steps:  4093 | steps_t:     0 | t: 2.268157 | r:  -507.000000 | e:   1.000000 | Q:        nan | won: False 
#  365 | steps:  4100 | steps_t:     0 | t: 2.271632 | r:  -506.000000 | e:   1.000000 | Q:        nan | won: False 
#  366 | steps:  4115 | steps_t:     0 | t: 2.279435 | r:  -514.000000 | e:   1.000000 | Q:        nan | won: False 
#  367 | steps:  4130 | steps_t:     0 | t: 2.287327 | r:  -503.000000 | e:   1.000000 | Q:        nan | won: False 
#  368 | steps:  4139 | steps_t:     0 | t: 2.291953 | r:  -508.000000 | e:   1.000000 | Q:        nan | won: False 
#  369 | steps:  4158 | steps_t:     0 | t: 2.301238 | r:  -518.000000 | e:   1.000000 | Q:        nan | won: False 
#  370 | steps:  4170 | steps_t:     0 | t: 2.307212 | r:  -511.000000 | e:   1.000000 | Q:        nan | won: False 
#  371 | steps:  4191 | steps_t:     0 | t: 2.317629 | r:  -520.000000 | e:   1.000000 | Q:        nan | won: False 
#  372 | steps:  4198 | steps_t:     0 | t: 2.321258 | r:  -506.000000 | e:   1.000000 | Q:        nan | won: False 
#  373 | steps:  4208 | steps_t:     0 | t: 2.326342 | r:  -509.000000 | e:   1.000000 | Q:        nan | won: False 
#  374 | steps:  4220 | steps_t:     0 | t: 2.331884 | r:  -511.000000 | e:   1.000000 | Q:        nan | won: False 
#  375 | steps:  4225 | steps_t:     0 | t: 2.334538 | r:  -504.000000 | e:   1.000000 | Q:        nan | won: False 
#  376 | steps:  4251 | steps_t:     0 | t: 2.346513 | r:  -525.000000 | e:   1.000000 | Q:        nan | won: False 
#  377 | steps:  4272 | steps_t:     0 | t: 2.356744 | r:  -520.000000 | e:   1.000000 | Q:        nan | won: False 
#  378 | steps:  4286 | steps_t:     0 | t: 2.363434 | r:  -513.000000 | e:   1.000000 | Q:        nan | won: False 
#  379 | steps:  4296 | steps_t:     0 | t: 2.368934 | r:  -509.000000 | e:   1.000000 | Q:        nan | won: False 
#  380 | steps:  4310 | steps_t:     0 | t: 2.375926 | r:  -513.000000 | e:   1.000000 | Q:        nan | won: False 
#  381 | steps:  4329 | steps_t:     0 | t: 2.385384 | r:  -518.000000 | e:   1.000000 | Q:        nan | won: False 
#  382 | steps:  4335 | steps_t:     0 | t: 2.388486 | r:  -505.000000 | e:   1.000000 | Q:        nan | won: False 
#  383 | steps:  4345 | steps_t:     0 | t: 2.393729 | r:  -509.000000 | e:   1.000000 | Q:        nan | won: False 
#  384 | steps:  4355 | steps_t:     0 | t: 2.398494 | r:  -509.000000 | e:   1.000000 | Q:        nan | won: False 
#  385 | steps:  4364 | steps_t:     0 | t: 2.403053 | r:  -508.000000 | e:   1.000000 | Q:        nan | won: False 
#  386 | steps:  4372 | steps_t:     0 | t: 2.407015 | r:  -507.000000 | e:   1.000000 | Q:        nan | won: False 
#  387 | steps:  4394 | steps_t:     0 | t: 2.417400 | r:  -521.000000 | e:   1.000000 | Q:        nan | won: False 
#  388 | steps:  4411 | steps_t:     0 | t: 2.425974 | r:  -516.000000 | e:   1.000000 | Q:        nan | won: False 
#  389 | steps:  4427 | steps_t:     0 | t: 2.433697 | r:  -515.000000 | e:   1.000000 | Q:        nan | won: False 
#  390 | steps:  4440 | steps_t:     0 | t: 2.439928 | r:  -512.000000 | e:   1.000000 | Q:        nan | won: False 
#  391 | steps:  4452 | steps_t:     0 | t: 2.445649 | r:  -511.000000 | e:   1.000000 | Q:        nan | won: False 
#  392 | steps:  4463 | steps_t:     0 | t: 2.451526 | r:  -510.000000 | e:   1.000000 | Q:        nan | won: False 
#  393 | steps:  4472 | steps_t:     0 | t: 2.456062 | r:  -508.000000 | e:   1.000000 | Q:        nan | won: False 
#  394 | steps:  4479 | steps_t:     0 | t: 2.459849 | r:  -506.000000 | e:   1.000000 | Q:        nan | won: False 
#  395 | steps:  4491 | steps_t:     0 | t: 2.465857 | r:  -511.000000 | e:   1.000000 | Q:        nan | won: False 
#  396 | steps:  4502 | steps_t:     0 | t: 2.471391 | r:  -510.000000 | e:   1.000000 | Q:        nan | won: False 
#  397 | steps:  4511 | steps_t:     0 | t: 2.476765 | r:  -508.000000 | e:   1.000000 | Q:        nan | won: False 
#  398 | steps:  4518 | steps_t:     0 | t: 2.480174 | r:  -506.000000 | e:   1.000000 | Q:        nan | won: False 
#  399 | steps:  4527 | steps_t:     0 | t: 2.484711 | r:  -508.000000 | e:   1.000000 | Q:        nan | won: False 
#  400 | steps:  4535 | steps_t:     0 | t: 2.488689 | r:  -507.000000 | e:   1.000000 | Q:        nan | won: False 
#  401 | steps:  4543 | steps_t:     0 | t: 2.492825 | r:  -507.000000 | e:   1.000000 | Q:        nan | won: False 
#  402 | steps:  4560 | steps_t:     0 | t: 2.500905 | r:  -516.000000 | e:   1.000000 | Q:        nan | won: False 
#  403 | steps:  4574 | steps_t:     0 | t: 2.507881 | r:  -513.000000 | e:   1.000000 | Q:        nan | won: False 
#  404 | steps:  4594 | steps_t:     0 | t: 2.517930 | r:  -519.000000 | e:   1.000000 | Q:        nan | won: False 
#  405 | steps:  4610 | steps_t:     0 | t: 2.525787 | r:  -515.000000 | e:   1.000000 | Q:        nan | won: False 
#  406 | steps:  4618 | steps_t:     0 | t: 2.529427 | r:  -507.000000 | e:   1.000000 | Q:        nan | won: False 
#  407 | steps:  4632 | steps_t:     0 | t: 2.536204 | r:  -513.000000 | e:   1.000000 | Q:        nan | won: False 
#  408 | steps:  4640 | steps_t:     0 | t: 2.543041 | r:  -507.000000 | e:   1.000000 | Q:        nan | won: False 
#  409 | steps:  4653 | steps_t:     0 | t: 2.553340 | r:  -512.000000 | e:   1.000000 | Q:        nan | won: False 
#  410 | steps:  4663 | steps_t:     0 | t: 2.561205 | r:  -509.000000 | e:   1.000000 | Q:        nan | won: False 
#  411 | steps:  4672 | steps_t:     0 | t: 2.568173 | r:  -508.000000 | e:   1.000000 | Q:        nan | won: False 
#  412 | steps:  4680 | steps_t:     0 | t: 2.572561 | r:  -507.000000 | e:   1.000000 | Q:        nan | won: False 
#  413 | steps:  4690 | steps_t:     0 | t: 2.577602 | r:  -509.000000 | e:   1.000000 | Q:        nan | won: False 
#  414 | steps:  4700 | steps_t:     0 | t: 2.583049 | r:  -509.000000 | e:   1.000000 | Q:        nan | won: False 
#  415 | steps:  4710 | steps_t:     0 | t: 2.588129 | r:  -509.000000 | e:   1.000000 | Q:        nan | won: False 
#  416 | steps:  4732 | steps_t:     0 | t: 2.598579 | r:  -521.000000 | e:   1.000000 | Q:        nan | won: False 
#  417 | steps:  4738 | steps_t:     0 | t: 2.601491 | r:  -505.000000 | e:   1.000000 | Q:        nan | won: False 
#  418 | steps:  4756 | steps_t:     0 | t: 2.610039 | r:  -517.000000 | e:   1.000000 | Q:        nan | won: False 
#  419 | steps:  4768 | steps_t:     0 | t: 2.615912 | r:  -511.000000 | e:   1.000000 | Q:        nan | won: False 
#  420 | steps:  4777 | steps_t:     0 | t: 2.620296 | r:  -508.000000 | e:   1.000000 | Q:        nan | won: False 
#  421 | steps:  4784 | steps_t:     0 | t: 2.623878 | r:  -506.000000 | e:   1.000000 | Q:        nan | won: False 
#  422 | steps:  4797 | steps_t:     0 | t: 2.629998 | r:  -512.000000 | e:   1.000000 | Q:        nan | won: False 
#  423 | steps:  4812 | steps_t:     0 | t: 2.637200 | r:  -514.000000 | e:   1.000000 | Q:        nan | won: False 
#  424 | steps:  4821 | steps_t:     0 | t: 2.641424 | r:  -508.000000 | e:   1.000000 | Q:        nan | won: False 
#  425 | steps:  4832 | steps_t:     0 | t: 2.646643 | r:  -510.000000 | e:   1.000000 | Q:        nan | won: False 
#  426 | steps:  4839 | steps_t:     0 | t: 2.650106 | r:  -506.000000 | e:   1.000000 | Q:        nan | won: False 
#  427 | steps:  4845 | steps_t:     0 | t: 2.652992 | r:  -505.000000 | e:   1.000000 | Q:        nan | won: False 
#  428 | steps:  4851 | steps_t:     0 | t: 2.656528 | r:  -505.000000 | e:   1.000000 | Q:        nan | won: False 
#  429 | steps:  4859 | steps_t:     0 | t: 2.660182 | r:  -507.000000 | e:   1.000000 | Q:        nan | won: False 
#  430 | steps:  4868 | steps_t:     0 | t: 2.664223 | r:  -508.000000 | e:   1.000000 | Q:        nan | won: False 
#  431 | steps:  4878 | steps_t:     0 | t: 2.672302 | r:  -509.000000 | e:   1.000000 | Q:        nan | won: False 
#  432 | steps:  4895 | steps_t:     0 | t: 2.680438 | r:  -516.000000 | e:   1.000000 | Q:        nan | won: False 
#  433 | steps:  4912 | steps_t:     0 | t: 2.688661 | r:  -516.000000 | e:   1.000000 | Q:        nan | won: False 
#  434 | steps:  4917 | steps_t:     0 | t: 2.691208 | r:  -504.000000 | e:   1.000000 | Q:        nan | won: False 
#  435 | steps:  4929 | steps_t:     0 | t: 2.696671 | r:  -511.000000 | e:   1.000000 | Q:        nan | won: False 
#  436 | steps:  4962 | steps_t:     0 | t: 2.711852 | r:  -521.000000 | e:   1.000000 | Q:        nan | won: False 
#  437 | steps:  4975 | steps_t:     0 | t: 2.718001 | r:  -512.000000 | e:   1.000000 | Q:        nan | won: False 
#  438 | steps:  4996 | steps_t:     0 | t: 2.727989 | r:  -520.000000 | e:   1.000000 | Q:        nan | won: False 
#  439 | steps:  5009 | steps_t:     7 | t: 3.103190 | r:  -512.000000 | e:   0.999300 | Q:        nan | won: False 
#  440 | steps:  5015 | steps_t:    12 | t: 3.158948 | r:  -505.000000 | e:   0.998800 | Q:        nan | won: False 
#  441 | steps:  5022 | steps_t:    18 | t: 3.220356 | r:  -506.000000 | e:   0.998200 | Q:        nan | won: False 
