#    1 | steps:    10 | steps_t:     0 | t: 0.003021 | r:  -509.000000 | e:   1.000000 | Q:        nan | won: False 
#    2 | steps:    16 | steps_t:     0 | t: 0.004925 | r:  -505.000000 | e:   1.000000 | Q:        nan | won: False 
#    3 | steps:    24 | steps_t:     0 | t: 0.007016 | r:  -507.000000 | e:   1.000000 | Q:        nan | won: False 
#    4 | steps:    35 | steps_t:     0 | t: 0.010150 | r:  -510.000000 | e:   1.000000 | Q:        nan | won: False 
#    5 | steps:    43 | steps_t:     0 | t: 0.012340 | r:  -507.000000 | e:   1.000000 | Q:        nan | won: False 
#    6 | steps:    49 | steps_t:     0 | t: 0.013920 | r:  -505.000000 | e:   1.000000 | Q:        nan | won: False 
#    7 | steps:    56 | steps_t:     0 | t: 0.015761 | r:  -506.000000 | e:   1.000000 | Q:        nan | won: False 
#    8 | steps:    65 | steps_t:     0 | t: 0.019352 | r:  -508.000000 | e:   1.000000 | Q:        nan | won: False 
#    9 | steps:    74 | steps_t:     0 | t: 0.023016 | r:  -508.000000 | e:   1.000000 | Q:        nan | won: False 
#   10 | steps:    83 | steps_t:     0 | t: 0.026817 | r:  -508.000000 | e:   1.000000 | Q:        nan | won: False 
#   11 | steps:    93 | steps_t:     0 | t: 0.029700 | r:  -509.000000 | e:   1.000000 | Q:        nan | won: False 
#   12 | steps:   101 | steps_t:     0 | t: 0.033122 | r:  -507.000000 | e:   1.000000 | Q:        nan | won: False 
#   13 | steps:   113 | steps_t:     0 | t: 0.037147 | r:  -511.000000 | e:   1.000000 | Q:        nan | won: False 
#   14 | steps:   121 | steps_t:     0 | t: 0.040506 | r:  -507.000000 | e:   1.000000 | Q:        nan | won: False 
#   15 | steps:   131 | steps_t:     0 | t: 0.044814 | r:  -509.000000 | e:   1.000000 | Q:        nan | won: False 
#   16 | steps:   138 | steps_t:     0 | t: 0.047061 | r:  -506.000000 | e:   1.000000 | Q:        nan | won: False 
#   17 | steps:   144 | steps_t:     0 | t: 0.049551 | r:  -505.000000 | e:   1.000000 | Q:        nan | won: False 
#   18 | steps:   149 | steps_t:     0 | t: 0.051122 | r:  -504.000000 | e:   1.000000 | Q:        nan | won: False 
#   19 | steps:   156 | steps_t:     0 | t: 0.054203 | r:  -506.000000 | e:   1.000000 | Q:        nan | won: False 
#   20 | steps:   167 | steps_t:     0 | t: 0.058882 | r:  -510.000000 | e:   1.000000 | Q:        nan | won: False 
#   21 | steps:   173 | steps_t:     0 | t: 0.060893 | r:  -505.000000 | e:   1.000000 | Q:        nan | won: False 
#   22 | steps:   183 | steps_t:     0 | t: 0.064135 | r:  -509.000000 | e:   1.000000 | Q:        nan | won: False 
#   23 | steps:   190 | steps_t:     0 | t: 0.066599 | r:  -506.000000 | e:   1.000000 | Q:        nan | won: False 
#   24 | steps:   198 | steps_t:     0 | t: 0.069085 | r:  -507.000000 | e:   1.000000 | Q:        nan | won: False 
#   25 | steps:   208 | steps_t:     0 | t: 0.073321 | r:  -509.000000 | e:   1.000000 | Q:        nan | won: False 
#   26 | steps:   218 | steps_t:     0 | t: 0.076838 | r:  -509.000000 | e:   1.000000 | Q:        nan | won: False 
#   27 | steps:   228 | steps_t:     0 | t: 0.079874 | r:  -509.000000 | e:   1.000000 | Q:        nan | won: False 
#   28 | steps:   239 | steps_t:     0 | t: 0.085034 | r:  -510.000000 | e:   1.000000 | Q:        nan | won: False 
#   29 | steps:   246 | steps_t:     0 | t: 0.088309 | r:  -506.000000 | e:   1.000000 | Q:        nan | won: False 
#   30 | steps:   253 | steps_t:     0 | t: 0.091304 | r:  -506.000000 | e:   1.000000 | Q:        nan | won: False 
#   31 | steps:   263 | steps_t:     0 | t: 0.094613 | r:  -509.000000 | e:   1.000000 | Q:        nan | won: False 
#   32 | steps:   270 | steps_t:     0 | t: 0.097396 | r:  -506.000000 | e:   1.000000 | Q:        nan | won: False 
#   33 | steps:   279 | steps_t:     0 | t: 0.100985 | r:  -508.000000 | e:   1.000000 | Q:        nan | won: False 
#   34 | steps:   289 | steps_t:     0 | t: 0.105527 | r:  -509.000000 | e:   1.000000 | Q:        nan | won: False 
#   35 | steps:   294 | steps_t:     0 | t: 0.107497 | r:  -504.000000 | e:   1.000000 | Q:        nan | won: False 
#   36 | steps:   301 | steps_t:     0 | t: 0.110307 | r:  -506.000000 | e:   1.000000 | Q:        nan | won: False 
#   37 | steps:   309 | steps_t:     0 | t: 0.113412 | r:  -507.000000 | e:   1.000000 | Q:        nan | won: False 
#   38 | steps:   326 | steps_t:     0 | t: 0.119593 | r:  -516.000000 | e:   1.000000 | Q:        nan | won: False 
#   39 | steps:   337 | steps_t:     0 | t: 0.123948 | r:  -510.000000 | e:   1.000000 | Q:        nan | won: False 
#   40 | steps:   348 | steps_t:     0 | t: 0.127077 | r:  -510.000000 | e:   1.000000 | Q:        nan | won: False 
#   41 | steps:   357 | steps_t:     0 | t: 0.130248 | r:  -508.000000 | e:   1.000000 | Q:        nan | won: False 
#   42 | steps:   366 | steps_t:     0 | t: 0.133811 | r:  -508.000000 | e:   1.000000 | Q:        nan | won: False 
#   43 | steps:   373 | steps_t:     0 | t: 0.136613 | r:  -506.000000 | e:   1.000000 | Q:        nan | won: False 
#   44 | steps:   382 | steps_t:     0 | t: 0.139559 | r:  -508.000000 | e:   1.000000 | Q:        nan | won: False 
#   45 | steps:   392 | steps_t:     0 | t: 0.142892 | r:  -509.000000 | e:   1.000000 | Q:        nan | won: False 
#   46 | steps:   398 | steps_t:     0 | t: 0.145075 | r:  -505.000000 | e:   1.000000 | Q:        nan | won: False 
#   47 | steps:   404 | steps_t:     0 | t: 0.146938 | r:  -505.000000 | e:   1.000000 | Q:        nan | won: False 
#   48 | steps:   415 | steps_t:     0 | t: 0.150605 | r:  -510.000000 | e:   1.000000 | Q:        nan | won: False 
#   49 | steps:   422 | steps_t:     0 | t: 0.152628 | r:  -506.000000 | e:   1.000000 | Q:        nan | won: False 
#   50 | steps:   429 | steps_t:     0 | t: 0.154962 | r:  -506.000000 | e:   1.000000 | Q:        nan | won: False 
#   51 | steps:   438 | steps_t:     0 | t: 0.158050 | r:  -508.000000 | e:   1.000000 | Q:        nan | won: False 
#   52 | steps:   451 | steps_t:     0 | t: 0.162129 | r:  -512.000000 | e:   1.000000 | Q:        nan | won: False 
#   53 | steps:   462 | steps_t:     0 | t: 0.166440 | r:  -510.000000 | e:   1.000000 | Q:        nan | won: False 
#   54 | steps:   473 | steps_t:     0 | t: 0.171092 | r:  -510.000000 | e:   1.000000 | Q:        nan | won: False 
#   55 | steps:   482 | steps_t:     0 | t: 0.174413 | r:  -508.000000 | e:   1.000000 | Q:        nan | won: False 
#   56 | steps:   490 | steps_t:     0 | t: 0.177211 | r:  -507.000000 | e:   1.000000 | Q:        nan | won: False 
#   57 | steps:   503 | steps_t:     0 | t: 0.181918 | r:  -512.000000 | e:   1.000000 | Q:        nan | won: False 
#   58 | steps:   523 | steps_t:     0 | t: 0.187970 | r:  -508.000000 | e:   1.000000 | Q:        nan | won: False 
#   59 | steps:   529 | steps_t:     0 | t: 0.190541 | r:  -505.000000 | e:   1.000000 | Q:        nan | won: False 
#   60 | steps:   536 | steps_t:     0 | t: 0.192818 | r:  -506.000000 | e:   1.000000 | Q:        nan | won: False 
#   61 | steps:   545 | steps_t:     0 | t: 0.196130 | r:  -508.000000 | e:   1.000000 | Q:        nan | won: False 
#   62 | steps:   552 | steps_t:     0 | t: 0.198703 | r:  -506.000000 | e:   1.000000 | Q:        nan | won: False 
#   63 | steps:   559 | steps_t:     0 | t: 0.200969 | r:  -506.000000 | e:   1.000000 | Q:        nan | won: False 
#   64 | steps:   564 | steps_t:     0 | t: 0.202461 | r:  -504.000000 | e:   1.000000 | Q:        nan | won: False 
#   65 | steps:   573 | steps_t:     0 | t: 0.205589 | r:  -508.000000 | e:   1.000000 | Q:        nan | won: False 
#   66 | steps:   580 | steps_t:     0 | t: 0.208195 | r:  -506.000000 | e:   1.000000 | Q:        nan | won: False 
#   67 | steps:   589 | steps_t:     0 | t: 0.211551 | r:  -508.000000 | e:   1.000000 | Q:        nan | won: False 
#   68 | steps:   597 | steps_t:     0 | t: 0.214405 | r:  -507.000000 | e:   1.000000 | Q:        nan | won: False 
#   69 | steps:   604 | steps_t:     0 | t: 0.216714 | r:  -506.000000 | e:   1.000000 | Q:        nan | won: False 
#   70 | steps:   615 | steps_t:     0 | t: 0.219932 | r:  -510.000000 | e:   1.000000 | Q:        nan | won: False 
#   71 | steps:   623 | steps_t:     0 | t: 0.222521 | r:  -507.000000 | e:   1.000000 | Q:        nan | won: False 
#   72 | steps:   637 | steps_t:     0 | t: 0.228395 | r:  -513.000000 | e:   1.000000 | Q:        nan | won: False 
#   73 | steps:   644 | steps_t:     0 | t: 0.231153 | r:  -506.000000 | e:   1.000000 | Q:        nan | won: False 
#   74 | steps:   654 | steps_t:     0 | t: 0.234152 | r:  -509.000000 | e:   1.000000 | Q:        nan | won: False 
#   75 | steps:   661 | steps_t:     0 | t: 0.236238 | r:  -506.000000 | e:   1.000000 | Q:        nan | won: False 
#   76 | steps:   669 | steps_t:     0 | t: 0.239440 | r:  -507.000000 | e:   1.000000 | Q:        nan | won: False 
#   77 | steps:   676 | steps_t:     0 | t: 0.241729 | r:  -506.000000 | e:   1.000000 | Q:        nan | won: False 
#   78 | steps:   690 | steps_t:     0 | t: 0.246176 | r:  -513.000000 | e:   1.000000 | Q:        nan | won: False 
#   79 | steps:   699 | steps_t:     0 | t: 0.249191 | r:  -508.000000 | e:   1.000000 | Q:        nan | won: False 
#   80 | steps:   708 | steps_t:     0 | t: 0.251973 | r:  -508.000000 | e:   1.000000 | Q:        nan | won: False 
#   81 | steps:   719 | steps_t:     0 | t: 0.255613 | r:  -510.000000 | e:   1.000000 | Q:        nan | won: False 
#   82 | steps:   729 | steps_t:     0 | t: 0.259562 | r:  -509.000000 | e:   1.000000 | Q:        nan | won: False 
#   83 | steps:   736 | steps_t:     0 | t: 0.261653 | r:  -506.000000 | e:   1.000000 | Q:        nan | won: False 
#   84 | steps:   746 | steps_t:     0 | t: 0.265269 | r:  -509.000000 | e:   1.000000 | Q:        nan | won: False 
#   85 | steps:   753 | steps_t:     0 | t: 0.267653 | r:  -506.000000 | e:   1.000000 | Q:        nan | won: False 
#   86 | steps:   761 | steps_t:     0 | t: 0.328645 | r:  -507.000000 | e:   1.000000 | Q:        nan | won: False 
#   87 | steps:   769 | steps_t:     0 | t: 0.331035 | r:  -507.000000 | e:   1.000000 | Q:        nan | won: False 
#   88 | steps:   778 | steps_t:     0 | t: 0.333806 | r:  -508.000000 | e:   1.000000 | Q:        nan | won: False 
#   89 | steps:   784 | steps_t:     0 | t: 0.335582 | r:  -505.000000 | e:   1.000000 | Q:        nan | won: False 
#   90 | steps:   794 | steps_t:     0 | t: 0.338779 | r:  -509.000000 | e:   1.000000 | Q:        nan | won: False 
#   91 | steps:   801 | steps_t:     0 | t: 0.341005 | r:  -506.000000 | e:   1.000000 | Q:        nan | won: False 
#   92 | steps:   807 | steps_t:     0 | t: 0.342878 | r:  -505.000000 | e:   1.000000 | Q:        nan | won: False 
#   93 | steps:   816 | steps_t:     0 | t: 0.346075 | r:  -508.000000 | e:   1.000000 | Q:        nan | won: False 
#   94 | steps:   827 | steps_t:     0 | t: 0.349441 | r:  -510.000000 | e:   1.000000 | Q:        nan | won: False 
#   95 | steps:   834 | steps_t:     0 | t: 0.351893 | r:  -506.000000 | e:   1.000000 | Q:        nan | won: False 
#   96 | steps:   841 | steps_t:     0 | t: 0.353945 | r:  -506.000000 | e:   1.000000 | Q:        nan | won: False 
#   97 | steps:   847 | steps_t:     0 | t: 0.356322 | r:  -505.000000 | e:   1.000000 | Q:        nan | won: False 
#   98 | steps:   853 | steps_t:     0 | t: 0.358787 | r:  -505.000000 | e:   1.000000 | Q:        nan | won: False 
#   99 | steps:   861 | steps_t:     0 | t: 0.361052 | r:  -507.000000 | e:   1.000000 | Q:        nan | won: False 
#  100 | steps:   870 | steps_t:     0 | t: 0.363613 | r:  -508.000000 | e:   1.000000 | Q:        nan | won: False 
#  101 | steps:   878 | steps_t:     0 | t: 0.366202 | r:  -507.000000 | e:   1.000000 | Q:        nan | won: False 
#  102 | steps:   892 | steps_t:     0 | t: 0.370134 | r:  -502.000000 | e:   1.000000 | Q:        nan | won: False 
#  103 | steps:   903 | steps_t:     0 | t: 0.374825 | r:  -510.000000 | e:   1.000000 | Q:        nan | won: False 
#  104 | steps:   911 | steps_t:     0 | t: 0.377701 | r:  -507.000000 | e:   1.000000 | Q:        nan | won: False 
#  105 | steps:   918 | steps_t:     0 | t: 0.379806 | r:  -506.000000 | e:   1.000000 | Q:        nan | won: False 
#  106 | steps:   927 | steps_t:     0 | t: 0.383229 | r:  -508.000000 | e:   1.000000 | Q:        nan | won: False 
#  107 | steps:   933 | steps_t:     0 | t: 0.385303 | r:  -505.000000 | e:   1.000000 | Q:        nan | won: False 
#  108 | steps:   948 | steps_t:     0 | t: 0.390848 | r:  -503.000000 | e:   1.000000 | Q:        nan | won: False 
#  109 | steps:   955 | steps_t:     0 | t: 0.393551 | r:  -506.000000 | e:   1.000000 | Q:        nan | won: False 
#  110 | steps:   965 | steps_t:     0 | t: 0.397984 | r:  -509.000000 | e:   1.000000 | Q:        nan | won: False 
#  111 | steps:   972 | steps_t:     0 | t: 0.400735 | r:  -506.000000 | e:   1.000000 | Q:        nan | won: False 
#  112 | steps:   982 | steps_t:     0 | t: 0.404039 | r:  -509.000000 | e:   1.000000 | Q:        nan | won: False 
#  113 | steps:   991 | steps_t:     0 | t: 0.407813 | r:  -508.000000 | e:   1.000000 | Q:        nan | won: False 
#  114 | steps:  1005 | steps_t:     0 | t: 0.412729 | r:  -513.000000 | e:   1.000000 | Q:        nan | won: False 
#  115 | steps:  1017 | steps_t:     0 | t: 0.416709 | r:  -511.000000 | e:   1.000000 | Q:        nan | won: False 
#  116 | steps:  1025 | steps_t:     0 | t: 0.419249 | r:  -507.000000 | e:   1.000000 | Q:        nan | won: False 
#  117 | steps:  1031 | steps_t:     0 | t: 0.421783 | r:  -505.000000 | e:   1.000000 | Q:        nan | won: False 
#  118 | steps:  1040 | steps_t:     0 | t: 0.424730 | r:  -508.000000 | e:   1.000000 | Q:        nan | won: False 
#  119 | steps:  1048 | steps_t:     0 | t: 0.427663 | r:  -507.000000 | e:   1.000000 | Q:        nan | won: False 
#  120 | steps:  1054 | steps_t:     0 | t: 0.429621 | r:  -505.000000 | e:   1.000000 | Q:        nan | won: False 
#  121 | steps:  1061 | steps_t:     0 | t: 0.432375 | r:  -506.000000 | e:   1.000000 | Q:        nan | won: False 
#  122 | steps:  1070 | steps_t:     0 | t: 0.434958 | r:  -508.000000 | e:   1.000000 | Q:        nan | won: False 
#  123 | steps:  1078 | steps_t:     0 | t: 0.437369 | r:  -507.000000 | e:   1.000000 | Q:        nan | won: False 
#  124 | steps:  1086 | steps_t:     0 | t: 0.440712 | r:  -507.000000 | e:   1.000000 | Q:        nan | won: False 
#  125 | steps:  1094 | steps_t:     0 | t: 0.443773 | r:  -507.000000 | e:   1.000000 | Q:        nan | won: False 
#  126 | steps:  1101 | steps_t:     0 | t: 0.445753 | r:  -506.000000 | e:   1.000000 | Q:        nan | won: False 
#  127 | steps:  1111 | steps_t:     0 | t: 0.448746 | r:  -509.000000 | e:   1.000000 | Q:        nan | won: False 
#  128 | steps:  1117 | steps_t:     0 | t: 0.450646 | r:  -505.000000 | e:   1.000000 | Q:        nan | won: False 
#  129 | steps:  1127 | steps_t:     0 | t: 0.453547 | r:  -509.000000 | e:   1.000000 | Q:        nan | won: False 
#  130 | steps:  1133 | steps_t:     0 | t: 0.456341 | r:  -505.000000 | e:   1.000000 | Q:        nan | won: False 
#  131 | steps:  1141 | steps_t:     0 | t: 0.459107 | r:  -507.000000 | e:   1.000000 | Q:        nan | won: False 
#  132 | steps:  1152 | steps_t:     0 | t: 0.462134 | r:  -510.000000 | e:   1.000000 | Q:        nan | won: False 
#  133 | steps:  1159 | steps_t:     0 | t: 0.464416 | r:  -506.000000 | e:   1.000000 | Q:        nan | won: False 
#  134 | steps:  1167 | steps_t:     0 | t: 0.467007 | r:  -507.000000 | e:   1.000000 | Q:        nan | won: False 
#  135 | steps:  1172 | steps_t:     0 | t: 0.468504 | r:  -504.000000 | e:   1.000000 | Q:        nan | won: False 
#  136 | steps:  1178 | steps_t:     0 | t: 0.470210 | r:  -505.000000 | e:   1.000000 | Q:        nan | won: False 
#  137 | steps:  1187 | steps_t:     0 | t: 0.474221 | r:  -508.000000 | e:   1.000000 | Q:        nan | won: False 
#  138 | steps:  1198 | steps_t:     0 | t: 0.477711 | r:  -510.000000 | e:   1.000000 | Q:        nan | won: False 
#  139 | steps:  1204 | steps_t:     0 | t: 0.479504 | r:  -505.000000 | e:   1.000000 | Q:        nan | won: False 
#  140 | steps:  1211 | steps_t:     0 | t: 0.481791 | r:  -506.000000 | e:   1.000000 | Q:        nan | won: False 
#  141 | steps:  1217 | steps_t:     0 | t: 0.484032 | r:  -505.000000 | e:   1.000000 | Q:        nan | won: False 
#  142 | steps:  1227 | steps_t:     0 | t: 0.487077 | r:  -509.000000 | e:   1.000000 | Q:        nan | won: False 
#  143 | steps:  1235 | steps_t:     0 | t: 0.490613 | r:  -507.000000 | e:   1.000000 | Q:        nan | won: False 
#  144 | steps:  1241 | steps_t:     0 | t: 0.492787 | r:  -505.000000 | e:   1.000000 | Q:        nan | won: False 
#  145 | steps:  1247 | steps_t:     0 | t: 0.494577 | r:  -505.000000 | e:   1.000000 | Q:        nan | won: False 
#  146 | steps:  1252 | steps_t:     0 | t: 0.496194 | r:  -504.000000 | e:   1.000000 | Q:        nan | won: False 
#  147 | steps:  1258 | steps_t:     0 | t: 0.497961 | r:  -505.000000 | e:   1.000000 | Q:        nan | won: False 
#  148 | steps:  1268 | steps_t:     0 | t: 0.501389 | r:  -509.000000 | e:   1.000000 | Q:        nan | won: False 
#  149 | steps:  1275 | steps_t:     0 | t: 0.503791 | r:  -506.000000 | e:   1.000000 | Q:        nan | won: False 
#  150 | steps:  1283 | steps_t:     0 | t: 0.507009 | r:  -507.000000 | e:   1.000000 | Q:        nan | won: False 
#  151 | steps:  1292 | steps_t:     0 | t: 0.509791 | r:  -508.000000 | e:   1.000000 | Q:        nan | won: False 
#  152 | steps:  1303 | steps_t:     0 | t: 0.513472 | r:  -510.000000 | e:   1.000000 | Q:        nan | won: False 
#  153 | steps:  1313 | steps_t:     0 | t: 0.516777 | r:  -509.000000 | e:   1.000000 | Q:        nan | won: False 
#  154 | steps:  1320 | steps_t:     0 | t: 0.519450 | r:  -506.000000 | e:   1.000000 | Q:        nan | won: False 
#  155 | steps:  1326 | steps_t:     0 | t: 0.521568 | r:  -505.000000 | e:   1.000000 | Q:        nan | won: False 
#  156 | steps:  1336 | steps_t:     0 | t: 0.525707 | r:  -509.000000 | e:   1.000000 | Q:        nan | won: False 
#  157 | steps:  1344 | steps_t:     0 | t: 0.528316 | r:  -507.000000 | e:   1.000000 | Q:        nan | won: False 
#  158 | steps:  1350 | steps_t:     0 | t: 0.530002 | r:  -505.000000 | e:   1.000000 | Q:        nan | won: False 
#  159 | steps:  1360 | steps_t:     0 | t: 0.533525 | r:  -509.000000 | e:   1.000000 | Q:        nan | won: False 
#  160 | steps:  1368 | steps_t:     0 | t: 0.536911 | r:  -507.000000 | e:   1.000000 | Q:        nan | won: False 
#  161 | steps:  1376 | steps_t:     0 | t: 0.539745 | r:  -507.000000 | e:   1.000000 | Q:        nan | won: False 
#  162 | steps:  1387 | steps_t:     0 | t: 0.543310 | r:  -510.000000 | e:   1.000000 | Q:        nan | won: False 
#  163 | steps:  1393 | steps_t:     0 | t: 0.545466 | r:  -505.000000 | e:   1.000000 | Q:        nan | won: False 
#  164 | steps:  1408 | steps_t:     0 | t: 0.551945 | r:  -514.000000 | e:   1.000000 | Q:        nan | won: False 
#  165 | steps:  1418 | steps_t:     0 | t: 0.556404 | r:  -509.000000 | e:   1.000000 | Q:        nan | won: False 
#  166 | steps:  1424 | steps_t:     0 | t: 0.558785 | r:  -505.000000 | e:   1.000000 | Q:        nan | won: False 
#  167 | steps:  1429 | steps_t:     0 | t: 0.560505 | r:  -504.000000 | e:   1.000000 | Q:        nan | won: False 
#  168 | steps:  1436 | steps_t:     0 | t: 0.562682 | r:  -506.000000 | e:   1.000000 | Q:        nan | won: False 
#  169 | steps:  1444 | steps_t:     0 | t: 0.565762 | r:  -507.000000 | e:   1.000000 | Q:        nan | won: False 
#  170 | steps:  1452 | steps_t:     0 | t: 0.568534 | r:  -507.000000 | e:   1.000000 | Q:        nan | won: False 
#  171 | steps:  1458 | steps_t:     0 | t: 0.570209 | r:  -505.000000 | e:   1.000000 | Q:        nan | won: False 
#  172 | steps:  1466 | steps_t:     0 | t: 0.573844 | r:  -507.000000 | e:   1.000000 | Q:        nan | won: False 
#  173 | steps:  1474 | steps_t:     0 | t: 0.576808 | r:  -507.000000 | e:   1.000000 | Q:        nan | won: False 
#  174 | steps:  1484 | steps_t:     0 | t: 0.579531 | r:  -509.000000 | e:   1.000000 | Q:        nan | won: False 
#  175 | steps:  1497 | steps_t:     0 | t: 0.584565 | r:  -512.000000 | e:   1.000000 | Q:        nan | won: False 
#  176 | steps:  1504 | steps_t:     0 | t: 0.588124 | r:  -506.000000 | e:   1.000000 | Q:        nan | won: False 
#  177 | steps:  1511 | steps_t:     0 | t: 0.591039 | r:  -506.000000 | e:   1.000000 | Q:        nan | won: False 
#  178 | steps:  1520 | steps_t:     0 | t: 0.594453 | r:  -508.000000 | e:   1.000000 | Q:        nan | won: False 
#  179 | steps:  1527 | steps_t:     0 | t: 0.597299 | r:  -506.000000 | e:   1.000000 | Q:        nan | won: False 
#  180 | steps:  1536 | steps_t:     0 | t: 0.600777 | r:  -508.000000 | e:   1.000000 | Q:        nan | won: False 
#  181 | steps:  1547 | steps_t:     0 | t: 0.605410 | r:  -510.000000 | e:   1.000000 | Q:        nan | won: False 
#  182 | steps:  1553 | steps_t:     0 | t: 0.607794 | r:  -505.000000 | e:   1.000000 | Q:        nan | won: False 
#  183 | steps:  1563 | steps_t:     0 | t: 0.611487 | r:  -509.000000 | e:   1.000000 | Q:        nan | won: False 
#  184 | steps:  1573 | steps_t:     0 | t: 0.615815 | r:  -509.000000 | e:   1.000000 | Q:        nan | won: False 
#  185 | steps:  1583 | steps_t:     0 | t: 0.619459 | r:  -509.000000 | e:   1.000000 | Q:        nan | won: False 
#  186 | steps:  1589 | steps_t:     0 | t: 0.622118 | r:  -505.000000 | e:   1.000000 | Q:        nan | won: False 
#  187 | steps:  1596 | steps_t:     0 | t: 0.624699 | r:  -506.000000 | e:   1.000000 | Q:        nan | won: False 
#  188 | steps:  1603 | steps_t:     0 | t: 0.627118 | r:  -506.000000 | e:   1.000000 | Q:        nan | won: False 
#  189 | steps:  1614 | steps_t:     0 | t: 0.631323 | r:  -510.000000 | e:   1.000000 | Q:        nan | won: False 
#  190 | steps:  1622 | steps_t:     0 | t: 0.633672 | r:  -507.000000 | e:   1.000000 | Q:        nan | won: False 
#  191 | steps:  1637 | steps_t:     0 | t: 0.638168 | r:  -514.000000 | e:   1.000000 | Q:        nan | won: False 
#  192 | steps:  1646 | steps_t:     0 | t: 0.641213 | r:  -508.000000 | e:   1.000000 | Q:        nan | won: False 
#  193 | steps:  1657 | steps_t:     0 | t: 0.645506 | r:  -510.000000 | e:   1.000000 | Q:        nan | won: False 
#  194 | steps:  1663 | steps_t:     0 | t: 0.648046 | r:  -505.000000 | e:   1.000000 | Q:        nan | won: False 
#  195 | steps:  1670 | steps_t:     0 | t: 0.650408 | r:  -506.000000 | e:   1.000000 | Q:        nan | won: False 
#  196 | steps:  1685 | steps_t:     0 | t: 0.656101 | r:  -492.000000 | e:   1.000000 | Q:        nan | won: False 
#  197 | steps:  1695 | steps_t:     0 | t: 0.659560 | r:  -509.000000 | e:   1.000000 | Q:        nan | won: False 
#  198 | steps:  1703 | steps_t:     0 | t: 0.662935 | r:  -507.000000 | e:   1.000000 | Q:        nan | won: False 
#  199 | steps:  1715 | steps_t:     0 | t: 0.666820 | r:  -511.000000 | e:   1.000000 | Q:        nan | won: False 
#  200 | steps:  1730 | steps_t:     0 | t: 0.672589 | r:  -514.000000 | e:   1.000000 | Q:        nan | won: False 
#  201 | steps:  1740 | steps_t:     0 | t: 0.676577 | r:  -509.000000 | e:   1.000000 | Q:        nan | won: False 
#  202 | steps:  1748 | steps_t:     0 | t: 0.679168 | r:  -507.000000 | e:   1.000000 | Q:        nan | won: False 
#  203 | steps:  1758 | steps_t:     0 | t: 0.682201 | r:  -509.000000 | e:   1.000000 | Q:        nan | won: False 
#  204 | steps:  1764 | steps_t:     0 | t: 0.684119 | r:  -505.000000 | e:   1.000000 | Q:        nan | won: False 
#  205 | steps:  1774 | steps_t:     0 | t: 0.688558 | r:  -509.000000 | e:   1.000000 | Q:        nan | won: False 
#  206 | steps:  1780 | steps_t:     0 | t: 0.691842 | r:  -505.000000 | e:   1.000000 | Q:        nan | won: False 
#  207 | steps:  1787 | steps_t:     0 | t: 0.695175 | r:  -506.000000 | e:   1.000000 | Q:        nan | won: False 
#  208 | steps:  1795 | steps_t:     0 | t: 0.697977 | r:  -507.000000 | e:   1.000000 | Q:        nan | won: False 
#  209 | steps:  1801 | steps_t:     0 | t: 0.700708 | r:  -505.000000 | e:   1.000000 | Q:        nan | won: False 
#  210 | steps:  1809 | steps_t:     0 | t: 0.703591 | r:  -507.000000 | e:   1.000000 | Q:        nan | won: False 
#  211 | steps:  1819 | steps_t:     0 | t: 0.708745 | r:  -509.000000 | e:   1.000000 | Q:        nan | won: False 
#  212 | steps:  1830 | steps_t:     0 | t: 0.713580 | r:  -510.000000 | e:   1.000000 | Q:        nan | won: False 
#  213 | steps:  1836 | steps_t:     0 | t: 0.715549 | r:  -505.000000 | e:   1.000000 | Q:        nan | won: False 
#  214 | steps:  1845 | steps_t:     0 | t: 0.719483 | r:  -508.000000 | e:   1.000000 | Q:        nan | won: False 
#  215 | steps:  1850 | steps_t:     0 | t: 0.722724 | r:  -504.000000 | e:   1.000000 | Q:        nan | won: False 
#  216 | steps:  1858 | steps_t:     0 | t: 0.726795 | r:  -507.000000 | e:   1.000000 | Q:        nan | won: False 
#  217 | steps:  1865 | steps_t:     0 | t: 0.729241 | r:  -506.000000 | e:   1.000000 | Q:        nan | won: False 
#  218 | steps:  1872 | steps_t:     0 | t: 0.731633 | r:  -506.000000 | e:   1.000000 | Q:        nan | won: False 
#  219 | steps:  1878 | steps_t:     0 | t: 0.734017 | r:  -505.000000 | e:   1.000000 | Q:        nan | won: False 
#  220 | steps:  1886 | steps_t:     0 | t: 0.736811 | r:  -507.000000 | e:   1.000000 | Q:        nan | won: False 
#  221 | steps:  1891 | steps_t:     0 | t: 0.739041 | r:  -504.000000 | e:   1.000000 | Q:        nan | won: False 
#  222 | steps:  1906 | steps_t:     0 | t: 0.744352 | r:  -514.000000 | e:   1.000000 | Q:        nan | won: False 
#  223 | steps:  1913 | steps_t:     0 | t: 0.747348 | r:  -506.000000 | e:   1.000000 | Q:        nan | won: False 
#  224 | steps:  1922 | steps_t:     0 | t: 0.750688 | r:  -508.000000 | e:   1.000000 | Q:        nan | won: False 
#  225 | steps:  1930 | steps_t:     0 | t: 0.753895 | r:  -507.000000 | e:   1.000000 | Q:        nan | won: False 
#  226 | steps:  1940 | steps_t:     0 | t: 0.757677 | r:  -509.000000 | e:   1.000000 | Q:        nan | won: False 
#  227 | steps:  1952 | steps_t:     0 | t: 0.762132 | r:  -511.000000 | e:   1.000000 | Q:        nan | won: False 
#  228 | steps:  1958 | steps_t:     0 | t: 0.764667 | r:  -505.000000 | e:   1.000000 | Q:        nan | won: False 
#  229 | steps:  1965 | steps_t:     0 | t: 0.767368 | r:  -506.000000 | e:   1.000000 | Q:        nan | won: False 
#  230 | steps:  1972 | steps_t:     0 | t: 0.770127 | r:  -506.000000 | e:   1.000000 | Q:        nan | won: False 
#  231 | steps:  1982 | steps_t:     0 | t: 0.774702 | r:  -509.000000 | e:   1.000000 | Q:        nan | won: False 
#  232 | steps:  1991 | steps_t:     0 | t: 0.777536 | r:  -508.000000 | e:   1.000000 | Q:        nan | won: False 
#  233 | steps:  1998 | steps_t:     0 | t: 0.780336 | r:  -506.000000 | e:   1.000000 | Q:        nan | won: False 
#  234 | steps:  2006 | steps_t:     0 | t: 0.783025 | r:  -507.000000 | e:   1.000000 | Q:        nan | won: False 
#  235 | steps:  2017 | steps_t:     0 | t: 0.788383 | r:  -510.000000 | e:   1.000000 | Q:        nan | won: False 
#  236 | steps:  2024 | steps_t:     0 | t: 0.791063 | r:  -506.000000 | e:   1.000000 | Q:        nan | won: False 
#  237 | steps:  2031 | steps_t:     0 | t: 0.793366 | r:  -506.000000 | e:   1.000000 | Q:        nan | won: False 
#  238 | steps:  2038 | steps_t:     0 | t: 0.796345 | r:  -506.000000 | e:   1.000000 | Q:        nan | won: False 
#  239 | steps:  2047 | steps_t:     0 | t: 0.799397 | r:  -508.000000 | e:   1.000000 | Q:        nan | won: False 
#  240 | steps:  2053 | steps_t:     0 | t: 0.801821 | r:  -505.000000 | e:   1.000000 | Q:        nan | won: False 
#  241 | steps:  2061 | steps_t:     0 | t: 0.805300 | r:  -507.000000 | e:   1.000000 | Q:        nan | won: False 
#  242 | steps:  2072 | steps_t:     0 | t: 0.809351 | r:  -510.000000 | e:   1.000000 | Q:        nan | won: False 
#  243 | steps:  2084 | steps_t:     0 | t: 0.813607 | r:  -511.000000 | e:   1.000000 | Q:        nan | won: False 
#  244 | steps:  2093 | steps_t:     0 | t: 0.816840 | r:  -508.000000 | e:   1.000000 | Q:        nan | won: False 
#  245 | steps:  2100 | steps_t:     0 | t: 0.819727 | r:  -506.000000 | e:   1.000000 | Q:        nan | won: False 
#  246 | steps:  2107 | steps_t:     0 | t: 0.822810 | r:  -506.000000 | e:   1.000000 | Q:        nan | won: False 
#  247 | steps:  2114 | steps_t:     0 | t: 0.825315 | r:  -506.000000 | e:   1.000000 | Q:        nan | won: False 
#  248 | steps:  2123 | steps_t:     0 | t: 0.828507 | r:  -508.000000 | e:   1.000000 | Q:        nan | won: False 
#  249 | steps:  2128 | steps_t:     0 | t: 0.830386 | r:  -504.000000 | e:   1.000000 | Q:        nan | won: False 
#  250 | steps:  2133 | steps_t:     0 | t: 0.832611 | r:  -504.000000 | e:   1.000000 | Q:        nan | won: False 
#  251 | steps:  2145 | steps_t:     0 | t: 0.837225 | r:  -511.000000 | e:   1.000000 | Q:        nan | won: False 
#  252 | steps:  2158 | steps_t:     0 | t: 0.841916 | r:  -512.000000 | e:   1.000000 | Q:        nan | won: False 
#  253 | steps:  2165 | steps_t:     0 | t: 0.845097 | r:  -506.000000 | e:   1.000000 | Q:        nan | won: False 
#  254 | steps:  2173 | steps_t:     0 | t: 0.847802 | r:  -507.000000 | e:   1.000000 | Q:        nan | won: False 
#  255 | steps:  2180 | steps_t:     0 | t: 0.850250 | r:  -506.000000 | e:   1.000000 | Q:        nan | won: False 
#  256 | steps:  2187 | steps_t:     0 | t: 0.852927 | r:  -506.000000 | e:   1.000000 | Q:        nan | won: False 
#  257 | steps:  2196 | steps_t:     0 | t: 0.857533 | r:  -508.000000 | e:   1.000000 | Q:        nan | won: False 
#  258 | steps:  2205 | steps_t:     0 | t: 0.860824 | r:  -508.000000 | e:   1.000000 | Q:        nan | won: False 
#  259 | steps:  2211 | steps_t:     0 | t: 0.863571 | r:  -505.000000 | e:   1.000000 | Q:        nan | won: False 
#  260 | steps:  2218 | steps_t:     0 | t: 0.866340 | r:  -506.000000 | e:   1.000000 | Q:        nan | won: False 
#  261 | steps:  2227 | steps_t:     0 | t: 0.869447 | r:  -508.000000 | e:   1.000000 | Q:        nan | won: False 
#  262 | steps:  2237 | steps_t:     0 | t: 0.873996 | r:  -509.000000 | e:   1.000000 | Q:        nan | won: False 
#  263 | steps:  2243 | steps_t:     0 | t: 0.876193 | r:  -505.000000 | e:   1.000000 | Q:        nan | won: False 
#  264 | steps:  2251 | steps_t:     0 | t: 0.879026 | r:  -507.000000 | e:   1.000000 | Q:        nan | won: False 
#  265 | steps:  2260 | steps_t:     0 | t: 0.883034 | r:  -508.000000 | e:   1.000000 | Q:        nan | won: False 
#  266 | steps:  2266 | steps_t:     0 | t: 0.885494 | r:  -505.000000 | e:   1.000000 | Q:        nan | won: False 
#  267 | steps:  2275 | steps_t:     0 | t: 0.889801 | r:  -508.000000 | e:   1.000000 | Q:        nan | won: False 
#  268 | steps:  2286 | steps_t:     0 | t: 0.898645 | r:  -510.000000 | e:   1.000000 | Q:        nan | won: False 
#  269 | steps:  2295 | steps_t:     0 | t: 0.905663 | r:  -508.000000 | e:   1.000000 | Q:        nan | won: False 
#  270 | steps:  2303 | steps_t:     0 | t: 0.912302 | r:  -507.000000 | e:   1.000000 | Q:        nan | won: False 
#  271 | steps:  2310 | steps_t:     0 | t: 0.916281 | r:  -506.000000 | e:   1.000000 | Q:        nan | won: False 
#  272 | steps:  2319 | steps_t:     0 | t: 0.920393 | r:  -508.000000 | e:   1.000000 | Q:        nan | won: False 
#  273 | steps:  2325 | steps_t:     0 | t: 0.925254 | r:  -505.000000 | e:   1.000000 | Q:        nan | won: False 
#  274 | steps:  2333 | steps_t:     0 | t: 0.931015 | r:  -507.000000 | e:   1.000000 | Q:        nan | won: False 
#  275 | steps:  2340 | steps_t:     0 | t: 0.933628 | r:  -506.000000 | e:   1.000000 | Q:        nan | won: False 
#  276 | steps:  2350 | steps_t:     0 | t: 0.936630 | r:  -509.000000 | e:   1.000000 | Q:        nan | won: False 
#  277 | steps:  2358 | steps_t:     0 | t: 0.941181 | r:  -507.000000 | e:   1.000000 | Q:        nan | won: False 
