#    1 | steps:     9 | steps_t:     0 | t: 0.002861 | r:  -508.000000 | e:   1.000000 | Q:        nan | won: False 
#    2 | steps:    26 | steps_t:     0 | t: 0.008159 | r:  -516.000000 | e:   1.000000 | Q:        nan | won: False 
#    3 | steps:    35 | steps_t:     0 | t: 0.010800 | r:  -508.000000 | e:   1.000000 | Q:        nan | won: False 
#    4 | steps:    48 | steps_t:     0 | t: 0.014256 | r:  -512.000000 | e:   1.000000 | Q:        nan | won: False 
#    5 | steps:    56 | steps_t:     0 | t: 0.016748 | r:  -507.000000 | e:   1.000000 | Q:        nan | won: False 
#    6 | steps:    62 | steps_t:     0 | t: 0.018530 | r:  -505.000000 | e:   1.000000 | Q:        nan | won: False 
#    7 | steps:    70 | steps_t:     0 | t: 0.021143 | r:  -507.000000 | e:   1.000000 | Q:        nan | won: False 
#    8 | steps:    78 | steps_t:     0 | t: 0.023964 | r:  -507.000000 | e:   1.000000 | Q:        nan | won: False 
#    9 | steps:    86 | steps_t:     0 | t: 0.027328 | r:  -507.000000 | e:   1.000000 | Q:        nan | won: False 
#   10 | steps:    93 | steps_t:     0 | t: 0.030615 | r:  -506.000000 | e:   1.000000 | Q:        nan | won: False 
#   11 | steps:   100 | steps_t:     0 | t: 0.033120 | r:  -506.000000 | e:   1.000000 | Q:        nan | won: False 
#   12 | steps:   107 | steps_t:     0 | t: 0.036045 | r:  -506.000000 | e:   1.000000 | Q:        nan | won: False 
#   13 | steps:   117 | steps_t:     0 | t: 0.040009 | r:  -509.000000 | e:   1.000000 | Q:        nan | won: False 
#   14 | steps:   126 | steps_t:     0 | t: 0.044085 | r:  -508.000000 | e:   1.000000 | Q:        nan | won: False 
#   15 | steps:   133 | steps_t:     0 | t: 0.046932 | r:  -506.000000 | e:   1.000000 | Q:        nan | won: False 
#   16 | steps:   140 | steps_t:     0 | t: 0.049865 | r:  -506.000000 | e:   1.000000 | Q:        nan | won: False 
#   17 | steps:   156 | steps_t:     0 | t: 0.056173 | r:  -515.000000 | e:   1.000000 | Q:        nan | won: False 
#   18 | steps:   166 | steps_t:     0 | t: 0.060446 | r:  -509.000000 | e:   1.000000 | Q:        nan | won: False 
#   19 | steps:   171 | steps_t:     0 | t: 0.061860 | r:  -504.000000 | e:   1.000000 | Q:        nan | won: False 
#   20 | steps:   179 | steps_t:     0 | t: 0.066008 | r:  -507.000000 | e:   1.000000 | Q:        nan | won: False 
#   21 | steps:   186 | steps_t:     0 | t: 0.068111 | r:  -506.000000 | e:   1.000000 | Q:        nan | won: False 
#   22 | steps:   196 | steps_t:     0 | t: 0.071665 | r:  -509.000000 | e:   1.000000 | Q:        nan | won: False 
#   23 | steps:   202 | steps_t:     0 | t: 0.074535 | r:  -505.000000 | e:   1.000000 | Q:        nan | won: False 
#   24 | steps:   210 | steps_t:     0 | t: 0.079062 | r:  -507.000000 | e:   1.000000 | Q:        nan | won: False 
#   25 | steps:   218 | steps_t:     0 | t: 0.082494 | r:  -507.000000 | e:   1.000000 | Q:        nan | won: False 
#   26 | steps:   226 | steps_t:     0 | t: 0.085256 | r:  -507.000000 | e:   1.000000 | Q:        nan | won: False 
#   27 | steps:   239 | steps_t:     0 | t: 0.090720 | r:  -512.000000 | e:   1.000000 | Q:        nan | won: False 
#   28 | steps:   247 | steps_t:     0 | t: 0.093868 | r:  -507.000000 | e:   1.000000 | Q:        nan | won: False 
#   29 | steps:   253 | steps_t:     0 | t: 0.095629 | r:  -505.000000 | e:   1.000000 | Q:        nan | won: False 
#   30 | steps:   261 | steps_t:     0 | t: 0.098535 | r:  -507.000000 | e:   1.000000 | Q:        nan | won: False 
#   31 | steps:   268 | steps_t:     0 | t: 0.101231 | r:  -506.000000 | e:   1.000000 | Q:        nan | won: False 
#   32 | steps:   276 | steps_t:     0 | t: 0.103887 | r:  -507.000000 | e:   1.000000 | Q:        nan | won: False 
#   33 | steps:   283 | steps_t:     0 | t: 0.107005 | r:  -506.000000 | e:   1.000000 | Q:        nan | won: False 
#   34 | steps:   288 | steps_t:     0 | t: 0.109879 | r:  -504.000000 | e:   1.000000 | Q:        nan | won: False 
#   35 | steps:   295 | steps_t:     0 | t: 0.112705 | r:  -506.000000 | e:   1.000000 | Q:        nan | won: False 
#   36 | steps:   303 | steps_t:     0 | t: 0.114957 | r:  -507.000000 | e:   1.000000 | Q:        nan | won: False 
#   37 | steps:   310 | steps_t:     0 | t: 0.117487 | r:  -506.000000 | e:   1.000000 | Q:        nan | won: False 
#   38 | steps:   318 | steps_t:     0 | t: 0.120540 | r:  -507.000000 | e:   1.000000 | Q:        nan | won: False 
#   39 | steps:   328 | steps_t:     0 | t: 0.124643 | r:  -509.000000 | e:   1.000000 | Q:        nan | won: False 
#   40 | steps:   336 | steps_t:     0 | t: 0.128988 | r:  -507.000000 | e:   1.000000 | Q:        nan | won: False 
#   41 | steps:   349 | steps_t:     0 | t: 0.132667 | r:  -512.000000 | e:   1.000000 | Q:        nan | won: False 
#   42 | steps:   356 | steps_t:     0 | t: 0.135251 | r:  -506.000000 | e:   1.000000 | Q:        nan | won: False 
#   43 | steps:   371 | steps_t:     0 | t: 0.140845 | r:  -503.000000 | e:   1.000000 | Q:        nan | won: False 
#   44 | steps:   386 | steps_t:     0 | t: 0.146526 | r:  -503.000000 | e:   1.000000 | Q:        nan | won: False 
#   45 | steps:   393 | steps_t:     0 | t: 0.149298 | r:  -506.000000 | e:   1.000000 | Q:        nan | won: False 
#   46 | steps:   401 | steps_t:     0 | t: 0.152442 | r:  -507.000000 | e:   1.000000 | Q:        nan | won: False 
#   47 | steps:   409 | steps_t:     0 | t: 0.155092 | r:  -507.000000 | e:   1.000000 | Q:        nan | won: False 
#   48 | steps:   418 | steps_t:     0 | t: 0.160182 | r:  -508.000000 | e:   1.000000 | Q:        nan | won: False 
#   49 | steps:   427 | steps_t:     0 | t: 0.163535 | r:  -508.000000 | e:   1.000000 | Q:        nan | won: False 
#   50 | steps:   435 | steps_t:     0 | t: 0.166408 | r:  -507.000000 | e:   1.000000 | Q:        nan | won: False 
#   51 | steps:   445 | steps_t:     0 | t: 0.170467 | r:  -509.000000 | e:   1.000000 | Q:        nan | won: False 
#   52 | steps:   455 | steps_t:     0 | t: 0.175390 | r:  -509.000000 | e:   1.000000 | Q:        nan | won: False 
#   53 | steps:   462 | steps_t:     0 | t: 0.178380 | r:  -506.000000 | e:   1.000000 | Q:        nan | won: False 
#   54 | steps:   468 | steps_t:     0 | t: 0.180705 | r:  -505.000000 | e:   1.000000 | Q:        nan | won: False 
#   55 | steps:   475 | steps_t:     0 | t: 0.182805 | r:  -506.000000 | e:   1.000000 | Q:        nan | won: False 
#   56 | steps:   481 | steps_t:     0 | t: 0.185129 | r:  -505.000000 | e:   1.000000 | Q:        nan | won: False 
#   57 | steps:   490 | steps_t:     0 | t: 0.188205 | r:  -508.000000 | e:   1.000000 | Q:        nan | won: False 
#   58 | steps:   499 | steps_t:     0 | t: 0.192339 | r:  -508.000000 | e:   1.000000 | Q:        nan | won: False 
#   59 | steps:   510 | steps_t:     0 | t: 0.197006 | r:  -510.000000 | e:   1.000000 | Q:        nan | won: False 
#   60 | steps:   518 | steps_t:     0 | t: 0.199554 | r:  -507.000000 | e:   1.000000 | Q:        nan | won: False 
#   61 | steps:   526 | steps_t:     0 | t: 0.202662 | r:  -507.000000 | e:   1.000000 | Q:        nan | won: False 
#   62 | steps:   536 | steps_t:     0 | t: 0.206352 | r:  -509.000000 | e:   1.000000 | Q:        nan | won: False 
#   63 | steps:   542 | steps_t:     0 | t: 0.209660 | r:  -505.000000 | e:   1.000000 | Q:        nan | won: False 
#   64 | steps:   550 | steps_t:     0 | t: 0.212670 | r:  -507.000000 | e:   1.000000 | Q:        nan | won: False 
#   65 | steps:   555 | steps_t:     0 | t: 0.214515 | r:  -504.000000 | e:   1.000000 | Q:        nan | won: False 
#   66 | steps:   562 | steps_t:     0 | t: 0.216863 | r:  -506.000000 | e:   1.000000 | Q:        nan | won: False 
#   67 | steps:   572 | steps_t:     0 | t: 0.220825 | r:  -509.000000 | e:   1.000000 | Q:        nan | won: False 
#   68 | steps:   578 | steps_t:     0 | t: 0.223184 | r:  -505.000000 | e:   1.000000 | Q:        nan | won: False 
#   69 | steps:   589 | steps_t:     0 | t: 0.228293 | r:  -510.000000 | e:   1.000000 | Q:        nan | won: False 
#   70 | steps:   595 | steps_t:     0 | t: 0.231567 | r:  -505.000000 | e:   1.000000 | Q:        nan | won: False 
#   71 | steps:   602 | steps_t:     0 | t: 0.234033 | r:  -506.000000 | e:   1.000000 | Q:        nan | won: False 
#   72 | steps:   619 | steps_t:     0 | t: 0.240600 | r:  -516.000000 | e:   1.000000 | Q:        nan | won: False 
#   73 | steps:   626 | steps_t:     0 | t: 0.244513 | r:  -506.000000 | e:   1.000000 | Q:        nan | won: False 
#   74 | steps:   634 | steps_t:     0 | t: 0.246993 | r:  -507.000000 | e:   1.000000 | Q:        nan | won: False 
#   75 | steps:   644 | steps_t:     0 | t: 0.251092 | r:  -509.000000 | e:   1.000000 | Q:        nan | won: False 
#   76 | steps:   650 | steps_t:     0 | t: 0.252989 | r:  -505.000000 | e:   1.000000 | Q:        nan | won: False 
#   77 | steps:   659 | steps_t:     0 | t: 0.257670 | r:  -508.000000 | e:   1.000000 | Q:        nan | won: False 
#   78 | steps:   666 | steps_t:     0 | t: 0.261209 | r:  -506.000000 | e:   1.000000 | Q:        nan | won: False 
#   79 | steps:   678 | steps_t:     0 | t: 0.265208 | r:  -511.000000 | e:   1.000000 | Q:        nan | won: False 
#   80 | steps:   689 | steps_t:     0 | t: 0.269455 | r:  -510.000000 | e:   1.000000 | Q:        nan | won: False 
#   81 | steps:   694 | steps_t:     0 | t: 0.271301 | r:  -504.000000 | e:   1.000000 | Q:        nan | won: False 
#   82 | steps:   704 | steps_t:     0 | t: 0.275257 | r:  -509.000000 | e:   1.000000 | Q:        nan | won: False 
#   83 | steps:   711 | steps_t:     0 | t: 0.278227 | r:  -506.000000 | e:   1.000000 | Q:        nan | won: False 
#   84 | steps:   720 | steps_t:     0 | t: 0.281059 | r:  -508.000000 | e:   1.000000 | Q:        nan | won: False 
#   85 | steps:   727 | steps_t:     0 | t: 0.283576 | r:  -506.000000 | e:   1.000000 | Q:        nan | won: False 
#   86 | steps:   734 | steps_t:     0 | t: 0.286529 | r:  -506.000000 | e:   1.000000 | Q:        nan | won: False 
#   87 | steps:   746 | steps_t:     0 | t: 0.292192 | r:  -511.000000 | e:   1.000000 | Q:        nan | won: False 
#   88 | steps:   753 | steps_t:     0 | t: 0.294951 | r:  -506.000000 | e:   1.000000 | Q:        nan | won: False 
#   89 | steps:   761 | steps_t:     0 | t: 0.358696 | r:  -507.000000 | e:   1.000000 | Q:        nan | won: False 
#   90 | steps:   768 | steps_t:     0 | t: 0.361571 | r:  -506.000000 | e:   1.000000 | Q:        nan | won: False 
#   91 | steps:   780 | steps_t:     0 | t: 0.365947 | r:  -511.000000 | e:   1.000000 | Q:        nan | won: False 
#   92 | steps:   786 | steps_t:     0 | t: 0.368099 | r:  -505.000000 | e:   1.000000 | Q:        nan | won: False 
#   93 | steps:   794 | steps_t:     0 | t: 0.370963 | r:  -507.000000 | e:   1.000000 | Q:        nan | won: False 
#   94 | steps:   801 | steps_t:     0 | t: 0.373352 | r:  -506.000000 | e:   1.000000 | Q:        nan | won: False 
#   95 | steps:   809 | steps_t:     0 | t: 0.375872 | r:  -507.000000 | e:   1.000000 | Q:        nan | won: False 
#   96 | steps:   818 | steps_t:     0 | t: 0.379081 | r:  -508.000000 | e:   1.000000 | Q:        nan | won: False 
#   97 | steps:   833 | steps_t:     0 | t: 0.384190 | r:  -514.000000 | e:   1.000000 | Q:        nan | won: False 
#   98 | steps:   840 | steps_t:     0 | t: 0.386373 | r:  -506.000000 | e:   1.000000 | Q:        nan | won: False 
#   99 | steps:   846 | steps_t:     0 | t: 0.388227 | r:  -505.000000 | e:   1.000000 | Q:        nan | won: False 
#  100 | steps:   854 | steps_t:     0 | t: 0.391522 | r:  -507.000000 | e:   1.000000 | Q:        nan | won: False 
#  101 | steps:   860 | steps_t:     0 | t: 0.394423 | r:  -505.000000 | e:   1.000000 | Q:        nan | won: False 
#  102 | steps:   868 | steps_t:     0 | t: 0.396954 | r:  -507.000000 | e:   1.000000 | Q:        nan | won: False 
#  103 | steps:   875 | steps_t:     0 | t: 0.399239 | r:  -506.000000 | e:   1.000000 | Q:        nan | won: False 
#  104 | steps:   882 | steps_t:     0 | t: 0.401613 | r:  -506.000000 | e:   1.000000 | Q:        nan | won: False 
#  105 | steps:   892 | steps_t:     0 | t: 0.404875 | r:  -509.000000 | e:   1.000000 | Q:        nan | won: False 
#  106 | steps:   905 | steps_t:     0 | t: 0.410106 | r:  -512.000000 | e:   1.000000 | Q:        nan | won: False 
#  107 | steps:   912 | steps_t:     0 | t: 0.412534 | r:  -506.000000 | e:   1.000000 | Q:        nan | won: False 
#  108 | steps:   920 | steps_t:     0 | t: 0.414816 | r:  -507.000000 | e:   1.000000 | Q:        nan | won: False 
#  109 | steps:   928 | steps_t:     0 | t: 0.417272 | r:  -507.000000 | e:   1.000000 | Q:        nan | won: False 
#  110 | steps:   935 | steps_t:     0 | t: 0.419662 | r:  -506.000000 | e:   1.000000 | Q:        nan | won: False 
#  111 | steps:   945 | steps_t:     0 | t: 0.423023 | r:  -509.000000 | e:   1.000000 | Q:        nan | won: False 
#  112 | steps:   951 | steps_t:     0 | t: 0.426624 | r:  -505.000000 | e:   1.000000 | Q:        nan | won: False 
#  113 | steps:   959 | steps_t:     0 | t: 0.429436 | r:  -507.000000 | e:   1.000000 | Q:        nan | won: False 
#  114 | steps:   966 | steps_t:     0 | t: 0.431993 | r:  -506.000000 | e:   1.000000 | Q:        nan | won: False 
#  115 | steps:   978 | steps_t:     0 | t: 0.436049 | r:  -511.000000 | e:   1.000000 | Q:        nan | won: False 
#  116 | steps:   985 | steps_t:     0 | t: 0.439159 | r:  -506.000000 | e:   1.000000 | Q:        nan | won: False 
#  117 | steps:   993 | steps_t:     0 | t: 0.442503 | r:  -507.000000 | e:   1.000000 | Q:        nan | won: False 
#  118 | steps:  1002 | steps_t:     0 | t: 0.445694 | r:  -508.000000 | e:   1.000000 | Q:        nan | won: False 
#  119 | steps:  1016 | steps_t:     0 | t: 0.450917 | r:  -502.000000 | e:   1.000000 | Q:        nan | won: False 
#  120 | steps:  1024 | steps_t:     0 | t: 0.454561 | r:  -507.000000 | e:   1.000000 | Q:        nan | won: False 
#  121 | steps:  1033 | steps_t:     0 | t: 0.458693 | r:  -508.000000 | e:   1.000000 | Q:        nan | won: False 
#  122 | steps:  1045 | steps_t:     0 | t: 0.462964 | r:  -511.000000 | e:   1.000000 | Q:        nan | won: False 
#  123 | steps:  1054 | steps_t:     0 | t: 0.466203 | r:  -508.000000 | e:   1.000000 | Q:        nan | won: False 
#  124 | steps:  1061 | steps_t:     0 | t: 0.468634 | r:  -506.000000 | e:   1.000000 | Q:        nan | won: False 
#  125 | steps:  1069 | steps_t:     0 | t: 0.471808 | r:  -507.000000 | e:   1.000000 | Q:        nan | won: False 
#  126 | steps:  1074 | steps_t:     0 | t: 0.474214 | r:  -504.000000 | e:   1.000000 | Q:        nan | won: False 
#  127 | steps:  1082 | steps_t:     0 | t: 0.478020 | r:  -507.000000 | e:   1.000000 | Q:        nan | won: False 
#  128 | steps:  1089 | steps_t:     0 | t: 0.480443 | r:  -506.000000 | e:   1.000000 | Q:        nan | won: False 
#  129 | steps:  1101 | steps_t:     0 | t: 0.484324 | r:  -511.000000 | e:   1.000000 | Q:        nan | won: False 
#  130 | steps:  1106 | steps_t:     0 | t: 0.486569 | r:  -504.000000 | e:   1.000000 | Q:        nan | won: False 
#  131 | steps:  1114 | steps_t:     0 | t: 0.490059 | r:  -507.000000 | e:   1.000000 | Q:        nan | won: False 
#  132 | steps:  1124 | steps_t:     0 | t: 0.494657 | r:  -509.000000 | e:   1.000000 | Q:        nan | won: False 
#  133 | steps:  1136 | steps_t:     0 | t: 0.499228 | r:  -511.000000 | e:   1.000000 | Q:        nan | won: False 
#  134 | steps:  1144 | steps_t:     0 | t: 0.502784 | r:  -507.000000 | e:   1.000000 | Q:        nan | won: False 
#  135 | steps:  1152 | steps_t:     0 | t: 0.505121 | r:  -507.000000 | e:   1.000000 | Q:        nan | won: False 
#  136 | steps:  1157 | steps_t:     0 | t: 0.507502 | r:  -504.000000 | e:   1.000000 | Q:        nan | won: False 
#  137 | steps:  1166 | steps_t:     0 | t: 0.511756 | r:  -508.000000 | e:   1.000000 | Q:        nan | won: False 
#  138 | steps:  1176 | steps_t:     0 | t: 0.514894 | r:  -509.000000 | e:   1.000000 | Q:        nan | won: False 
#  139 | steps:  1183 | steps_t:     0 | t: 0.518109 | r:  -506.000000 | e:   1.000000 | Q:        nan | won: False 
#  140 | steps:  1188 | steps_t:     0 | t: 0.520010 | r:  -504.000000 | e:   1.000000 | Q:        nan | won: False 
#  141 | steps:  1197 | steps_t:     0 | t: 0.523218 | r:  -508.000000 | e:   1.000000 | Q:        nan | won: False 
#  142 | steps:  1208 | steps_t:     0 | t: 0.527805 | r:  -510.000000 | e:   1.000000 | Q:        nan | won: False 
#  143 | steps:  1217 | steps_t:     0 | t: 0.530542 | r:  -508.000000 | e:   1.000000 | Q:        nan | won: False 
#  144 | steps:  1223 | steps_t:     0 | t: 0.533806 | r:  -505.000000 | e:   1.000000 | Q:        nan | won: False 
#  145 | steps:  1229 | steps_t:     0 | t: 0.535878 | r:  -505.000000 | e:   1.000000 | Q:        nan | won: False 
#  146 | steps:  1236 | steps_t:     0 | t: 0.537969 | r:  -506.000000 | e:   1.000000 | Q:        nan | won: False 
#  147 | steps:  1244 | steps_t:     0 | t: 0.542247 | r:  -507.000000 | e:   1.000000 | Q:        nan | won: False 
#  148 | steps:  1252 | steps_t:     0 | t: 0.545587 | r:  -507.000000 | e:   1.000000 | Q:        nan | won: False 
#  149 | steps:  1260 | steps_t:     0 | t: 0.548937 | r:  -507.000000 | e:   1.000000 | Q:        nan | won: False 
#  150 | steps:  1269 | steps_t:     0 | t: 0.551483 | r:  -508.000000 | e:   1.000000 | Q:        nan | won: False 
#  151 | steps:  1283 | steps_t:     0 | t: 0.556715 | r:  -513.000000 | e:   1.000000 | Q:        nan | won: False 
#  152 | steps:  1294 | steps_t:     0 | t: 0.561244 | r:  -510.000000 | e:   1.000000 | Q:        nan | won: False 
#  153 | steps:  1302 | steps_t:     0 | t: 0.564418 | r:  -507.000000 | e:   1.000000 | Q:        nan | won: False 
#  154 | steps:  1314 | steps_t:     0 | t: 0.567907 | r:  -511.000000 | e:   1.000000 | Q:        nan | won: False 
#  155 | steps:  1329 | steps_t:     0 | t: 0.572550 | r:  -514.000000 | e:   1.000000 | Q:        nan | won: False 
#  156 | steps:  1338 | steps_t:     0 | t: 0.576908 | r:  -508.000000 | e:   1.000000 | Q:        nan | won: False 
#  157 | steps:  1344 | steps_t:     0 | t: 0.579688 | r:  -505.000000 | e:   1.000000 | Q:        nan | won: False 
#  158 | steps:  1351 | steps_t:     0 | t: 0.581827 | r:  -506.000000 | e:   1.000000 | Q:        nan | won: False 
#  159 | steps:  1359 | steps_t:     0 | t: 0.585234 | r:  -507.000000 | e:   1.000000 | Q:        nan | won: False 
#  160 | steps:  1367 | steps_t:     0 | t: 0.588578 | r:  -507.000000 | e:   1.000000 | Q:        nan | won: False 
#  161 | steps:  1377 | steps_t:     0 | t: 0.593694 | r:  -509.000000 | e:   1.000000 | Q:        nan | won: False 
#  162 | steps:  1390 | steps_t:     0 | t: 0.599375 | r:  -512.000000 | e:   1.000000 | Q:        nan | won: False 
#  163 | steps:  1398 | steps_t:     0 | t: 0.603023 | r:  -507.000000 | e:   1.000000 | Q:        nan | won: False 
#  164 | steps:  1412 | steps_t:     0 | t: 0.609986 | r:  -513.000000 | e:   1.000000 | Q:        nan | won: False 
#  165 | steps:  1419 | steps_t:     0 | t: 0.613259 | r:  -506.000000 | e:   1.000000 | Q:        nan | won: False 
#  166 | steps:  1426 | steps_t:     0 | t: 0.616436 | r:  -506.000000 | e:   1.000000 | Q:        nan | won: False 
#  167 | steps:  1433 | steps_t:     0 | t: 0.619183 | r:  -506.000000 | e:   1.000000 | Q:        nan | won: False 
#  168 | steps:  1448 | steps_t:     0 | t: 0.624558 | r:  -514.000000 | e:   1.000000 | Q:        nan | won: False 
#  169 | steps:  1456 | steps_t:     0 | t: 0.627317 | r:  -507.000000 | e:   1.000000 | Q:        nan | won: False 
#  170 | steps:  1462 | steps_t:     0 | t: 0.629471 | r:  -505.000000 | e:   1.000000 | Q:        nan | won: False 
#  171 | steps:  1469 | steps_t:     0 | t: 0.631789 | r:  -506.000000 | e:   1.000000 | Q:        nan | won: False 
#  172 | steps:  1475 | steps_t:     0 | t: 0.633628 | r:  -505.000000 | e:   1.000000 | Q:        nan | won: False 
#  173 | steps:  1484 | steps_t:     0 | t: 0.636468 | r:  -508.000000 | e:   1.000000 | Q:        nan | won: False 
#  174 | steps:  1491 | steps_t:     0 | t: 0.638821 | r:  -506.000000 | e:   1.000000 | Q:        nan | won: False 
#  175 | steps:  1497 | steps_t:     0 | t: 0.641651 | r:  -505.000000 | e:   1.000000 | Q:        nan | won: False 
#  176 | steps:  1504 | steps_t:     0 | t: 0.643881 | r:  -506.000000 | e:   1.000000 | Q:        nan | won: False 
#  177 | steps:  1512 | steps_t:     0 | t: 0.648190 | r:  -507.000000 | e:   1.000000 | Q:        nan | won: False 
#  178 | steps:  1519 | steps_t:     0 | t: 0.650804 | r:  -506.000000 | e:   1.000000 | Q:        nan | won: False 
#  179 | steps:  1527 | steps_t:     0 | t: 0.654286 | r:  -507.000000 | e:   1.000000 | Q:        nan | won: False 
#  180 | steps:  1536 | steps_t:     0 | t: 0.658395 | r:  -508.000000 | e:   1.000000 | Q:        nan | won: False 
#  181 | steps:  1547 | steps_t:     0 | t: 0.662486 | r:  -510.000000 | e:   1.000000 | Q:        nan | won: False 
#  182 | steps:  1558 | steps_t:     0 | t: 0.666327 | r:  -510.000000 | e:   1.000000 | Q:        nan | won: False 
#  183 | steps:  1566 | steps_t:     0 | t: 0.668863 | r:  -507.000000 | e:   1.000000 | Q:        nan | won: False 
#  184 | steps:  1573 | steps_t:     0 | t: 0.671459 | r:  -506.000000 | e:   1.000000 | Q:        nan | won: False 
#  185 | steps:  1581 | steps_t:     0 | t: 0.675296 | r:  -507.000000 | e:   1.000000 | Q:        nan | won: False 
#  186 | steps:  1589 | steps_t:     0 | t: 0.678995 | r:  -507.000000 | e:   1.000000 | Q:        nan | won: False 
#  187 | steps:  1599 | steps_t:     0 | t: 0.682309 | r:  -509.000000 | e:   1.000000 | Q:        nan | won: False 
#  188 | steps:  1609 | steps_t:     0 | t: 0.685642 | r:  -509.000000 | e:   1.000000 | Q:        nan | won: False 
#  189 | steps:  1616 | steps_t:     0 | t: 0.688630 | r:  -506.000000 | e:   1.000000 | Q:        nan | won: False 
#  190 | steps:  1623 | steps_t:     0 | t: 0.691834 | r:  -506.000000 | e:   1.000000 | Q:        nan | won: False 
#  191 | steps:  1631 | steps_t:     0 | t: 0.696485 | r:  -507.000000 | e:   1.000000 | Q:        nan | won: False 
#  192 | steps:  1642 | steps_t:     0 | t: 0.700151 | r:  -510.000000 | e:   1.000000 | Q:        nan | won: False 
#  193 | steps:  1648 | steps_t:     0 | t: 0.701919 | r:  -505.000000 | e:   1.000000 | Q:        nan | won: False 
#  194 | steps:  1656 | steps_t:     0 | t: 0.705345 | r:  -507.000000 | e:   1.000000 | Q:        nan | won: False 
#  195 | steps:  1666 | steps_t:     0 | t: 0.709545 | r:  -509.000000 | e:   1.000000 | Q:        nan | won: False 
#  196 | steps:  1674 | steps_t:     0 | t: 0.712666 | r:  -507.000000 | e:   1.000000 | Q:        nan | won: False 
#  197 | steps:  1681 | steps_t:     0 | t: 0.715190 | r:  -506.000000 | e:   1.000000 | Q:        nan | won: False 
#  198 | steps:  1689 | steps_t:     0 | t: 0.717764 | r:  -507.000000 | e:   1.000000 | Q:        nan | won: False 
#  199 | steps:  1695 | steps_t:     0 | t: 0.720026 | r:  -505.000000 | e:   1.000000 | Q:        nan | won: False 
#  200 | steps:  1703 | steps_t:     0 | t: 0.723581 | r:  -507.000000 | e:   1.000000 | Q:        nan | won: False 
#  201 | steps:  1710 | steps_t:     0 | t: 0.726127 | r:  -506.000000 | e:   1.000000 | Q:        nan | won: False 
#  202 | steps:  1717 | steps_t:     0 | t: 0.729416 | r:  -506.000000 | e:   1.000000 | Q:        nan | won: False 
#  203 | steps:  1724 | steps_t:     0 | t: 0.732405 | r:  -506.000000 | e:   1.000000 | Q:        nan | won: False 
#  204 | steps:  1731 | steps_t:     0 | t: 0.736176 | r:  -506.000000 | e:   1.000000 | Q:        nan | won: False 
#  205 | steps:  1738 | steps_t:     0 | t: 0.738837 | r:  -506.000000 | e:   1.000000 | Q:        nan | won: False 
#  206 | steps:  1745 | steps_t:     0 | t: 0.741974 | r:  -506.000000 | e:   1.000000 | Q:        nan | won: False 
#  207 | steps:  1750 | steps_t:     0 | t: 0.744866 | r:  -504.000000 | e:   1.000000 | Q:        nan | won: False 
#  208 | steps:  1758 | steps_t:     0 | t: 0.748471 | r:  -507.000000 | e:   1.000000 | Q:        nan | won: False 
#  209 | steps:  1765 | steps_t:     0 | t: 0.752240 | r:  -506.000000 | e:   1.000000 | Q:        nan | won: False 
#  210 | steps:  1771 | steps_t:     0 | t: 0.754933 | r:  -505.000000 | e:   1.000000 | Q:        nan | won: False 
#  211 | steps:  1781 | steps_t:     0 | t: 0.759411 | r:  -509.000000 | e:   1.000000 | Q:        nan | won: False 
#  212 | steps:  1790 | steps_t:     0 | t: 0.763843 | r:  -508.000000 | e:   1.000000 | Q:        nan | won: False 
#  213 | steps:  1796 | steps_t:     0 | t: 0.767388 | r:  -505.000000 | e:   1.000000 | Q:        nan | won: False 
#  214 | steps:  1804 | steps_t:     0 | t: 0.770660 | r:  -507.000000 | e:   1.000000 | Q:        nan | won: False 
#  215 | steps:  1811 | steps_t:     0 | t: 0.773240 | r:  -506.000000 | e:   1.000000 | Q:        nan | won: False 
#  216 | steps:  1818 | steps_t:     0 | t: 0.776004 | r:  -506.000000 | e:   1.000000 | Q:        nan | won: False 
#  217 | steps:  1828 | steps_t:     0 | t: 0.779901 | r:  -509.000000 | e:   1.000000 | Q:        nan | won: False 
#  218 | steps:  1839 | steps_t:     0 | t: 0.784346 | r:  -510.000000 | e:   1.000000 | Q:        nan | won: False 
#  219 | steps:  1849 | steps_t:     0 | t: 0.788723 | r:  -509.000000 | e:   1.000000 | Q:        nan | won: False 
#  220 | steps:  1857 | steps_t:     0 | t: 0.792425 | r:  -507.000000 | e:   1.000000 | Q:        nan | won: False 
#  221 | steps:  1868 | steps_t:     0 | t: 0.796864 | r:  -510.000000 | e:   1.000000 | Q:        nan | won: False 
#  222 | steps:  1877 | steps_t:     0 | t: 0.799569 | r:  -508.000000 | e:   1.000000 | Q:        nan | won: False 
#  223 | steps:  1885 | steps_t:     0 | t: 0.802781 | r:  -507.000000 | e:   1.000000 | Q:        nan | won: False 
#  224 | steps:  1896 | steps_t:     0 | t: 0.807479 | r:  -510.000000 | e:   1.000000 | Q:        nan | won: False 
#  225 | steps:  1912 | steps_t:     0 | t: 0.813385 | r:  -515.000000 | e:   1.000000 | Q:        nan | won: False 
#  226 | steps:  1925 | steps_t:     0 | t: 0.817546 | r:  -512.000000 | e:   1.000000 | Q:        nan | won: False 
#  227 | steps:  1935 | steps_t:     0 | t: 0.821591 | r:  -509.000000 | e:   1.000000 | Q:        nan | won: False 
#  228 | steps:  1943 | steps_t:     0 | t: 0.825437 | r:  -507.000000 | e:   1.000000 | Q:        nan | won: False 
#  229 | steps:  1953 | steps_t:     0 | t: 0.830117 | r:  -509.000000 | e:   1.000000 | Q:        nan | won: False 
#  230 | steps:  1959 | steps_t:     0 | t: 0.832458 | r:  -505.000000 | e:   1.000000 | Q:        nan | won: False 
#  231 | steps:  1966 | steps_t:     0 | t: 0.835144 | r:  -506.000000 | e:   1.000000 | Q:        nan | won: False 
#  232 | steps:  1980 | steps_t:     0 | t: 0.842076 | r:  -513.000000 | e:   1.000000 | Q:        nan | won: False 
#  233 | steps:  1988 | steps_t:     0 | t: 0.844985 | r:  -507.000000 | e:   1.000000 | Q:        nan | won: False 
#  234 | steps:  1996 | steps_t:     0 | t: 0.847680 | r:  -507.000000 | e:   1.000000 | Q:        nan | won: False 
#  235 | steps:  2006 | steps_t:     0 | t: 0.851718 | r:  -509.000000 | e:   1.000000 | Q:        nan | won: False 
#  236 | steps:  2012 | steps_t:     0 | t: 0.853696 | r:  -505.000000 | e:   1.000000 | Q:        nan | won: False 
#  237 | steps:  2020 | steps_t:     0 | t: 0.857244 | r:  -507.000000 | e:   1.000000 | Q:        nan | won: False 
#  238 | steps:  2033 | steps_t:     0 | t: 0.862916 | r:  -512.000000 | e:   1.000000 | Q:        nan | won: False 
#  239 | steps:  2044 | steps_t:     0 | t: 0.866460 | r:  -510.000000 | e:   1.000000 | Q:        nan | won: False 
#  240 | steps:  2056 | steps_t:     0 | t: 0.870458 | r:  -511.000000 | e:   1.000000 | Q:        nan | won: False 
#  241 | steps:  2064 | steps_t:     0 | t: 0.875445 | r:  -507.000000 | e:   1.000000 | Q:        nan | won: False 
#  242 | steps:  2072 | steps_t:     0 | t: 0.879202 | r:  -507.000000 | e:   1.000000 | Q:        nan | won: False 
#  243 | steps:  2080 | steps_t:     0 | t: 0.882943 | r:  -507.000000 | e:   1.000000 | Q:        nan | won: False 
#  244 | steps:  2090 | steps_t:     0 | t: 0.886301 | r:  -509.000000 | e:   1.000000 | Q:        nan | won: False 
#  245 | steps:  2096 | steps_t:     0 | t: 0.889832 | r:  -505.000000 | e:   1.000000 | Q:        nan | won: False 
#  246 | steps:  2104 | steps_t:     0 | t: 0.893660 | r:  -507.000000 | e:   1.000000 | Q:        nan | won: False 
#  247 | steps:  2110 | steps_t:     0 | t: 0.896375 | r:  -505.000000 | e:   1.000000 | Q:        nan | won: False 
#  248 | steps:  2117 | steps_t:     0 | t: 0.899146 | r:  -506.000000 | e:   1.000000 | Q:        nan | won: False 
#  249 | steps:  2128 | steps_t:     0 | t: 0.904055 | r:  -510.000000 | e:   1.000000 | Q:        nan | won: False 
#  250 | steps:  2133 | steps_t:     0 | t: 0.906138 | r:  -504.000000 | e:   1.000000 | Q:        nan | won: False 
#  251 | steps:  2142 | steps_t:     0 | t: 0.910404 | r:  -508.000000 | e:   1.000000 | Q:        nan | won: False 
#  252 | steps:  2149 | steps_t:     0 | t: 0.913325 | r:  -506.000000 | e:   1.000000 | Q:        nan | won: False 
#  253 | steps:  2154 | steps_t:     0 | t: 0.915532 | r:  -504.000000 | e:   1.000000 | Q:        nan | won: False 
#  254 | steps:  2163 | steps_t:     0 | t: 0.918568 | r:  -508.000000 | e:   1.000000 | Q:        nan | won: False 
#  255 | steps:  2174 | steps_t:     0 | t: 0.922223 | r:  -510.000000 | e:   1.000000 | Q:        nan | won: False 
#  256 | steps:  2182 | steps_t:     0 | t: 0.925715 | r:  -507.000000 | e:   1.000000 | Q:        nan | won: False 
#  257 | steps:  2187 | steps_t:     0 | t: 0.928248 | r:  -504.000000 | e:   1.000000 | Q:        nan | won: False 
#  258 | steps:  2196 | steps_t:     0 | t: 0.931860 | r:  -508.000000 | e:   1.000000 | Q:        nan | won: False 
#  259 | steps:  2205 | steps_t:     0 | t: 0.934918 | r:  -508.000000 | e:   1.000000 | Q:        nan | won: False 
#  260 | steps:  2213 | steps_t:     0 | t: 0.937476 | r:  -507.000000 | e:   1.000000 | Q:        nan | won: False 
#  261 | steps:  2221 | steps_t:     0 | t: 0.940732 | r:  -507.000000 | e:   1.000000 | Q:        nan | won: False 
#  262 | steps:  2230 | steps_t:     0 | t: 0.944154 | r:  -508.000000 | e:   1.000000 | Q:        nan | won: False 
#  263 | steps:  2239 | steps_t:     0 | t: 0.947905 | r:  -508.000000 | e:   1.000000 | Q:        nan | won: False 
#  264 | steps:  2251 | steps_t:     0 | t: 0.952267 | r:  -511.000000 | e:   1.000000 | Q:        nan | won: False 
#  265 | steps:  2256 | steps_t:     0 | t: 0.953716 | r:  -504.000000 | e:   1.000000 | Q:        nan | won: False 
#  266 | steps:  2263 | steps_t:     0 | t: 0.955679 | r:  -506.000000 | e:   1.000000 | Q:        nan | won: False 
#  267 | steps:  2270 | steps_t:     0 | t: 0.958663 | r:  -506.000000 | e:   1.000000 | Q:        nan | won: False 
#  268 | steps:  2278 | steps_t:     0 | t: 0.961531 | r:  -507.000000 | e:   1.000000 | Q:        nan | won: False 
#  269 | steps:  2290 | steps_t:     0 | t: 0.965338 | r:  -511.000000 | e:   1.000000 | Q:        nan | won: False 
#  270 | steps:  2297 | steps_t:     0 | t: 0.967705 | r:  -506.000000 | e:   1.000000 | Q:        nan | won: False 
#  271 | steps:  2310 | steps_t:     0 | t: 0.971700 | r:  -512.000000 | e:   1.000000 | Q:        nan | won: False 
#  272 | steps:  2323 | steps_t:     0 | t: 0.977067 | r:  -512.000000 | e:   1.000000 | Q:        nan | won: False 
#  273 | steps:  2332 | steps_t:     0 | t: 0.980164 | r:  -508.000000 | e:   1.000000 | Q:        nan | won: False 
#  274 | steps:  2341 | steps_t:     0 | t: 0.983227 | r:  -508.000000 | e:   1.000000 | Q:        nan | won: False 
#  275 | steps:  2347 | steps_t:     0 | t: 0.985301 | r:  -505.000000 | e:   1.000000 | Q:        nan | won: False 
#  276 | steps:  2356 | steps_t:     0 | t: 0.988020 | r:  -508.000000 | e:   1.000000 | Q:        nan | won: False 
#  277 | steps:  2363 | steps_t:     0 | t: 0.991408 | r:  -506.000000 | e:   1.000000 | Q:        nan | won: False 
#  278 | steps:  2370 | steps_t:     0 | t: 0.993940 | r:  -506.000000 | e:   1.000000 | Q:        nan | won: False 
#  279 | steps:  2376 | steps_t:     0 | t: 0.996562 | r:  -505.000000 | e:   1.000000 | Q:        nan | won: False 
#  280 | steps:  2384 | steps_t:     0 | t: 0.999698 | r:  -507.000000 | e:   1.000000 | Q:        nan | won: False 
#  281 | steps:  2391 | steps_t:     0 | t: 1.002042 | r:  -506.000000 | e:   1.000000 | Q:        nan | won: False 
#  282 | steps:  2403 | steps_t:     0 | t: 1.005684 | r:  -511.000000 | e:   1.000000 | Q:        nan | won: False 
#  283 | steps:  2408 | steps_t:     0 | t: 1.008547 | r:  -504.000000 | e:   1.000000 | Q:        nan | won: False 
#  284 | steps:  2416 | steps_t:     0 | t: 1.011235 | r:  -507.000000 | e:   1.000000 | Q:        nan | won: False 
#  285 | steps:  2424 | steps_t:     0 | t: 1.014069 | r:  -507.000000 | e:   1.000000 | Q:        nan | won: False 
#  286 | steps:  2432 | steps_t:     0 | t: 1.016587 | r:  -507.000000 | e:   1.000000 | Q:        nan | won: False 
#  287 | steps:  2439 | steps_t:     0 | t: 1.018466 | r:  -506.000000 | e:   1.000000 | Q:        nan | won: False 
#  288 | steps:  2448 | steps_t:     0 | t: 1.021230 | r:  -508.000000 | e:   1.000000 | Q:        nan | won: False 
#  289 | steps:  2455 | steps_t:     0 | t: 1.024369 | r:  -506.000000 | e:   1.000000 | Q:        nan | won: False 
#  290 | steps:  2463 | steps_t:     0 | t: 1.027411 | r:  -507.000000 | e:   1.000000 | Q:        nan | won: False 
#  291 | steps:  2471 | steps_t:     0 | t: 1.029750 | r:  -507.000000 | e:   1.000000 | Q:        nan | won: False 
#  292 | steps:  2478 | steps_t:     0 | t: 1.032212 | r:  -506.000000 | e:   1.000000 | Q:        nan | won: False 
#  293 | steps:  2485 | steps_t:     0 | t: 1.034565 | r:  -506.000000 | e:   1.000000 | Q:        nan | won: False 
#  294 | steps:  2494 | steps_t:     0 | t: 1.037187 | r:  -508.000000 | e:   1.000000 | Q:        nan | won: False 
#  295 | steps:  2502 | steps_t:     0 | t: 1.040027 | r:  -507.000000 | e:   1.000000 | Q:        nan | won: False 
#  296 | steps:  2508 | steps_t:     0 | t: 1.043200 | r:  -505.000000 | e:   1.000000 | Q:        nan | won: False 
#  297 | steps:  2522 | steps_t:     0 | t: 1.048449 | r:  -513.000000 | e:   1.000000 | Q:        nan | won: False 
#  298 | steps:  2532 | steps_t:     0 | t: 1.051466 | r:  -509.000000 | e:   1.000000 | Q:        nan | won: False 
#  299 | steps:  2538 | steps_t:     0 | t: 1.053501 | r:  -505.000000 | e:   1.000000 | Q:        nan | won: False 
#  300 | steps:  2546 | steps_t:     0 | t: 1.056695 | r:  -507.000000 | e:   1.000000 | Q:        nan | won: False 
#  301 | steps:  2557 | steps_t:     0 | t: 1.061730 | r:  -510.000000 | e:   1.000000 | Q:        nan | won: False 
#  302 | steps:  2566 | steps_t:     0 | t: 1.065006 | r:  -508.000000 | e:   1.000000 | Q:        nan | won: False 
#  303 | steps:  2575 | steps_t:     0 | t: 1.068376 | r:  -508.000000 | e:   1.000000 | Q:        nan | won: False 
#  304 | steps:  2585 | steps_t:     0 | t: 1.071929 | r:  -509.000000 | e:   1.000000 | Q:        nan | won: False 
#  305 | steps:  2593 | steps_t:     0 | t: 1.076058 | r:  -507.000000 | e:   1.000000 | Q:        nan | won: False 
#  306 | steps:  2600 | steps_t:     0 | t: 1.079330 | r:  -506.000000 | e:   1.000000 | Q:        nan | won: False 
#  307 | steps:  2608 | steps_t:     0 | t: 1.081851 | r:  -507.000000 | e:   1.000000 | Q:        nan | won: False 
#  308 | steps:  2614 | steps_t:     0 | t: 1.083937 | r:  -505.000000 | e:   1.000000 | Q:        nan | won: False 
#  309 | steps:  2622 | steps_t:     0 | t: 1.087218 | r:  -507.000000 | e:   1.000000 | Q:        nan | won: False 
#  310 | steps:  2631 | steps_t:     0 | t: 1.091229 | r:  -508.000000 | e:   1.000000 | Q:        nan | won: False 
#  311 | steps:  2639 | steps_t:     0 | t: 1.094838 | r:  -507.000000 | e:   1.000000 | Q:        nan | won: False 
#  312 | steps:  2647 | steps_t:     0 | t: 1.097556 | r:  -507.000000 | e:   1.000000 | Q:        nan | won: False 
#  313 | steps:  2654 | steps_t:     0 | t: 1.100665 | r:  -506.000000 | e:   1.000000 | Q:        nan | won: False 
#  314 | steps:  2664 | steps_t:     0 | t: 1.103696 | r:  -509.000000 | e:   1.000000 | Q:        nan | won: False 
#  315 | steps:  2671 | steps_t:     0 | t: 1.106323 | r:  -506.000000 | e:   1.000000 | Q:        nan | won: False 
#  316 | steps:  2678 | steps_t:     0 | t: 1.109696 | r:  -506.000000 | e:   1.000000 | Q:        nan | won: False 
#  317 | steps:  2687 | steps_t:     0 | t: 1.113402 | r:  -508.000000 | e:   1.000000 | Q:        nan | won: False 
#  318 | steps:  2694 | steps_t:     0 | t: 1.115701 | r:  -506.000000 | e:   1.000000 | Q:        nan | won: False 
#  319 | steps:  2709 | steps_t:     0 | t: 1.120718 | r:  -514.000000 | e:   1.000000 | Q:        nan | won: False 
#  320 | steps:  2718 | steps_t:     0 | t: 1.124099 | r:  -508.000000 | e:   1.000000 | Q:        nan | won: False 
#  321 | steps:  2724 | steps_t:     0 | t: 1.126966 | r:  -505.000000 | e:   1.000000 | Q:        nan | won: False 
#  322 | steps:  2734 | steps_t:     0 | t: 1.130507 | r:  -509.000000 | e:   1.000000 | Q:        nan | won: False 
#  323 | steps:  2741 | steps_t:     0 | t: 1.133560 | r:  -506.000000 | e:   1.000000 | Q:        nan | won: False 
#  324 | steps:  2750 | steps_t:     0 | t: 1.136439 | r:  -508.000000 | e:   1.000000 | Q:        nan | won: False 
#  325 | steps:  2759 | steps_t:     0 | t: 1.139433 | r:  -508.000000 | e:   1.000000 | Q:        nan | won: False 
#  326 | steps:  2764 | steps_t:     0 | t: 1.142702 | r:  -504.000000 | e:   1.000000 | Q:        nan | won: False 
#  327 | steps:  2773 | steps_t:     0 | t: 1.147440 | r:  -508.000000 | e:   1.000000 | Q:        nan | won: False 
#  328 | steps:  2782 | steps_t:     0 | t: 1.150987 | r:  -508.000000 | e:   1.000000 | Q:        nan | won: False 
#  329 | steps:  2789 | steps_t:     0 | t: 1.153447 | r:  -506.000000 | e:   1.000000 | Q:        nan | won: False 
#  330 | steps:  2797 | steps_t:     0 | t: 1.156482 | r:  -507.000000 | e:   1.000000 | Q:        nan | won: False 
#  331 | steps:  2804 | steps_t:     0 | t: 1.159484 | r:  -506.000000 | e:   1.000000 | Q:        nan | won: False 
#  332 | steps:  2810 | steps_t:     0 | t: 1.161600 | r:  -505.000000 | e:   1.000000 | Q:        nan | won: False 
#  333 | steps:  2817 | steps_t:     0 | t: 1.164061 | r:  -506.000000 | e:   1.000000 | Q:        nan | won: False 
#  334 | steps:  2824 | steps_t:     0 | t: 1.167145 | r:  -506.000000 | e:   1.000000 | Q:        nan | won: False 
#  335 | steps:  2832 | steps_t:     0 | t: 1.169784 | r:  -507.000000 | e:   1.000000 | Q:        nan | won: False 
#  336 | steps:  2838 | steps_t:     0 | t: 1.171751 | r:  -505.000000 | e:   1.000000 | Q:        nan | won: False 
#  337 | steps:  2846 | steps_t:     0 | t: 1.175738 | r:  -507.000000 | e:   1.000000 | Q:        nan | won: False 
#  338 | steps:  2852 | steps_t:     0 | t: 1.178650 | r:  -505.000000 | e:   1.000000 | Q:        nan | won: False 
#  339 | steps:  2861 | steps_t:     0 | t: 1.182919 | r:  -508.000000 | e:   1.000000 | Q:        nan | won: False 
#  340 | steps:  2869 | steps_t:     0 | t: 1.185714 | r:  -507.000000 | e:   1.000000 | Q:        nan | won: False 
#  341 | steps:  2875 | steps_t:     0 | t: 1.187779 | r:  -505.000000 | e:   1.000000 | Q:        nan | won: False 
#  342 | steps:  2882 | steps_t:     0 | t: 1.190382 | r:  -506.000000 | e:   1.000000 | Q:        nan | won: False 
#  343 | steps:  2891 | steps_t:     0 | t: 1.193821 | r:  -508.000000 | e:   1.000000 | Q:        nan | won: False 
#  344 | steps:  2898 | steps_t:     0 | t: 1.196033 | r:  -506.000000 | e:   1.000000 | Q:        nan | won: False 
#  345 | steps:  2906 | steps_t:     0 | t: 1.199153 | r:  -507.000000 | e:   1.000000 | Q:        nan | won: False 
#  346 | steps:  2913 | steps_t:     0 | t: 1.201772 | r:  -506.000000 | e:   1.000000 | Q:        nan | won: False 
#  347 | steps:  2920 | steps_t:     0 | t: 1.204445 | r:  -506.000000 | e:   1.000000 | Q:        nan | won: False 
#  348 | steps:  2927 | steps_t:     0 | t: 1.207225 | r:  -506.000000 | e:   1.000000 | Q:        nan | won: False 
#  349 | steps:  2934 | steps_t:     0 | t: 1.210142 | r:  -506.000000 | e:   1.000000 | Q:        nan | won: False 
#  350 | steps:  2942 | steps_t:     0 | t: 1.212684 | r:  -507.000000 | e:   1.000000 | Q:        nan | won: False 
#  351 | steps:  2950 | steps_t:     0 | t: 1.216323 | r:  -507.000000 | e:   1.000000 | Q:        nan | won: False 
#  352 | steps:  2956 | steps_t:     0 | t: 1.218609 | r:  -505.000000 | e:   1.000000 | Q:        nan | won: False 
#  353 | steps:  2964 | steps_t:     0 | t: 1.220982 | r:  -507.000000 | e:   1.000000 | Q:        nan | won: False 
#  354 | steps:  2972 | steps_t:     0 | t: 1.224057 | r:  -507.000000 | e:   1.000000 | Q:        nan | won: False 
#  355 | steps:  2981 | steps_t:     0 | t: 1.228247 | r:  -508.000000 | e:   1.000000 | Q:        nan | won: False 
#  356 | steps:  2991 | steps_t:     0 | t: 1.231956 | r:  -509.000000 | e:   1.000000 | Q:        nan | won: False 
#  357 | steps:  2999 | steps_t:     0 | t: 1.234612 | r:  -507.000000 | e:   1.000000 | Q:        nan | won: False 
#  358 | steps:  3005 | steps_t:     0 | t: 1.237575 | r:  -505.000000 | e:   1.000000 | Q:        nan | won: False 
#  359 | steps:  3011 | steps_t:     0 | t: 1.239803 | r:  -505.000000 | e:   1.000000 | Q:        nan | won: False 
#  360 | steps:  3018 | steps_t:     0 | t: 1.243091 | r:  -506.000000 | e:   1.000000 | Q:        nan | won: False 
#  361 | steps:  3026 | steps_t:     0 | t: 1.246586 | r:  -507.000000 | e:   1.000000 | Q:        nan | won: False 
#  362 | steps:  3034 | steps_t:     0 | t: 1.249129 | r:  -507.000000 | e:   1.000000 | Q:        nan | won: False 
#  363 | steps:  3039 | steps_t:     0 | t: 1.250691 | r:  -504.000000 | e:   1.000000 | Q:        nan | won: False 
#  364 | steps:  3047 | steps_t:     0 | t: 1.253574 | r:  -507.000000 | e:   1.000000 | Q:        nan | won: False 
#  365 | steps:  3056 | steps_t:     0 | t: 1.256643 | r:  -508.000000 | e:   1.000000 | Q:        nan | won: False 
#  366 | steps:  3064 | steps_t:     0 | t: 1.260472 | r:  -507.000000 | e:   1.000000 | Q:        nan | won: False 
#  367 | steps:  3076 | steps_t:     0 | t: 1.265151 | r:  -511.000000 | e:   1.000000 | Q:        nan | won: False 
#  368 | steps:  3084 | steps_t:     0 | t: 1.267945 | r:  -507.000000 | e:   1.000000 | Q:        nan | won: False 
#  369 | steps:  3091 | steps_t:     0 | t: 1.269819 | r:  -506.000000 | e:   1.000000 | Q:        nan | won: False 
#  370 | steps:  3103 | steps_t:     0 | t: 1.274061 | r:  -511.000000 | e:   1.000000 | Q:        nan | won: False 
#  371 | steps:  3112 | steps_t:     0 | t: 1.277758 | r:  -508.000000 | e:   1.000000 | Q:        nan | won: False 
#  372 | steps:  3123 | steps_t:     0 | t: 1.281053 | r:  -510.000000 | e:   1.000000 | Q:        nan | won: False 
#  373 | steps:  3130 | steps_t:     0 | t: 1.283367 | r:  -506.000000 | e:   1.000000 | Q:        nan | won: False 
#  374 | steps:  3137 | steps_t:     0 | t: 1.285598 | r:  -506.000000 | e:   1.000000 | Q:        nan | won: False 
#  375 | steps:  3146 | steps_t:     0 | t: 1.288156 | r:  -508.000000 | e:   1.000000 | Q:        nan | won: False 
#  376 | steps:  3154 | steps_t:     0 | t: 1.292943 | r:  -507.000000 | e:   1.000000 | Q:        nan | won: False 
