#    1 | steps:     9 | steps_t:     0 | t: 0.006064 | r:  -508.000000 | e:   1.000000 | Q:        nan | won: False 
#    2 | steps:    19 | steps_t:     0 | t: 0.010552 | r:  -509.000000 | e:   1.000000 | Q:        nan | won: False 
#    3 | steps:    39 | steps_t:     0 | t: 0.020356 | r:  -519.000000 | e:   1.000000 | Q:        nan | won: False 
#    4 | steps:    49 | steps_t:     0 | t: 0.029632 | r:  -509.000000 | e:   1.000000 | Q:        nan | won: False 
#    5 | steps:    56 | steps_t:     0 | t: 0.035007 | r:  -506.000000 | e:   1.000000 | Q:        nan | won: False 
#    6 | steps:    68 | steps_t:     0 | t: 0.044663 | r:  -511.000000 | e:   1.000000 | Q:        nan | won: False 
#    7 | steps:    75 | steps_t:     0 | t: 0.048751 | r:  -506.000000 | e:   1.000000 | Q:        nan | won: False 
#    8 | steps:    85 | steps_t:     0 | t: 0.054274 | r:  -509.000000 | e:   1.000000 | Q:        nan | won: False 
#    9 | steps:   101 | steps_t:     0 | t: 0.062984 | r:  -515.000000 | e:   1.000000 | Q:        nan | won: False 
#   10 | steps:   108 | steps_t:     0 | t: 0.067097 | r:  -506.000000 | e:   1.000000 | Q:        nan | won: False 
#   11 | steps:   116 | steps_t:     0 | t: 0.070946 | r:  -507.000000 | e:   1.000000 | Q:        nan | won: False 
#   12 | steps:   122 | steps_t:     0 | t: 0.073807 | r:  -505.000000 | e:   1.000000 | Q:        nan | won: False 
#   13 | steps:   130 | steps_t:     0 | t: 0.078343 | r:  -507.000000 | e:   1.000000 | Q:        nan | won: False 
#   14 | steps:   148 | steps_t:     0 | t: 0.086819 | r:  -517.000000 | e:   1.000000 | Q:        nan | won: False 
#   15 | steps:   157 | steps_t:     0 | t: 0.093686 | r:  -508.000000 | e:   1.000000 | Q:        nan | won: False 
#   16 | steps:   167 | steps_t:     0 | t: 0.101304 | r:  -509.000000 | e:   1.000000 | Q:        nan | won: False 
#   17 | steps:   179 | steps_t:     0 | t: 0.109267 | r:  -511.000000 | e:   1.000000 | Q:        nan | won: False 
#   18 | steps:   184 | steps_t:     0 | t: 0.111877 | r:  -504.000000 | e:   1.000000 | Q:        nan | won: False 
#   19 | steps:   196 | steps_t:     0 | t: 0.117533 | r:  -511.000000 | e:   1.000000 | Q:        nan | won: False 
#   20 | steps:   205 | steps_t:     0 | t: 0.121969 | r:  -508.000000 | e:   1.000000 | Q:        nan | won: False 
#   21 | steps:   213 | steps_t:     0 | t: 0.125801 | r:  -507.000000 | e:   1.000000 | Q:        nan | won: False 
#   22 | steps:   221 | steps_t:     0 | t: 0.132137 | r:  -507.000000 | e:   1.000000 | Q:        nan | won: False 
#   23 | steps:   228 | steps_t:     0 | t: 0.138486 | r:  -506.000000 | e:   1.000000 | Q:        nan | won: False 
#   24 | steps:   246 | steps_t:     0 | t: 0.149457 | r:  -517.000000 | e:   1.000000 | Q:        nan | won: False 
#   25 | steps:   268 | steps_t:     0 | t: 0.161282 | r:  -521.000000 | e:   1.000000 | Q:        nan | won: False 
#   26 | steps:   275 | steps_t:     0 | t: 0.166257 | r:  -506.000000 | e:   1.000000 | Q:        nan | won: False 
#   27 | steps:   286 | steps_t:     0 | t: 0.171653 | r:  -510.000000 | e:   1.000000 | Q:        nan | won: False 
#   28 | steps:   295 | steps_t:     0 | t: 0.176275 | r:  -508.000000 | e:   1.000000 | Q:        nan | won: False 
#   29 | steps:   303 | steps_t:     0 | t: 0.180974 | r:  -507.000000 | e:   1.000000 | Q:        nan | won: False 
#   30 | steps:   311 | steps_t:     0 | t: 0.185169 | r:  -507.000000 | e:   1.000000 | Q:        nan | won: False 
#   31 | steps:   330 | steps_t:     0 | t: 0.194479 | r:  -518.000000 | e:   1.000000 | Q:        nan | won: False 
#   32 | steps:   341 | steps_t:     0 | t: 0.200665 | r:  -510.000000 | e:   1.000000 | Q:        nan | won: False 
#   33 | steps:   349 | steps_t:     0 | t: 0.204608 | r:  -507.000000 | e:   1.000000 | Q:        nan | won: False 
#   34 | steps:   364 | steps_t:     0 | t: 0.212513 | r:  -492.000000 | e:   1.000000 | Q:        nan | won: False 
#   35 | steps:   380 | steps_t:     0 | t: 0.220573 | r:  -515.000000 | e:   1.000000 | Q:        nan | won: False 
#   36 | steps:   400 | steps_t:     0 | t: 0.231700 | r:  -519.000000 | e:   1.000000 | Q:        nan | won: False 
#   37 | steps:   408 | steps_t:     0 | t: 0.235931 | r:  -507.000000 | e:   1.000000 | Q:        nan | won: False 
#   38 | steps:   420 | steps_t:     0 | t: 0.242256 | r:  -511.000000 | e:   1.000000 | Q:        nan | won: False 
#   39 | steps:   428 | steps_t:     0 | t: 0.246192 | r:  -507.000000 | e:   1.000000 | Q:        nan | won: False 
#   40 | steps:   435 | steps_t:     0 | t: 0.249770 | r:  -506.000000 | e:   1.000000 | Q:        nan | won: False 
#   41 | steps:   443 | steps_t:     0 | t: 0.253881 | r:  -507.000000 | e:   1.000000 | Q:        nan | won: False 
#   42 | steps:   453 | steps_t:     0 | t: 0.259160 | r:  -509.000000 | e:   1.000000 | Q:        nan | won: False 
#   43 | steps:   473 | steps_t:     0 | t: 0.269815 | r:  -519.000000 | e:   1.000000 | Q:        nan | won: False 
#   44 | steps:   485 | steps_t:     0 | t: 0.276309 | r:  -511.000000 | e:   1.000000 | Q:        nan | won: False 
#   45 | steps:   493 | steps_t:     0 | t: 0.280477 | r:  -507.000000 | e:   1.000000 | Q:        nan | won: False 
#   46 | steps:   500 | steps_t:     0 | t: 0.284679 | r:  -506.000000 | e:   1.000000 | Q:        nan | won: False 
#   47 | steps:   509 | steps_t:     0 | t: 0.372822 | r:  -508.000000 | e:   1.000000 | Q:        nan | won: False 
#   48 | steps:   520 | steps_t:     0 | t: 0.380558 | r:  -510.000000 | e:   1.000000 | Q:        nan | won: False 
#   49 | steps:   527 | steps_t:     0 | t: 0.385607 | r:  -506.000000 | e:   1.000000 | Q:        nan | won: False 
#   50 | steps:   549 | steps_t:     0 | t: 0.401740 | r:  -521.000000 | e:   1.000000 | Q:        nan | won: False 
#   51 | steps:   556 | steps_t:     0 | t: 0.406906 | r:  -506.000000 | e:   1.000000 | Q:        nan | won: False 
#   52 | steps:   567 | steps_t:     0 | t: 0.415400 | r:  -510.000000 | e:   1.000000 | Q:        nan | won: False 
#   53 | steps:   577 | steps_t:     0 | t: 0.422809 | r:  -509.000000 | e:   1.000000 | Q:        nan | won: False 
#   54 | steps:   597 | steps_t:     0 | t: 0.437347 | r:  -519.000000 | e:   1.000000 | Q:        nan | won: False 
#   55 | steps:   610 | steps_t:     0 | t: 0.446629 | r:  -512.000000 | e:   1.000000 | Q:        nan | won: False 
#   56 | steps:   621 | steps_t:     0 | t: 0.454192 | r:  -510.000000 | e:   1.000000 | Q:        nan | won: False 
#   57 | steps:   630 | steps_t:     0 | t: 0.461024 | r:  -508.000000 | e:   1.000000 | Q:        nan | won: False 
#   58 | steps:   639 | steps_t:     0 | t: 0.467881 | r:  -508.000000 | e:   1.000000 | Q:        nan | won: False 
#   59 | steps:   644 | steps_t:     0 | t: 0.470912 | r:  -504.000000 | e:   1.000000 | Q:        nan | won: False 
#   60 | steps:   657 | steps_t:     0 | t: 0.478480 | r:  -512.000000 | e:   1.000000 | Q:        nan | won: False 
#   61 | steps:   666 | steps_t:     0 | t: 0.483624 | r:  -508.000000 | e:   1.000000 | Q:        nan | won: False 
#   62 | steps:   673 | steps_t:     0 | t: 0.486894 | r:  -506.000000 | e:   1.000000 | Q:        nan | won: False 
#   63 | steps:   683 | steps_t:     0 | t: 0.492401 | r:  -509.000000 | e:   1.000000 | Q:        nan | won: False 
#   64 | steps:   694 | steps_t:     0 | t: 0.499315 | r:  -510.000000 | e:   1.000000 | Q:        nan | won: False 
#   65 | steps:   701 | steps_t:     0 | t: 0.504195 | r:  -506.000000 | e:   1.000000 | Q:        nan | won: False 
#   66 | steps:   710 | steps_t:     0 | t: 0.509499 | r:  -508.000000 | e:   1.000000 | Q:        nan | won: False 
#   67 | steps:   724 | steps_t:     0 | t: 0.516628 | r:  -513.000000 | e:   1.000000 | Q:        nan | won: False 
#   68 | steps:   736 | steps_t:     0 | t: 0.523484 | r:  -511.000000 | e:   1.000000 | Q:        nan | won: False 
#   69 | steps:   758 | steps_t:     0 | t: 0.534673 | r:  -521.000000 | e:   1.000000 | Q:        nan | won: False 
#   70 | steps:   770 | steps_t:     0 | t: 0.541237 | r:  -511.000000 | e:   1.000000 | Q:        nan | won: False 
#   71 | steps:   779 | steps_t:     0 | t: 0.545615 | r:  -508.000000 | e:   1.000000 | Q:        nan | won: False 
#   72 | steps:   787 | steps_t:     0 | t: 0.549812 | r:  -507.000000 | e:   1.000000 | Q:        nan | won: False 
#   73 | steps:   812 | steps_t:     0 | t: 0.563459 | r:  -524.000000 | e:   1.000000 | Q:        nan | won: False 
#   74 | steps:   826 | steps_t:     0 | t: 0.570198 | r:  -513.000000 | e:   1.000000 | Q:        nan | won: False 
#   75 | steps:   847 | steps_t:     0 | t: 0.580978 | r:  -520.000000 | e:   1.000000 | Q:        nan | won: False 
#   76 | steps:   853 | steps_t:     0 | t: 0.583916 | r:  -505.000000 | e:   1.000000 | Q:        nan | won: False 
#   77 | steps:   863 | steps_t:     0 | t: 0.588772 | r:  -509.000000 | e:   1.000000 | Q:        nan | won: False 
#   78 | steps:   874 | steps_t:     0 | t: 0.593959 | r:  -510.000000 | e:   1.000000 | Q:        nan | won: False 
#   79 | steps:   882 | steps_t:     0 | t: 0.597931 | r:  -507.000000 | e:   1.000000 | Q:        nan | won: False 
#   80 | steps:   898 | steps_t:     0 | t: 0.605513 | r:  -515.000000 | e:   1.000000 | Q:        nan | won: False 
#   81 | steps:   909 | steps_t:     0 | t: 0.610876 | r:  -510.000000 | e:   1.000000 | Q:        nan | won: False 
#   82 | steps:   921 | steps_t:     0 | t: 0.616946 | r:  -511.000000 | e:   1.000000 | Q:        nan | won: False 
#   83 | steps:   930 | steps_t:     0 | t: 0.621480 | r:  -508.000000 | e:   1.000000 | Q:        nan | won: False 
#   84 | steps:   944 | steps_t:     0 | t: 0.628335 | r:  -513.000000 | e:   1.000000 | Q:        nan | won: False 
#   85 | steps:   962 | steps_t:     0 | t: 0.637130 | r:  -517.000000 | e:   1.000000 | Q:        nan | won: False 
#   86 | steps:   970 | steps_t:     0 | t: 0.641061 | r:  -507.000000 | e:   1.000000 | Q:        nan | won: False 
#   87 | steps:   978 | steps_t:     0 | t: 0.644660 | r:  -507.000000 | e:   1.000000 | Q:        nan | won: False 
#   88 | steps:   986 | steps_t:     0 | t: 0.649442 | r:  -507.000000 | e:   1.000000 | Q:        nan | won: False 
#   89 | steps:   996 | steps_t:     0 | t: 0.654280 | r:  -509.000000 | e:   1.000000 | Q:        nan | won: False 
#   90 | steps:  1010 | steps_t:     0 | t: 0.662610 | r:  -513.000000 | e:   1.000000 | Q:        nan | won: False 
#   91 | steps:  1023 | steps_t:     0 | t: 0.668934 | r:  -512.000000 | e:   1.000000 | Q:        nan | won: False 
#   92 | steps:  1030 | steps_t:     0 | t: 0.672410 | r:  -506.000000 | e:   1.000000 | Q:        nan | won: False 
#   93 | steps:  1038 | steps_t:     0 | t: 0.676296 | r:  -507.000000 | e:   1.000000 | Q:        nan | won: False 
#   94 | steps:  1058 | steps_t:     0 | t: 0.685865 | r:  -508.000000 | e:   1.000000 | Q:        nan | won: False 
#   95 | steps:  1066 | steps_t:     0 | t: 0.689651 | r:  -507.000000 | e:   1.000000 | Q:        nan | won: False 
#   96 | steps:  1071 | steps_t:     0 | t: 0.691928 | r:  -504.000000 | e:   1.000000 | Q:        nan | won: False 
#   97 | steps:  1082 | steps_t:     0 | t: 0.696802 | r:  -510.000000 | e:   1.000000 | Q:        nan | won: False 
#   98 | steps:  1088 | steps_t:     0 | t: 0.699948 | r:  -505.000000 | e:   1.000000 | Q:        nan | won: False 
#   99 | steps:  1104 | steps_t:     0 | t: 0.707974 | r:  -515.000000 | e:   1.000000 | Q:        nan | won: False 
#  100 | steps:  1110 | steps_t:     0 | t: 0.710934 | r:  -505.000000 | e:   1.000000 | Q:        nan | won: False 
#  101 | steps:  1118 | steps_t:     0 | t: 0.714912 | r:  -507.000000 | e:   1.000000 | Q:        nan | won: False 
#  102 | steps:  1126 | steps_t:     0 | t: 0.719351 | r:  -507.000000 | e:   1.000000 | Q:        nan | won: False 
#  103 | steps:  1147 | steps_t:     0 | t: 0.729920 | r:  -520.000000 | e:   1.000000 | Q:        nan | won: False 
#  104 | steps:  1156 | steps_t:     0 | t: 0.734313 | r:  -508.000000 | e:   1.000000 | Q:        nan | won: False 
#  105 | steps:  1163 | steps_t:     0 | t: 0.737699 | r:  -506.000000 | e:   1.000000 | Q:        nan | won: False 
#  106 | steps:  1173 | steps_t:     0 | t: 0.743137 | r:  -509.000000 | e:   1.000000 | Q:        nan | won: False 
#  107 | steps:  1180 | steps_t:     0 | t: 0.746444 | r:  -506.000000 | e:   1.000000 | Q:        nan | won: False 
#  108 | steps:  1192 | steps_t:     0 | t: 0.752705 | r:  -511.000000 | e:   1.000000 | Q:        nan | won: False 
#  109 | steps:  1204 | steps_t:     0 | t: 0.759086 | r:  -511.000000 | e:   1.000000 | Q:        nan | won: False 
#  110 | steps:  1222 | steps_t:     0 | t: 0.768266 | r:  -517.000000 | e:   1.000000 | Q:        nan | won: False 
#  111 | steps:  1231 | steps_t:     0 | t: 0.772566 | r:  -508.000000 | e:   1.000000 | Q:        nan | won: False 
#  112 | steps:  1246 | steps_t:     0 | t: 0.780265 | r:  -514.000000 | e:   1.000000 | Q:        nan | won: False 
#  113 | steps:  1268 | steps_t:     0 | t: 0.791409 | r:  -521.000000 | e:   1.000000 | Q:        nan | won: False 
#  114 | steps:  1275 | steps_t:     0 | t: 0.794884 | r:  -506.000000 | e:   1.000000 | Q:        nan | won: False 
#  115 | steps:  1282 | steps_t:     0 | t: 0.798513 | r:  -506.000000 | e:   1.000000 | Q:        nan | won: False 
#  116 | steps:  1291 | steps_t:     0 | t: 0.802783 | r:  -508.000000 | e:   1.000000 | Q:        nan | won: False 
#  117 | steps:  1307 | steps_t:     0 | t: 0.810878 | r:  -515.000000 | e:   1.000000 | Q:        nan | won: False 
#  118 | steps:  1317 | steps_t:     0 | t: 0.816346 | r:  -509.000000 | e:   1.000000 | Q:        nan | won: False 
#  119 | steps:  1326 | steps_t:     0 | t: 0.820647 | r:  -508.000000 | e:   1.000000 | Q:        nan | won: False 
#  120 | steps:  1337 | steps_t:     0 | t: 0.826321 | r:  -510.000000 | e:   1.000000 | Q:        nan | won: False 
#  121 | steps:  1352 | steps_t:     0 | t: 0.833632 | r:  -514.000000 | e:   1.000000 | Q:        nan | won: False 
#  122 | steps:  1364 | steps_t:     0 | t: 0.840395 | r:  -511.000000 | e:   1.000000 | Q:        nan | won: False 
#  123 | steps:  1373 | steps_t:     0 | t: 0.845883 | r:  -508.000000 | e:   1.000000 | Q:        nan | won: False 
#  124 | steps:  1385 | steps_t:     0 | t: 0.851717 | r:  -511.000000 | e:   1.000000 | Q:        nan | won: False 
#  125 | steps:  1392 | steps_t:     0 | t: 0.855011 | r:  -506.000000 | e:   1.000000 | Q:        nan | won: False 
#  126 | steps:  1419 | steps_t:     0 | t: 0.869927 | r:  -515.000000 | e:   1.000000 | Q:        nan | won: False 
#  127 | steps:  1432 | steps_t:     0 | t: 0.877216 | r:  -512.000000 | e:   1.000000 | Q:        nan | won: False 
#  128 | steps:  1441 | steps_t:     0 | t: 0.881860 | r:  -508.000000 | e:   1.000000 | Q:        nan | won: False 
#  129 | steps:  1463 | steps_t:     0 | t: 0.894135 | r:  -521.000000 | e:   1.000000 | Q:        nan | won: False 
#  130 | steps:  1471 | steps_t:     0 | t: 0.898879 | r:  -507.000000 | e:   1.000000 | Q:        nan | won: False 
#  131 | steps:  1489 | steps_t:     0 | t: 0.908754 | r:  -517.000000 | e:   1.000000 | Q:        nan | won: False 
#  132 | steps:  1508 | steps_t:     0 | t: 0.918396 | r:  -518.000000 | e:   1.000000 | Q:        nan | won: False 
#  133 | steps:  1523 | steps_t:     0 | t: 0.926027 | r:  -514.000000 | e:   1.000000 | Q:        nan | won: False 
#  134 | steps:  1530 | steps_t:     0 | t: 0.929937 | r:  -506.000000 | e:   1.000000 | Q:        nan | won: False 
#  135 | steps:  1543 | steps_t:     0 | t: 0.936669 | r:  -512.000000 | e:   1.000000 | Q:        nan | won: False 
#  136 | steps:  1557 | steps_t:     0 | t: 0.943577 | r:  -513.000000 | e:   1.000000 | Q:        nan | won: False 
#  137 | steps:  1576 | steps_t:     0 | t: 0.953127 | r:  -518.000000 | e:   1.000000 | Q:        nan | won: False 
#  138 | steps:  1583 | steps_t:     0 | t: 0.956434 | r:  -506.000000 | e:   1.000000 | Q:        nan | won: False 
#  139 | steps:  1600 | steps_t:     0 | t: 0.964940 | r:  -516.000000 | e:   1.000000 | Q:        nan | won: False 
#  140 | steps:  1612 | steps_t:     0 | t: 0.970655 | r:  -511.000000 | e:   1.000000 | Q:        nan | won: False 
#  141 | steps:  1623 | steps_t:     0 | t: 0.976109 | r:  -510.000000 | e:   1.000000 | Q:        nan | won: False 
#  142 | steps:  1633 | steps_t:     0 | t: 0.982775 | r:  -509.000000 | e:   1.000000 | Q:        nan | won: False 
#  143 | steps:  1652 | steps_t:     0 | t: 0.992306 | r:  -507.000000 | e:   1.000000 | Q:        nan | won: False 
#  144 | steps:  1662 | steps_t:     0 | t: 0.997556 | r:  -509.000000 | e:   1.000000 | Q:        nan | won: False 
#  145 | steps:  1670 | steps_t:     0 | t: 1.001609 | r:  -507.000000 | e:   1.000000 | Q:        nan | won: False 
#  146 | steps:  1679 | steps_t:     0 | t: 1.005985 | r:  -508.000000 | e:   1.000000 | Q:        nan | won: False 
#  147 | steps:  1689 | steps_t:     0 | t: 1.011162 | r:  -509.000000 | e:   1.000000 | Q:        nan | won: False 
#  148 | steps:  1704 | steps_t:     0 | t: 1.019135 | r:  -503.000000 | e:   1.000000 | Q:        nan | won: False 
#  149 | steps:  1712 | steps_t:     0 | t: 1.022895 | r:  -507.000000 | e:   1.000000 | Q:        nan | won: False 
#  150 | steps:  1754 | steps_t:     0 | t: 1.043009 | r:  -541.000000 | e:   1.000000 | Q:        nan | won: False 
#  151 | steps:  1763 | steps_t:     0 | t: 1.047268 | r:  -508.000000 | e:   1.000000 | Q:        nan | won: False 
#  152 | steps:  1774 | steps_t:     0 | t: 1.052426 | r:  -510.000000 | e:   1.000000 | Q:        nan | won: False 
#  153 | steps:  1780 | steps_t:     0 | t: 1.055226 | r:  -505.000000 | e:   1.000000 | Q:        nan | won: False 
#  154 | steps:  1790 | steps_t:     0 | t: 1.059907 | r:  -509.000000 | e:   1.000000 | Q:        nan | won: False 
#  155 | steps:  1800 | steps_t:     0 | t: 1.065070 | r:  -509.000000 | e:   1.000000 | Q:        nan | won: False 
#  156 | steps:  1809 | steps_t:     0 | t: 1.069208 | r:  -508.000000 | e:   1.000000 | Q:        nan | won: False 
#  157 | steps:  1828 | steps_t:     0 | t: 1.078973 | r:  -518.000000 | e:   1.000000 | Q:        nan | won: False 
#  158 | steps:  1838 | steps_t:     0 | t: 1.084018 | r:  -509.000000 | e:   1.000000 | Q:        nan | won: False 
#  159 | steps:  1845 | steps_t:     0 | t: 1.087321 | r:  -506.000000 | e:   1.000000 | Q:        nan | won: False 
#  160 | steps:  1855 | steps_t:     0 | t: 1.092527 | r:  -509.000000 | e:   1.000000 | Q:        nan | won: False 
#  161 | steps:  1875 | steps_t:     0 | t: 1.102403 | r:  -519.000000 | e:   1.000000 | Q:        nan | won: False 
#  162 | steps:  1883 | steps_t:     0 | t: 1.106345 | r:  -507.000000 | e:   1.000000 | Q:        nan | won: False 
#  163 | steps:  1891 | steps_t:     0 | t: 1.110253 | r:  -507.000000 | e:   1.000000 | Q:        nan | won: False 
#  164 | steps:  1898 | steps_t:     0 | t: 1.114230 | r:  -506.000000 | e:   1.000000 | Q:        nan | won: False 
#  165 | steps:  1904 | steps_t:     0 | t: 1.117137 | r:  -505.000000 | e:   1.000000 | Q:        nan | won: False 
#  166 | steps:  1911 | steps_t:     0 | t: 1.120438 | r:  -506.000000 | e:   1.000000 | Q:        nan | won: False 
#  167 | steps:  1919 | steps_t:     0 | t: 1.124914 | r:  -507.000000 | e:   1.000000 | Q:        nan | won: False 
#  168 | steps:  1926 | steps_t:     0 | t: 1.128246 | r:  -506.000000 | e:   1.000000 | Q:        nan | won: False 
#  169 | steps:  1931 | steps_t:     0 | t: 1.131475 | r:  -504.000000 | e:   1.000000 | Q:        nan | won: False 
#  170 | steps:  1942 | steps_t:     0 | t: 1.139756 | r:  -510.000000 | e:   1.000000 | Q:        nan | won: False 
#  171 | steps:  1950 | steps_t:     0 | t: 1.146305 | r:  -507.000000 | e:   1.000000 | Q:        nan | won: False 
#  172 | steps:  1964 | steps_t:     0 | t: 1.154876 | r:  -513.000000 | e:   1.000000 | Q:        nan | won: False 
#  173 | steps:  1974 | steps_t:     0 | t: 1.159976 | r:  -509.000000 | e:   1.000000 | Q:        nan | won: False 
#  174 | steps:  1982 | steps_t:     0 | t: 1.164143 | r:  -507.000000 | e:   1.000000 | Q:        nan | won: False 
#  175 | steps:  2002 | steps_t:     0 | t: 1.174433 | r:  -519.000000 | e:   1.000000 | Q:        nan | won: False 
#  176 | steps:  2016 | steps_t:     0 | t: 1.181337 | r:  -513.000000 | e:   1.000000 | Q:        nan | won: False 
#  177 | steps:  2024 | steps_t:     0 | t: 1.185132 | r:  -507.000000 | e:   1.000000 | Q:        nan | won: False 
#  178 | steps:  2032 | steps_t:     0 | t: 1.189004 | r:  -507.000000 | e:   1.000000 | Q:        nan | won: False 
#  179 | steps:  2049 | steps_t:     0 | t: 1.197663 | r:  -516.000000 | e:   1.000000 | Q:        nan | won: False 
#  180 | steps:  2064 | steps_t:     0 | t: 1.204646 | r:  -514.000000 | e:   1.000000 | Q:        nan | won: False 
#  181 | steps:  2072 | steps_t:     0 | t: 1.208653 | r:  -507.000000 | e:   1.000000 | Q:        nan | won: False 
#  182 | steps:  2078 | steps_t:     0 | t: 1.211723 | r:  -505.000000 | e:   1.000000 | Q:        nan | won: False 
#  183 | steps:  2089 | steps_t:     0 | t: 1.217875 | r:  -510.000000 | e:   1.000000 | Q:        nan | won: False 
#  184 | steps:  2100 | steps_t:     0 | t: 1.223176 | r:  -510.000000 | e:   1.000000 | Q:        nan | won: False 
#  185 | steps:  2110 | steps_t:     0 | t: 1.228431 | r:  -509.000000 | e:   1.000000 | Q:        nan | won: False 
#  186 | steps:  2117 | steps_t:     0 | t: 1.232000 | r:  -506.000000 | e:   1.000000 | Q:        nan | won: False 
#  187 | steps:  2125 | steps_t:     0 | t: 1.235721 | r:  -507.000000 | e:   1.000000 | Q:        nan | won: False 
#  188 | steps:  2132 | steps_t:     0 | t: 1.238999 | r:  -506.000000 | e:   1.000000 | Q:        nan | won: False 
#  189 | steps:  2142 | steps_t:     0 | t: 1.244113 | r:  -509.000000 | e:   1.000000 | Q:        nan | won: False 
#  190 | steps:  2149 | steps_t:     0 | t: 1.248074 | r:  -506.000000 | e:   1.000000 | Q:        nan | won: False 
#  191 | steps:  2158 | steps_t:     0 | t: 1.252630 | r:  -508.000000 | e:   1.000000 | Q:        nan | won: False 
#  192 | steps:  2173 | steps_t:     0 | t: 1.259572 | r:  -514.000000 | e:   1.000000 | Q:        nan | won: False 
#  193 | steps:  2182 | steps_t:     0 | t: 1.264062 | r:  -508.000000 | e:   1.000000 | Q:        nan | won: False 
#  194 | steps:  2192 | steps_t:     0 | t: 1.268766 | r:  -509.000000 | e:   1.000000 | Q:        nan | won: False 
#  195 | steps:  2197 | steps_t:     0 | t: 1.271142 | r:  -504.000000 | e:   1.000000 | Q:        nan | won: False 
#  196 | steps:  2207 | steps_t:     0 | t: 1.276886 | r:  -509.000000 | e:   1.000000 | Q:        nan | won: False 
#  197 | steps:  2216 | steps_t:     0 | t: 1.282308 | r:  -508.000000 | e:   1.000000 | Q:        nan | won: False 
#  198 | steps:  2225 | steps_t:     0 | t: 1.289404 | r:  -508.000000 | e:   1.000000 | Q:        nan | won: False 
#  199 | steps:  2244 | steps_t:     0 | t: 1.302686 | r:  -518.000000 | e:   1.000000 | Q:        nan | won: False 
#  200 | steps:  2255 | steps_t:     0 | t: 1.310726 | r:  -510.000000 | e:   1.000000 | Q:        nan | won: False 
#  201 | steps:  2267 | steps_t:     0 | t: 1.316509 | r:  -511.000000 | e:   1.000000 | Q:        nan | won: False 
#  202 | steps:  2279 | steps_t:     0 | t: 1.322315 | r:  -511.000000 | e:   1.000000 | Q:        nan | won: False 
#  203 | steps:  2293 | steps_t:     0 | t: 1.331547 | r:  -513.000000 | e:   1.000000 | Q:        nan | won: False 
#  204 | steps:  2307 | steps_t:     0 | t: 1.339092 | r:  -513.000000 | e:   1.000000 | Q:        nan | won: False 
#  205 | steps:  2317 | steps_t:     0 | t: 1.344114 | r:  -509.000000 | e:   1.000000 | Q:        nan | won: False 
#  206 | steps:  2335 | steps_t:     0 | t: 1.353160 | r:  -517.000000 | e:   1.000000 | Q:        nan | won: False 
#  207 | steps:  2346 | steps_t:     0 | t: 1.358977 | r:  -510.000000 | e:   1.000000 | Q:        nan | won: False 
#  208 | steps:  2357 | steps_t:     0 | t: 1.364708 | r:  -510.000000 | e:   1.000000 | Q:        nan | won: False 
#  209 | steps:  2366 | steps_t:     0 | t: 1.369243 | r:  -508.000000 | e:   1.000000 | Q:        nan | won: False 
#  210 | steps:  2375 | steps_t:     0 | t: 1.373636 | r:  -508.000000 | e:   1.000000 | Q:        nan | won: False 
#  211 | steps:  2387 | steps_t:     0 | t: 1.379298 | r:  -511.000000 | e:   1.000000 | Q:        nan | won: False 
#  212 | steps:  2395 | steps_t:     0 | t: 1.383197 | r:  -507.000000 | e:   1.000000 | Q:        nan | won: False 
#  213 | steps:  2415 | steps_t:     0 | t: 1.392797 | r:  -519.000000 | e:   1.000000 | Q:        nan | won: False 
#  214 | steps:  2424 | steps_t:     0 | t: 1.397366 | r:  -508.000000 | e:   1.000000 | Q:        nan | won: False 
#  215 | steps:  2434 | steps_t:     0 | t: 1.402116 | r:  -509.000000 | e:   1.000000 | Q:        nan | won: False 
#  216 | steps:  2443 | steps_t:     0 | t: 1.406213 | r:  -508.000000 | e:   1.000000 | Q:        nan | won: False 
#  217 | steps:  2456 | steps_t:     0 | t: 1.412854 | r:  -512.000000 | e:   1.000000 | Q:        nan | won: False 
#  218 | steps:  2468 | steps_t:     0 | t: 1.418983 | r:  -511.000000 | e:   1.000000 | Q:        nan | won: False 
#  219 | steps:  2477 | steps_t:     0 | t: 1.423482 | r:  -508.000000 | e:   1.000000 | Q:        nan | won: False 
#  220 | steps:  2494 | steps_t:     0 | t: 1.432284 | r:  -516.000000 | e:   1.000000 | Q:        nan | won: False 
#  221 | steps:  2501 | steps_t:     0 | t: 1.437565 | r:  -506.000000 | e:   1.000000 | Q:        nan | won: False 
#  222 | steps:  2524 | steps_t:     0 | t: 1.451982 | r:  -522.000000 | e:   1.000000 | Q:        nan | won: False 
#  223 | steps:  2531 | steps_t:     0 | t: 1.455376 | r:  -506.000000 | e:   1.000000 | Q:        nan | won: False 
#  224 | steps:  2539 | steps_t:     0 | t: 1.459613 | r:  -507.000000 | e:   1.000000 | Q:        nan | won: False 
#  225 | steps:  2557 | steps_t:     0 | t: 1.468207 | r:  -495.000000 | e:   1.000000 | Q:        nan | won: False 
#  226 | steps:  2565 | steps_t:     0 | t: 1.471863 | r:  -507.000000 | e:   1.000000 | Q:        nan | won: False 
#  227 | steps:  2575 | steps_t:     0 | t: 1.476737 | r:  -509.000000 | e:   1.000000 | Q:        nan | won: False 
#  228 | steps:  2581 | steps_t:     0 | t: 1.479862 | r:  -505.000000 | e:   1.000000 | Q:        nan | won: False 
#  229 | steps:  2590 | steps_t:     0 | t: 1.483946 | r:  -508.000000 | e:   1.000000 | Q:        nan | won: False 
#  230 | steps:  2597 | steps_t:     0 | t: 1.487289 | r:  -506.000000 | e:   1.000000 | Q:        nan | won: False 
#  231 | steps:  2604 | steps_t:     0 | t: 1.490811 | r:  -506.000000 | e:   1.000000 | Q:        nan | won: False 
#  232 | steps:  2611 | steps_t:     0 | t: 1.494365 | r:  -506.000000 | e:   1.000000 | Q:        nan | won: False 
#  233 | steps:  2629 | steps_t:     0 | t: 1.503235 | r:  -517.000000 | e:   1.000000 | Q:        nan | won: False 
#  234 | steps:  2639 | steps_t:     0 | t: 1.508445 | r:  -509.000000 | e:   1.000000 | Q:        nan | won: False 
#  235 | steps:  2648 | steps_t:     0 | t: 1.513095 | r:  -508.000000 | e:   1.000000 | Q:        nan | won: False 
#  236 | steps:  2656 | steps_t:     0 | t: 1.517082 | r:  -507.000000 | e:   1.000000 | Q:        nan | won: False 
#  237 | steps:  2663 | steps_t:     0 | t: 1.520158 | r:  -506.000000 | e:   1.000000 | Q:        nan | won: False 
#  238 | steps:  2669 | steps_t:     0 | t: 1.523289 | r:  -505.000000 | e:   1.000000 | Q:        nan | won: False 
#  239 | steps:  2675 | steps_t:     0 | t: 1.526398 | r:  -505.000000 | e:   1.000000 | Q:        nan | won: False 
#  240 | steps:  2688 | steps_t:     0 | t: 1.532699 | r:  -512.000000 | e:   1.000000 | Q:        nan | won: False 
#  241 | steps:  2700 | steps_t:     0 | t: 1.538315 | r:  -511.000000 | e:   1.000000 | Q:        nan | won: False 
#  242 | steps:  2712 | steps_t:     0 | t: 1.544497 | r:  -511.000000 | e:   1.000000 | Q:        nan | won: False 
#  243 | steps:  2721 | steps_t:     0 | t: 1.549451 | r:  -508.000000 | e:   1.000000 | Q:        nan | won: False 
#  244 | steps:  2728 | steps_t:     0 | t: 1.552777 | r:  -506.000000 | e:   1.000000 | Q:        nan | won: False 
#  245 | steps:  2735 | steps_t:     0 | t: 1.556124 | r:  -506.000000 | e:   1.000000 | Q:        nan | won: False 
#  246 | steps:  2744 | steps_t:     0 | t: 1.560596 | r:  -508.000000 | e:   1.000000 | Q:        nan | won: False 
#  247 | steps:  2751 | steps_t:     0 | t: 1.564238 | r:  -506.000000 | e:   1.000000 | Q:        nan | won: False 
#  248 | steps:  2769 | steps_t:     0 | t: 1.572432 | r:  -517.000000 | e:   1.000000 | Q:        nan | won: False 
#  249 | steps:  2794 | steps_t:     0 | t: 1.584788 | r:  -524.000000 | e:   1.000000 | Q:        nan | won: False 
#  250 | steps:  2807 | steps_t:     0 | t: 1.591117 | r:  -512.000000 | e:   1.000000 | Q:        nan | won: False 
#  251 | steps:  2816 | steps_t:     0 | t: 1.595355 | r:  -508.000000 | e:   1.000000 | Q:        nan | won: False 
#  252 | steps:  2838 | steps_t:     0 | t: 1.606211 | r:  -521.000000 | e:   1.000000 | Q:        nan | won: False 
#  253 | steps:  2848 | steps_t:     0 | t: 1.611323 | r:  -509.000000 | e:   1.000000 | Q:        nan | won: False 
#  254 | steps:  2867 | steps_t:     0 | t: 1.620571 | r:  -496.000000 | e:   1.000000 | Q:        nan | won: False 
#  255 | steps:  2875 | steps_t:     0 | t: 1.624362 | r:  -507.000000 | e:   1.000000 | Q:        nan | won: False 
#  256 | steps:  2881 | steps_t:     0 | t: 1.627129 | r:  -505.000000 | e:   1.000000 | Q:        nan | won: False 
#  257 | steps:  2892 | steps_t:     0 | t: 1.632895 | r:  -510.000000 | e:   1.000000 | Q:        nan | won: False 
#  258 | steps:  2901 | steps_t:     0 | t: 1.637222 | r:  -508.000000 | e:   1.000000 | Q:        nan | won: False 
#  259 | steps:  2909 | steps_t:     0 | t: 1.641320 | r:  -507.000000 | e:   1.000000 | Q:        nan | won: False 
#  260 | steps:  2918 | steps_t:     0 | t: 1.646076 | r:  -508.000000 | e:   1.000000 | Q:        nan | won: False 
#  261 | steps:  2929 | steps_t:     0 | t: 1.651376 | r:  -510.000000 | e:   1.000000 | Q:        nan | won: False 
#  262 | steps:  2939 | steps_t:     0 | t: 1.656168 | r:  -509.000000 | e:   1.000000 | Q:        nan | won: False 
#  263 | steps:  2949 | steps_t:     0 | t: 1.661193 | r:  -509.000000 | e:   1.000000 | Q:        nan | won: False 
#  264 | steps:  2969 | steps_t:     0 | t: 1.670962 | r:  -519.000000 | e:   1.000000 | Q:        nan | won: False 
#  265 | steps:  2977 | steps_t:     0 | t: 1.674886 | r:  -507.000000 | e:   1.000000 | Q:        nan | won: False 
#  266 | steps:  2990 | steps_t:     0 | t: 1.680946 | r:  -512.000000 | e:   1.000000 | Q:        nan | won: False 
#  267 | steps:  2999 | steps_t:     0 | t: 1.685162 | r:  -508.000000 | e:   1.000000 | Q:        nan | won: False 
#  268 | steps:  3020 | steps_t:     0 | t: 1.695092 | r:  -520.000000 | e:   1.000000 | Q:        nan | won: False 
#  269 | steps:  3033 | steps_t:     0 | t: 1.701673 | r:  -501.000000 | e:   1.000000 | Q:        nan | won: False 
#  270 | steps:  3039 | steps_t:     0 | t: 1.704512 | r:  -505.000000 | e:   1.000000 | Q:        nan | won: False 
#  271 | steps:  3044 | steps_t:     0 | t: 1.707495 | r:  -504.000000 | e:   1.000000 | Q:        nan | won: False 
#  272 | steps:  3070 | steps_t:     0 | t: 1.720304 | r:  -514.000000 | e:   1.000000 | Q:        nan | won: False 
#  273 | steps:  3080 | steps_t:     0 | t: 1.724959 | r:  -509.000000 | e:   1.000000 | Q:        nan | won: False 
#  274 | steps:  3090 | steps_t:     0 | t: 1.730093 | r:  -509.000000 | e:   1.000000 | Q:        nan | won: False 
#  275 | steps:  3096 | steps_t:     0 | t: 1.732952 | r:  -505.000000 | e:   1.000000 | Q:        nan | won: False 
#  276 | steps:  3107 | steps_t:     0 | t: 1.737981 | r:  -510.000000 | e:   1.000000 | Q:        nan | won: False 
#  277 | steps:  3124 | steps_t:     0 | t: 1.746536 | r:  -505.000000 | e:   1.000000 | Q:        nan | won: False 
#  278 | steps:  3132 | steps_t:     0 | t: 1.750344 | r:  -507.000000 | e:   1.000000 | Q:        nan | won: False 
#  279 | steps:  3141 | steps_t:     0 | t: 1.754337 | r:  -508.000000 | e:   1.000000 | Q:        nan | won: False 
#  280 | steps:  3162 | steps_t:     0 | t: 1.765328 | r:  -520.000000 | e:   1.000000 | Q:        nan | won: False 
#  281 | steps:  3176 | steps_t:     0 | t: 1.771813 | r:  -513.000000 | e:   1.000000 | Q:        nan | won: False 
#  282 | steps:  3185 | steps_t:     0 | t: 1.776478 | r:  -508.000000 | e:   1.000000 | Q:        nan | won: False 
#  283 | steps:  3192 | steps_t:     0 | t: 1.780015 | r:  -506.000000 | e:   1.000000 | Q:        nan | won: False 
#  284 | steps:  3205 | steps_t:     0 | t: 1.785887 | r:  -512.000000 | e:   1.000000 | Q:        nan | won: False 
#  285 | steps:  3216 | steps_t:     0 | t: 1.792031 | r:  -510.000000 | e:   1.000000 | Q:        nan | won: False 
#  286 | steps:  3230 | steps_t:     0 | t: 1.798483 | r:  -513.000000 | e:   1.000000 | Q:        nan | won: False 
#  287 | steps:  3241 | steps_t:     0 | t: 1.803657 | r:  -510.000000 | e:   1.000000 | Q:        nan | won: False 
#  288 | steps:  3251 | steps_t:     0 | t: 1.808659 | r:  -509.000000 | e:   1.000000 | Q:        nan | won: False 
#  289 | steps:  3259 | steps_t:     0 | t: 1.812595 | r:  -507.000000 | e:   1.000000 | Q:        nan | won: False 
#  290 | steps:  3267 | steps_t:     0 | t: 1.816713 | r:  -507.000000 | e:   1.000000 | Q:        nan | won: False 
#  291 | steps:  3275 | steps_t:     0 | t: 1.820497 | r:  -507.000000 | e:   1.000000 | Q:        nan | won: False 
#  292 | steps:  3284 | steps_t:     0 | t: 1.824841 | r:  -508.000000 | e:   1.000000 | Q:        nan | won: False 
#  293 | steps:  3298 | steps_t:     0 | t: 1.831763 | r:  -513.000000 | e:   1.000000 | Q:        nan | won: False 
#  294 | steps:  3305 | steps_t:     0 | t: 1.834897 | r:  -506.000000 | e:   1.000000 | Q:        nan | won: False 
#  295 | steps:  3324 | steps_t:     0 | t: 1.844375 | r:  -518.000000 | e:   1.000000 | Q:        nan | won: False 
#  296 | steps:  3333 | steps_t:     0 | t: 1.849245 | r:  -508.000000 | e:   1.000000 | Q:        nan | won: False 
#  297 | steps:  3344 | steps_t:     0 | t: 1.854274 | r:  -510.000000 | e:   1.000000 | Q:        nan | won: False 
#  298 | steps:  3352 | steps_t:     0 | t: 1.858273 | r:  -507.000000 | e:   1.000000 | Q:        nan | won: False 
#  299 | steps:  3359 | steps_t:     0 | t: 1.861942 | r:  -506.000000 | e:   1.000000 | Q:        nan | won: False 
#  300 | steps:  3372 | steps_t:     0 | t: 1.868184 | r:  -512.000000 | e:   1.000000 | Q:        nan | won: False 
#  301 | steps:  3383 | steps_t:     0 | t: 1.873547 | r:  -510.000000 | e:   1.000000 | Q:        nan | won: False 
#  302 | steps:  3390 | steps_t:     0 | t: 1.877221 | r:  -506.000000 | e:   1.000000 | Q:        nan | won: False 
#  303 | steps:  3398 | steps_t:     0 | t: 1.881275 | r:  -507.000000 | e:   1.000000 | Q:        nan | won: False 
#  304 | steps:  3409 | steps_t:     0 | t: 1.886884 | r:  -510.000000 | e:   1.000000 | Q:        nan | won: False 
#  305 | steps:  3418 | steps_t:     0 | t: 1.891621 | r:  -508.000000 | e:   1.000000 | Q:        nan | won: False 
#  306 | steps:  3426 | steps_t:     0 | t: 1.895338 | r:  -507.000000 | e:   1.000000 | Q:        nan | won: False 
#  307 | steps:  3435 | steps_t:     0 | t: 1.899674 | r:  -508.000000 | e:   1.000000 | Q:        nan | won: False 
#  308 | steps:  3440 | steps_t:     0 | t: 1.902113 | r:  -504.000000 | e:   1.000000 | Q:        nan | won: False 
#  309 | steps:  3449 | steps_t:     0 | t: 1.906096 | r:  -508.000000 | e:   1.000000 | Q:        nan | won: False 
#  310 | steps:  3457 | steps_t:     0 | t: 1.910350 | r:  -507.000000 | e:   1.000000 | Q:        nan | won: False 
#  311 | steps:  3463 | steps_t:     0 | t: 1.913527 | r:  -505.000000 | e:   1.000000 | Q:        nan | won: False 
#  312 | steps:  3470 | steps_t:     0 | t: 1.916865 | r:  -506.000000 | e:   1.000000 | Q:        nan | won: False 
#  313 | steps:  3476 | steps_t:     0 | t: 1.919501 | r:  -505.000000 | e:   1.000000 | Q:        nan | won: False 
#  314 | steps:  3487 | steps_t:     0 | t: 1.925361 | r:  -510.000000 | e:   1.000000 | Q:        nan | won: False 
#  315 | steps:  3501 | steps_t:     0 | t: 1.931816 | r:  -502.000000 | e:   1.000000 | Q:        nan | won: False 
#  316 | steps:  3507 | steps_t:     0 | t: 1.934735 | r:  -505.000000 | e:   1.000000 | Q:        nan | won: False 
#  317 | steps:  3516 | steps_t:     0 | t: 1.939059 | r:  -508.000000 | e:   1.000000 | Q:        nan | won: False 
#  318 | steps:  3525 | steps_t:     0 | t: 1.943807 | r:  -508.000000 | e:   1.000000 | Q:        nan | won: False 
#  319 | steps:  3533 | steps_t:     0 | t: 1.948768 | r:  -507.000000 | e:   1.000000 | Q:        nan | won: False 
#  320 | steps:  3550 | steps_t:     0 | t: 1.956921 | r:  -516.000000 | e:   1.000000 | Q:        nan | won: False 
#  321 | steps:  3559 | steps_t:     0 | t: 1.961325 | r:  -508.000000 | e:   1.000000 | Q:        nan | won: False 
#  322 | steps:  3566 | steps_t:     0 | t: 1.965044 | r:  -506.000000 | e:   1.000000 | Q:        nan | won: False 
#  323 | steps:  3576 | steps_t:     0 | t: 1.969791 | r:  -509.000000 | e:   1.000000 | Q:        nan | won: False 
#  324 | steps:  3582 | steps_t:     0 | t: 1.972771 | r:  -505.000000 | e:   1.000000 | Q:        nan | won: False 
#  325 | steps:  3590 | steps_t:     0 | t: 1.976686 | r:  -507.000000 | e:   1.000000 | Q:        nan | won: False 
#  326 | steps:  3607 | steps_t:     0 | t: 1.984913 | r:  -516.000000 | e:   1.000000 | Q:        nan | won: False 
#  327 | steps:  3615 | steps_t:     0 | t: 1.988533 | r:  -507.000000 | e:   1.000000 | Q:        nan | won: False 
#  328 | steps:  3624 | steps_t:     0 | t: 1.992910 | r:  -508.000000 | e:   1.000000 | Q:        nan | won: False 
#  329 | steps:  3632 | steps_t:     0 | t: 1.997204 | r:  -507.000000 | e:   1.000000 | Q:        nan | won: False 
#  330 | steps:  3647 | steps_t:     0 | t: 2.004180 | r:  -514.000000 | e:   1.000000 | Q:        nan | won: False 
#  331 | steps:  3659 | steps_t:     0 | t: 2.009703 | r:  -511.000000 | e:   1.000000 | Q:        nan | won: False 
#  332 | steps:  3665 | steps_t:     0 | t: 2.012875 | r:  -505.000000 | e:   1.000000 | Q:        nan | won: False 
#  333 | steps:  3673 | steps_t:     0 | t: 2.016613 | r:  -507.000000 | e:   1.000000 | Q:        nan | won: False 
#  334 | steps:  3678 | steps_t:     0 | t: 2.018967 | r:  -504.000000 | e:   1.000000 | Q:        nan | won: False 
#  335 | steps:  3685 | steps_t:     0 | t: 2.022249 | r:  -506.000000 | e:   1.000000 | Q:        nan | won: False 
#  336 | steps:  3694 | steps_t:     0 | t: 2.026734 | r:  -508.000000 | e:   1.000000 | Q:        nan | won: False 
#  337 | steps:  3702 | steps_t:     0 | t: 2.030713 | r:  -507.000000 | e:   1.000000 | Q:        nan | won: False 
#  338 | steps:  3709 | steps_t:     0 | t: 2.034021 | r:  -506.000000 | e:   1.000000 | Q:        nan | won: False 
#  339 | steps:  3718 | steps_t:     0 | t: 2.037927 | r:  -508.000000 | e:   1.000000 | Q:        nan | won: False 
#  340 | steps:  3724 | steps_t:     0 | t: 2.041370 | r:  -505.000000 | e:   1.000000 | Q:        nan | won: False 
#  341 | steps:  3732 | steps_t:     0 | t: 2.045268 | r:  -507.000000 | e:   1.000000 | Q:        nan | won: False 
#  342 | steps:  3741 | steps_t:     0 | t: 2.050036 | r:  -508.000000 | e:   1.000000 | Q:        nan | won: False 
#  343 | steps:  3751 | steps_t:     0 | t: 2.054622 | r:  -509.000000 | e:   1.000000 | Q:        nan | won: False 
#  344 | steps:  3765 | steps_t:     0 | t: 2.062974 | r:  -513.000000 | e:   1.000000 | Q:        nan | won: False 
#  345 | steps:  3782 | steps_t:     0 | t: 2.071182 | r:  -516.000000 | e:   1.000000 | Q:        nan | won: False 
#  346 | steps:  3799 | steps_t:     0 | t: 2.080046 | r:  -516.000000 | e:   1.000000 | Q:        nan | won: False 
#  347 | steps:  3806 | steps_t:     0 | t: 2.083520 | r:  -506.000000 | e:   1.000000 | Q:        nan | won: False 
#  348 | steps:  3816 | steps_t:     0 | t: 2.088058 | r:  -509.000000 | e:   1.000000 | Q:        nan | won: False 
#  349 | steps:  3826 | steps_t:     0 | t: 2.093217 | r:  -509.000000 | e:   1.000000 | Q:        nan | won: False 
#  350 | steps:  3835 | steps_t:     0 | t: 2.097842 | r:  -508.000000 | e:   1.000000 | Q:        nan | won: False 
#  351 | steps:  3847 | steps_t:     0 | t: 2.103739 | r:  -511.000000 | e:   1.000000 | Q:        nan | won: False 
#  352 | steps:  3856 | steps_t:     0 | t: 2.108286 | r:  -508.000000 | e:   1.000000 | Q:        nan | won: False 
#  353 | steps:  3863 | steps_t:     0 | t: 2.112047 | r:  -506.000000 | e:   1.000000 | Q:        nan | won: False 
#  354 | steps:  3876 | steps_t:     0 | t: 2.118629 | r:  -512.000000 | e:   1.000000 | Q:        nan | won: False 
#  355 | steps:  3891 | steps_t:     0 | t: 2.125964 | r:  -514.000000 | e:   1.000000 | Q:        nan | won: False 
#  356 | steps:  3898 | steps_t:     0 | t: 2.129636 | r:  -506.000000 | e:   1.000000 | Q:        nan | won: False 
#  357 | steps:  3912 | steps_t:     0 | t: 2.136883 | r:  -513.000000 | e:   1.000000 | Q:        nan | won: False 
#  358 | steps:  3925 | steps_t:     0 | t: 2.143268 | r:  -512.000000 | e:   1.000000 | Q:        nan | won: False 
#  359 | steps:  3934 | steps_t:     0 | t: 2.148090 | r:  -508.000000 | e:   1.000000 | Q:        nan | won: False 
#  360 | steps:  3942 | steps_t:     0 | t: 2.151721 | r:  -507.000000 | e:   1.000000 | Q:        nan | won: False 
#  361 | steps:  3965 | steps_t:     0 | t: 2.162543 | r:  -522.000000 | e:   1.000000 | Q:        nan | won: False 
#  362 | steps:  3977 | steps_t:     0 | t: 2.168417 | r:  -511.000000 | e:   1.000000 | Q:        nan | won: False 
#  363 | steps:  3986 | steps_t:     0 | t: 2.172531 | r:  -508.000000 | e:   1.000000 | Q:        nan | won: False 
#  364 | steps:  3994 | steps_t:     0 | t: 2.176615 | r:  -507.000000 | e:   1.000000 | Q:        nan | won: False 
#  365 | steps:  4002 | steps_t:     0 | t: 2.181735 | r:  -507.000000 | e:   1.000000 | Q:        nan | won: False 
#  366 | steps:  4010 | steps_t:     0 | t: 2.185323 | r:  -507.000000 | e:   1.000000 | Q:        nan | won: False 
#  367 | steps:  4019 | steps_t:     0 | t: 2.189712 | r:  -508.000000 | e:   1.000000 | Q:        nan | won: False 
#  368 | steps:  4029 | steps_t:     0 | t: 2.194742 | r:  -509.000000 | e:   1.000000 | Q:        nan | won: False 
#  369 | steps:  4037 | steps_t:     0 | t: 2.198800 | r:  -507.000000 | e:   1.000000 | Q:        nan | won: False 
#  370 | steps:  4049 | steps_t:     0 | t: 2.204367 | r:  -511.000000 | e:   1.000000 | Q:        nan | won: False 
#  371 | steps:  4059 | steps_t:     0 | t: 2.209458 | r:  -509.000000 | e:   1.000000 | Q:        nan | won: False 
#  372 | steps:  4074 | steps_t:     0 | t: 2.218011 | r:  -514.000000 | e:   1.000000 | Q:        nan | won: False 
#  373 | steps:  4080 | steps_t:     0 | t: 2.222119 | r:  -505.000000 | e:   1.000000 | Q:        nan | won: False 
#  374 | steps:  4096 | steps_t:     0 | t: 2.234865 | r:  -515.000000 | e:   1.000000 | Q:        nan | won: False 
#  375 | steps:  4106 | steps_t:     0 | t: 2.242117 | r:  -509.000000 | e:   1.000000 | Q:        nan | won: False 
#  376 | steps:  4117 | steps_t:     0 | t: 2.251662 | r:  -510.000000 | e:   1.000000 | Q:        nan | won: False 
#  377 | steps:  4124 | steps_t:     0 | t: 2.257208 | r:  -506.000000 | e:   1.000000 | Q:        nan | won: False 
#  378 | steps:  4132 | steps_t:     0 | t: 2.263286 | r:  -507.000000 | e:   1.000000 | Q:        nan | won: False 
#  379 | steps:  4142 | steps_t:     0 | t: 2.268635 | r:  -509.000000 | e:   1.000000 | Q:        nan | won: False 
#  380 | steps:  4147 | steps_t:     0 | t: 2.270760 | r:  -504.000000 | e:   1.000000 | Q:        nan | won: False 
#  381 | steps:  4164 | steps_t:     0 | t: 2.280983 | r:  -516.000000 | e:   1.000000 | Q:        nan | won: False 
#  382 | steps:  4171 | steps_t:     0 | t: 2.284446 | r:  -506.000000 | e:   1.000000 | Q:        nan | won: False 
#  383 | steps:  4191 | steps_t:     0 | t: 2.294013 | r:  -519.000000 | e:   1.000000 | Q:        nan | won: False 
#  384 | steps:  4203 | steps_t:     0 | t: 2.299873 | r:  -511.000000 | e:   1.000000 | Q:        nan | won: False 
#  385 | steps:  4210 | steps_t:     0 | t: 2.303269 | r:  -506.000000 | e:   1.000000 | Q:        nan | won: False 
#  386 | steps:  4220 | steps_t:     0 | t: 2.308339 | r:  -509.000000 | e:   1.000000 | Q:        nan | won: False 
#  387 | steps:  4226 | steps_t:     0 | t: 2.311344 | r:  -505.000000 | e:   1.000000 | Q:        nan | won: False 
#  388 | steps:  4236 | steps_t:     0 | t: 2.316356 | r:  -509.000000 | e:   1.000000 | Q:        nan | won: False 
#  389 | steps:  4244 | steps_t:     0 | t: 2.320284 | r:  -507.000000 | e:   1.000000 | Q:        nan | won: False 
#  390 | steps:  4254 | steps_t:     0 | t: 2.325326 | r:  -509.000000 | e:   1.000000 | Q:        nan | won: False 
#  391 | steps:  4264 | steps_t:     0 | t: 2.330405 | r:  -509.000000 | e:   1.000000 | Q:        nan | won: False 
#  392 | steps:  4277 | steps_t:     0 | t: 2.336633 | r:  -512.000000 | e:   1.000000 | Q:        nan | won: False 
#  393 | steps:  4286 | steps_t:     0 | t: 2.341348 | r:  -508.000000 | e:   1.000000 | Q:        nan | won: False 
#  394 | steps:  4295 | steps_t:     0 | t: 2.345790 | r:  -508.000000 | e:   1.000000 | Q:        nan | won: False 
#  395 | steps:  4303 | steps_t:     0 | t: 2.349832 | r:  -507.000000 | e:   1.000000 | Q:        nan | won: False 
#  396 | steps:  4321 | steps_t:     0 | t: 2.358523 | r:  -517.000000 | e:   1.000000 | Q:        nan | won: False 
#  397 | steps:  4335 | steps_t:     0 | t: 2.364926 | r:  -513.000000 | e:   1.000000 | Q:        nan | won: False 
#  398 | steps:  4356 | steps_t:     0 | t: 2.374920 | r:  -520.000000 | e:   1.000000 | Q:        nan | won: False 
#  399 | steps:  4373 | steps_t:     0 | t: 2.382890 | r:  -505.000000 | e:   1.000000 | Q:        nan | won: False 
#  400 | steps:  4381 | steps_t:     0 | t: 2.386721 | r:  -507.000000 | e:   1.000000 | Q:        nan | won: False 
#  401 | steps:  4387 | steps_t:     0 | t: 2.389550 | r:  -505.000000 | e:   1.000000 | Q:        nan | won: False 
#  402 | steps:  4400 | steps_t:     0 | t: 2.396248 | r:  -512.000000 | e:   1.000000 | Q:        nan | won: False 
#  403 | steps:  4416 | steps_t:     0 | t: 2.403365 | r:  -515.000000 | e:   1.000000 | Q:        nan | won: False 
#  404 | steps:  4431 | steps_t:     0 | t: 2.411017 | r:  -503.000000 | e:   1.000000 | Q:        nan | won: False 
#  405 | steps:  4440 | steps_t:     0 | t: 2.415449 | r:  -508.000000 | e:   1.000000 | Q:        nan | won: False 
#  406 | steps:  4450 | steps_t:     0 | t: 2.420324 | r:  -509.000000 | e:   1.000000 | Q:        nan | won: False 
#  407 | steps:  4475 | steps_t:     0 | t: 2.432644 | r:  -524.000000 | e:   1.000000 | Q:        nan | won: False 
#  408 | steps:  4496 | steps_t:     0 | t: 2.443147 | r:  -520.000000 | e:   1.000000 | Q:        nan | won: False 
#  409 | steps:  4503 | steps_t:     0 | t: 2.446821 | r:  -506.000000 | e:   1.000000 | Q:        nan | won: False 
#  410 | steps:  4524 | steps_t:     0 | t: 2.457282 | r:  -520.000000 | e:   1.000000 | Q:        nan | won: False 
#  411 | steps:  4534 | steps_t:     0 | t: 2.462615 | r:  -509.000000 | e:   1.000000 | Q:        nan | won: False 
#  412 | steps:  4542 | steps_t:     0 | t: 2.466642 | r:  -507.000000 | e:   1.000000 | Q:        nan | won: False 
#  413 | steps:  4556 | steps_t:     0 | t: 2.473281 | r:  -513.000000 | e:   1.000000 | Q:        nan | won: False 
#  414 | steps:  4566 | steps_t:     0 | t: 2.478031 | r:  -509.000000 | e:   1.000000 | Q:        nan | won: False 
#  415 | steps:  4577 | steps_t:     0 | t: 2.483883 | r:  -510.000000 | e:   1.000000 | Q:        nan | won: False 
#  416 | steps:  4586 | steps_t:     0 | t: 2.488155 | r:  -508.000000 | e:   1.000000 | Q:        nan | won: False 
#  417 | steps:  4598 | steps_t:     0 | t: 2.494243 | r:  -511.000000 | e:   1.000000 | Q:        nan | won: False 
#  418 | steps:  4606 | steps_t:     0 | t: 2.498114 | r:  -507.000000 | e:   1.000000 | Q:        nan | won: False 
#  419 | steps:  4613 | steps_t:     0 | t: 2.501524 | r:  -506.000000 | e:   1.000000 | Q:        nan | won: False 
#  420 | steps:  4628 | steps_t:     0 | t: 2.508780 | r:  -514.000000 | e:   1.000000 | Q:        nan | won: False 
#  421 | steps:  4639 | steps_t:     0 | t: 2.514123 | r:  -510.000000 | e:   1.000000 | Q:        nan | won: False 
#  422 | steps:  4648 | steps_t:     0 | t: 2.518524 | r:  -508.000000 | e:   1.000000 | Q:        nan | won: False 
#  423 | steps:  4655 | steps_t:     0 | t: 2.521756 | r:  -506.000000 | e:   1.000000 | Q:        nan | won: False 
#  424 | steps:  4662 | steps_t:     0 | t: 2.525571 | r:  -506.000000 | e:   1.000000 | Q:        nan | won: False 
#  425 | steps:  4670 | steps_t:     0 | t: 2.529508 | r:  -507.000000 | e:   1.000000 | Q:        nan | won: False 
#  426 | steps:  4679 | steps_t:     0 | t: 2.533861 | r:  -508.000000 | e:   1.000000 | Q:        nan | won: False 
#  427 | steps:  4685 | steps_t:     0 | t: 2.536615 | r:  -505.000000 | e:   1.000000 | Q:        nan | won: False 
#  428 | steps:  4698 | steps_t:     0 | t: 2.543109 | r:  -512.000000 | e:   1.000000 | Q:        nan | won: False 
#  429 | steps:  4705 | steps_t:     0 | t: 2.546570 | r:  -506.000000 | e:   1.000000 | Q:        nan | won: False 
#  430 | steps:  4715 | steps_t:     0 | t: 2.551356 | r:  -509.000000 | e:   1.000000 | Q:        nan | won: False 
#  431 | steps:  4725 | steps_t:     0 | t: 2.556011 | r:  -509.000000 | e:   1.000000 | Q:        nan | won: False 
#  432 | steps:  4733 | steps_t:     0 | t: 2.559844 | r:  -507.000000 | e:   1.000000 | Q:        nan | won: False 
#  433 | steps:  4751 | steps_t:     0 | t: 2.568575 | r:  -517.000000 | e:   1.000000 | Q:        nan | won: False 
#  434 | steps:  4795 | steps_t:     0 | t: 2.587888 | r:  -543.000000 | e:   1.000000 | Q:        nan | won: False 
#  435 | steps:  4805 | steps_t:     0 | t: 2.593089 | r:  -509.000000 | e:   1.000000 | Q:        nan | won: False 
#  436 | steps:  4818 | steps_t:     0 | t: 2.599688 | r:  -512.000000 | e:   1.000000 | Q:        nan | won: False 
#  437 | steps:  4827 | steps_t:     0 | t: 2.603812 | r:  -508.000000 | e:   1.000000 | Q:        nan | won: False 
#  438 | steps:  4842 | steps_t:     0 | t: 2.614937 | r:  -514.000000 | e:   1.000000 | Q:        nan | won: False 
#  439 | steps:  4848 | steps_t:     0 | t: 2.617943 | r:  -505.000000 | e:   1.000000 | Q:        nan | won: False 
#  440 | steps:  4855 | steps_t:     0 | t: 2.621091 | r:  -506.000000 | e:   1.000000 | Q:        nan | won: False 
#  441 | steps:  4865 | steps_t:     0 | t: 2.625868 | r:  -509.000000 | e:   1.000000 | Q:        nan | won: False 
#  442 | steps:  4876 | steps_t:     0 | t: 2.631707 | r:  -510.000000 | e:   1.000000 | Q:        nan | won: False 
#  443 | steps:  4883 | steps_t:     0 | t: 2.634991 | r:  -506.000000 | e:   1.000000 | Q:        nan | won: False 
#  444 | steps:  4901 | steps_t:     0 | t: 2.643265 | r:  -517.000000 | e:   1.000000 | Q:        nan | won: False 
#  445 | steps:  4910 | steps_t:     0 | t: 2.648430 | r:  -508.000000 | e:   1.000000 | Q:        nan | won: False 
#  446 | steps:  4917 | steps_t:     0 | t: 2.651801 | r:  -506.000000 | e:   1.000000 | Q:        nan | won: False 
#  447 | steps:  4923 | steps_t:     0 | t: 2.654490 | r:  -505.000000 | e:   1.000000 | Q:        nan | won: False 
#  448 | steps:  4930 | steps_t:     0 | t: 2.658366 | r:  -506.000000 | e:   1.000000 | Q:        nan | won: False 
#  449 | steps:  4944 | steps_t:     0 | t: 2.664620 | r:  -513.000000 | e:   1.000000 | Q:        nan | won: False 
#  450 | steps:  4949 | steps_t:     0 | t: 2.667235 | r:  -504.000000 | e:   1.000000 | Q:        nan | won: False 
#  451 | steps:  4959 | steps_t:     0 | t: 2.671736 | r:  -509.000000 | e:   1.000000 | Q:        nan | won: False 
#  452 | steps:  4967 | steps_t:     0 | t: 2.676208 | r:  -507.000000 | e:   1.000000 | Q:        nan | won: False 
#  453 | steps:  4975 | steps_t:     0 | t: 2.680336 | r:  -507.000000 | e:   1.000000 | Q:        nan | won: False 
#  454 | steps:  4981 | steps_t:     0 | t: 2.683294 | r:  -505.000000 | e:   1.000000 | Q:        nan | won: False 
#  455 | steps:  4988 | steps_t:     0 | t: 2.686466 | r:  -506.000000 | e:   1.000000 | Q:        nan | won: False 
#  456 | steps:  5010 | steps_t:     8 | t: 3.081823 | r:  -521.000000 | e:   0.999200 | Q:        nan | won: False 
#  457 | steps:  5016 | steps_t:    13 | t: 3.150114 | r:  -505.000000 | e:   0.998700 | Q:        nan | won: False 
#  458 | steps:  5024 | steps_t:    20 | t: 3.242014 | r:  -507.000000 | e:   0.998000 | Q:        nan | won: False 
#  459 | steps:  5035 | steps_t:    30 | t: 3.378658 | r:  -510.000000 | e:   0.997000 | Q:        nan | won: False 
#  460 | steps:  5043 | steps_t:    37 | t: 3.530223 | r:  -507.000000 | e:   0.996300 | Q:        nan | won: False 
#  461 | steps:  5062 | steps_t:    55 | t: 3.978576 | r:  -518.000000 | e:   0.994500 | Q:        nan | won: False 
#  462 | steps:  5071 | steps_t:    63 | t: 4.136116 | r:  -508.000000 | e:   0.993700 | Q:        nan | won: False 
#  463 | steps:  5091 | steps_t:    82 | t: 4.578534 | r:  -519.000000 | e:   0.991800 | Q:        nan | won: False 
#  464 | steps:  5114 | steps_t:   104 | t: 5.200145 | r:  -522.000000 | e:   0.989600 | Q: -41.324158 | won: False 
#  465 | steps:  5133 | steps_t:   122 | t: 5.623243 | r:  -496.000000 | e:   0.987800 | Q:        nan | won: False 
#  466 | steps:  5144 | steps_t:   132 | t: 5.815049 | r:  -510.000000 | e:   0.986800 | Q:        nan | won: False 
#  467 | steps:  5157 | steps_t:   144 | t: 6.064768 | r:  -512.000000 | e:   0.985600 | Q:        nan | won: False 
#  468 | steps:  5169 | steps_t:   155 | t: 6.310369 | r:  -511.000000 | e:   0.984500 | Q:        nan | won: False 
#  469 | steps:  5179 | steps_t:   164 | t: 6.482024 | r:  -509.000000 | e:   0.983600 | Q:        nan | won: False 
#  470 | steps:  5187 | steps_t:   171 | t: 6.663016 | r:  -507.000000 | e:   0.982900 | Q:        nan | won: False 
#  471 | steps:  5194 | steps_t:   177 | t: 6.749914 | r:  -506.000000 | e:   0.982300 | Q:        nan | won: False 
#  472 | steps:  5205 | steps_t:   187 | t: 7.015124 | r:  -510.000000 | e:   0.981300 | Q:        nan | won: False 
#  473 | steps:  5213 | steps_t:   194 | t: 7.206415 | r:  -507.000000 | e:   0.980600 | Q:        nan | won: False 
#  474 | steps:  5222 | steps_t:   202 | t: 7.433585 | r:  -508.000000 | e:   0.979800 | Q: -323.373352 | won: False 
#  475 | steps:  5229 | steps_t:   208 | t: 7.595605 | r:  -506.000000 | e:   0.979200 | Q:        nan | won: False 
#  476 | steps:  5241 | steps_t:   219 | t: 7.904489 | r:  -511.000000 | e:   0.978100 | Q: -306.925262 | won: False 
#  477 | steps:  5257 | steps_t:   234 | t: 8.311645 | r:  -515.000000 | e:   0.976600 | Q:        nan | won: False 
#  478 | steps:  5264 | steps_t:   240 | t: 8.473296 | r:  -506.000000 | e:   0.976000 | Q:        nan | won: False 
#  479 | steps:  5272 | steps_t:   247 | t: 8.665508 | r:  -507.000000 | e:   0.975300 | Q:        nan | won: False 
#  480 | steps:  5294 | steps_t:   268 | t: 9.208694 | r:  -521.000000 | e:   0.973200 | Q:        nan | won: False 
#  481 | steps:  5302 | steps_t:   275 | t: 9.397477 | r:  -507.000000 | e:   0.972500 | Q:        nan | won: False 
#  482 | steps:  5309 | steps_t:   281 | t: 9.554468 | r:  -506.000000 | e:   0.971900 | Q:        nan | won: False 
#  483 | steps:  5316 | steps_t:   287 | t: 9.719599 | r:  -506.000000 | e:   0.971300 | Q:        nan | won: False 
#  484 | steps:  5324 | steps_t:   294 | t: 9.854825 | r:  -507.000000 | e:   0.970600 | Q:        nan | won: False 
#  485 | steps:  5335 | steps_t:   304 | t: 9.985908 | r:  -510.000000 | e:   0.969600 | Q: -333.906830 | won: False 
#  486 | steps:  5350 | steps_t:   318 | t: 10.297749 | r:  -492.000000 | e:   0.968200 | Q:        nan | won: False 
