#    1 | steps:    85 | steps_t: 90830 | t: 0.133909 | r:  -573.000000 | e:   0.100000 | Q: 254.989517 | won: False 
#    2 | steps:   178 | steps_t: 90830 | t: 0.262674 | r:  -581.000000 | e:   0.100000 | Q: 223.623199 | won: False 
#    3 | steps:   214 | steps_t: 90830 | t: 0.310838 | r:  -524.000000 | e:   0.100000 | Q: 254.989517 | won: False 
#    4 | steps:   229 | steps_t: 90830 | t: 0.407283 | r:  -503.000000 | e:   0.100000 | Q: 254.989517 | won: False 
#    5 | steps:   274 | steps_t: 90830 | t: 0.466513 | r:  -533.000000 | e:   0.100000 | Q: 254.989517 | won: False 
#    6 | steps:   312 | steps_t: 90830 | t: 0.527788 | r:  -526.000000 | e:   0.100000 | Q: 207.932129 | won: False 
#    7 | steps:   344 | steps_t: 90830 | t: 0.575548 | r:  -520.000000 | e:   0.100000 | Q: 172.634140 | won: False 
#    8 | steps:   363 | steps_t: 90830 | t: 0.600797 | r:  -507.000000 | e:   0.100000 | Q: 172.634140 | won: False 
#    9 | steps:   415 | steps_t: 90830 | t: 0.669291 | r:  -540.000000 | e:   0.100000 | Q: 254.989517 | won: False 
#   10 | steps:   460 | steps_t: 90830 | t: 0.725826 | r:  -533.000000 | e:   0.100000 | Q: 254.989517 | won: False 
#   11 | steps:   529 | steps_t: 90830 | t: 0.827303 | r:  -557.000000 | e:   0.100000 | Q: 254.989517 | won: False 
#   12 | steps:   563 | steps_t: 90830 | t: 0.877013 | r:  -522.000000 | e:   0.100000 | Q: 187.408112 | won: False 
#   13 | steps:   607 | steps_t: 90830 | t: 0.940122 | r:  -532.000000 | e:   0.100000 | Q: 207.932129 | won: False 
#   14 | steps:   631 | steps_t: 90830 | t: 0.970958 | r:  -512.000000 | e:   0.100000 | Q: 254.989517 | won: False 
#   15 | steps:   759 | steps_t: 90830 | t: 1.134044 | r:  -616.000000 | e:   0.100000 | Q: 254.989517 | won: False 
#   16 | steps:   780 | steps_t: 90830 | t: 1.161982 | r:  -509.000000 | e:   0.100000 | Q: 172.634140 | won: False 
#   17 | steps:   964 | steps_t: 90830 | t: 1.383233 | r:  -672.000000 | e:   0.100000 | Q: 223.623199 | won: False 
#   18 | steps:  1008 | steps_t: 90830 | t: 1.442697 | r:  -532.000000 | e:   0.100000 | Q: 204.240723 | won: False 
#   19 | steps:  1110 | steps_t: 90830 | t: 1.566979 | r:  -590.000000 | e:   0.100000 | Q: 286.900970 | won: False 
#   20 | steps:  1140 | steps_t: 90830 | t: 1.605967 | r:  -518.000000 | e:   0.100000 | Q: 254.989517 | won: False 
#   21 | steps:  1238 | steps_t: 90830 | t: 1.730302 | r:  -586.000000 | e:   0.100000 | Q: 254.989517 | won: False 
#   22 | steps:  1290 | steps_t: 90830 | t: 1.797749 | r:  -540.000000 | e:   0.100000 | Q: 254.989517 | won: False 
#   23 | steps:  1350 | steps_t: 90830 | t: 1.878017 | r:  -548.000000 | e:   0.100000 | Q: 254.989517 | won: False 
#   24 | steps:  1396 | steps_t: 90830 | t: 1.935953 | r:  -534.000000 | e:   0.100000 | Q: 254.989517 | won: False 
#   25 | steps:  1490 | steps_t: 90830 | t: 2.054467 | r:  -582.000000 | e:   0.100000 | Q: 207.932129 | won: False 
#   26 | steps:  1550 | steps_t: 90830 | t: 2.137921 | r:  -548.000000 | e:   0.100000 | Q: 254.989517 | won: False 
#   27 | steps:  1612 | steps_t: 90830 | t: 2.223613 | r:  -550.000000 | e:   0.100000 | Q: 204.240723 | won: False 
#   28 | steps:  1658 | steps_t: 90830 | t: 2.282850 | r:  -534.000000 | e:   0.100000 | Q: 254.989517 | won: False 
#   29 | steps:  1677 | steps_t: 90830 | t: 2.307954 | r:  -496.000000 | e:   0.100000 | Q: 254.989517 | won: False 
#   30 | steps:  1742 | steps_t: 90830 | t: 2.397310 | r:  -553.000000 | e:   0.100000 | Q: 254.989517 | won: False 
#   31 | steps:  1792 | steps_t: 90830 | t: 2.468775 | r:  -538.000000 | e:   0.100000 | Q: 254.989517 | won: False 
#   32 | steps:  1844 | steps_t: 90830 | t: 2.541831 | r:  -540.000000 | e:   0.100000 | Q: 254.989517 | won: False 
#   33 | steps:  1863 | steps_t: 90830 | t: 2.566959 | r:  -507.000000 | e:   0.100000 | Q: 254.989517 | won: False 
#   34 | steps:  2016 | steps_t: 90830 | t: 2.767214 | r:  -641.000000 | e:   0.100000 | Q: 254.989517 | won: False 
#   35 | steps:  2040 | steps_t: 90830 | t: 2.795804 | r:  -512.000000 | e:   0.100000 | Q: 207.932129 | won: False 
#   36 | steps:  2085 | steps_t: 90830 | t: 2.851234 | r:    67.000000 | e:   0.100000 | Q: 188.598648 | won: True 
#   37 | steps:  2104 | steps_t: 90830 | t: 2.875091 | r:  -496.000000 | e:   0.100000 | Q: 254.989517 | won: False 
#   38 | steps:  2138 | steps_t: 90830 | t: 2.921508 | r:    78.000000 | e:   0.100000 | Q: 254.989517 | won: True 
#   39 | steps:  2231 | steps_t: 90830 | t: 3.039958 | r:  -581.000000 | e:   0.100000 | Q: 229.685638 | won: False 
#   40 | steps:  2304 | steps_t: 90830 | t: 3.135987 | r:  -561.000000 | e:   0.100000 | Q: 254.989517 | won: False 
#   41 | steps:  2324 | steps_t: 90830 | t: 3.165446 | r:  -508.000000 | e:   0.100000 | Q: 254.989517 | won: False 
#   42 | steps:  2364 | steps_t: 90830 | t: 3.221192 | r:  -528.000000 | e:   0.100000 | Q: 229.685638 | won: False 
#   43 | steps:  2393 | steps_t: 90830 | t: 3.258957 | r:    83.000000 | e:   0.100000 | Q: 254.989517 | won: True 
#   44 | steps:  2428 | steps_t: 90830 | t: 3.307571 | r:  -523.000000 | e:   0.100000 | Q: 190.709396 | won: False 
#   45 | steps:  2493 | steps_t: 90830 | t: 3.394347 | r:  -553.000000 | e:   0.100000 | Q: 223.623199 | won: False 
#   46 | steps:  2586 | steps_t: 90830 | t: 3.516779 | r:  -581.000000 | e:   0.100000 | Q: 254.989517 | won: False 
#   47 | steps:  2668 | steps_t: 90830 | t: 3.622748 | r:  -570.000000 | e:   0.100000 | Q: 254.989517 | won: False 
#   48 | steps:  2774 | steps_t: 90830 | t: 3.764249 | r:  -594.000000 | e:   0.100000 | Q: 254.989517 | won: False 
#   49 | steps:  2813 | steps_t: 90830 | t: 3.823020 | r:  -527.000000 | e:   0.100000 | Q: 254.989517 | won: False 
#   50 | steps:  2882 | steps_t: 90830 | t: 3.928237 | r:  -557.000000 | e:   0.100000 | Q: 254.989517 | won: False 
#   51 | steps:  2920 | steps_t: 90830 | t: 3.982719 | r:  -526.000000 | e:   0.100000 | Q: 254.989517 | won: False 
