#    1 | steps:     7 | steps_t:     0 | t: 0.002482 | r:  -506.000000 | e:   1.000000 | Q:        nan | won: False 
#    2 | steps:    12 | steps_t:     0 | t: 0.008460 | r:  -504.000000 | e:   1.000000 | Q:        nan | won: False 
#    3 | steps:    20 | steps_t:     0 | t: 0.011860 | r:  -507.000000 | e:   1.000000 | Q:        nan | won: False 
#    4 | steps:    31 | steps_t:     0 | t: 0.016097 | r:  -510.000000 | e:   1.000000 | Q:        nan | won: False 
#    5 | steps:    39 | steps_t:     0 | t: 0.019135 | r:  -507.000000 | e:   1.000000 | Q:        nan | won: False 
#    6 | steps:    45 | steps_t:     0 | t: 0.021474 | r:  -505.000000 | e:   1.000000 | Q:        nan | won: False 
#    7 | steps:    53 | steps_t:     0 | t: 0.024535 | r:  -507.000000 | e:   1.000000 | Q:        nan | won: False 
#    8 | steps:    63 | steps_t:     0 | t: 0.028150 | r:  -509.000000 | e:   1.000000 | Q:        nan | won: False 
#    9 | steps:    70 | steps_t:     0 | t: 0.030771 | r:  -506.000000 | e:   1.000000 | Q:        nan | won: False 
#   10 | steps:    80 | steps_t:     0 | t: 0.034248 | r:  -509.000000 | e:   1.000000 | Q:        nan | won: False 
#   11 | steps:    87 | steps_t:     0 | t: 0.036891 | r:  -506.000000 | e:   1.000000 | Q:        nan | won: False 
#   12 | steps:    98 | steps_t:     0 | t: 0.040810 | r:  -510.000000 | e:   1.000000 | Q:        nan | won: False 
#   13 | steps:   104 | steps_t:     0 | t: 0.043151 | r:  -505.000000 | e:   1.000000 | Q:        nan | won: False 
#   14 | steps:   113 | steps_t:     0 | t: 0.046784 | r:  -508.000000 | e:   1.000000 | Q:        nan | won: False 
#   15 | steps:   119 | steps_t:     0 | t: 0.049121 | r:  -505.000000 | e:   1.000000 | Q:        nan | won: False 
#   16 | steps:   125 | steps_t:     0 | t: 0.051278 | r:  -505.000000 | e:   1.000000 | Q:        nan | won: False 
#   17 | steps:   133 | steps_t:     0 | t: 0.054447 | r:  -507.000000 | e:   1.000000 | Q:        nan | won: False 
#   18 | steps:   142 | steps_t:     0 | t: 0.057357 | r:  -508.000000 | e:   1.000000 | Q:        nan | won: False 
#   19 | steps:   150 | steps_t:     0 | t: 0.060188 | r:  -507.000000 | e:   1.000000 | Q:        nan | won: False 
#   20 | steps:   158 | steps_t:     0 | t: 0.063507 | r:  -507.000000 | e:   1.000000 | Q:        nan | won: False 
#   21 | steps:   171 | steps_t:     0 | t: 0.068247 | r:  -512.000000 | e:   1.000000 | Q:        nan | won: False 
#   22 | steps:   179 | steps_t:     0 | t: 0.071712 | r:  -507.000000 | e:   1.000000 | Q:        nan | won: False 
#   23 | steps:   189 | steps_t:     0 | t: 0.075246 | r:  -509.000000 | e:   1.000000 | Q:        nan | won: False 
#   24 | steps:   197 | steps_t:     0 | t: 0.078273 | r:  -507.000000 | e:   1.000000 | Q:        nan | won: False 
#   25 | steps:   206 | steps_t:     0 | t: 0.081965 | r:  -508.000000 | e:   1.000000 | Q:        nan | won: False 
#   26 | steps:   213 | steps_t:     0 | t: 0.084397 | r:  -506.000000 | e:   1.000000 | Q:        nan | won: False 
#   27 | steps:   218 | steps_t:     0 | t: 0.086514 | r:  -504.000000 | e:   1.000000 | Q:        nan | won: False 
#   28 | steps:   227 | steps_t:     0 | t: 0.090570 | r:  -508.000000 | e:   1.000000 | Q:        nan | won: False 
#   29 | steps:   235 | steps_t:     0 | t: 0.093565 | r:  -507.000000 | e:   1.000000 | Q:        nan | won: False 
#   30 | steps:   246 | steps_t:     0 | t: 0.097947 | r:  -510.000000 | e:   1.000000 | Q:        nan | won: False 
#   31 | steps:   255 | steps_t:     0 | t: 0.101597 | r:  -508.000000 | e:   1.000000 | Q:        nan | won: False 
#   32 | steps:   266 | steps_t:     0 | t: 0.105304 | r:  -510.000000 | e:   1.000000 | Q:        nan | won: False 
#   33 | steps:   272 | steps_t:     0 | t: 0.107375 | r:  -505.000000 | e:   1.000000 | Q:        nan | won: False 
#   34 | steps:   282 | steps_t:     0 | t: 0.111488 | r:  -509.000000 | e:   1.000000 | Q:        nan | won: False 
#   35 | steps:   290 | steps_t:     0 | t: 0.114267 | r:  -507.000000 | e:   1.000000 | Q:        nan | won: False 
#   36 | steps:   304 | steps_t:     0 | t: 0.118861 | r:  -513.000000 | e:   1.000000 | Q:        nan | won: False 
#   37 | steps:   311 | steps_t:     0 | t: 0.121315 | r:  -506.000000 | e:   1.000000 | Q:        nan | won: False 
#   38 | steps:   324 | steps_t:     0 | t: 0.125481 | r:  -512.000000 | e:   1.000000 | Q:        nan | won: False 
#   39 | steps:   330 | steps_t:     0 | t: 0.127840 | r:  -505.000000 | e:   1.000000 | Q:        nan | won: False 
#   40 | steps:   336 | steps_t:     0 | t: 0.130238 | r:  -505.000000 | e:   1.000000 | Q:        nan | won: False 
#   41 | steps:   346 | steps_t:     0 | t: 0.134184 | r:  -509.000000 | e:   1.000000 | Q:        nan | won: False 
#   42 | steps:   353 | steps_t:     0 | t: 0.136763 | r:  -506.000000 | e:   1.000000 | Q:        nan | won: False 
#   43 | steps:   362 | steps_t:     0 | t: 0.139842 | r:  -508.000000 | e:   1.000000 | Q:        nan | won: False 
#   44 | steps:   370 | steps_t:     0 | t: 0.143009 | r:  -507.000000 | e:   1.000000 | Q:        nan | won: False 
#   45 | steps:   379 | steps_t:     0 | t: 0.146313 | r:  -508.000000 | e:   1.000000 | Q:        nan | won: False 
#   46 | steps:   388 | steps_t:     0 | t: 0.149739 | r:  -508.000000 | e:   1.000000 | Q:        nan | won: False 
#   47 | steps:   405 | steps_t:     0 | t: 0.156494 | r:  -516.000000 | e:   1.000000 | Q:        nan | won: False 
#   48 | steps:   413 | steps_t:     0 | t: 0.159278 | r:  -507.000000 | e:   1.000000 | Q:        nan | won: False 
#   49 | steps:   421 | steps_t:     0 | t: 0.162183 | r:  -507.000000 | e:   1.000000 | Q:        nan | won: False 
#   50 | steps:   427 | steps_t:     0 | t: 0.164364 | r:  -505.000000 | e:   1.000000 | Q:        nan | won: False 
#   51 | steps:   437 | steps_t:     0 | t: 0.167402 | r:  -509.000000 | e:   1.000000 | Q:        nan | won: False 
#   52 | steps:   445 | steps_t:     0 | t: 0.169970 | r:  -507.000000 | e:   1.000000 | Q:        nan | won: False 
#   53 | steps:   457 | steps_t:     0 | t: 0.174129 | r:  -511.000000 | e:   1.000000 | Q:        nan | won: False 
#   54 | steps:   466 | steps_t:     0 | t: 0.177009 | r:  -508.000000 | e:   1.000000 | Q:        nan | won: False 
#   55 | steps:   475 | steps_t:     0 | t: 0.179882 | r:  -508.000000 | e:   1.000000 | Q:        nan | won: False 
#   56 | steps:   483 | steps_t:     0 | t: 0.182393 | r:  -507.000000 | e:   1.000000 | Q:        nan | won: False 
#   57 | steps:   494 | steps_t:     0 | t: 0.185574 | r:  -510.000000 | e:   1.000000 | Q:        nan | won: False 
#   58 | steps:   502 | steps_t:     0 | t: 0.188901 | r:  -507.000000 | e:   1.000000 | Q:        nan | won: False 
#   59 | steps:   508 | steps_t:     0 | t: 0.190699 | r:  -505.000000 | e:   1.000000 | Q:        nan | won: False 
#   60 | steps:   514 | steps_t:     0 | t: 0.193452 | r:  -505.000000 | e:   1.000000 | Q:        nan | won: False 
#   61 | steps:   521 | steps_t:     0 | t: 0.196847 | r:  -506.000000 | e:   1.000000 | Q:        nan | won: False 
#   62 | steps:   536 | steps_t:     0 | t: 0.201890 | r:  -503.000000 | e:   1.000000 | Q:        nan | won: False 
#   63 | steps:   543 | steps_t:     0 | t: 0.204431 | r:  -506.000000 | e:   1.000000 | Q:        nan | won: False 
#   64 | steps:   553 | steps_t:     0 | t: 0.207331 | r:  -509.000000 | e:   1.000000 | Q:        nan | won: False 
#   65 | steps:   563 | steps_t:     0 | t: 0.211878 | r:  -509.000000 | e:   1.000000 | Q:        nan | won: False 
#   66 | steps:   571 | steps_t:     0 | t: 0.214160 | r:  -507.000000 | e:   1.000000 | Q:        nan | won: False 
#   67 | steps:   579 | steps_t:     0 | t: 0.217532 | r:  -507.000000 | e:   1.000000 | Q:        nan | won: False 
#   68 | steps:   587 | steps_t:     0 | t: 0.219983 | r:  -507.000000 | e:   1.000000 | Q:        nan | won: False 
#   69 | steps:   598 | steps_t:     0 | t: 0.224177 | r:  -510.000000 | e:   1.000000 | Q:        nan | won: False 
#   70 | steps:   608 | steps_t:     0 | t: 0.227643 | r:  -509.000000 | e:   1.000000 | Q:        nan | won: False 
#   71 | steps:   615 | steps_t:     0 | t: 0.229919 | r:  -506.000000 | e:   1.000000 | Q:        nan | won: False 
#   72 | steps:   623 | steps_t:     0 | t: 0.233317 | r:  -507.000000 | e:   1.000000 | Q:        nan | won: False 
#   73 | steps:   632 | steps_t:     0 | t: 0.236287 | r:  -508.000000 | e:   1.000000 | Q:        nan | won: False 
#   74 | steps:   641 | steps_t:     0 | t: 0.239631 | r:  -508.000000 | e:   1.000000 | Q:        nan | won: False 
#   75 | steps:   646 | steps_t:     0 | t: 0.241545 | r:  -504.000000 | e:   1.000000 | Q:        nan | won: False 
#   76 | steps:   653 | steps_t:     0 | t: 0.243900 | r:  -506.000000 | e:   1.000000 | Q:        nan | won: False 
#   77 | steps:   659 | steps_t:     0 | t: 0.246082 | r:  -505.000000 | e:   1.000000 | Q:        nan | won: False 
#   78 | steps:   665 | steps_t:     0 | t: 0.248268 | r:  -505.000000 | e:   1.000000 | Q:        nan | won: False 
#   79 | steps:   675 | steps_t:     0 | t: 0.251666 | r:  -509.000000 | e:   1.000000 | Q:        nan | won: False 
#   80 | steps:   682 | steps_t:     0 | t: 0.254796 | r:  -506.000000 | e:   1.000000 | Q:        nan | won: False 
#   81 | steps:   688 | steps_t:     0 | t: 0.258232 | r:  -505.000000 | e:   1.000000 | Q:        nan | won: False 
#   82 | steps:   695 | steps_t:     0 | t: 0.260619 | r:  -506.000000 | e:   1.000000 | Q:        nan | won: False 
#   83 | steps:   704 | steps_t:     0 | t: 0.263993 | r:  -508.000000 | e:   1.000000 | Q:        nan | won: False 
#   84 | steps:   711 | steps_t:     0 | t: 0.266709 | r:  -506.000000 | e:   1.000000 | Q:        nan | won: False 
#   85 | steps:   719 | steps_t:     0 | t: 0.269500 | r:  -507.000000 | e:   1.000000 | Q:        nan | won: False 
#   86 | steps:   731 | steps_t:     0 | t: 0.274199 | r:  -511.000000 | e:   1.000000 | Q:        nan | won: False 
#   87 | steps:   738 | steps_t:     0 | t: 0.277501 | r:  -506.000000 | e:   1.000000 | Q:        nan | won: False 
#   88 | steps:   743 | steps_t:     0 | t: 0.280468 | r:  -504.000000 | e:   1.000000 | Q:        nan | won: False 
#   89 | steps:   752 | steps_t:     0 | t: 0.287703 | r:  -508.000000 | e:   1.000000 | Q:        nan | won: False 
#   90 | steps:   765 | steps_t:     0 | t: 0.295350 | r:  -512.000000 | e:   1.000000 | Q:        nan | won: False 
#   91 | steps:   772 | steps_t:     0 | t: 0.299242 | r:  -506.000000 | e:   1.000000 | Q:        nan | won: False 
#   92 | steps:   782 | steps_t:     0 | t: 0.304805 | r:  -509.000000 | e:   1.000000 | Q:        nan | won: False 
#   93 | steps:   791 | steps_t:     0 | t: 0.308176 | r:  -508.000000 | e:   1.000000 | Q:        nan | won: False 
#   94 | steps:   797 | steps_t:     0 | t: 0.310154 | r:  -505.000000 | e:   1.000000 | Q:        nan | won: False 
#   95 | steps:   804 | steps_t:     0 | t: 0.312917 | r:  -506.000000 | e:   1.000000 | Q:        nan | won: False 
#   96 | steps:   810 | steps_t:     0 | t: 0.314772 | r:  -505.000000 | e:   1.000000 | Q:        nan | won: False 
#   97 | steps:   818 | steps_t:     0 | t: 0.317123 | r:  -507.000000 | e:   1.000000 | Q:        nan | won: False 
#   98 | steps:   828 | steps_t:     0 | t: 0.320880 | r:  -509.000000 | e:   1.000000 | Q:        nan | won: False 
#   99 | steps:   836 | steps_t:     0 | t: 0.324373 | r:  -507.000000 | e:   1.000000 | Q:        nan | won: False 
#  100 | steps:   846 | steps_t:     0 | t: 0.328382 | r:  -509.000000 | e:   1.000000 | Q:        nan | won: False 
#  101 | steps:   858 | steps_t:     0 | t: 0.332329 | r:  -511.000000 | e:   1.000000 | Q:        nan | won: False 
#  102 | steps:   867 | steps_t:     0 | t: 0.335060 | r:  -508.000000 | e:   1.000000 | Q:        nan | won: False 
#  103 | steps:   874 | steps_t:     0 | t: 0.337100 | r:  -506.000000 | e:   1.000000 | Q:        nan | won: False 
#  104 | steps:   884 | steps_t:     0 | t: 0.341230 | r:  -509.000000 | e:   1.000000 | Q:        nan | won: False 
#  105 | steps:   893 | steps_t:     0 | t: 0.344514 | r:  -508.000000 | e:   1.000000 | Q:        nan | won: False 
#  106 | steps:   905 | steps_t:     0 | t: 0.405278 | r:  -511.000000 | e:   1.000000 | Q:        nan | won: False 
#  107 | steps:   914 | steps_t:     0 | t: 0.408647 | r:  -508.000000 | e:   1.000000 | Q:        nan | won: False 
#  108 | steps:   922 | steps_t:     0 | t: 0.411688 | r:  -507.000000 | e:   1.000000 | Q:        nan | won: False 
#  109 | steps:   928 | steps_t:     0 | t: 0.413739 | r:  -505.000000 | e:   1.000000 | Q:        nan | won: False 
#  110 | steps:   935 | steps_t:     0 | t: 0.416237 | r:  -506.000000 | e:   1.000000 | Q:        nan | won: False 
#  111 | steps:   941 | steps_t:     0 | t: 0.418296 | r:  -505.000000 | e:   1.000000 | Q:        nan | won: False 
#  112 | steps:   946 | steps_t:     0 | t: 0.420014 | r:  -504.000000 | e:   1.000000 | Q:        nan | won: False 
#  113 | steps:   952 | steps_t:     0 | t: 0.422019 | r:  -505.000000 | e:   1.000000 | Q:        nan | won: False 
#  114 | steps:   960 | steps_t:     0 | t: 0.424527 | r:  -507.000000 | e:   1.000000 | Q:        nan | won: False 
#  115 | steps:   966 | steps_t:     0 | t: 0.427042 | r:  -505.000000 | e:   1.000000 | Q:        nan | won: False 
#  116 | steps:   973 | steps_t:     0 | t: 0.429381 | r:  -506.000000 | e:   1.000000 | Q:        nan | won: False 
#  117 | steps:   981 | steps_t:     0 | t: 0.431998 | r:  -507.000000 | e:   1.000000 | Q:        nan | won: False 
#  118 | steps:   990 | steps_t:     0 | t: 0.434957 | r:  -508.000000 | e:   1.000000 | Q:        nan | won: False 
#  119 | steps:   998 | steps_t:     0 | t: 0.437331 | r:  -507.000000 | e:   1.000000 | Q:        nan | won: False 
#  120 | steps:  1008 | steps_t:     0 | t: 0.441010 | r:  -509.000000 | e:   1.000000 | Q:        nan | won: False 
#  121 | steps:  1017 | steps_t:     0 | t: 0.446856 | r:  -508.000000 | e:   1.000000 | Q:        nan | won: False 
#  122 | steps:  1026 | steps_t:     0 | t: 0.449841 | r:  -508.000000 | e:   1.000000 | Q:        nan | won: False 
#  123 | steps:  1035 | steps_t:     0 | t: 0.452568 | r:  -508.000000 | e:   1.000000 | Q:        nan | won: False 
#  124 | steps:  1042 | steps_t:     0 | t: 0.454991 | r:  -506.000000 | e:   1.000000 | Q:        nan | won: False 
#  125 | steps:  1050 | steps_t:     0 | t: 0.459172 | r:  -507.000000 | e:   1.000000 | Q:        nan | won: False 
#  126 | steps:  1062 | steps_t:     0 | t: 0.464047 | r:  -511.000000 | e:   1.000000 | Q:        nan | won: False 
#  127 | steps:  1069 | steps_t:     0 | t: 0.466109 | r:  -506.000000 | e:   1.000000 | Q:        nan | won: False 
#  128 | steps:  1075 | steps_t:     0 | t: 0.467825 | r:  -505.000000 | e:   1.000000 | Q:        nan | won: False 
#  129 | steps:  1081 | steps_t:     0 | t: 0.469598 | r:  -505.000000 | e:   1.000000 | Q:        nan | won: False 
#  130 | steps:  1092 | steps_t:     0 | t: 0.474298 | r:  -510.000000 | e:   1.000000 | Q:        nan | won: False 
#  131 | steps:  1102 | steps_t:     0 | t: 0.478308 | r:  -509.000000 | e:   1.000000 | Q:        nan | won: False 
#  132 | steps:  1111 | steps_t:     0 | t: 0.481637 | r:  -508.000000 | e:   1.000000 | Q:        nan | won: False 
#  133 | steps:  1121 | steps_t:     0 | t: 0.484864 | r:  -509.000000 | e:   1.000000 | Q:        nan | won: False 
#  134 | steps:  1127 | steps_t:     0 | t: 0.487515 | r:  -505.000000 | e:   1.000000 | Q:        nan | won: False 
#  135 | steps:  1137 | steps_t:     0 | t: 0.491128 | r:  -509.000000 | e:   1.000000 | Q:        nan | won: False 
#  136 | steps:  1148 | steps_t:     0 | t: 0.495092 | r:  -510.000000 | e:   1.000000 | Q:        nan | won: False 
#  137 | steps:  1155 | steps_t:     0 | t: 0.497505 | r:  -506.000000 | e:   1.000000 | Q:        nan | won: False 
#  138 | steps:  1166 | steps_t:     0 | t: 0.501384 | r:  -510.000000 | e:   1.000000 | Q:        nan | won: False 
#  139 | steps:  1173 | steps_t:     0 | t: 0.503584 | r:  -506.000000 | e:   1.000000 | Q:        nan | won: False 
#  140 | steps:  1183 | steps_t:     0 | t: 0.507809 | r:  -509.000000 | e:   1.000000 | Q:        nan | won: False 
#  141 | steps:  1197 | steps_t:     0 | t: 0.512990 | r:  -513.000000 | e:   1.000000 | Q:        nan | won: False 
#  142 | steps:  1205 | steps_t:     0 | t: 0.515604 | r:  -507.000000 | e:   1.000000 | Q:        nan | won: False 
#  143 | steps:  1211 | steps_t:     0 | t: 0.517334 | r:  -505.000000 | e:   1.000000 | Q:        nan | won: False 
#  144 | steps:  1219 | steps_t:     0 | t: 0.520482 | r:  -507.000000 | e:   1.000000 | Q:        nan | won: False 
#  145 | steps:  1226 | steps_t:     0 | t: 0.523499 | r:  -506.000000 | e:   1.000000 | Q:        nan | won: False 
#  146 | steps:  1232 | steps_t:     0 | t: 0.525532 | r:  -505.000000 | e:   1.000000 | Q:        nan | won: False 
#  147 | steps:  1241 | steps_t:     0 | t: 0.529300 | r:  -508.000000 | e:   1.000000 | Q:        nan | won: False 
#  148 | steps:  1249 | steps_t:     0 | t: 0.531691 | r:  -507.000000 | e:   1.000000 | Q:        nan | won: False 
#  149 | steps:  1256 | steps_t:     0 | t: 0.533801 | r:  -506.000000 | e:   1.000000 | Q:        nan | won: False 
#  150 | steps:  1264 | steps_t:     0 | t: 0.536748 | r:  -507.000000 | e:   1.000000 | Q:        nan | won: False 
#  151 | steps:  1270 | steps_t:     0 | t: 0.539356 | r:  -505.000000 | e:   1.000000 | Q:        nan | won: False 
#  152 | steps:  1278 | steps_t:     0 | t: 0.541749 | r:  -507.000000 | e:   1.000000 | Q:        nan | won: False 
#  153 | steps:  1285 | steps_t:     0 | t: 0.544773 | r:  -506.000000 | e:   1.000000 | Q:        nan | won: False 
#  154 | steps:  1296 | steps_t:     0 | t: 0.548082 | r:  -510.000000 | e:   1.000000 | Q:        nan | won: False 
#  155 | steps:  1304 | steps_t:     0 | t: 0.550667 | r:  -507.000000 | e:   1.000000 | Q:        nan | won: False 
#  156 | steps:  1313 | steps_t:     0 | t: 0.553905 | r:  -508.000000 | e:   1.000000 | Q:        nan | won: False 
#  157 | steps:  1321 | steps_t:     0 | t: 0.557095 | r:  -507.000000 | e:   1.000000 | Q:        nan | won: False 
#  158 | steps:  1330 | steps_t:     0 | t: 0.560449 | r:  -508.000000 | e:   1.000000 | Q:        nan | won: False 
#  159 | steps:  1340 | steps_t:     0 | t: 0.564820 | r:  -509.000000 | e:   1.000000 | Q:        nan | won: False 
#  160 | steps:  1347 | steps_t:     0 | t: 0.567234 | r:  -506.000000 | e:   1.000000 | Q:        nan | won: False 
#  161 | steps:  1358 | steps_t:     0 | t: 0.570921 | r:  -510.000000 | e:   1.000000 | Q:        nan | won: False 
#  162 | steps:  1364 | steps_t:     0 | t: 0.573191 | r:  -505.000000 | e:   1.000000 | Q:        nan | won: False 
#  163 | steps:  1371 | steps_t:     0 | t: 0.575875 | r:  -506.000000 | e:   1.000000 | Q:        nan | won: False 
#  164 | steps:  1376 | steps_t:     0 | t: 0.578126 | r:  -504.000000 | e:   1.000000 | Q:        nan | won: False 
#  165 | steps:  1384 | steps_t:     0 | t: 0.580987 | r:  -507.000000 | e:   1.000000 | Q:        nan | won: False 
#  166 | steps:  1393 | steps_t:     0 | t: 0.583925 | r:  -508.000000 | e:   1.000000 | Q:        nan | won: False 
#  167 | steps:  1400 | steps_t:     0 | t: 0.586246 | r:  -506.000000 | e:   1.000000 | Q:        nan | won: False 
#  168 | steps:  1406 | steps_t:     0 | t: 0.588855 | r:  -505.000000 | e:   1.000000 | Q:        nan | won: False 
#  169 | steps:  1415 | steps_t:     0 | t: 0.592215 | r:  -508.000000 | e:   1.000000 | Q:        nan | won: False 
#  170 | steps:  1422 | steps_t:     0 | t: 0.595339 | r:  -506.000000 | e:   1.000000 | Q:        nan | won: False 
#  171 | steps:  1428 | steps_t:     0 | t: 0.597801 | r:  -505.000000 | e:   1.000000 | Q:        nan | won: False 
#  172 | steps:  1441 | steps_t:     0 | t: 0.602693 | r:  -512.000000 | e:   1.000000 | Q:        nan | won: False 
#  173 | steps:  1448 | steps_t:     0 | t: 0.605473 | r:  -506.000000 | e:   1.000000 | Q:        nan | won: False 
#  174 | steps:  1456 | steps_t:     0 | t: 0.608349 | r:  -507.000000 | e:   1.000000 | Q:        nan | won: False 
#  175 | steps:  1464 | steps_t:     0 | t: 0.611806 | r:  -507.000000 | e:   1.000000 | Q:        nan | won: False 
#  176 | steps:  1474 | steps_t:     0 | t: 0.615502 | r:  -509.000000 | e:   1.000000 | Q:        nan | won: False 
#  177 | steps:  1485 | steps_t:     0 | t: 0.619494 | r:  -510.000000 | e:   1.000000 | Q:        nan | won: False 
#  178 | steps:  1494 | steps_t:     0 | t: 0.622760 | r:  -508.000000 | e:   1.000000 | Q:        nan | won: False 
#  179 | steps:  1506 | steps_t:     0 | t: 0.627096 | r:  -511.000000 | e:   1.000000 | Q:        nan | won: False 
#  180 | steps:  1511 | steps_t:     0 | t: 0.628931 | r:  -504.000000 | e:   1.000000 | Q:        nan | won: False 
#  181 | steps:  1526 | steps_t:     0 | t: 0.633476 | r:  -503.000000 | e:   1.000000 | Q:        nan | won: False 
#  182 | steps:  1532 | steps_t:     0 | t: 0.635252 | r:  -505.000000 | e:   1.000000 | Q:        nan | won: False 
#  183 | steps:  1540 | steps_t:     0 | t: 0.637882 | r:  -507.000000 | e:   1.000000 | Q:        nan | won: False 
#  184 | steps:  1547 | steps_t:     0 | t: 0.640640 | r:  -506.000000 | e:   1.000000 | Q:        nan | won: False 
#  185 | steps:  1559 | steps_t:     0 | t: 0.644656 | r:  -511.000000 | e:   1.000000 | Q:        nan | won: False 
#  186 | steps:  1566 | steps_t:     0 | t: 0.646673 | r:  -506.000000 | e:   1.000000 | Q:        nan | won: False 
#  187 | steps:  1572 | steps_t:     0 | t: 0.648319 | r:  -505.000000 | e:   1.000000 | Q:        nan | won: False 
#  188 | steps:  1581 | steps_t:     0 | t: 0.650929 | r:  -508.000000 | e:   1.000000 | Q:        nan | won: False 
#  189 | steps:  1587 | steps_t:     0 | t: 0.653442 | r:  -505.000000 | e:   1.000000 | Q:        nan | won: False 
#  190 | steps:  1592 | steps_t:     0 | t: 0.655737 | r:  -504.000000 | e:   1.000000 | Q:        nan | won: False 
#  191 | steps:  1598 | steps_t:     0 | t: 0.657801 | r:  -505.000000 | e:   1.000000 | Q:        nan | won: False 
#  192 | steps:  1609 | steps_t:     0 | t: 0.661729 | r:  -510.000000 | e:   1.000000 | Q:        nan | won: False 
#  193 | steps:  1617 | steps_t:     0 | t: 0.666078 | r:  -507.000000 | e:   1.000000 | Q:        nan | won: False 
#  194 | steps:  1625 | steps_t:     0 | t: 0.668437 | r:  -507.000000 | e:   1.000000 | Q:        nan | won: False 
#  195 | steps:  1631 | steps_t:     0 | t: 0.670159 | r:  -505.000000 | e:   1.000000 | Q:        nan | won: False 
#  196 | steps:  1639 | steps_t:     0 | t: 0.673265 | r:  -507.000000 | e:   1.000000 | Q:        nan | won: False 
#  197 | steps:  1646 | steps_t:     0 | t: 0.675922 | r:  -506.000000 | e:   1.000000 | Q:        nan | won: False 
#  198 | steps:  1654 | steps_t:     0 | t: 0.678916 | r:  -507.000000 | e:   1.000000 | Q:        nan | won: False 
#  199 | steps:  1669 | steps_t:     0 | t: 0.684163 | r:  -503.000000 | e:   1.000000 | Q:        nan | won: False 
#  200 | steps:  1676 | steps_t:     0 | t: 0.686682 | r:  -506.000000 | e:   1.000000 | Q:        nan | won: False 
#  201 | steps:  1683 | steps_t:     0 | t: 0.689782 | r:  -506.000000 | e:   1.000000 | Q:        nan | won: False 
#  202 | steps:  1692 | steps_t:     0 | t: 0.692908 | r:  -508.000000 | e:   1.000000 | Q:        nan | won: False 
#  203 | steps:  1700 | steps_t:     0 | t: 0.696137 | r:  -507.000000 | e:   1.000000 | Q:        nan | won: False 
#  204 | steps:  1707 | steps_t:     0 | t: 0.698769 | r:  -506.000000 | e:   1.000000 | Q:        nan | won: False 
#  205 | steps:  1718 | steps_t:     0 | t: 0.702681 | r:  -510.000000 | e:   1.000000 | Q:        nan | won: False 
#  206 | steps:  1726 | steps_t:     0 | t: 0.706315 | r:  -507.000000 | e:   1.000000 | Q:        nan | won: False 
#  207 | steps:  1736 | steps_t:     0 | t: 0.709348 | r:  -509.000000 | e:   1.000000 | Q:        nan | won: False 
#  208 | steps:  1745 | steps_t:     0 | t: 0.712993 | r:  -508.000000 | e:   1.000000 | Q:        nan | won: False 
#  209 | steps:  1754 | steps_t:     0 | t: 0.715740 | r:  -508.000000 | e:   1.000000 | Q:        nan | won: False 
#  210 | steps:  1762 | steps_t:     0 | t: 0.718061 | r:  -507.000000 | e:   1.000000 | Q:        nan | won: False 
#  211 | steps:  1769 | steps_t:     0 | t: 0.720436 | r:  -506.000000 | e:   1.000000 | Q:        nan | won: False 
#  212 | steps:  1778 | steps_t:     0 | t: 0.726059 | r:  -508.000000 | e:   1.000000 | Q:        nan | won: False 
#  213 | steps:  1785 | steps_t:     0 | t: 0.729477 | r:  -506.000000 | e:   1.000000 | Q:        nan | won: False 
#  214 | steps:  1791 | steps_t:     0 | t: 0.732016 | r:  -505.000000 | e:   1.000000 | Q:        nan | won: False 
#  215 | steps:  1799 | steps_t:     0 | t: 0.735013 | r:  -507.000000 | e:   1.000000 | Q:        nan | won: False 
#  216 | steps:  1808 | steps_t:     0 | t: 0.739248 | r:  -508.000000 | e:   1.000000 | Q:        nan | won: False 
#  217 | steps:  1815 | steps_t:     0 | t: 0.741636 | r:  -506.000000 | e:   1.000000 | Q:        nan | won: False 
#  218 | steps:  1830 | steps_t:     0 | t: 0.747081 | r:  -514.000000 | e:   1.000000 | Q:        nan | won: False 
#  219 | steps:  1837 | steps_t:     0 | t: 0.749676 | r:  -506.000000 | e:   1.000000 | Q:        nan | won: False 
#  220 | steps:  1846 | steps_t:     0 | t: 0.752584 | r:  -508.000000 | e:   1.000000 | Q:        nan | won: False 
#  221 | steps:  1857 | steps_t:     0 | t: 0.756937 | r:  -510.000000 | e:   1.000000 | Q:        nan | won: False 
#  222 | steps:  1866 | steps_t:     0 | t: 0.759569 | r:  -508.000000 | e:   1.000000 | Q:        nan | won: False 
#  223 | steps:  1873 | steps_t:     0 | t: 0.762477 | r:  -506.000000 | e:   1.000000 | Q:        nan | won: False 
#  224 | steps:  1880 | steps_t:     0 | t: 0.764780 | r:  -506.000000 | e:   1.000000 | Q:        nan | won: False 
#  225 | steps:  1888 | steps_t:     0 | t: 0.767272 | r:  -507.000000 | e:   1.000000 | Q:        nan | won: False 
#  226 | steps:  1902 | steps_t:     0 | t: 0.773861 | r:  -513.000000 | e:   1.000000 | Q:        nan | won: False 
#  227 | steps:  1907 | steps_t:     0 | t: 0.775931 | r:  -504.000000 | e:   1.000000 | Q:        nan | won: False 
#  228 | steps:  1915 | steps_t:     0 | t: 0.778478 | r:  -507.000000 | e:   1.000000 | Q:        nan | won: False 
#  229 | steps:  1928 | steps_t:     0 | t: 0.783559 | r:  -512.000000 | e:   1.000000 | Q:        nan | won: False 
#  230 | steps:  1936 | steps_t:     0 | t: 0.786139 | r:  -507.000000 | e:   1.000000 | Q:        nan | won: False 
#  231 | steps:  1941 | steps_t:     0 | t: 0.788795 | r:  -504.000000 | e:   1.000000 | Q:        nan | won: False 
#  232 | steps:  1949 | steps_t:     0 | t: 0.791787 | r:  -507.000000 | e:   1.000000 | Q:        nan | won: False 
#  233 | steps:  1957 | steps_t:     0 | t: 0.794881 | r:  -507.000000 | e:   1.000000 | Q:        nan | won: False 
#  234 | steps:  1969 | steps_t:     0 | t: 0.799370 | r:  -511.000000 | e:   1.000000 | Q:        nan | won: False 
#  235 | steps:  1977 | steps_t:     0 | t: 0.802246 | r:  -507.000000 | e:   1.000000 | Q:        nan | won: False 
#  236 | steps:  1986 | steps_t:     0 | t: 0.805984 | r:  -508.000000 | e:   1.000000 | Q:        nan | won: False 
#  237 | steps:  1993 | steps_t:     0 | t: 0.808343 | r:  -506.000000 | e:   1.000000 | Q:        nan | won: False 
#  238 | steps:  2007 | steps_t:     0 | t: 0.813702 | r:  -513.000000 | e:   1.000000 | Q:        nan | won: False 
#  239 | steps:  2014 | steps_t:     0 | t: 0.816908 | r:  -506.000000 | e:   1.000000 | Q:        nan | won: False 
#  240 | steps:  2023 | steps_t:     0 | t: 0.820585 | r:  -508.000000 | e:   1.000000 | Q:        nan | won: False 
#  241 | steps:  2032 | steps_t:     0 | t: 0.823931 | r:  -508.000000 | e:   1.000000 | Q:        nan | won: False 
#  242 | steps:  2039 | steps_t:     0 | t: 0.826079 | r:  -506.000000 | e:   1.000000 | Q:        nan | won: False 
#  243 | steps:  2047 | steps_t:     0 | t: 0.830278 | r:  -507.000000 | e:   1.000000 | Q:        nan | won: False 
#  244 | steps:  2058 | steps_t:     0 | t: 0.833877 | r:  -510.000000 | e:   1.000000 | Q:        nan | won: False 
#  245 | steps:  2066 | steps_t:     0 | t: 0.838304 | r:  -507.000000 | e:   1.000000 | Q:        nan | won: False 
#  246 | steps:  2074 | steps_t:     0 | t: 0.841501 | r:  -507.000000 | e:   1.000000 | Q:        nan | won: False 
#  247 | steps:  2082 | steps_t:     0 | t: 0.845179 | r:  -507.000000 | e:   1.000000 | Q:        nan | won: False 
#  248 | steps:  2093 | steps_t:     0 | t: 0.849319 | r:  -510.000000 | e:   1.000000 | Q:        nan | won: False 
#  249 | steps:  2099 | steps_t:     0 | t: 0.851342 | r:  -505.000000 | e:   1.000000 | Q:        nan | won: False 
#  250 | steps:  2108 | steps_t:     0 | t: 0.855324 | r:  -508.000000 | e:   1.000000 | Q:        nan | won: False 
#  251 | steps:  2113 | steps_t:     0 | t: 0.857470 | r:  -504.000000 | e:   1.000000 | Q:        nan | won: False 
#  252 | steps:  2124 | steps_t:     0 | t: 0.861240 | r:  -510.000000 | e:   1.000000 | Q:        nan | won: False 
#  253 | steps:  2131 | steps_t:     0 | t: 0.864815 | r:  -506.000000 | e:   1.000000 | Q:        nan | won: False 
#  254 | steps:  2142 | steps_t:     0 | t: 0.868868 | r:  -510.000000 | e:   1.000000 | Q:        nan | won: False 
#  255 | steps:  2148 | steps_t:     0 | t: 0.871428 | r:  -505.000000 | e:   1.000000 | Q:        nan | won: False 
#  256 | steps:  2156 | steps_t:     0 | t: 0.874360 | r:  -507.000000 | e:   1.000000 | Q:        nan | won: False 
#  257 | steps:  2162 | steps_t:     0 | t: 0.876594 | r:  -505.000000 | e:   1.000000 | Q:        nan | won: False 
#  258 | steps:  2169 | steps_t:     0 | t: 0.879648 | r:  -506.000000 | e:   1.000000 | Q:        nan | won: False 
#  259 | steps:  2176 | steps_t:     0 | t: 0.881816 | r:  -506.000000 | e:   1.000000 | Q:        nan | won: False 
#  260 | steps:  2183 | steps_t:     0 | t: 0.884476 | r:  -506.000000 | e:   1.000000 | Q:        nan | won: False 
#  261 | steps:  2189 | steps_t:     0 | t: 0.886323 | r:  -505.000000 | e:   1.000000 | Q:        nan | won: False 
#  262 | steps:  2197 | steps_t:     0 | t: 0.889233 | r:  -507.000000 | e:   1.000000 | Q:        nan | won: False 
#  263 | steps:  2205 | steps_t:     0 | t: 0.892720 | r:  -507.000000 | e:   1.000000 | Q:        nan | won: False 
#  264 | steps:  2211 | steps_t:     0 | t: 0.895592 | r:  -505.000000 | e:   1.000000 | Q:        nan | won: False 
#  265 | steps:  2220 | steps_t:     0 | t: 0.898185 | r:  -508.000000 | e:   1.000000 | Q:        nan | won: False 
#  266 | steps:  2227 | steps_t:     0 | t: 0.900239 | r:  -506.000000 | e:   1.000000 | Q:        nan | won: False 
#  267 | steps:  2236 | steps_t:     0 | t: 0.903275 | r:  -508.000000 | e:   1.000000 | Q:        nan | won: False 
#  268 | steps:  2245 | steps_t:     0 | t: 0.906641 | r:  -508.000000 | e:   1.000000 | Q:        nan | won: False 
#  269 | steps:  2251 | steps_t:     0 | t: 0.908755 | r:  -505.000000 | e:   1.000000 | Q:        nan | won: False 
#  270 | steps:  2261 | steps_t:     0 | t: 0.912065 | r:  -509.000000 | e:   1.000000 | Q:        nan | won: False 
#  271 | steps:  2276 | steps_t:     0 | t: 0.916736 | r:  -514.000000 | e:   1.000000 | Q:        nan | won: False 
#  272 | steps:  2284 | steps_t:     0 | t: 0.919763 | r:  -507.000000 | e:   1.000000 | Q:        nan | won: False 
#  273 | steps:  2301 | steps_t:     0 | t: 0.925749 | r:  -516.000000 | e:   1.000000 | Q:        nan | won: False 
#  274 | steps:  2312 | steps_t:     0 | t: 0.929608 | r:  -510.000000 | e:   1.000000 | Q:        nan | won: False 
#  275 | steps:  2327 | steps_t:     0 | t: 0.933940 | r:  -514.000000 | e:   1.000000 | Q:        nan | won: False 
#  276 | steps:  2334 | steps_t:     0 | t: 0.936025 | r:  -506.000000 | e:   1.000000 | Q:        nan | won: False 
#  277 | steps:  2341 | steps_t:     0 | t: 0.938952 | r:  -506.000000 | e:   1.000000 | Q:        nan | won: False 
#  278 | steps:  2351 | steps_t:     0 | t: 0.942286 | r:  -509.000000 | e:   1.000000 | Q:        nan | won: False 
#  279 | steps:  2360 | steps_t:     0 | t: 0.945400 | r:  -508.000000 | e:   1.000000 | Q:        nan | won: False 
#  280 | steps:  2367 | steps_t:     0 | t: 0.947294 | r:  -506.000000 | e:   1.000000 | Q:        nan | won: False 
#  281 | steps:  2378 | steps_t:     0 | t: 0.950493 | r:  -510.000000 | e:   1.000000 | Q:        nan | won: False 
#  282 | steps:  2390 | steps_t:     0 | t: 0.954296 | r:  -511.000000 | e:   1.000000 | Q:        nan | won: False 
#  283 | steps:  2404 | steps_t:     0 | t: 0.958972 | r:  -513.000000 | e:   1.000000 | Q:        nan | won: False 
#  284 | steps:  2418 | steps_t:     0 | t: 0.963370 | r:  -513.000000 | e:   1.000000 | Q:        nan | won: False 
#  285 | steps:  2425 | steps_t:     0 | t: 0.965371 | r:  -506.000000 | e:   1.000000 | Q:        nan | won: False 
#  286 | steps:  2432 | steps_t:     0 | t: 0.967606 | r:  -506.000000 | e:   1.000000 | Q:        nan | won: False 
#  287 | steps:  2442 | steps_t:     0 | t: 0.970708 | r:  -509.000000 | e:   1.000000 | Q:        nan | won: False 
#  288 | steps:  2450 | steps_t:     0 | t: 0.974361 | r:  -507.000000 | e:   1.000000 | Q:        nan | won: False 
#  289 | steps:  2458 | steps_t:     0 | t: 0.977001 | r:  -507.000000 | e:   1.000000 | Q:        nan | won: False 
#  290 | steps:  2464 | steps_t:     0 | t: 0.979414 | r:  -505.000000 | e:   1.000000 | Q:        nan | won: False 
#  291 | steps:  2472 | steps_t:     0 | t: 0.982121 | r:  -507.000000 | e:   1.000000 | Q:        nan | won: False 
#  292 | steps:  2481 | steps_t:     0 | t: 0.984929 | r:  -508.000000 | e:   1.000000 | Q:        nan | won: False 
#  293 | steps:  2487 | steps_t:     0 | t: 0.987141 | r:  -505.000000 | e:   1.000000 | Q:        nan | won: False 
#  294 | steps:  2497 | steps_t:     0 | t: 0.991098 | r:  -509.000000 | e:   1.000000 | Q:        nan | won: False 
#  295 | steps:  2509 | steps_t:     0 | t: 0.995194 | r:  -511.000000 | e:   1.000000 | Q:        nan | won: False 
#  296 | steps:  2517 | steps_t:     0 | t: 0.997497 | r:  -507.000000 | e:   1.000000 | Q:        nan | won: False 
#  297 | steps:  2524 | steps_t:     0 | t: 0.999488 | r:  -506.000000 | e:   1.000000 | Q:        nan | won: False 
#  298 | steps:  2533 | steps_t:     0 | t: 1.002799 | r:  -508.000000 | e:   1.000000 | Q:        nan | won: False 
#  299 | steps:  2543 | steps_t:     0 | t: 1.007521 | r:  -509.000000 | e:   1.000000 | Q:        nan | won: False 
#  300 | steps:  2550 | steps_t:     0 | t: 1.010803 | r:  -506.000000 | e:   1.000000 | Q:        nan | won: False 
#  301 | steps:  2562 | steps_t:     0 | t: 1.015501 | r:  -511.000000 | e:   1.000000 | Q:        nan | won: False 
#  302 | steps:  2569 | steps_t:     0 | t: 1.018018 | r:  -506.000000 | e:   1.000000 | Q:        nan | won: False 
#  303 | steps:  2577 | steps_t:     0 | t: 1.020445 | r:  -507.000000 | e:   1.000000 | Q:        nan | won: False 
#  304 | steps:  2584 | steps_t:     0 | t: 1.023374 | r:  -506.000000 | e:   1.000000 | Q:        nan | won: False 
#  305 | steps:  2593 | steps_t:     0 | t: 1.026749 | r:  -508.000000 | e:   1.000000 | Q:        nan | won: False 
#  306 | steps:  2609 | steps_t:     0 | t: 1.032446 | r:  -515.000000 | e:   1.000000 | Q:        nan | won: False 
#  307 | steps:  2616 | steps_t:     0 | t: 1.034688 | r:  -506.000000 | e:   1.000000 | Q:        nan | won: False 
#  308 | steps:  2623 | steps_t:     0 | t: 1.036907 | r:  -506.000000 | e:   1.000000 | Q:        nan | won: False 
#  309 | steps:  2629 | steps_t:     0 | t: 1.039262 | r:  -505.000000 | e:   1.000000 | Q:        nan | won: False 
#  310 | steps:  2638 | steps_t:     0 | t: 1.042121 | r:  -508.000000 | e:   1.000000 | Q:        nan | won: False 
#  311 | steps:  2645 | steps_t:     0 | t: 1.044542 | r:  -506.000000 | e:   1.000000 | Q:        nan | won: False 
#  312 | steps:  2654 | steps_t:     0 | t: 1.047173 | r:  -508.000000 | e:   1.000000 | Q:        nan | won: False 
#  313 | steps:  2665 | steps_t:     0 | t: 1.050183 | r:  -510.000000 | e:   1.000000 | Q:        nan | won: False 
#  314 | steps:  2672 | steps_t:     0 | t: 1.052253 | r:  -506.000000 | e:   1.000000 | Q:        nan | won: False 
#  315 | steps:  2682 | steps_t:     0 | t: 1.055814 | r:  -509.000000 | e:   1.000000 | Q:        nan | won: False 
#  316 | steps:  2691 | steps_t:     0 | t: 1.058762 | r:  -508.000000 | e:   1.000000 | Q:        nan | won: False 
#  317 | steps:  2701 | steps_t:     0 | t: 1.062103 | r:  -509.000000 | e:   1.000000 | Q:        nan | won: False 
#  318 | steps:  2706 | steps_t:     0 | t: 1.063759 | r:  -504.000000 | e:   1.000000 | Q:        nan | won: False 
#  319 | steps:  2716 | steps_t:     0 | t: 1.066543 | r:  -509.000000 | e:   1.000000 | Q:        nan | won: False 
#  320 | steps:  2726 | steps_t:     0 | t: 1.069959 | r:  -509.000000 | e:   1.000000 | Q:        nan | won: False 
#  321 | steps:  2739 | steps_t:     0 | t: 1.074445 | r:  -512.000000 | e:   1.000000 | Q:        nan | won: False 
#  322 | steps:  2746 | steps_t:     0 | t: 1.077470 | r:  -506.000000 | e:   1.000000 | Q:        nan | won: False 
#  323 | steps:  2753 | steps_t:     0 | t: 1.079739 | r:  -506.000000 | e:   1.000000 | Q:        nan | won: False 
#  324 | steps:  2760 | steps_t:     0 | t: 1.081843 | r:  -506.000000 | e:   1.000000 | Q:        nan | won: False 
#  325 | steps:  2767 | steps_t:     0 | t: 1.083853 | r:  -506.000000 | e:   1.000000 | Q:        nan | won: False 
#  326 | steps:  2777 | steps_t:     0 | t: 1.088562 | r:  -509.000000 | e:   1.000000 | Q:        nan | won: False 
#  327 | steps:  2785 | steps_t:     0 | t: 1.091686 | r:  -507.000000 | e:   1.000000 | Q:        nan | won: False 
#  328 | steps:  2795 | steps_t:     0 | t: 1.095494 | r:  -509.000000 | e:   1.000000 | Q:        nan | won: False 
#  329 | steps:  2805 | steps_t:     0 | t: 1.098865 | r:  -509.000000 | e:   1.000000 | Q:        nan | won: False 
#  330 | steps:  2813 | steps_t:     0 | t: 1.101558 | r:  -507.000000 | e:   1.000000 | Q:        nan | won: False 
#  331 | steps:  2823 | steps_t:     0 | t: 1.105302 | r:  -509.000000 | e:   1.000000 | Q:        nan | won: False 
#  332 | steps:  2829 | steps_t:     0 | t: 1.107417 | r:  -505.000000 | e:   1.000000 | Q:        nan | won: False 
#  333 | steps:  2836 | steps_t:     0 | t: 1.110110 | r:  -506.000000 | e:   1.000000 | Q:        nan | won: False 
#  334 | steps:  2845 | steps_t:     0 | t: 1.112750 | r:  -508.000000 | e:   1.000000 | Q:        nan | won: False 
#  335 | steps:  2856 | steps_t:     0 | t: 1.115941 | r:  -510.000000 | e:   1.000000 | Q:        nan | won: False 
#  336 | steps:  2864 | steps_t:     0 | t: 1.118209 | r:  -507.000000 | e:   1.000000 | Q:        nan | won: False 
#  337 | steps:  2869 | steps_t:     0 | t: 1.120031 | r:  -504.000000 | e:   1.000000 | Q:        nan | won: False 
#  338 | steps:  2876 | steps_t:     0 | t: 1.122674 | r:  -506.000000 | e:   1.000000 | Q:        nan | won: False 
#  339 | steps:  2884 | steps_t:     0 | t: 1.125300 | r:  -507.000000 | e:   1.000000 | Q:        nan | won: False 
#  340 | steps:  2891 | steps_t:     0 | t: 1.127958 | r:  -506.000000 | e:   1.000000 | Q:        nan | won: False 
#  341 | steps:  2899 | steps_t:     0 | t: 1.130295 | r:  -507.000000 | e:   1.000000 | Q:        nan | won: False 
#  342 | steps:  2909 | steps_t:     0 | t: 1.133138 | r:  -509.000000 | e:   1.000000 | Q:        nan | won: False 
#  343 | steps:  2917 | steps_t:     0 | t: 1.135516 | r:  -507.000000 | e:   1.000000 | Q:        nan | won: False 
#  344 | steps:  2926 | steps_t:     0 | t: 1.139419 | r:  -508.000000 | e:   1.000000 | Q:        nan | won: False 
#  345 | steps:  2933 | steps_t:     0 | t: 1.142367 | r:  -506.000000 | e:   1.000000 | Q:        nan | won: False 
#  346 | steps:  2940 | steps_t:     0 | t: 1.145774 | r:  -506.000000 | e:   1.000000 | Q:        nan | won: False 
#  347 | steps:  2946 | steps_t:     0 | t: 1.147684 | r:  -505.000000 | e:   1.000000 | Q:        nan | won: False 
#  348 | steps:  2955 | steps_t:     0 | t: 1.150221 | r:  -508.000000 | e:   1.000000 | Q:        nan | won: False 
#  349 | steps:  2963 | steps_t:     0 | t: 1.152453 | r:  -507.000000 | e:   1.000000 | Q:        nan | won: False 
#  350 | steps:  2972 | steps_t:     0 | t: 1.155994 | r:  -508.000000 | e:   1.000000 | Q:        nan | won: False 
#  351 | steps:  2983 | steps_t:     0 | t: 1.159758 | r:  -510.000000 | e:   1.000000 | Q:        nan | won: False 
#  352 | steps:  2991 | steps_t:     0 | t: 1.163045 | r:  -507.000000 | e:   1.000000 | Q:        nan | won: False 
#  353 | steps:  2999 | steps_t:     0 | t: 1.165325 | r:  -507.000000 | e:   1.000000 | Q:        nan | won: False 
#  354 | steps:  3005 | steps_t:     0 | t: 1.167173 | r:  -505.000000 | e:   1.000000 | Q:        nan | won: False 
#  355 | steps:  3015 | steps_t:     0 | t: 1.170220 | r:  -509.000000 | e:   1.000000 | Q:        nan | won: False 
#  356 | steps:  3020 | steps_t:     0 | t: 1.172385 | r:  -504.000000 | e:   1.000000 | Q:        nan | won: False 
#  357 | steps:  3028 | steps_t:     0 | t: 1.175407 | r:  -507.000000 | e:   1.000000 | Q:        nan | won: False 
#  358 | steps:  3034 | steps_t:     0 | t: 1.178014 | r:  -505.000000 | e:   1.000000 | Q:        nan | won: False 
#  359 | steps:  3042 | steps_t:     0 | t: 1.180555 | r:  -507.000000 | e:   1.000000 | Q:        nan | won: False 
#  360 | steps:  3050 | steps_t:     0 | t: 1.182947 | r:  -507.000000 | e:   1.000000 | Q:        nan | won: False 
#  361 | steps:  3056 | steps_t:     0 | t: 1.184783 | r:  -505.000000 | e:   1.000000 | Q:        nan | won: False 
#  362 | steps:  3062 | steps_t:     0 | t: 1.186538 | r:  -505.000000 | e:   1.000000 | Q:        nan | won: False 
#  363 | steps:  3072 | steps_t:     0 | t: 1.190804 | r:  -509.000000 | e:   1.000000 | Q:        nan | won: False 
#  364 | steps:  3085 | steps_t:     0 | t: 1.195700 | r:  -512.000000 | e:   1.000000 | Q:        nan | won: False 
#  365 | steps:  3090 | steps_t:     0 | t: 1.197449 | r:  -504.000000 | e:   1.000000 | Q:        nan | won: False 
#  366 | steps:  3099 | steps_t:     0 | t: 1.200286 | r:  -508.000000 | e:   1.000000 | Q:        nan | won: False 
#  367 | steps:  3106 | steps_t:     0 | t: 1.202339 | r:  -506.000000 | e:   1.000000 | Q:        nan | won: False 
#  368 | steps:  3115 | steps_t:     0 | t: 1.206195 | r:  -508.000000 | e:   1.000000 | Q:        nan | won: False 
#  369 | steps:  3121 | steps_t:     0 | t: 1.208089 | r:  -505.000000 | e:   1.000000 | Q:        nan | won: False 
#  370 | steps:  3129 | steps_t:     0 | t: 1.211025 | r:  -507.000000 | e:   1.000000 | Q:        nan | won: False 
#  371 | steps:  3137 | steps_t:     0 | t: 1.213455 | r:  -507.000000 | e:   1.000000 | Q:        nan | won: False 
#  372 | steps:  3149 | steps_t:     0 | t: 1.216960 | r:  -511.000000 | e:   1.000000 | Q:        nan | won: False 
#  373 | steps:  3161 | steps_t:     0 | t: 1.221106 | r:  -511.000000 | e:   1.000000 | Q:        nan | won: False 
#  374 | steps:  3170 | steps_t:     0 | t: 1.224066 | r:  -508.000000 | e:   1.000000 | Q:        nan | won: False 
#  375 | steps:  3177 | steps_t:     0 | t: 1.226904 | r:  -506.000000 | e:   1.000000 | Q:        nan | won: False 
#  376 | steps:  3185 | steps_t:     0 | t: 1.229737 | r:  -507.000000 | e:   1.000000 | Q:        nan | won: False 
#  377 | steps:  3196 | steps_t:     0 | t: 1.233929 | r:  -510.000000 | e:   1.000000 | Q:        nan | won: False 
#  378 | steps:  3210 | steps_t:     0 | t: 1.239498 | r:  -502.000000 | e:   1.000000 | Q:        nan | won: False 
#  379 | steps:  3219 | steps_t:     0 | t: 1.242527 | r:  -508.000000 | e:   1.000000 | Q:        nan | won: False 
#  380 | steps:  3228 | steps_t:     0 | t: 1.245937 | r:  -508.000000 | e:   1.000000 | Q:        nan | won: False 
#  381 | steps:  3238 | steps_t:     0 | t: 1.249182 | r:  -509.000000 | e:   1.000000 | Q:        nan | won: False 
#  382 | steps:  3253 | steps_t:     0 | t: 1.253607 | r:  -514.000000 | e:   1.000000 | Q:        nan | won: False 
#  383 | steps:  3261 | steps_t:     0 | t: 1.256886 | r:  -507.000000 | e:   1.000000 | Q:        nan | won: False 
#  384 | steps:  3268 | steps_t:     0 | t: 1.259224 | r:  -506.000000 | e:   1.000000 | Q:        nan | won: False 
#  385 | steps:  3274 | steps_t:     0 | t: 1.261823 | r:  -505.000000 | e:   1.000000 | Q:        nan | won: False 
#  386 | steps:  3282 | steps_t:     0 | t: 1.264749 | r:  -507.000000 | e:   1.000000 | Q:        nan | won: False 
#  387 | steps:  3290 | steps_t:     0 | t: 1.267087 | r:  -507.000000 | e:   1.000000 | Q:        nan | won: False 
#  388 | steps:  3298 | steps_t:     0 | t: 1.269623 | r:  -507.000000 | e:   1.000000 | Q:        nan | won: False 
#  389 | steps:  3307 | steps_t:     0 | t: 1.273332 | r:  -508.000000 | e:   1.000000 | Q:        nan | won: False 
#  390 | steps:  3315 | steps_t:     0 | t: 1.276280 | r:  -507.000000 | e:   1.000000 | Q:        nan | won: False 
#  391 | steps:  3320 | steps_t:     0 | t: 1.279033 | r:  -504.000000 | e:   1.000000 | Q:        nan | won: False 
#  392 | steps:  3327 | steps_t:     0 | t: 1.281617 | r:  -506.000000 | e:   1.000000 | Q:        nan | won: False 
#  393 | steps:  3336 | steps_t:     0 | t: 1.284438 | r:  -508.000000 | e:   1.000000 | Q:        nan | won: False 
#  394 | steps:  3344 | steps_t:     0 | t: 1.287105 | r:  -507.000000 | e:   1.000000 | Q:        nan | won: False 
#  395 | steps:  3354 | steps_t:     0 | t: 1.291517 | r:  -509.000000 | e:   1.000000 | Q:        nan | won: False 
#  396 | steps:  3362 | steps_t:     0 | t: 1.294983 | r:  -507.000000 | e:   1.000000 | Q:        nan | won: False 
#  397 | steps:  3373 | steps_t:     0 | t: 1.298315 | r:  -510.000000 | e:   1.000000 | Q:        nan | won: False 
#  398 | steps:  3383 | steps_t:     0 | t: 1.301328 | r:  -509.000000 | e:   1.000000 | Q:        nan | won: False 
#  399 | steps:  3390 | steps_t:     0 | t: 1.303422 | r:  -506.000000 | e:   1.000000 | Q:        nan | won: False 
#  400 | steps:  3398 | steps_t:     0 | t: 1.306372 | r:  -507.000000 | e:   1.000000 | Q:        nan | won: False 
#  401 | steps:  3405 | steps_t:     0 | t: 1.308414 | r:  -506.000000 | e:   1.000000 | Q:        nan | won: False 
#  402 | steps:  3413 | steps_t:     0 | t: 1.312157 | r:  -507.000000 | e:   1.000000 | Q:        nan | won: False 
#  403 | steps:  3419 | steps_t:     0 | t: 1.314107 | r:  -505.000000 | e:   1.000000 | Q:        nan | won: False 
#  404 | steps:  3429 | steps_t:     0 | t: 1.317060 | r:  -509.000000 | e:   1.000000 | Q:        nan | won: False 
#  405 | steps:  3438 | steps_t:     0 | t: 1.319834 | r:  -508.000000 | e:   1.000000 | Q:        nan | won: False 
#  406 | steps:  3446 | steps_t:     0 | t: 1.322912 | r:  -507.000000 | e:   1.000000 | Q:        nan | won: False 
#  407 | steps:  3456 | steps_t:     0 | t: 1.326247 | r:  -509.000000 | e:   1.000000 | Q:        nan | won: False 
#  408 | steps:  3468 | steps_t:     0 | t: 1.330694 | r:  -511.000000 | e:   1.000000 | Q:        nan | won: False 
#  409 | steps:  3476 | steps_t:     0 | t: 1.333046 | r:  -507.000000 | e:   1.000000 | Q:        nan | won: False 
#  410 | steps:  3482 | steps_t:     0 | t: 1.334846 | r:  -505.000000 | e:   1.000000 | Q:        nan | won: False 
#  411 | steps:  3490 | steps_t:     0 | t: 1.337129 | r:  -507.000000 | e:   1.000000 | Q:        nan | won: False 
#  412 | steps:  3504 | steps_t:     0 | t: 1.341903 | r:  -513.000000 | e:   1.000000 | Q:        nan | won: False 
#  413 | steps:  3520 | steps_t:     0 | t: 1.347650 | r:  -515.000000 | e:   1.000000 | Q:        nan | won: False 
#  414 | steps:  3529 | steps_t:     0 | t: 1.350367 | r:  -508.000000 | e:   1.000000 | Q:        nan | won: False 
#  415 | steps:  3537 | steps_t:     0 | t: 1.352647 | r:  -507.000000 | e:   1.000000 | Q:        nan | won: False 
#  416 | steps:  3552 | steps_t:     0 | t: 1.357614 | r:  -514.000000 | e:   1.000000 | Q:        nan | won: False 
#  417 | steps:  3564 | steps_t:     0 | t: 1.362870 | r:  -511.000000 | e:   1.000000 | Q:        nan | won: False 
#  418 | steps:  3573 | steps_t:     0 | t: 1.365764 | r:  -508.000000 | e:   1.000000 | Q:        nan | won: False 
#  419 | steps:  3579 | steps_t:     0 | t: 1.367489 | r:  -505.000000 | e:   1.000000 | Q:        nan | won: False 
#  420 | steps:  3586 | steps_t:     0 | t: 1.369479 | r:  -506.000000 | e:   1.000000 | Q:        nan | won: False 
#  421 | steps:  3600 | steps_t:     0 | t: 1.374697 | r:  -513.000000 | e:   1.000000 | Q:        nan | won: False 
#  422 | steps:  3608 | steps_t:     0 | t: 1.378116 | r:  -507.000000 | e:   1.000000 | Q:        nan | won: False 
#  423 | steps:  3617 | steps_t:     0 | t: 1.380874 | r:  -508.000000 | e:   1.000000 | Q:        nan | won: False 
#  424 | steps:  3627 | steps_t:     0 | t: 1.383805 | r:  -509.000000 | e:   1.000000 | Q:        nan | won: False 
#  425 | steps:  3635 | steps_t:     0 | t: 1.386100 | r:  -507.000000 | e:   1.000000 | Q:        nan | won: False 
#  426 | steps:  3643 | steps_t:     0 | t: 1.389627 | r:  -507.000000 | e:   1.000000 | Q:        nan | won: False 
#  427 | steps:  3659 | steps_t:     0 | t: 1.396539 | r:  -515.000000 | e:   1.000000 | Q:        nan | won: False 
#  428 | steps:  3668 | steps_t:     0 | t: 1.399890 | r:  -508.000000 | e:   1.000000 | Q:        nan | won: False 
#  429 | steps:  3674 | steps_t:     0 | t: 1.401656 | r:  -505.000000 | e:   1.000000 | Q:        nan | won: False 
#  430 | steps:  3680 | steps_t:     0 | t: 1.403330 | r:  -505.000000 | e:   1.000000 | Q:        nan | won: False 
#  431 | steps:  3694 | steps_t:     0 | t: 1.408827 | r:  -513.000000 | e:   1.000000 | Q:        nan | won: False 
#  432 | steps:  3700 | steps_t:     0 | t: 1.411807 | r:  -505.000000 | e:   1.000000 | Q:        nan | won: False 
#  433 | steps:  3708 | steps_t:     0 | t: 1.414697 | r:  -507.000000 | e:   1.000000 | Q:        nan | won: False 
#  434 | steps:  3716 | steps_t:     0 | t: 1.417459 | r:  -507.000000 | e:   1.000000 | Q:        nan | won: False 
#  435 | steps:  3724 | steps_t:     0 | t: 1.419785 | r:  -507.000000 | e:   1.000000 | Q:        nan | won: False 
#  436 | steps:  3733 | steps_t:     0 | t: 1.423215 | r:  -508.000000 | e:   1.000000 | Q:        nan | won: False 
#  437 | steps:  3738 | steps_t:     0 | t: 1.424946 | r:  -504.000000 | e:   1.000000 | Q:        nan | won: False 
#  438 | steps:  3746 | steps_t:     0 | t: 1.428810 | r:  -507.000000 | e:   1.000000 | Q:        nan | won: False 
#  439 | steps:  3752 | steps_t:     0 | t: 1.431203 | r:  -505.000000 | e:   1.000000 | Q:        nan | won: False 
#  440 | steps:  3761 | steps_t:     0 | t: 1.433819 | r:  -508.000000 | e:   1.000000 | Q:        nan | won: False 
#  441 | steps:  3767 | steps_t:     0 | t: 1.435431 | r:  -505.000000 | e:   1.000000 | Q:        nan | won: False 
#  442 | steps:  3773 | steps_t:     0 | t: 1.437123 | r:  -505.000000 | e:   1.000000 | Q:        nan | won: False 
#  443 | steps:  3782 | steps_t:     0 | t: 1.440371 | r:  -508.000000 | e:   1.000000 | Q:        nan | won: False 
#  444 | steps:  3788 | steps_t:     0 | t: 1.442660 | r:  -505.000000 | e:   1.000000 | Q:        nan | won: False 
#  445 | steps:  3797 | steps_t:     0 | t: 1.446553 | r:  -508.000000 | e:   1.000000 | Q:        nan | won: False 
#  446 | steps:  3806 | steps_t:     0 | t: 1.449320 | r:  -508.000000 | e:   1.000000 | Q:        nan | won: False 
#  447 | steps:  3815 | steps_t:     0 | t: 1.452003 | r:  -508.000000 | e:   1.000000 | Q:        nan | won: False 
#  448 | steps:  3828 | steps_t:     0 | t: 1.456297 | r:  -512.000000 | e:   1.000000 | Q:        nan | won: False 
#  449 | steps:  3835 | steps_t:     0 | t: 1.458585 | r:  -506.000000 | e:   1.000000 | Q:        nan | won: False 
#  450 | steps:  3847 | steps_t:     0 | t: 1.463437 | r:  -511.000000 | e:   1.000000 | Q:        nan | won: False 
#  451 | steps:  3855 | steps_t:     0 | t: 1.466109 | r:  -507.000000 | e:   1.000000 | Q:        nan | won: False 
#  452 | steps:  3866 | steps_t:     0 | t: 1.469269 | r:  -510.000000 | e:   1.000000 | Q:        nan | won: False 
#  453 | steps:  3875 | steps_t:     0 | t: 1.473054 | r:  -508.000000 | e:   1.000000 | Q:        nan | won: False 
#  454 | steps:  3884 | steps_t:     0 | t: 1.475999 | r:  -508.000000 | e:   1.000000 | Q:        nan | won: False 
#  455 | steps:  3893 | steps_t:     0 | t: 1.479852 | r:  -508.000000 | e:   1.000000 | Q:        nan | won: False 
#  456 | steps:  3899 | steps_t:     0 | t: 1.482526 | r:  -505.000000 | e:   1.000000 | Q:        nan | won: False 
#  457 | steps:  3906 | steps_t:     0 | t: 1.484537 | r:  -506.000000 | e:   1.000000 | Q:        nan | won: False 
#  458 | steps:  3920 | steps_t:     0 | t: 1.489719 | r:  -513.000000 | e:   1.000000 | Q:        nan | won: False 
#  459 | steps:  3927 | steps_t:     0 | t: 1.491885 | r:  -506.000000 | e:   1.000000 | Q:        nan | won: False 
#  460 | steps:  3939 | steps_t:     0 | t: 1.495882 | r:  -511.000000 | e:   1.000000 | Q:        nan | won: False 
#  461 | steps:  3949 | steps_t:     0 | t: 1.498695 | r:  -509.000000 | e:   1.000000 | Q:        nan | won: False 
#  462 | steps:  3957 | steps_t:     0 | t: 1.501234 | r:  -507.000000 | e:   1.000000 | Q:        nan | won: False 
#  463 | steps:  3963 | steps_t:     0 | t: 1.503061 | r:  -505.000000 | e:   1.000000 | Q:        nan | won: False 
#  464 | steps:  3970 | steps_t:     0 | t: 1.506140 | r:  -506.000000 | e:   1.000000 | Q:        nan | won: False 
#  465 | steps:  3979 | steps_t:     0 | t: 1.509076 | r:  -508.000000 | e:   1.000000 | Q:        nan | won: False 
#  466 | steps:  3988 | steps_t:     0 | t: 1.512670 | r:  -508.000000 | e:   1.000000 | Q:        nan | won: False 
#  467 | steps:  3996 | steps_t:     0 | t: 1.515135 | r:  -507.000000 | e:   1.000000 | Q:        nan | won: False 
#  468 | steps:  4005 | steps_t:     0 | t: 1.517923 | r:  -508.000000 | e:   1.000000 | Q:        nan | won: False 
#  469 | steps:  4017 | steps_t:     0 | t: 1.521912 | r:  -511.000000 | e:   1.000000 | Q:        nan | won: False 
#  470 | steps:  4027 | steps_t:     0 | t: 1.525007 | r:  -509.000000 | e:   1.000000 | Q:        nan | won: False 
#  471 | steps:  4038 | steps_t:     0 | t: 1.529737 | r:  -510.000000 | e:   1.000000 | Q:        nan | won: False 
#  472 | steps:  4047 | steps_t:     0 | t: 1.532934 | r:  -508.000000 | e:   1.000000 | Q:        nan | won: False 
#  473 | steps:  4053 | steps_t:     0 | t: 1.534660 | r:  -505.000000 | e:   1.000000 | Q:        nan | won: False 
#  474 | steps:  4068 | steps_t:     0 | t: 1.539920 | r:  -514.000000 | e:   1.000000 | Q:        nan | won: False 
#  475 | steps:  4078 | steps_t:     0 | t: 1.543670 | r:  -509.000000 | e:   1.000000 | Q:        nan | won: False 
#  476 | steps:  4086 | steps_t:     0 | t: 1.546807 | r:  -507.000000 | e:   1.000000 | Q:        nan | won: False 
#  477 | steps:  4095 | steps_t:     0 | t: 1.549926 | r:  -508.000000 | e:   1.000000 | Q:        nan | won: False 
#  478 | steps:  4106 | steps_t:     0 | t: 1.552991 | r:  -510.000000 | e:   1.000000 | Q:        nan | won: False 
#  479 | steps:  4117 | steps_t:     0 | t: 1.557464 | r:  -510.000000 | e:   1.000000 | Q:        nan | won: False 
#  480 | steps:  4127 | steps_t:     0 | t: 1.561688 | r:  -509.000000 | e:   1.000000 | Q:        nan | won: False 
#  481 | steps:  4135 | steps_t:     0 | t: 1.564440 | r:  -507.000000 | e:   1.000000 | Q:        nan | won: False 
#  482 | steps:  4143 | steps_t:     0 | t: 1.566649 | r:  -507.000000 | e:   1.000000 | Q:        nan | won: False 
#  483 | steps:  4151 | steps_t:     0 | t: 1.569708 | r:  -507.000000 | e:   1.000000 | Q:        nan | won: False 
#  484 | steps:  4160 | steps_t:     0 | t: 1.573395 | r:  -508.000000 | e:   1.000000 | Q:        nan | won: False 
#  485 | steps:  4169 | steps_t:     0 | t: 1.576988 | r:  -508.000000 | e:   1.000000 | Q:        nan | won: False 
#  486 | steps:  4177 | steps_t:     0 | t: 1.580450 | r:  -507.000000 | e:   1.000000 | Q:        nan | won: False 
#  487 | steps:  4189 | steps_t:     0 | t: 1.584031 | r:  -511.000000 | e:   1.000000 | Q:        nan | won: False 
#  488 | steps:  4196 | steps_t:     0 | t: 1.586277 | r:  -506.000000 | e:   1.000000 | Q:        nan | won: False 
#  489 | steps:  4202 | steps_t:     0 | t: 1.588988 | r:  -505.000000 | e:   1.000000 | Q:        nan | won: False 
#  490 | steps:  4211 | steps_t:     0 | t: 1.591984 | r:  -508.000000 | e:   1.000000 | Q:        nan | won: False 
#  491 | steps:  4217 | steps_t:     0 | t: 1.595303 | r:  -505.000000 | e:   1.000000 | Q:        nan | won: False 
#  492 | steps:  4228 | steps_t:     0 | t: 1.599692 | r:  -510.000000 | e:   1.000000 | Q:        nan | won: False 
#  493 | steps:  4236 | steps_t:     0 | t: 1.602469 | r:  -507.000000 | e:   1.000000 | Q:        nan | won: False 
#  494 | steps:  4241 | steps_t:     0 | t: 1.604879 | r:  -504.000000 | e:   1.000000 | Q:        nan | won: False 
#  495 | steps:  4246 | steps_t:     0 | t: 1.606828 | r:  -504.000000 | e:   1.000000 | Q:        nan | won: False 
#  496 | steps:  4258 | steps_t:     0 | t: 1.612171 | r:  -511.000000 | e:   1.000000 | Q:        nan | won: False 
#  497 | steps:  4265 | steps_t:     0 | t: 1.615043 | r:  -506.000000 | e:   1.000000 | Q:        nan | won: False 
#  498 | steps:  4272 | steps_t:     0 | t: 1.616999 | r:  -506.000000 | e:   1.000000 | Q:        nan | won: False 
#  499 | steps:  4278 | steps_t:     0 | t: 1.618712 | r:  -505.000000 | e:   1.000000 | Q:        nan | won: False 
#  500 | steps:  4290 | steps_t:     0 | t: 1.623600 | r:  -511.000000 | e:   1.000000 | Q:        nan | won: False 
#  501 | steps:  4296 | steps_t:     0 | t: 1.626514 | r:  -505.000000 | e:   1.000000 | Q:        nan | won: False 
#  502 | steps:  4304 | steps_t:     0 | t: 1.629314 | r:  -507.000000 | e:   1.000000 | Q:        nan | won: False 
#  503 | steps:  4313 | steps_t:     0 | t: 1.631996 | r:  -508.000000 | e:   1.000000 | Q:        nan | won: False 
#  504 | steps:  4322 | steps_t:     0 | t: 1.635144 | r:  -508.000000 | e:   1.000000 | Q:        nan | won: False 
#  505 | steps:  4332 | steps_t:     0 | t: 1.638614 | r:  -509.000000 | e:   1.000000 | Q:        nan | won: False 
#  506 | steps:  4338 | steps_t:     0 | t: 1.641897 | r:  -505.000000 | e:   1.000000 | Q:        nan | won: False 
#  507 | steps:  4345 | steps_t:     0 | t: 1.644906 | r:  -506.000000 | e:   1.000000 | Q:        nan | won: False 
#  508 | steps:  4364 | steps_t:     0 | t: 1.650804 | r:  -496.000000 | e:   1.000000 | Q:        nan | won: False 
#  509 | steps:  4370 | steps_t:     0 | t: 1.653034 | r:  -505.000000 | e:   1.000000 | Q:        nan | won: False 
#  510 | steps:  4380 | steps_t:     0 | t: 1.658467 | r:  -509.000000 | e:   1.000000 | Q:        nan | won: False 
#  511 | steps:  4390 | steps_t:     0 | t: 1.663506 | r:  -509.000000 | e:   1.000000 | Q:        nan | won: False 
#  512 | steps:  4407 | steps_t:     0 | t: 1.668978 | r:  -516.000000 | e:   1.000000 | Q:        nan | won: False 
#  513 | steps:  4417 | steps_t:     0 | t: 1.673426 | r:  -509.000000 | e:   1.000000 | Q:        nan | won: False 
#  514 | steps:  4429 | steps_t:     0 | t: 1.678083 | r:  -511.000000 | e:   1.000000 | Q:        nan | won: False 
#  515 | steps:  4436 | steps_t:     0 | t: 1.680302 | r:  -506.000000 | e:   1.000000 | Q:        nan | won: False 
#  516 | steps:  4443 | steps_t:     0 | t: 1.682191 | r:  -506.000000 | e:   1.000000 | Q:        nan | won: False 
#  517 | steps:  4454 | steps_t:     0 | t: 1.686075 | r:  -510.000000 | e:   1.000000 | Q:        nan | won: False 
#  518 | steps:  4461 | steps_t:     0 | t: 1.688657 | r:  -506.000000 | e:   1.000000 | Q:        nan | won: False 
#  519 | steps:  4473 | steps_t:     0 | t: 1.693459 | r:  -511.000000 | e:   1.000000 | Q:        nan | won: False 
#  520 | steps:  4480 | steps_t:     0 | t: 1.696540 | r:  -506.000000 | e:   1.000000 | Q:        nan | won: False 
#  521 | steps:  4485 | steps_t:     0 | t: 1.697966 | r:  -504.000000 | e:   1.000000 | Q:        nan | won: False 
#  522 | steps:  4495 | steps_t:     0 | t: 1.700799 | r:  -509.000000 | e:   1.000000 | Q:        nan | won: False 
#  523 | steps:  4504 | steps_t:     0 | t: 1.704352 | r:  -508.000000 | e:   1.000000 | Q:        nan | won: False 
#  524 | steps:  4512 | steps_t:     0 | t: 1.708103 | r:  -507.000000 | e:   1.000000 | Q:        nan | won: False 
#  525 | steps:  4520 | steps_t:     0 | t: 1.711807 | r:  -507.000000 | e:   1.000000 | Q:        nan | won: False 
#  526 | steps:  4529 | steps_t:     0 | t: 1.715089 | r:  -508.000000 | e:   1.000000 | Q:        nan | won: False 
#  527 | steps:  4538 | steps_t:     0 | t: 1.718351 | r:  -508.000000 | e:   1.000000 | Q:        nan | won: False 
#  528 | steps:  4543 | steps_t:     0 | t: 1.720321 | r:  -504.000000 | e:   1.000000 | Q:        nan | won: False 
#  529 | steps:  4549 | steps_t:     0 | t: 1.723544 | r:  -505.000000 | e:   1.000000 | Q:        nan | won: False 
#  530 | steps:  4556 | steps_t:     0 | t: 1.726880 | r:  -506.000000 | e:   1.000000 | Q:        nan | won: False 
#  531 | steps:  4563 | steps_t:     0 | t: 1.729872 | r:  -506.000000 | e:   1.000000 | Q:        nan | won: False 
#  532 | steps:  4572 | steps_t:     0 | t: 1.733275 | r:  -508.000000 | e:   1.000000 | Q:        nan | won: False 
#  533 | steps:  4580 | steps_t:     0 | t: 1.736204 | r:  -507.000000 | e:   1.000000 | Q:        nan | won: False 
#  534 | steps:  4587 | steps_t:     0 | t: 1.738759 | r:  -506.000000 | e:   1.000000 | Q:        nan | won: False 
#  535 | steps:  4594 | steps_t:     0 | t: 1.741660 | r:  -506.000000 | e:   1.000000 | Q:        nan | won: False 
#  536 | steps:  4603 | steps_t:     0 | t: 1.744961 | r:  -508.000000 | e:   1.000000 | Q:        nan | won: False 
#  537 | steps:  4609 | steps_t:     0 | t: 1.747198 | r:  -505.000000 | e:   1.000000 | Q:        nan | won: False 
#  538 | steps:  4620 | steps_t:     0 | t: 1.750790 | r:  -510.000000 | e:   1.000000 | Q:        nan | won: False 
#  539 | steps:  4629 | steps_t:     0 | t: 1.753769 | r:  -508.000000 | e:   1.000000 | Q:        nan | won: False 
#  540 | steps:  4638 | steps_t:     0 | t: 1.757396 | r:  -508.000000 | e:   1.000000 | Q:        nan | won: False 
#  541 | steps:  4646 | steps_t:     0 | t: 1.760279 | r:  -507.000000 | e:   1.000000 | Q:        nan | won: False 
#  542 | steps:  4656 | steps_t:     0 | t: 1.763691 | r:  -509.000000 | e:   1.000000 | Q:        nan | won: False 
#  543 | steps:  4662 | steps_t:     0 | t: 1.765821 | r:  -505.000000 | e:   1.000000 | Q:        nan | won: False 
#  544 | steps:  4669 | steps_t:     0 | t: 1.768552 | r:  -506.000000 | e:   1.000000 | Q:        nan | won: False 
#  545 | steps:  4675 | steps_t:     0 | t: 1.770588 | r:  -505.000000 | e:   1.000000 | Q:        nan | won: False 
#  546 | steps:  4683 | steps_t:     0 | t: 1.774117 | r:  -507.000000 | e:   1.000000 | Q:        nan | won: False 
#  547 | steps:  4692 | steps_t:     0 | t: 1.777677 | r:  -508.000000 | e:   1.000000 | Q:        nan | won: False 
#  548 | steps:  4700 | steps_t:     0 | t: 1.781383 | r:  -507.000000 | e:   1.000000 | Q:        nan | won: False 
#  549 | steps:  4711 | steps_t:     0 | t: 1.784674 | r:  -510.000000 | e:   1.000000 | Q:        nan | won: False 
#  550 | steps:  4720 | steps_t:     0 | t: 1.787915 | r:  -508.000000 | e:   1.000000 | Q:        nan | won: False 
#  551 | steps:  4729 | steps_t:     0 | t: 1.791404 | r:  -508.000000 | e:   1.000000 | Q:        nan | won: False 
#  552 | steps:  4738 | steps_t:     0 | t: 1.795153 | r:  -508.000000 | e:   1.000000 | Q:        nan | won: False 
#  553 | steps:  4744 | steps_t:     0 | t: 1.797043 | r:  -505.000000 | e:   1.000000 | Q:        nan | won: False 
#  554 | steps:  4752 | steps_t:     0 | t: 1.799939 | r:  -507.000000 | e:   1.000000 | Q:        nan | won: False 
#  555 | steps:  4760 | steps_t:     0 | t: 1.803353 | r:  -507.000000 | e:   1.000000 | Q:        nan | won: False 
#  556 | steps:  4771 | steps_t:     0 | t: 1.807495 | r:  -510.000000 | e:   1.000000 | Q:        nan | won: False 
#  557 | steps:  4778 | steps_t:     0 | t: 1.809919 | r:  -506.000000 | e:   1.000000 | Q:        nan | won: False 
#  558 | steps:  4785 | steps_t:     0 | t: 1.812086 | r:  -506.000000 | e:   1.000000 | Q:        nan | won: False 
#  559 | steps:  4793 | steps_t:     0 | t: 1.814994 | r:  -507.000000 | e:   1.000000 | Q:        nan | won: False 
#  560 | steps:  4800 | steps_t:     0 | t: 1.817582 | r:  -506.000000 | e:   1.000000 | Q:        nan | won: False 
#  561 | steps:  4809 | steps_t:     0 | t: 1.820528 | r:  -508.000000 | e:   1.000000 | Q:        nan | won: False 
#  562 | steps:  4817 | steps_t:     0 | t: 1.823940 | r:  -507.000000 | e:   1.000000 | Q:        nan | won: False 
#  563 | steps:  4825 | steps_t:     0 | t: 1.826912 | r:  -507.000000 | e:   1.000000 | Q:        nan | won: False 
#  564 | steps:  4833 | steps_t:     0 | t: 1.829998 | r:  -507.000000 | e:   1.000000 | Q:        nan | won: False 
#  565 | steps:  4843 | steps_t:     0 | t: 1.833565 | r:  -509.000000 | e:   1.000000 | Q:        nan | won: False 
#  566 | steps:  4851 | steps_t:     0 | t: 1.836395 | r:  -507.000000 | e:   1.000000 | Q:        nan | won: False 
#  567 | steps:  4862 | steps_t:     0 | t: 1.841325 | r:  -510.000000 | e:   1.000000 | Q:        nan | won: False 
#  568 | steps:  4873 | steps_t:     0 | t: 1.845561 | r:  -510.000000 | e:   1.000000 | Q:        nan | won: False 
#  569 | steps:  4879 | steps_t:     0 | t: 1.847456 | r:  -505.000000 | e:   1.000000 | Q:        nan | won: False 
#  570 | steps:  4886 | steps_t:     0 | t: 1.849729 | r:  -506.000000 | e:   1.000000 | Q:        nan | won: False 
#  571 | steps:  4894 | steps_t:     0 | t: 1.852475 | r:  -507.000000 | e:   1.000000 | Q:        nan | won: False 
#  572 | steps:  4902 | steps_t:     0 | t: 1.855520 | r:  -507.000000 | e:   1.000000 | Q:        nan | won: False 
#  573 | steps:  4913 | steps_t:     0 | t: 1.860038 | r:  -510.000000 | e:   1.000000 | Q:        nan | won: False 
#  574 | steps:  4923 | steps_t:     0 | t: 1.863566 | r:  -509.000000 | e:   1.000000 | Q:        nan | won: False 
#  575 | steps:  4929 | steps_t:     0 | t: 1.865906 | r:  -505.000000 | e:   1.000000 | Q:        nan | won: False 
#  576 | steps:  4939 | steps_t:     0 | t: 1.868679 | r:  -509.000000 | e:   1.000000 | Q:        nan | won: False 
#  577 | steps:  4950 | steps_t:     0 | t: 1.873190 | r:  -510.000000 | e:   1.000000 | Q:        nan | won: False 
#  578 | steps:  4959 | steps_t:     0 | t: 1.876918 | r:  -508.000000 | e:   1.000000 | Q:        nan | won: False 
#  579 | steps:  4967 | steps_t:     0 | t: 1.880497 | r:  -507.000000 | e:   1.000000 | Q:        nan | won: False 
#  580 | steps:  4979 | steps_t:     0 | t: 1.884719 | r:  -511.000000 | e:   1.000000 | Q:        nan | won: False 
#  581 | steps:  4994 | steps_t:     0 | t: 1.890316 | r:  -514.000000 | e:   1.000000 | Q:        nan | won: False 
#  582 | steps:  5001 | steps_t:     0 | t: 1.892868 | r:  -506.000000 | e:   1.000000 | Q:        nan | won: False 
#  583 | steps:  5009 | steps_t:     6 | t: 2.053244 | r:  -507.000000 | e:   0.999400 | Q:        nan | won: False 
#  584 | steps:  5019 | steps_t:    15 | t: 2.141382 | r:  -509.000000 | e:   0.998500 | Q:        nan | won: False 
#  585 | steps:  5030 | steps_t:    25 | t: 2.230061 | r:  -510.000000 | e:   0.997500 | Q:        nan | won: False 
#  586 | steps:  5036 | steps_t:    30 | t: 2.273875 | r:  -505.000000 | e:   0.997000 | Q:        nan | won: False 
#  587 | steps:  5048 | steps_t:    41 | t: 2.364558 | r:  -511.000000 | e:   0.995900 | Q:        nan | won: False 
#  588 | steps:  5055 | steps_t:    47 | t: 2.415948 | r:  -506.000000 | e:   0.995300 | Q:        nan | won: False 
#  589 | steps:  5060 | steps_t:    51 | t: 2.450644 | r:  -504.000000 | e:   0.994900 | Q:        nan | won: False 
#  590 | steps:  5070 | steps_t:    60 | t: 2.527540 | r:  -509.000000 | e:   0.994000 | Q:        nan | won: False 
#  591 | steps:  5084 | steps_t:    73 | t: 2.700620 | r:  -513.000000 | e:   0.992700 | Q:        nan | won: False 
#  592 | steps:  5091 | steps_t:    79 | t: 2.771709 | r:  -506.000000 | e:   0.992100 | Q:        nan | won: False 
#  593 | steps:  5102 | steps_t:    89 | t: 2.868871 | r:  -510.000000 | e:   0.991100 | Q:        nan | won: False 
#  594 | steps:  5109 | steps_t:    95 | t: 2.923431 | r:  -506.000000 | e:   0.990500 | Q:        nan | won: False 
#  595 | steps:  5117 | steps_t:   102 | t: 2.988349 | r:  -507.000000 | e:   0.989800 | Q:        nan | won: False 
#  596 | steps:  5123 | steps_t:   107 | t: 3.035414 | r:  -505.000000 | e:   0.989300 | Q:        nan | won: False 
#  597 | steps:  5132 | steps_t:   115 | t: 3.111970 | r:  -508.000000 | e:   0.988500 | Q:        nan | won: False 
#  598 | steps:  5144 | steps_t:   126 | t: 3.228300 | r:  -511.000000 | e:   0.987400 | Q:        nan | won: False 
#  599 | steps:  5155 | steps_t:   136 | t: 3.323980 | r:  -510.000000 | e:   0.986400 | Q: -258.258850 | won: False 
#  600 | steps:  5165 | steps_t:   145 | t: 3.404705 | r:  -509.000000 | e:   0.985500 | Q:        nan | won: False 
#  601 | steps:  5175 | steps_t:   154 | t: 3.483786 | r:  -509.000000 | e:   0.984600 | Q:        nan | won: False 
#  602 | steps:  5184 | steps_t:   162 | t: 3.552208 | r:  -508.000000 | e:   0.983800 | Q:        nan | won: False 
#  603 | steps:  5190 | steps_t:   167 | t: 3.595062 | r:  -505.000000 | e:   0.983300 | Q:        nan | won: False 
#  604 | steps:  5198 | steps_t:   174 | t: 3.657143 | r:  -507.000000 | e:   0.982600 | Q:        nan | won: False 
#  605 | steps:  5206 | steps_t:   181 | t: 3.718994 | r:  -507.000000 | e:   0.981900 | Q:        nan | won: False 
#  606 | steps:  5212 | steps_t:   186 | t: 3.763516 | r:  -505.000000 | e:   0.981400 | Q:        nan | won: False 
#  607 | steps:  5223 | steps_t:   196 | t: 3.851633 | r:  -510.000000 | e:   0.980400 | Q:        nan | won: False 
#  608 | steps:  5232 | steps_t:   204 | t: 3.937792 | r:  -508.000000 | e:   0.979600 | Q:        nan | won: False 
#  609 | steps:  5244 | steps_t:   215 | t: 4.079707 | r:  -511.000000 | e:   0.978500 | Q:        nan | won: False 
#  610 | steps:  5256 | steps_t:   226 | t: 4.197424 | r:  -511.000000 | e:   0.977400 | Q:        nan | won: False 
#  611 | steps:  5264 | steps_t:   233 | t: 4.265068 | r:  -507.000000 | e:   0.976700 | Q: -288.633667 | won: False 
#  612 | steps:  5278 | steps_t:   246 | t: 4.385974 | r:  -513.000000 | e:   0.975400 | Q:        nan | won: False 
#  613 | steps:  5288 | steps_t:   255 | t: 4.484627 | r:  -509.000000 | e:   0.974500 | Q: -297.878143 | won: False 
#  614 | steps:  5297 | steps_t:   263 | t: 4.569163 | r:  -508.000000 | e:   0.973700 | Q:        nan | won: False 
#  615 | steps:  5306 | steps_t:   271 | t: 4.657644 | r:  -508.000000 | e:   0.972900 | Q:        nan | won: False 
#  616 | steps:  5320 | steps_t:   284 | t: 4.795798 | r:  -513.000000 | e:   0.971600 | Q:        nan | won: False 
#  617 | steps:  5334 | steps_t:   297 | t: 4.919167 | r:  -513.000000 | e:   0.970300 | Q: -258.407104 | won: False 
#  618 | steps:  5341 | steps_t:   303 | t: 4.982011 | r:  -506.000000 | e:   0.969700 | Q: -250.581573 | won: False 
#  619 | steps:  5347 | steps_t:   308 | t: 5.034272 | r:  -505.000000 | e:   0.969200 | Q:        nan | won: False 
#  620 | steps:  5357 | steps_t:   317 | t: 5.119696 | r:  -509.000000 | e:   0.968300 | Q:        nan | won: False 
#  621 | steps:  5367 | steps_t:   326 | t: 5.204609 | r:  -509.000000 | e:   0.967400 | Q: -314.451477 | won: False 
#  622 | steps:  5376 | steps_t:   334 | t: 5.273829 | r:  -508.000000 | e:   0.966600 | Q: -312.271454 | won: False 
#  623 | steps:  5386 | steps_t:   343 | t: 5.350529 | r:  -509.000000 | e:   0.965700 | Q:        nan | won: False 
#  624 | steps:  5398 | steps_t:   354 | t: 5.446822 | r:  -511.000000 | e:   0.964600 | Q:        nan | won: False 
#  625 | steps:  5405 | steps_t:   360 | t: 5.504183 | r:  -506.000000 | e:   0.964000 | Q:        nan | won: False 
#  626 | steps:  5416 | steps_t:   370 | t: 5.593345 | r:  -510.000000 | e:   0.963000 | Q: -205.224289 | won: False 
#  627 | steps:  5425 | steps_t:   378 | t: 5.677331 | r:  -508.000000 | e:   0.962200 | Q:        nan | won: False 
#  628 | steps:  5430 | steps_t:   382 | t: 5.716969 | r:  -504.000000 | e:   0.961800 | Q:        nan | won: False 
#  629 | steps:  5447 | steps_t:   398 | t: 5.856709 | r:  -516.000000 | e:   0.960200 | Q: -255.232224 | won: False 
#  630 | steps:  5455 | steps_t:   405 | t: 5.914319 | r:  -507.000000 | e:   0.959500 | Q:        nan | won: False 
#  631 | steps:  5460 | steps_t:   409 | t: 5.948297 | r:  -504.000000 | e:   0.959100 | Q:        nan | won: False 
#  632 | steps:  5465 | steps_t:   413 | t: 5.982873 | r:  -504.000000 | e:   0.958700 | Q:        nan | won: False 
#  633 | steps:  5472 | steps_t:   419 | t: 6.034222 | r:  -506.000000 | e:   0.958100 | Q:        nan | won: False 
#  634 | steps:  5481 | steps_t:   427 | t: 6.101249 | r:  -508.000000 | e:   0.957300 | Q:        nan | won: False 
#  635 | steps:  5487 | steps_t:   432 | t: 6.146137 | r:  -505.000000 | e:   0.956800 | Q:        nan | won: False 
#  636 | steps:  5494 | steps_t:   438 | t: 6.199097 | r:  -506.000000 | e:   0.956200 | Q:        nan | won: False 
