#    1 | steps:    10 | steps_t:     0 | t: 0.004627 | r:  -509.000000 | e:   1.000000 | Q:        nan | won: False 
#    2 | steps:    22 | steps_t:     0 | t: 0.009529 | r:  -511.000000 | e:   1.000000 | Q:        nan | won: False 
#    3 | steps:    43 | steps_t:     0 | t: 0.017972 | r:  -520.000000 | e:   1.000000 | Q:        nan | won: False 
#    4 | steps:    51 | steps_t:     0 | t: 0.021760 | r:  -507.000000 | e:   1.000000 | Q:        nan | won: False 
#    5 | steps:    65 | steps_t:     0 | t: 0.027910 | r:  -513.000000 | e:   1.000000 | Q:        nan | won: False 
#    6 | steps:    86 | steps_t:     0 | t: 0.037531 | r:  -520.000000 | e:   1.000000 | Q:        nan | won: False 
#    7 | steps:    94 | steps_t:     0 | t: 0.041604 | r:  -507.000000 | e:   1.000000 | Q:        nan | won: False 
#    8 | steps:   101 | steps_t:     0 | t: 0.044555 | r:  -506.000000 | e:   1.000000 | Q:        nan | won: False 
#    9 | steps:   110 | steps_t:     0 | t: 0.048675 | r:  -508.000000 | e:   1.000000 | Q:        nan | won: False 
#   10 | steps:   122 | steps_t:     0 | t: 0.055158 | r:  -511.000000 | e:   1.000000 | Q:        nan | won: False 
#   11 | steps:   128 | steps_t:     0 | t: 0.058481 | r:  -505.000000 | e:   1.000000 | Q:        nan | won: False 
#   12 | steps:   145 | steps_t:     0 | t: 0.065757 | r:  -516.000000 | e:   1.000000 | Q:        nan | won: False 
#   13 | steps:   154 | steps_t:     0 | t: 0.070269 | r:  -508.000000 | e:   1.000000 | Q:        nan | won: False 
#   14 | steps:   169 | steps_t:     0 | t: 0.077422 | r:  -503.000000 | e:   1.000000 | Q:        nan | won: False 
#   15 | steps:   181 | steps_t:     0 | t: 0.083006 | r:  -511.000000 | e:   1.000000 | Q:        nan | won: False 
#   16 | steps:   199 | steps_t:     0 | t: 0.091837 | r:  -517.000000 | e:   1.000000 | Q:        nan | won: False 
#   17 | steps:   211 | steps_t:     0 | t: 0.097444 | r:  -511.000000 | e:   1.000000 | Q:        nan | won: False 
#   18 | steps:   221 | steps_t:     0 | t: 0.102401 | r:  -509.000000 | e:   1.000000 | Q:        nan | won: False 
#   19 | steps:   228 | steps_t:     0 | t: 0.106180 | r:  -506.000000 | e:   1.000000 | Q:        nan | won: False 
#   20 | steps:   239 | steps_t:     0 | t: 0.111225 | r:  -510.000000 | e:   1.000000 | Q:        nan | won: False 
#   21 | steps:   259 | steps_t:     0 | t: 0.120479 | r:  -519.000000 | e:   1.000000 | Q:        nan | won: False 
#   22 | steps:   267 | steps_t:     0 | t: 0.124580 | r:  -507.000000 | e:   1.000000 | Q:        nan | won: False 
#   23 | steps:   276 | steps_t:     0 | t: 0.128823 | r:  -508.000000 | e:   1.000000 | Q:        nan | won: False 
#   24 | steps:   284 | steps_t:     0 | t: 0.132424 | r:  -507.000000 | e:   1.000000 | Q:        nan | won: False 
#   25 | steps:   291 | steps_t:     0 | t: 0.135759 | r:  -506.000000 | e:   1.000000 | Q:        nan | won: False 
#   26 | steps:   301 | steps_t:     0 | t: 0.140571 | r:  -509.000000 | e:   1.000000 | Q:        nan | won: False 
#   27 | steps:   306 | steps_t:     0 | t: 0.142687 | r:  -504.000000 | e:   1.000000 | Q:        nan | won: False 
#   28 | steps:   321 | steps_t:     0 | t: 0.149622 | r:  -514.000000 | e:   1.000000 | Q:        nan | won: False 
#   29 | steps:   333 | steps_t:     0 | t: 0.155370 | r:  -511.000000 | e:   1.000000 | Q:        nan | won: False 
#   30 | steps:   340 | steps_t:     0 | t: 0.158967 | r:  -506.000000 | e:   1.000000 | Q:        nan | won: False 
#   31 | steps:   349 | steps_t:     0 | t: 0.163281 | r:  -508.000000 | e:   1.000000 | Q:        nan | won: False 
#   32 | steps:   358 | steps_t:     0 | t: 0.167915 | r:  -508.000000 | e:   1.000000 | Q:        nan | won: False 
#   33 | steps:   371 | steps_t:     0 | t: 0.174098 | r:  -512.000000 | e:   1.000000 | Q:        nan | won: False 
#   34 | steps:   377 | steps_t:     0 | t: 0.176803 | r:  -505.000000 | e:   1.000000 | Q:        nan | won: False 
#   35 | steps:   387 | steps_t:     0 | t: 0.181359 | r:  -509.000000 | e:   1.000000 | Q:        nan | won: False 
#   36 | steps:   397 | steps_t:     0 | t: 0.186463 | r:  -509.000000 | e:   1.000000 | Q:        nan | won: False 
#   37 | steps:   405 | steps_t:     0 | t: 0.190799 | r:  -507.000000 | e:   1.000000 | Q:        nan | won: False 
#   38 | steps:   414 | steps_t:     0 | t: 0.195009 | r:  -508.000000 | e:   1.000000 | Q:        nan | won: False 
#   39 | steps:   423 | steps_t:     0 | t: 0.200068 | r:  -508.000000 | e:   1.000000 | Q:        nan | won: False 
#   40 | steps:   431 | steps_t:     0 | t: 0.203671 | r:  -507.000000 | e:   1.000000 | Q:        nan | won: False 
#   41 | steps:   443 | steps_t:     0 | t: 0.209350 | r:  -511.000000 | e:   1.000000 | Q:        nan | won: False 
#   42 | steps:   455 | steps_t:     0 | t: 0.214784 | r:  -511.000000 | e:   1.000000 | Q:        nan | won: False 
#   43 | steps:   465 | steps_t:     0 | t: 0.219901 | r:  -509.000000 | e:   1.000000 | Q:        nan | won: False 
#   44 | steps:   472 | steps_t:     0 | t: 0.223410 | r:  -506.000000 | e:   1.000000 | Q:        nan | won: False 
#   45 | steps:   479 | steps_t:     0 | t: 0.226900 | r:  -506.000000 | e:   1.000000 | Q:        nan | won: False 
#   46 | steps:   541 | steps_t:     0 | t: 0.337548 | r:  -550.000000 | e:   1.000000 | Q:        nan | won: False 
#   47 | steps:   553 | steps_t:     0 | t: 0.343542 | r:  -511.000000 | e:   1.000000 | Q:        nan | won: False 
#   48 | steps:   561 | steps_t:     0 | t: 0.347498 | r:  -507.000000 | e:   1.000000 | Q:        nan | won: False 
#   49 | steps:   571 | steps_t:     0 | t: 0.352434 | r:  -509.000000 | e:   1.000000 | Q:        nan | won: False 
#   50 | steps:   583 | steps_t:     0 | t: 0.358489 | r:  -511.000000 | e:   1.000000 | Q:        nan | won: False 
#   51 | steps:   605 | steps_t:     0 | t: 0.369465 | r:  -521.000000 | e:   1.000000 | Q:        nan | won: False 
#   52 | steps:   611 | steps_t:     0 | t: 0.372469 | r:  -505.000000 | e:   1.000000 | Q:        nan | won: False 
#   53 | steps:   620 | steps_t:     0 | t: 0.377035 | r:  -508.000000 | e:   1.000000 | Q:        nan | won: False 
#   54 | steps:   628 | steps_t:     0 | t: 0.381296 | r:  -507.000000 | e:   1.000000 | Q:        nan | won: False 
#   55 | steps:   646 | steps_t:     0 | t: 0.390738 | r:  -517.000000 | e:   1.000000 | Q:        nan | won: False 
#   56 | steps:   654 | steps_t:     0 | t: 0.394790 | r:  -507.000000 | e:   1.000000 | Q:        nan | won: False 
#   57 | steps:   659 | steps_t:     0 | t: 0.397560 | r:  -504.000000 | e:   1.000000 | Q:        nan | won: False 
#   58 | steps:   671 | steps_t:     0 | t: 0.404341 | r:  -511.000000 | e:   1.000000 | Q:        nan | won: False 
#   59 | steps:   679 | steps_t:     0 | t: 0.408492 | r:  -507.000000 | e:   1.000000 | Q:        nan | won: False 
#   60 | steps:   693 | steps_t:     0 | t: 0.415528 | r:  -502.000000 | e:   1.000000 | Q:        nan | won: False 
#   61 | steps:   706 | steps_t:     0 | t: 0.422060 | r:  -512.000000 | e:   1.000000 | Q:        nan | won: False 
#   62 | steps:   717 | steps_t:     0 | t: 0.427801 | r:  -510.000000 | e:   1.000000 | Q:        nan | won: False 
#   63 | steps:   724 | steps_t:     0 | t: 0.431372 | r:  -506.000000 | e:   1.000000 | Q:        nan | won: False 
#   64 | steps:   732 | steps_t:     0 | t: 0.435425 | r:  -507.000000 | e:   1.000000 | Q:        nan | won: False 
#   65 | steps:   749 | steps_t:     0 | t: 0.443527 | r:  -516.000000 | e:   1.000000 | Q:        nan | won: False 
#   66 | steps:   756 | steps_t:     0 | t: 0.446961 | r:  -506.000000 | e:   1.000000 | Q:        nan | won: False 
#   67 | steps:   764 | steps_t:     0 | t: 0.450891 | r:  -507.000000 | e:   1.000000 | Q:        nan | won: False 
#   68 | steps:   775 | steps_t:     0 | t: 0.456132 | r:  -510.000000 | e:   1.000000 | Q:        nan | won: False 
#   69 | steps:   782 | steps_t:     0 | t: 0.460016 | r:  -506.000000 | e:   1.000000 | Q:        nan | won: False 
#   70 | steps:   792 | steps_t:     0 | t: 0.464763 | r:  -509.000000 | e:   1.000000 | Q:        nan | won: False 
#   71 | steps:   799 | steps_t:     0 | t: 0.468181 | r:  -506.000000 | e:   1.000000 | Q:        nan | won: False 
#   72 | steps:   811 | steps_t:     0 | t: 0.473999 | r:  -511.000000 | e:   1.000000 | Q:        nan | won: False 
#   73 | steps:   832 | steps_t:     0 | t: 0.484108 | r:  -520.000000 | e:   1.000000 | Q:        nan | won: False 
#   74 | steps:   839 | steps_t:     0 | t: 0.487518 | r:  -506.000000 | e:   1.000000 | Q:        nan | won: False 
#   75 | steps:   847 | steps_t:     0 | t: 0.491294 | r:  -507.000000 | e:   1.000000 | Q:        nan | won: False 
#   76 | steps:   858 | steps_t:     0 | t: 0.496514 | r:  -510.000000 | e:   1.000000 | Q:        nan | won: False 
#   77 | steps:   865 | steps_t:     0 | t: 0.499948 | r:  -506.000000 | e:   1.000000 | Q:        nan | won: False 
#   78 | steps:   873 | steps_t:     0 | t: 0.505023 | r:  -507.000000 | e:   1.000000 | Q:        nan | won: False 
#   79 | steps:   888 | steps_t:     0 | t: 0.512264 | r:  -514.000000 | e:   1.000000 | Q:        nan | won: False 
#   80 | steps:   896 | steps_t:     0 | t: 0.516422 | r:  -507.000000 | e:   1.000000 | Q:        nan | won: False 
#   81 | steps:   909 | steps_t:     0 | t: 0.522710 | r:  -512.000000 | e:   1.000000 | Q:        nan | won: False 
#   82 | steps:   918 | steps_t:     0 | t: 0.526981 | r:  -508.000000 | e:   1.000000 | Q:        nan | won: False 
#   83 | steps:   926 | steps_t:     0 | t: 0.530979 | r:  -507.000000 | e:   1.000000 | Q:        nan | won: False 
#   84 | steps:   932 | steps_t:     0 | t: 0.533969 | r:  -505.000000 | e:   1.000000 | Q:        nan | won: False 
#   85 | steps:   939 | steps_t:     0 | t: 0.538116 | r:  -506.000000 | e:   1.000000 | Q:        nan | won: False 
#   86 | steps:   946 | steps_t:     0 | t: 0.541536 | r:  -506.000000 | e:   1.000000 | Q:        nan | won: False 
#   87 | steps:   955 | steps_t:     0 | t: 0.545650 | r:  -508.000000 | e:   1.000000 | Q:        nan | won: False 
#   88 | steps:   962 | steps_t:     0 | t: 0.549405 | r:  -506.000000 | e:   1.000000 | Q:        nan | won: False 
#   89 | steps:   968 | steps_t:     0 | t: 0.552493 | r:  -505.000000 | e:   1.000000 | Q:        nan | won: False 
#   90 | steps:   992 | steps_t:     0 | t: 0.563780 | r:  -523.000000 | e:   1.000000 | Q:        nan | won: False 
#   91 | steps:  1001 | steps_t:     0 | t: 0.568213 | r:  -508.000000 | e:   1.000000 | Q:        nan | won: False 
#   92 | steps:  1009 | steps_t:     0 | t: 0.572315 | r:  -507.000000 | e:   1.000000 | Q:        nan | won: False 
#   93 | steps:  1019 | steps_t:     0 | t: 0.577402 | r:  -509.000000 | e:   1.000000 | Q:        nan | won: False 
#   94 | steps:  1035 | steps_t:     0 | t: 0.585945 | r:  -515.000000 | e:   1.000000 | Q:        nan | won: False 
#   95 | steps:  1043 | steps_t:     0 | t: 0.590241 | r:  -507.000000 | e:   1.000000 | Q:        nan | won: False 
#   96 | steps:  1050 | steps_t:     0 | t: 0.593638 | r:  -506.000000 | e:   1.000000 | Q:        nan | won: False 
#   97 | steps:  1060 | steps_t:     0 | t: 0.598670 | r:  -509.000000 | e:   1.000000 | Q:        nan | won: False 
#   98 | steps:  1067 | steps_t:     0 | t: 0.602113 | r:  -506.000000 | e:   1.000000 | Q:        nan | won: False 
#   99 | steps:  1080 | steps_t:     0 | t: 0.610248 | r:  -512.000000 | e:   1.000000 | Q:        nan | won: False 
#  100 | steps:  1087 | steps_t:     0 | t: 0.613781 | r:  -506.000000 | e:   1.000000 | Q:        nan | won: False 
#  101 | steps:  1093 | steps_t:     0 | t: 0.617120 | r:  -505.000000 | e:   1.000000 | Q:        nan | won: False 
#  102 | steps:  1098 | steps_t:     0 | t: 0.619606 | r:  -504.000000 | e:   1.000000 | Q:        nan | won: False 
#  103 | steps:  1119 | steps_t:     0 | t: 0.629464 | r:  -520.000000 | e:   1.000000 | Q:        nan | won: False 
#  104 | steps:  1139 | steps_t:     0 | t: 0.639272 | r:  -519.000000 | e:   1.000000 | Q:        nan | won: False 
#  105 | steps:  1151 | steps_t:     0 | t: 0.644839 | r:  -511.000000 | e:   1.000000 | Q:        nan | won: False 
#  106 | steps:  1160 | steps_t:     0 | t: 0.649259 | r:  -508.000000 | e:   1.000000 | Q:        nan | won: False 
#  107 | steps:  1171 | steps_t:     0 | t: 0.654326 | r:  -510.000000 | e:   1.000000 | Q:        nan | won: False 
#  108 | steps:  1179 | steps_t:     0 | t: 0.658196 | r:  -507.000000 | e:   1.000000 | Q:        nan | won: False 
#  109 | steps:  1199 | steps_t:     0 | t: 0.667801 | r:  -519.000000 | e:   1.000000 | Q:        nan | won: False 
#  110 | steps:  1208 | steps_t:     0 | t: 0.672274 | r:  -508.000000 | e:   1.000000 | Q:        nan | won: False 
#  111 | steps:  1223 | steps_t:     0 | t: 0.680161 | r:  -514.000000 | e:   1.000000 | Q:        nan | won: False 
#  112 | steps:  1235 | steps_t:     0 | t: 0.686558 | r:  -511.000000 | e:   1.000000 | Q:        nan | won: False 
#  113 | steps:  1251 | steps_t:     0 | t: 0.694266 | r:  -515.000000 | e:   1.000000 | Q:        nan | won: False 
#  114 | steps:  1262 | steps_t:     0 | t: 0.700391 | r:  -510.000000 | e:   1.000000 | Q:        nan | won: False 
#  115 | steps:  1277 | steps_t:     0 | t: 0.709668 | r:  -514.000000 | e:   1.000000 | Q:        nan | won: False 
#  116 | steps:  1292 | steps_t:     0 | t: 0.717811 | r:  -492.000000 | e:   1.000000 | Q:        nan | won: False 
#  117 | steps:  1315 | steps_t:     0 | t: 0.729431 | r:  -522.000000 | e:   1.000000 | Q:        nan | won: False 
#  118 | steps:  1324 | steps_t:     0 | t: 0.734793 | r:  -508.000000 | e:   1.000000 | Q:        nan | won: False 
#  119 | steps:  1330 | steps_t:     0 | t: 0.737933 | r:  -505.000000 | e:   1.000000 | Q:        nan | won: False 
#  120 | steps:  1337 | steps_t:     0 | t: 0.741204 | r:  -506.000000 | e:   1.000000 | Q:        nan | won: False 
#  121 | steps:  1346 | steps_t:     0 | t: 0.745543 | r:  -508.000000 | e:   1.000000 | Q:        nan | won: False 
#  122 | steps:  1354 | steps_t:     0 | t: 0.750177 | r:  -507.000000 | e:   1.000000 | Q:        nan | won: False 
#  123 | steps:  1362 | steps_t:     0 | t: 0.754319 | r:  -507.000000 | e:   1.000000 | Q:        nan | won: False 
#  124 | steps:  1370 | steps_t:     0 | t: 0.758451 | r:  -507.000000 | e:   1.000000 | Q:        nan | won: False 
#  125 | steps:  1381 | steps_t:     0 | t: 0.764251 | r:  -510.000000 | e:   1.000000 | Q:        nan | won: False 
#  126 | steps:  1392 | steps_t:     0 | t: 0.769958 | r:  -510.000000 | e:   1.000000 | Q:        nan | won: False 
#  127 | steps:  1405 | steps_t:     0 | t: 0.776313 | r:  -512.000000 | e:   1.000000 | Q:        nan | won: False 
#  128 | steps:  1414 | steps_t:     0 | t: 0.780853 | r:  -508.000000 | e:   1.000000 | Q:        nan | won: False 
#  129 | steps:  1420 | steps_t:     0 | t: 0.784844 | r:  -505.000000 | e:   1.000000 | Q:        nan | won: False 
#  130 | steps:  1428 | steps_t:     0 | t: 0.788860 | r:  -507.000000 | e:   1.000000 | Q:        nan | won: False 
#  131 | steps:  1437 | steps_t:     0 | t: 0.793728 | r:  -508.000000 | e:   1.000000 | Q:        nan | won: False 
#  132 | steps:  1452 | steps_t:     0 | t: 0.801782 | r:  -492.000000 | e:   1.000000 | Q:        nan | won: False 
#  133 | steps:  1460 | steps_t:     0 | t: 0.805501 | r:  -507.000000 | e:   1.000000 | Q:        nan | won: False 
#  134 | steps:  1478 | steps_t:     0 | t: 0.814271 | r:  -517.000000 | e:   1.000000 | Q:        nan | won: False 
#  135 | steps:  1494 | steps_t:     0 | t: 0.823157 | r:  -515.000000 | e:   1.000000 | Q:        nan | won: False 
#  136 | steps:  1504 | steps_t:     0 | t: 0.828537 | r:  -509.000000 | e:   1.000000 | Q:        nan | won: False 
#  137 | steps:  1514 | steps_t:     0 | t: 0.834475 | r:  -509.000000 | e:   1.000000 | Q:        nan | won: False 
#  138 | steps:  1520 | steps_t:     0 | t: 0.837435 | r:  -505.000000 | e:   1.000000 | Q:        nan | won: False 
#  139 | steps:  1527 | steps_t:     0 | t: 0.840973 | r:  -506.000000 | e:   1.000000 | Q:        nan | won: False 
#  140 | steps:  1534 | steps_t:     0 | t: 0.844599 | r:  -506.000000 | e:   1.000000 | Q:        nan | won: False 
#  141 | steps:  1544 | steps_t:     0 | t: 0.849903 | r:  -509.000000 | e:   1.000000 | Q:        nan | won: False 
#  142 | steps:  1552 | steps_t:     0 | t: 0.854287 | r:  -507.000000 | e:   1.000000 | Q:        nan | won: False 
#  143 | steps:  1559 | steps_t:     0 | t: 0.858100 | r:  -506.000000 | e:   1.000000 | Q:        nan | won: False 
#  144 | steps:  1568 | steps_t:     0 | t: 0.862410 | r:  -508.000000 | e:   1.000000 | Q:        nan | won: False 
#  145 | steps:  1578 | steps_t:     0 | t: 0.868001 | r:  -509.000000 | e:   1.000000 | Q:        nan | won: False 
#  146 | steps:  1589 | steps_t:     0 | t: 0.874230 | r:  -510.000000 | e:   1.000000 | Q:        nan | won: False 
#  147 | steps:  1605 | steps_t:     0 | t: 0.883257 | r:  -515.000000 | e:   1.000000 | Q:        nan | won: False 
#  148 | steps:  1611 | steps_t:     0 | t: 0.889291 | r:  -505.000000 | e:   1.000000 | Q:        nan | won: False 
#  149 | steps:  1621 | steps_t:     0 | t: 0.895329 | r:  -509.000000 | e:   1.000000 | Q:        nan | won: False 
#  150 | steps:  1630 | steps_t:     0 | t: 0.900649 | r:  -508.000000 | e:   1.000000 | Q:        nan | won: False 
#  151 | steps:  1641 | steps_t:     0 | t: 0.906862 | r:  -510.000000 | e:   1.000000 | Q:        nan | won: False 
#  152 | steps:  1649 | steps_t:     0 | t: 0.911192 | r:  -507.000000 | e:   1.000000 | Q:        nan | won: False 
#  153 | steps:  1658 | steps_t:     0 | t: 0.916146 | r:  -508.000000 | e:   1.000000 | Q:        nan | won: False 
#  154 | steps:  1666 | steps_t:     0 | t: 0.921900 | r:  -507.000000 | e:   1.000000 | Q:        nan | won: False 
#  155 | steps:  1675 | steps_t:     0 | t: 0.927963 | r:  -508.000000 | e:   1.000000 | Q:        nan | won: False 
#  156 | steps:  1685 | steps_t:     0 | t: 0.933426 | r:  -509.000000 | e:   1.000000 | Q:        nan | won: False 
#  157 | steps:  1695 | steps_t:     0 | t: 0.939395 | r:  -509.000000 | e:   1.000000 | Q:        nan | won: False 
#  158 | steps:  1709 | steps_t:     0 | t: 0.946301 | r:  -513.000000 | e:   1.000000 | Q:        nan | won: False 
#  159 | steps:  1720 | steps_t:     0 | t: 0.952371 | r:  -510.000000 | e:   1.000000 | Q:        nan | won: False 
#  160 | steps:  1725 | steps_t:     0 | t: 0.955183 | r:  -504.000000 | e:   1.000000 | Q:        nan | won: False 
#  161 | steps:  1736 | steps_t:     0 | t: 0.961003 | r:  -510.000000 | e:   1.000000 | Q:        nan | won: False 
#  162 | steps:  1744 | steps_t:     0 | t: 0.964613 | r:  -507.000000 | e:   1.000000 | Q:        nan | won: False 
#  163 | steps:  1752 | steps_t:     0 | t: 0.968828 | r:  -507.000000 | e:   1.000000 | Q:        nan | won: False 
#  164 | steps:  1767 | steps_t:     0 | t: 0.976320 | r:  -514.000000 | e:   1.000000 | Q:        nan | won: False 
#  165 | steps:  1775 | steps_t:     0 | t: 0.979962 | r:  -507.000000 | e:   1.000000 | Q:        nan | won: False 
#  166 | steps:  1785 | steps_t:     0 | t: 0.985827 | r:  -509.000000 | e:   1.000000 | Q:        nan | won: False 
#  167 | steps:  1799 | steps_t:     0 | t: 0.992681 | r:  -513.000000 | e:   1.000000 | Q:        nan | won: False 
#  168 | steps:  1807 | steps_t:     0 | t: 0.996471 | r:  -507.000000 | e:   1.000000 | Q:        nan | won: False 
#  169 | steps:  1815 | steps_t:     0 | t: 1.000699 | r:  -507.000000 | e:   1.000000 | Q:        nan | won: False 
#  170 | steps:  1826 | steps_t:     0 | t: 1.005990 | r:  -510.000000 | e:   1.000000 | Q:        nan | won: False 
#  171 | steps:  1831 | steps_t:     0 | t: 1.008466 | r:  -504.000000 | e:   1.000000 | Q:        nan | won: False 
#  172 | steps:  1837 | steps_t:     0 | t: 1.011321 | r:  -505.000000 | e:   1.000000 | Q:        nan | won: False 
#  173 | steps:  1845 | steps_t:     0 | t: 1.014888 | r:  -507.000000 | e:   1.000000 | Q:        nan | won: False 
#  174 | steps:  1854 | steps_t:     0 | t: 1.019959 | r:  -508.000000 | e:   1.000000 | Q:        nan | won: False 
#  175 | steps:  1867 | steps_t:     0 | t: 1.026085 | r:  -512.000000 | e:   1.000000 | Q:        nan | won: False 
#  176 | steps:  1873 | steps_t:     0 | t: 1.028964 | r:  -505.000000 | e:   1.000000 | Q:        nan | won: False 
#  177 | steps:  1886 | steps_t:     0 | t: 1.036881 | r:  -512.000000 | e:   1.000000 | Q:        nan | won: False 
#  178 | steps:  1892 | steps_t:     0 | t: 1.039993 | r:  -505.000000 | e:   1.000000 | Q:        nan | won: False 
#  179 | steps:  1899 | steps_t:     0 | t: 1.043358 | r:  -506.000000 | e:   1.000000 | Q:        nan | won: False 
#  180 | steps:  1912 | steps_t:     0 | t: 1.049902 | r:  -512.000000 | e:   1.000000 | Q:        nan | won: False 
#  181 | steps:  1924 | steps_t:     0 | t: 1.056445 | r:  -511.000000 | e:   1.000000 | Q:        nan | won: False 
#  182 | steps:  1933 | steps_t:     0 | t: 1.060639 | r:  -508.000000 | e:   1.000000 | Q:        nan | won: False 
#  183 | steps:  1944 | steps_t:     0 | t: 1.065675 | r:  -510.000000 | e:   1.000000 | Q:        nan | won: False 
#  184 | steps:  1953 | steps_t:     0 | t: 1.070829 | r:  -508.000000 | e:   1.000000 | Q:        nan | won: False 
#  185 | steps:  1961 | steps_t:     0 | t: 1.075003 | r:  -507.000000 | e:   1.000000 | Q:        nan | won: False 
#  186 | steps:  1972 | steps_t:     0 | t: 1.080179 | r:  -510.000000 | e:   1.000000 | Q:        nan | won: False 
#  187 | steps:  1987 | steps_t:     0 | t: 1.088410 | r:  -514.000000 | e:   1.000000 | Q:        nan | won: False 
#  188 | steps:  1995 | steps_t:     0 | t: 1.092445 | r:  -507.000000 | e:   1.000000 | Q:        nan | won: False 
#  189 | steps:  2005 | steps_t:     0 | t: 1.097144 | r:  -509.000000 | e:   1.000000 | Q:        nan | won: False 
#  190 | steps:  2011 | steps_t:     0 | t: 1.100964 | r:  -505.000000 | e:   1.000000 | Q:        nan | won: False 
#  191 | steps:  2018 | steps_t:     0 | t: 1.104440 | r:  -506.000000 | e:   1.000000 | Q:        nan | won: False 
#  192 | steps:  2025 | steps_t:     0 | t: 1.108186 | r:  -506.000000 | e:   1.000000 | Q:        nan | won: False 
#  193 | steps:  2032 | steps_t:     0 | t: 1.111545 | r:  -506.000000 | e:   1.000000 | Q:        nan | won: False 
#  194 | steps:  2041 | steps_t:     0 | t: 1.116256 | r:  -508.000000 | e:   1.000000 | Q:        nan | won: False 
#  195 | steps:  2051 | steps_t:     0 | t: 1.124561 | r:  -509.000000 | e:   1.000000 | Q:        nan | won: False 
#  196 | steps:  2071 | steps_t:     0 | t: 1.134603 | r:  -519.000000 | e:   1.000000 | Q:        nan | won: False 
#  197 | steps:  2089 | steps_t:     0 | t: 1.144042 | r:  -517.000000 | e:   1.000000 | Q:        nan | won: False 
#  198 | steps:  2102 | steps_t:     0 | t: 1.151118 | r:  -512.000000 | e:   1.000000 | Q:        nan | won: False 
#  199 | steps:  2111 | steps_t:     0 | t: 1.156389 | r:  -508.000000 | e:   1.000000 | Q:        nan | won: False 
#  200 | steps:  2130 | steps_t:     0 | t: 1.165486 | r:  -518.000000 | e:   1.000000 | Q:        nan | won: False 
#  201 | steps:  2140 | steps_t:     0 | t: 1.171322 | r:  -509.000000 | e:   1.000000 | Q:        nan | won: False 
#  202 | steps:  2149 | steps_t:     0 | t: 1.176446 | r:  -508.000000 | e:   1.000000 | Q:        nan | won: False 
#  203 | steps:  2159 | steps_t:     0 | t: 1.181214 | r:  -509.000000 | e:   1.000000 | Q:        nan | won: False 
#  204 | steps:  2180 | steps_t:     0 | t: 1.191803 | r:  -520.000000 | e:   1.000000 | Q:        nan | won: False 
#  205 | steps:  2196 | steps_t:     0 | t: 1.199611 | r:  -515.000000 | e:   1.000000 | Q:        nan | won: False 
#  206 | steps:  2203 | steps_t:     0 | t: 1.203353 | r:  -506.000000 | e:   1.000000 | Q:        nan | won: False 
#  207 | steps:  2211 | steps_t:     0 | t: 1.208174 | r:  -507.000000 | e:   1.000000 | Q:        nan | won: False 
#  208 | steps:  2220 | steps_t:     0 | t: 1.212500 | r:  -508.000000 | e:   1.000000 | Q:        nan | won: False 
#  209 | steps:  2226 | steps_t:     0 | t: 1.215543 | r:  -505.000000 | e:   1.000000 | Q:        nan | won: False 
#  210 | steps:  2234 | steps_t:     0 | t: 1.219947 | r:  -507.000000 | e:   1.000000 | Q:        nan | won: False 
#  211 | steps:  2248 | steps_t:     0 | t: 1.226981 | r:  -491.000000 | e:   1.000000 | Q:        nan | won: False 
#  212 | steps:  2259 | steps_t:     0 | t: 1.232095 | r:  -510.000000 | e:   1.000000 | Q:        nan | won: False 
#  213 | steps:  2269 | steps_t:     0 | t: 1.239151 | r:  -509.000000 | e:   1.000000 | Q:        nan | won: False 
#  214 | steps:  2281 | steps_t:     0 | t: 1.245332 | r:  -511.000000 | e:   1.000000 | Q:        nan | won: False 
#  215 | steps:  2291 | steps_t:     0 | t: 1.251698 | r:  -509.000000 | e:   1.000000 | Q:        nan | won: False 
#  216 | steps:  2300 | steps_t:     0 | t: 1.256558 | r:  -508.000000 | e:   1.000000 | Q:        nan | won: False 
#  217 | steps:  2311 | steps_t:     0 | t: 1.262035 | r:  -510.000000 | e:   1.000000 | Q:        nan | won: False 
#  218 | steps:  2320 | steps_t:     0 | t: 1.266682 | r:  -508.000000 | e:   1.000000 | Q:        nan | won: False 
#  219 | steps:  2330 | steps_t:     0 | t: 1.272219 | r:  -509.000000 | e:   1.000000 | Q:        nan | won: False 
#  220 | steps:  2337 | steps_t:     0 | t: 1.275870 | r:  -506.000000 | e:   1.000000 | Q:        nan | won: False 
#  221 | steps:  2347 | steps_t:     0 | t: 1.280437 | r:  -509.000000 | e:   1.000000 | Q:        nan | won: False 
#  222 | steps:  2355 | steps_t:     0 | t: 1.284855 | r:  -507.000000 | e:   1.000000 | Q:        nan | won: False 
#  223 | steps:  2363 | steps_t:     0 | t: 1.289049 | r:  -507.000000 | e:   1.000000 | Q:        nan | won: False 
#  224 | steps:  2372 | steps_t:     0 | t: 1.293517 | r:  -508.000000 | e:   1.000000 | Q:        nan | won: False 
#  225 | steps:  2383 | steps_t:     0 | t: 1.298681 | r:  -510.000000 | e:   1.000000 | Q:        nan | won: False 
#  226 | steps:  2399 | steps_t:     0 | t: 1.307161 | r:  -504.000000 | e:   1.000000 | Q:        nan | won: False 
#  227 | steps:  2413 | steps_t:     0 | t: 1.313603 | r:  -513.000000 | e:   1.000000 | Q:        nan | won: False 
#  228 | steps:  2424 | steps_t:     0 | t: 1.319692 | r:  -510.000000 | e:   1.000000 | Q:        nan | won: False 
#  229 | steps:  2439 | steps_t:     0 | t: 1.326539 | r:  -503.000000 | e:   1.000000 | Q:        nan | won: False 
#  230 | steps:  2449 | steps_t:     0 | t: 1.331362 | r:  -509.000000 | e:   1.000000 | Q:        nan | won: False 
#  231 | steps:  2472 | steps_t:     0 | t: 1.344098 | r:  -522.000000 | e:   1.000000 | Q:        nan | won: False 
#  232 | steps:  2484 | steps_t:     0 | t: 1.350510 | r:  -511.000000 | e:   1.000000 | Q:        nan | won: False 
#  233 | steps:  2493 | steps_t:     0 | t: 1.356786 | r:  -508.000000 | e:   1.000000 | Q:        nan | won: False 
#  234 | steps:  2522 | steps_t:     0 | t: 1.373752 | r:  -517.000000 | e:   1.000000 | Q:        nan | won: False 
#  235 | steps:  2528 | steps_t:     0 | t: 1.376780 | r:  -505.000000 | e:   1.000000 | Q:        nan | won: False 
#  236 | steps:  2539 | steps_t:     0 | t: 1.382504 | r:  -510.000000 | e:   1.000000 | Q:        nan | won: False 
#  237 | steps:  2545 | steps_t:     0 | t: 1.387136 | r:  -505.000000 | e:   1.000000 | Q:        nan | won: False 
#  238 | steps:  2551 | steps_t:     0 | t: 1.391188 | r:  -505.000000 | e:   1.000000 | Q:        nan | won: False 
#  239 | steps:  2564 | steps_t:     0 | t: 1.397723 | r:  -512.000000 | e:   1.000000 | Q:        nan | won: False 
#  240 | steps:  2573 | steps_t:     0 | t: 1.402725 | r:  -508.000000 | e:   1.000000 | Q:        nan | won: False 
#  241 | steps:  2585 | steps_t:     0 | t: 1.409021 | r:  -511.000000 | e:   1.000000 | Q:        nan | won: False 
#  242 | steps:  2593 | steps_t:     0 | t: 1.412965 | r:  -507.000000 | e:   1.000000 | Q:        nan | won: False 
#  243 | steps:  2599 | steps_t:     0 | t: 1.416016 | r:  -505.000000 | e:   1.000000 | Q:        nan | won: False 
#  244 | steps:  2611 | steps_t:     0 | t: 1.422583 | r:  -511.000000 | e:   1.000000 | Q:        nan | won: False 
#  245 | steps:  2630 | steps_t:     0 | t: 1.431748 | r:  -507.000000 | e:   1.000000 | Q:        nan | won: False 
#  246 | steps:  2639 | steps_t:     0 | t: 1.436406 | r:  -508.000000 | e:   1.000000 | Q:        nan | won: False 
#  247 | steps:  2650 | steps_t:     0 | t: 1.442239 | r:  -510.000000 | e:   1.000000 | Q:        nan | won: False 
#  248 | steps:  2663 | steps_t:     0 | t: 1.448595 | r:  -512.000000 | e:   1.000000 | Q:        nan | won: False 
#  249 | steps:  2704 | steps_t:     0 | t: 1.468369 | r:  -529.000000 | e:   1.000000 | Q:        nan | won: False 
#  250 | steps:  2718 | steps_t:     0 | t: 1.475257 | r:  -513.000000 | e:   1.000000 | Q:        nan | won: False 
#  251 | steps:  2742 | steps_t:     0 | t: 1.486757 | r:  -523.000000 | e:   1.000000 | Q:        nan | won: False 
#  252 | steps:  2753 | steps_t:     0 | t: 1.492441 | r:  -510.000000 | e:   1.000000 | Q:        nan | won: False 
#  253 | steps:  2760 | steps_t:     0 | t: 1.495852 | r:  -506.000000 | e:   1.000000 | Q:        nan | won: False 
#  254 | steps:  2779 | steps_t:     0 | t: 1.507082 | r:  -518.000000 | e:   1.000000 | Q:        nan | won: False 
#  255 | steps:  2787 | steps_t:     0 | t: 1.510869 | r:  -507.000000 | e:   1.000000 | Q:        nan | won: False 
#  256 | steps:  2806 | steps_t:     0 | t: 1.520059 | r:  -518.000000 | e:   1.000000 | Q:        nan | won: False 
#  257 | steps:  2820 | steps_t:     0 | t: 1.526641 | r:  -513.000000 | e:   1.000000 | Q:        nan | won: False 
#  258 | steps:  2841 | steps_t:     0 | t: 1.536546 | r:  -520.000000 | e:   1.000000 | Q:        nan | won: False 
#  259 | steps:  2852 | steps_t:     0 | t: 1.542222 | r:  -510.000000 | e:   1.000000 | Q:        nan | won: False 
#  260 | steps:  2865 | steps_t:     0 | t: 1.548272 | r:  -512.000000 | e:   1.000000 | Q:        nan | won: False 
#  261 | steps:  2884 | steps_t:     0 | t: 1.557861 | r:  -518.000000 | e:   1.000000 | Q:        nan | won: False 
#  262 | steps:  2896 | steps_t:     0 | t: 1.563508 | r:  -511.000000 | e:   1.000000 | Q:        nan | won: False 
#  263 | steps:  2907 | steps_t:     0 | t: 1.568859 | r:  -510.000000 | e:   1.000000 | Q:        nan | won: False 
#  264 | steps:  2917 | steps_t:     0 | t: 1.574169 | r:  -509.000000 | e:   1.000000 | Q:        nan | won: False 
#  265 | steps:  2922 | steps_t:     0 | t: 1.576595 | r:  -504.000000 | e:   1.000000 | Q:        nan | won: False 
#  266 | steps:  2929 | steps_t:     0 | t: 1.579953 | r:  -506.000000 | e:   1.000000 | Q:        nan | won: False 
#  267 | steps:  2937 | steps_t:     0 | t: 1.583920 | r:  -507.000000 | e:   1.000000 | Q:        nan | won: False 
#  268 | steps:  2947 | steps_t:     0 | t: 1.589381 | r:  -509.000000 | e:   1.000000 | Q:        nan | won: False 
#  269 | steps:  2956 | steps_t:     0 | t: 1.593656 | r:  -508.000000 | e:   1.000000 | Q:        nan | won: False 
#  270 | steps:  2961 | steps_t:     0 | t: 1.596043 | r:  -504.000000 | e:   1.000000 | Q:        nan | won: False 
#  271 | steps:  2969 | steps_t:     0 | t: 1.600290 | r:  -507.000000 | e:   1.000000 | Q:        nan | won: False 
#  272 | steps:  2976 | steps_t:     0 | t: 1.603764 | r:  -506.000000 | e:   1.000000 | Q:        nan | won: False 
#  273 | steps:  2985 | steps_t:     0 | t: 1.608133 | r:  -508.000000 | e:   1.000000 | Q:        nan | won: False 
#  274 | steps:  2994 | steps_t:     0 | t: 1.612476 | r:  -508.000000 | e:   1.000000 | Q:        nan | won: False 
#  275 | steps:  3017 | steps_t:     0 | t: 1.623761 | r:  -522.000000 | e:   1.000000 | Q:        nan | won: False 
#  276 | steps:  3038 | steps_t:     0 | t: 1.633948 | r:  -520.000000 | e:   1.000000 | Q:        nan | won: False 
#  277 | steps:  3046 | steps_t:     0 | t: 1.638329 | r:  -507.000000 | e:   1.000000 | Q:        nan | won: False 
#  278 | steps:  3053 | steps_t:     0 | t: 1.641802 | r:  -506.000000 | e:   1.000000 | Q:        nan | won: False 
#  279 | steps:  3063 | steps_t:     0 | t: 1.646490 | r:  -509.000000 | e:   1.000000 | Q:        nan | won: False 
#  280 | steps:  3077 | steps_t:     0 | t: 1.653136 | r:  -513.000000 | e:   1.000000 | Q:        nan | won: False 
#  281 | steps:  3089 | steps_t:     0 | t: 1.659313 | r:  -511.000000 | e:   1.000000 | Q:        nan | won: False 
#  282 | steps:  3097 | steps_t:     0 | t: 1.662935 | r:  -507.000000 | e:   1.000000 | Q:        nan | won: False 
#  283 | steps:  3112 | steps_t:     0 | t: 1.670619 | r:  -492.000000 | e:   1.000000 | Q:        nan | won: False 
#  284 | steps:  3119 | steps_t:     0 | t: 1.674403 | r:  -506.000000 | e:   1.000000 | Q:        nan | won: False 
#  285 | steps:  3134 | steps_t:     0 | t: 1.681264 | r:  -514.000000 | e:   1.000000 | Q:        nan | won: False 
#  286 | steps:  3148 | steps_t:     0 | t: 1.688369 | r:  -513.000000 | e:   1.000000 | Q:        nan | won: False 
#  287 | steps:  3154 | steps_t:     0 | t: 1.691314 | r:  -505.000000 | e:   1.000000 | Q:        nan | won: False 
#  288 | steps:  3163 | steps_t:     0 | t: 1.695507 | r:  -508.000000 | e:   1.000000 | Q:        nan | won: False 
#  289 | steps:  3170 | steps_t:     0 | t: 1.698803 | r:  -506.000000 | e:   1.000000 | Q:        nan | won: False 
#  290 | steps:  3179 | steps_t:     0 | t: 1.703618 | r:  -508.000000 | e:   1.000000 | Q:        nan | won: False 
#  291 | steps:  3194 | steps_t:     0 | t: 1.710699 | r:  -503.000000 | e:   1.000000 | Q:        nan | won: False 
#  292 | steps:  3210 | steps_t:     0 | t: 1.718884 | r:  -515.000000 | e:   1.000000 | Q:        nan | won: False 
#  293 | steps:  3222 | steps_t:     0 | t: 1.724884 | r:  -511.000000 | e:   1.000000 | Q:        nan | won: False 
#  294 | steps:  3230 | steps_t:     0 | t: 1.728529 | r:  -507.000000 | e:   1.000000 | Q:        nan | won: False 
#  295 | steps:  3239 | steps_t:     0 | t: 1.732769 | r:  -508.000000 | e:   1.000000 | Q:        nan | won: False 
#  296 | steps:  3251 | steps_t:     0 | t: 1.739102 | r:  -511.000000 | e:   1.000000 | Q:        nan | won: False 
#  297 | steps:  3266 | steps_t:     0 | t: 1.746543 | r:  -503.000000 | e:   1.000000 | Q:        nan | won: False 
#  298 | steps:  3285 | steps_t:     0 | t: 1.756620 | r:  -518.000000 | e:   1.000000 | Q:        nan | won: False 
#  299 | steps:  3297 | steps_t:     0 | t: 1.762403 | r:  -511.000000 | e:   1.000000 | Q:        nan | won: False 
#  300 | steps:  3324 | steps_t:     0 | t: 1.775250 | r:  -515.000000 | e:   1.000000 | Q:        nan | won: False 
#  301 | steps:  3329 | steps_t:     0 | t: 1.777866 | r:  -504.000000 | e:   1.000000 | Q:        nan | won: False 
#  302 | steps:  3336 | steps_t:     0 | t: 1.781138 | r:  -506.000000 | e:   1.000000 | Q:        nan | won: False 
#  303 | steps:  3345 | steps_t:     0 | t: 1.785841 | r:  -508.000000 | e:   1.000000 | Q:        nan | won: False 
#  304 | steps:  3367 | steps_t:     0 | t: 1.796515 | r:  -521.000000 | e:   1.000000 | Q:        nan | won: False 
#  305 | steps:  3375 | steps_t:     0 | t: 1.800559 | r:  -507.000000 | e:   1.000000 | Q:        nan | won: False 
#  306 | steps:  3387 | steps_t:     0 | t: 1.806605 | r:  -511.000000 | e:   1.000000 | Q:        nan | won: False 
#  307 | steps:  3398 | steps_t:     0 | t: 1.812724 | r:  -510.000000 | e:   1.000000 | Q:        nan | won: False 
#  308 | steps:  3409 | steps_t:     0 | t: 1.818386 | r:  -510.000000 | e:   1.000000 | Q:        nan | won: False 
#  309 | steps:  3420 | steps_t:     0 | t: 1.824279 | r:  -510.000000 | e:   1.000000 | Q:        nan | won: False 
#  310 | steps:  3428 | steps_t:     0 | t: 1.828460 | r:  -507.000000 | e:   1.000000 | Q:        nan | won: False 
#  311 | steps:  3449 | steps_t:     0 | t: 1.839520 | r:  -520.000000 | e:   1.000000 | Q:        nan | won: False 
#  312 | steps:  3457 | steps_t:     0 | t: 1.843584 | r:  -507.000000 | e:   1.000000 | Q:        nan | won: False 
#  313 | steps:  3469 | steps_t:     0 | t: 1.849903 | r:  -511.000000 | e:   1.000000 | Q:        nan | won: False 
#  314 | steps:  3476 | steps_t:     0 | t: 1.853922 | r:  -506.000000 | e:   1.000000 | Q:        nan | won: False 
#  315 | steps:  3483 | steps_t:     0 | t: 1.858081 | r:  -506.000000 | e:   1.000000 | Q:        nan | won: False 
#  316 | steps:  3489 | steps_t:     0 | t: 1.861254 | r:  -505.000000 | e:   1.000000 | Q:        nan | won: False 
#  317 | steps:  3495 | steps_t:     0 | t: 1.864218 | r:  -505.000000 | e:   1.000000 | Q:        nan | won: False 
#  318 | steps:  3506 | steps_t:     0 | t: 1.870894 | r:  -510.000000 | e:   1.000000 | Q:        nan | won: False 
#  319 | steps:  3517 | steps_t:     0 | t: 1.876918 | r:  -510.000000 | e:   1.000000 | Q:        nan | won: False 
#  320 | steps:  3528 | steps_t:     0 | t: 1.883224 | r:  -510.000000 | e:   1.000000 | Q:        nan | won: False 
#  321 | steps:  3548 | steps_t:     0 | t: 1.894494 | r:  -519.000000 | e:   1.000000 | Q:        nan | won: False 
#  322 | steps:  3559 | steps_t:     0 | t: 1.900257 | r:  -510.000000 | e:   1.000000 | Q:        nan | won: False 
#  323 | steps:  3573 | steps_t:     0 | t: 1.907674 | r:  -513.000000 | e:   1.000000 | Q:        nan | won: False 
#  324 | steps:  3582 | steps_t:     0 | t: 1.912225 | r:  -508.000000 | e:   1.000000 | Q:        nan | won: False 
#  325 | steps:  3591 | steps_t:     0 | t: 1.917073 | r:  -508.000000 | e:   1.000000 | Q:        nan | won: False 
#  326 | steps:  3606 | steps_t:     0 | t: 1.925226 | r:  -492.000000 | e:   1.000000 | Q:        nan | won: False 
#  327 | steps:  3613 | steps_t:     0 | t: 1.928946 | r:  -506.000000 | e:   1.000000 | Q:        nan | won: False 
#  328 | steps:  3628 | steps_t:     0 | t: 1.936822 | r:  -514.000000 | e:   1.000000 | Q:        nan | won: False 
#  329 | steps:  3638 | steps_t:     0 | t: 1.942172 | r:  -509.000000 | e:   1.000000 | Q:        nan | won: False 
#  330 | steps:  3647 | steps_t:     0 | t: 1.946665 | r:  -508.000000 | e:   1.000000 | Q:        nan | won: False 
#  331 | steps:  3665 | steps_t:     0 | t: 1.956511 | r:  -517.000000 | e:   1.000000 | Q:        nan | won: False 
#  332 | steps:  3673 | steps_t:     0 | t: 1.960446 | r:  -507.000000 | e:   1.000000 | Q:        nan | won: False 
#  333 | steps:  3692 | steps_t:     0 | t: 1.970244 | r:  -518.000000 | e:   1.000000 | Q:        nan | won: False 
#  334 | steps:  3701 | steps_t:     0 | t: 1.974913 | r:  -508.000000 | e:   1.000000 | Q:        nan | won: False 
#  335 | steps:  3710 | steps_t:     0 | t: 1.979134 | r:  -508.000000 | e:   1.000000 | Q:        nan | won: False 
#  336 | steps:  3719 | steps_t:     0 | t: 1.983537 | r:  -508.000000 | e:   1.000000 | Q:        nan | won: False 
#  337 | steps:  3726 | steps_t:     0 | t: 1.987956 | r:  -506.000000 | e:   1.000000 | Q:        nan | won: False 
#  338 | steps:  3738 | steps_t:     0 | t: 1.993744 | r:  -511.000000 | e:   1.000000 | Q:        nan | won: False 
#  339 | steps:  3747 | steps_t:     0 | t: 1.998265 | r:  -508.000000 | e:   1.000000 | Q:        nan | won: False 
#  340 | steps:  3757 | steps_t:     0 | t: 2.003288 | r:  -509.000000 | e:   1.000000 | Q:        nan | won: False 
#  341 | steps:  3765 | steps_t:     0 | t: 2.007643 | r:  -507.000000 | e:   1.000000 | Q:        nan | won: False 
#  342 | steps:  3773 | steps_t:     0 | t: 2.011338 | r:  -507.000000 | e:   1.000000 | Q:        nan | won: False 
#  343 | steps:  3783 | steps_t:     0 | t: 2.016139 | r:  -509.000000 | e:   1.000000 | Q:        nan | won: False 
#  344 | steps:  3807 | steps_t:     0 | t: 2.027584 | r:  -523.000000 | e:   1.000000 | Q:        nan | won: False 
#  345 | steps:  3817 | steps_t:     0 | t: 2.032306 | r:  -509.000000 | e:   1.000000 | Q:        nan | won: False 
#  346 | steps:  3827 | steps_t:     0 | t: 2.038001 | r:  -509.000000 | e:   1.000000 | Q:        nan | won: False 
#  347 | steps:  3835 | steps_t:     0 | t: 2.042320 | r:  -507.000000 | e:   1.000000 | Q:        nan | won: False 
#  348 | steps:  3845 | steps_t:     0 | t: 2.047085 | r:  -509.000000 | e:   1.000000 | Q:        nan | won: False 
#  349 | steps:  3852 | steps_t:     0 | t: 2.050674 | r:  -506.000000 | e:   1.000000 | Q:        nan | won: False 
#  350 | steps:  3868 | steps_t:     0 | t: 2.058433 | r:  -515.000000 | e:   1.000000 | Q:        nan | won: False 
#  351 | steps:  3881 | steps_t:     0 | t: 2.064466 | r:  -512.000000 | e:   1.000000 | Q:        nan | won: False 
#  352 | steps:  3894 | steps_t:     0 | t: 2.070874 | r:  -512.000000 | e:   1.000000 | Q:        nan | won: False 
#  353 | steps:  3902 | steps_t:     0 | t: 2.075185 | r:  -507.000000 | e:   1.000000 | Q:        nan | won: False 
#  354 | steps:  3909 | steps_t:     0 | t: 2.078439 | r:  -506.000000 | e:   1.000000 | Q:        nan | won: False 
#  355 | steps:  3926 | steps_t:     0 | t: 2.086497 | r:  -516.000000 | e:   1.000000 | Q:        nan | won: False 
#  356 | steps:  3933 | steps_t:     0 | t: 2.090430 | r:  -506.000000 | e:   1.000000 | Q:        nan | won: False 
#  357 | steps:  3942 | steps_t:     0 | t: 2.094656 | r:  -508.000000 | e:   1.000000 | Q:        nan | won: False 
#  358 | steps:  3950 | steps_t:     0 | t: 2.098148 | r:  -507.000000 | e:   1.000000 | Q:        nan | won: False 
#  359 | steps:  3961 | steps_t:     0 | t: 2.103753 | r:  -510.000000 | e:   1.000000 | Q:        nan | won: False 
#  360 | steps:  3970 | steps_t:     0 | t: 2.107994 | r:  -508.000000 | e:   1.000000 | Q:        nan | won: False 
#  361 | steps:  3977 | steps_t:     0 | t: 2.111140 | r:  -506.000000 | e:   1.000000 | Q:        nan | won: False 
#  362 | steps:  3987 | steps_t:     0 | t: 2.115672 | r:  -509.000000 | e:   1.000000 | Q:        nan | won: False 
#  363 | steps:  3994 | steps_t:     0 | t: 2.119480 | r:  -506.000000 | e:   1.000000 | Q:        nan | won: False 
#  364 | steps:  4004 | steps_t:     0 | t: 2.125294 | r:  -509.000000 | e:   1.000000 | Q:        nan | won: False 
#  365 | steps:  4010 | steps_t:     0 | t: 2.128330 | r:  -505.000000 | e:   1.000000 | Q:        nan | won: False 
#  366 | steps:  4015 | steps_t:     0 | t: 2.130720 | r:  -504.000000 | e:   1.000000 | Q:        nan | won: False 
#  367 | steps:  4022 | steps_t:     0 | t: 2.134270 | r:  -506.000000 | e:   1.000000 | Q:        nan | won: False 
#  368 | steps:  4036 | steps_t:     0 | t: 2.141504 | r:  -513.000000 | e:   1.000000 | Q:        nan | won: False 
#  369 | steps:  4048 | steps_t:     0 | t: 2.147123 | r:  -511.000000 | e:   1.000000 | Q:        nan | won: False 
#  370 | steps:  4058 | steps_t:     0 | t: 2.152900 | r:  -509.000000 | e:   1.000000 | Q:        nan | won: False 
#  371 | steps:  4067 | steps_t:     0 | t: 2.157999 | r:  -508.000000 | e:   1.000000 | Q:        nan | won: False 
#  372 | steps:  4073 | steps_t:     0 | t: 2.160848 | r:  -505.000000 | e:   1.000000 | Q:        nan | won: False 
#  373 | steps:  4081 | steps_t:     0 | t: 2.164537 | r:  -507.000000 | e:   1.000000 | Q:        nan | won: False 
#  374 | steps:  4092 | steps_t:     0 | t: 2.170530 | r:  -510.000000 | e:   1.000000 | Q:        nan | won: False 
#  375 | steps:  4099 | steps_t:     0 | t: 2.174298 | r:  -506.000000 | e:   1.000000 | Q:        nan | won: False 
#  376 | steps:  4111 | steps_t:     0 | t: 2.179982 | r:  -511.000000 | e:   1.000000 | Q:        nan | won: False 
#  377 | steps:  4122 | steps_t:     0 | t: 2.186342 | r:  -510.000000 | e:   1.000000 | Q:        nan | won: False 
#  378 | steps:  4128 | steps_t:     0 | t: 2.190308 | r:  -505.000000 | e:   1.000000 | Q:        nan | won: False 
#  379 | steps:  4139 | steps_t:     0 | t: 2.196223 | r:  -510.000000 | e:   1.000000 | Q:        nan | won: False 
#  380 | steps:  4151 | steps_t:     0 | t: 2.202878 | r:  -511.000000 | e:   1.000000 | Q:        nan | won: False 
#  381 | steps:  4162 | steps_t:     0 | t: 2.209613 | r:  -510.000000 | e:   1.000000 | Q:        nan | won: False 
#  382 | steps:  4180 | steps_t:     0 | t: 2.218226 | r:  -506.000000 | e:   1.000000 | Q:        nan | won: False 
#  383 | steps:  4190 | steps_t:     0 | t: 2.223305 | r:  -509.000000 | e:   1.000000 | Q:        nan | won: False 
#  384 | steps:  4213 | steps_t:     0 | t: 2.234510 | r:  -522.000000 | e:   1.000000 | Q:        nan | won: False 
#  385 | steps:  4229 | steps_t:     0 | t: 2.242357 | r:  -515.000000 | e:   1.000000 | Q:        nan | won: False 
#  386 | steps:  4235 | steps_t:     0 | t: 2.245203 | r:  -505.000000 | e:   1.000000 | Q:        nan | won: False 
#  387 | steps:  4242 | steps_t:     0 | t: 2.248356 | r:  -506.000000 | e:   1.000000 | Q:        nan | won: False 
#  388 | steps:  4250 | steps_t:     0 | t: 2.252424 | r:  -507.000000 | e:   1.000000 | Q:        nan | won: False 
#  389 | steps:  4264 | steps_t:     0 | t: 2.260031 | r:  -513.000000 | e:   1.000000 | Q:        nan | won: False 
#  390 | steps:  4285 | steps_t:     0 | t: 2.270854 | r:  -520.000000 | e:   1.000000 | Q:        nan | won: False 
#  391 | steps:  4307 | steps_t:     0 | t: 2.282155 | r:  -521.000000 | e:   1.000000 | Q:        nan | won: False 
#  392 | steps:  4319 | steps_t:     0 | t: 2.288355 | r:  -511.000000 | e:   1.000000 | Q:        nan | won: False 
#  393 | steps:  4328 | steps_t:     0 | t: 2.293782 | r:  -508.000000 | e:   1.000000 | Q:        nan | won: False 
#  394 | steps:  4333 | steps_t:     0 | t: 2.296179 | r:  -504.000000 | e:   1.000000 | Q:        nan | won: False 
#  395 | steps:  4375 | steps_t:     0 | t: 2.316121 | r:  -541.000000 | e:   1.000000 | Q:        nan | won: False 
#  396 | steps:  4392 | steps_t:     0 | t: 2.325551 | r:  -516.000000 | e:   1.000000 | Q:        nan | won: False 
#  397 | steps:  4412 | steps_t:     0 | t: 2.335662 | r:  -519.000000 | e:   1.000000 | Q:        nan | won: False 
#  398 | steps:  4426 | steps_t:     0 | t: 2.342755 | r:  -513.000000 | e:   1.000000 | Q:        nan | won: False 
#  399 | steps:  4443 | steps_t:     0 | t: 2.351425 | r:  -516.000000 | e:   1.000000 | Q:        nan | won: False 
#  400 | steps:  4450 | steps_t:     0 | t: 2.355776 | r:  -506.000000 | e:   1.000000 | Q:        nan | won: False 
#  401 | steps:  4456 | steps_t:     0 | t: 2.359464 | r:  -505.000000 | e:   1.000000 | Q:        nan | won: False 
#  402 | steps:  4472 | steps_t:     0 | t: 2.368843 | r:  -515.000000 | e:   1.000000 | Q:        nan | won: False 
#  403 | steps:  4484 | steps_t:     0 | t: 2.374902 | r:  -511.000000 | e:   1.000000 | Q:        nan | won: False 
#  404 | steps:  4501 | steps_t:     0 | t: 2.383208 | r:  -516.000000 | e:   1.000000 | Q:        nan | won: False 
#  405 | steps:  4507 | steps_t:     0 | t: 2.386616 | r:  -505.000000 | e:   1.000000 | Q:        nan | won: False 
#  406 | steps:  4524 | steps_t:     0 | t: 2.395404 | r:  -516.000000 | e:   1.000000 | Q:        nan | won: False 
#  407 | steps:  4530 | steps_t:     0 | t: 2.398351 | r:  -505.000000 | e:   1.000000 | Q:        nan | won: False 
#  408 | steps:  4536 | steps_t:     0 | t: 2.401561 | r:  -505.000000 | e:   1.000000 | Q:        nan | won: False 
#  409 | steps:  4547 | steps_t:     0 | t: 2.407381 | r:  -510.000000 | e:   1.000000 | Q:        nan | won: False 
#  410 | steps:  4555 | steps_t:     0 | t: 2.411013 | r:  -507.000000 | e:   1.000000 | Q:        nan | won: False 
#  411 | steps:  4562 | steps_t:     0 | t: 2.414267 | r:  -506.000000 | e:   1.000000 | Q:        nan | won: False 
#  412 | steps:  4579 | steps_t:     0 | t: 2.423018 | r:  -516.000000 | e:   1.000000 | Q:        nan | won: False 
#  413 | steps:  4585 | steps_t:     0 | t: 2.425711 | r:  -505.000000 | e:   1.000000 | Q:        nan | won: False 
#  414 | steps:  4600 | steps_t:     0 | t: 2.432818 | r:  -514.000000 | e:   1.000000 | Q:        nan | won: False 
#  415 | steps:  4615 | steps_t:     0 | t: 2.441330 | r:  -514.000000 | e:   1.000000 | Q:        nan | won: False 
#  416 | steps:  4622 | steps_t:     0 | t: 2.444462 | r:  -506.000000 | e:   1.000000 | Q:        nan | won: False 
#  417 | steps:  4631 | steps_t:     0 | t: 2.448625 | r:  -508.000000 | e:   1.000000 | Q:        nan | won: False 
#  418 | steps:  4641 | steps_t:     0 | t: 2.453684 | r:  -509.000000 | e:   1.000000 | Q:        nan | won: False 
#  419 | steps:  4654 | steps_t:     0 | t: 2.460300 | r:  -512.000000 | e:   1.000000 | Q:        nan | won: False 
#  420 | steps:  4664 | steps_t:     0 | t: 2.464768 | r:  -509.000000 | e:   1.000000 | Q:        nan | won: False 
#  421 | steps:  4671 | steps_t:     0 | t: 2.469378 | r:  -506.000000 | e:   1.000000 | Q:        nan | won: False 
#  422 | steps:  4678 | steps_t:     0 | t: 2.472792 | r:  -506.000000 | e:   1.000000 | Q:        nan | won: False 
#  423 | steps:  4691 | steps_t:     0 | t: 2.479223 | r:  -512.000000 | e:   1.000000 | Q:        nan | won: False 
#  424 | steps:  4697 | steps_t:     0 | t: 2.481993 | r:  -505.000000 | e:   1.000000 | Q:        nan | won: False 
#  425 | steps:  4704 | steps_t:     0 | t: 2.486090 | r:  -506.000000 | e:   1.000000 | Q:        nan | won: False 
#  426 | steps:  4715 | steps_t:     0 | t: 2.491498 | r:  -510.000000 | e:   1.000000 | Q:        nan | won: False 
#  427 | steps:  4735 | steps_t:     0 | t: 2.501699 | r:  -519.000000 | e:   1.000000 | Q:        nan | won: False 
#  428 | steps:  4743 | steps_t:     0 | t: 2.505397 | r:  -507.000000 | e:   1.000000 | Q:        nan | won: False 
#  429 | steps:  4750 | steps_t:     0 | t: 2.509088 | r:  -506.000000 | e:   1.000000 | Q:        nan | won: False 
#  430 | steps:  4770 | steps_t:     0 | t: 2.518731 | r:  -519.000000 | e:   1.000000 | Q:        nan | won: False 
#  431 | steps:  4784 | steps_t:     0 | t: 2.525701 | r:  -513.000000 | e:   1.000000 | Q:        nan | won: False 
#  432 | steps:  4807 | steps_t:     0 | t: 2.536580 | r:  -511.000000 | e:   1.000000 | Q:        nan | won: False 
#  433 | steps:  4819 | steps_t:     0 | t: 2.542633 | r:  -511.000000 | e:   1.000000 | Q:        nan | won: False 
#  434 | steps:  4826 | steps_t:     0 | t: 2.546221 | r:  -506.000000 | e:   1.000000 | Q:        nan | won: False 
#  435 | steps:  4836 | steps_t:     0 | t: 2.551409 | r:  -509.000000 | e:   1.000000 | Q:        nan | won: False 
#  436 | steps:  4844 | steps_t:     0 | t: 2.555382 | r:  -507.000000 | e:   1.000000 | Q:        nan | won: False 
#  437 | steps:  4854 | steps_t:     0 | t: 2.560610 | r:  -509.000000 | e:   1.000000 | Q:        nan | won: False 
#  438 | steps:  4863 | steps_t:     0 | t: 2.564710 | r:  -508.000000 | e:   1.000000 | Q:        nan | won: False 
#  439 | steps:  4887 | steps_t:     0 | t: 2.580040 | r:  -523.000000 | e:   1.000000 | Q:        nan | won: False 
#  440 | steps:  4895 | steps_t:     0 | t: 2.584147 | r:  -507.000000 | e:   1.000000 | Q:        nan | won: False 
#  441 | steps:  4908 | steps_t:     0 | t: 2.590955 | r:  -512.000000 | e:   1.000000 | Q:        nan | won: False 
#  442 | steps:  4916 | steps_t:     0 | t: 2.594539 | r:  -507.000000 | e:   1.000000 | Q:        nan | won: False 
#  443 | steps:  4925 | steps_t:     0 | t: 2.598346 | r:  -508.000000 | e:   1.000000 | Q:        nan | won: False 
#  444 | steps:  4934 | steps_t:     0 | t: 2.603112 | r:  -508.000000 | e:   1.000000 | Q:        nan | won: False 
#  445 | steps:  4944 | steps_t:     0 | t: 2.608132 | r:  -509.000000 | e:   1.000000 | Q:        nan | won: False 
#  446 | steps:  4961 | steps_t:     0 | t: 2.615964 | r:  -516.000000 | e:   1.000000 | Q:        nan | won: False 
#  447 | steps:  4968 | steps_t:     0 | t: 2.620213 | r:  -506.000000 | e:   1.000000 | Q:        nan | won: False 
#  448 | steps:  4979 | steps_t:     0 | t: 2.626016 | r:  -510.000000 | e:   1.000000 | Q:        nan | won: False 
#  449 | steps:  4997 | steps_t:     0 | t: 2.634583 | r:  -517.000000 | e:   1.000000 | Q:        nan | won: False 
#  450 | steps:  5004 | steps_t:     2 | t: 2.797008 | r:  -506.000000 | e:   0.999800 | Q:        nan | won: False 
#  451 | steps:  5014 | steps_t:    11 | t: 2.923702 | r:  -509.000000 | e:   0.998900 | Q:        nan | won: False 
#  452 | steps:  5025 | steps_t:    21 | t: 3.080141 | r:  -510.000000 | e:   0.997900 | Q:        nan | won: False 
#  453 | steps:  5031 | steps_t:    26 | t: 3.177984 | r:  -505.000000 | e:   0.997400 | Q:        nan | won: False 
#  454 | steps:  5043 | steps_t:    37 | t: 3.409447 | r:  -511.000000 | e:   0.996300 | Q:        nan | won: False 
#  455 | steps:  5050 | steps_t:    43 | t: 3.553153 | r:  -506.000000 | e:   0.995700 | Q:        nan | won: False 
#  456 | steps:  5059 | steps_t:    51 | t: 3.691325 | r:  -508.000000 | e:   0.994900 | Q:        nan | won: False 
#  457 | steps:  5072 | steps_t:    63 | t: 3.913437 | r:  -512.000000 | e:   0.993700 | Q:        nan | won: False 
#  458 | steps:  5091 | steps_t:    81 | t: 4.280729 | r:  -518.000000 | e:   0.991900 | Q:        nan | won: False 
#  459 | steps:  5101 | steps_t:    90 | t: 4.512842 | r:  -509.000000 | e:   0.991000 | Q:        nan | won: False 
