#    1 | steps:    25 | steps_t: 1080975 | t: 0.086413 | r:    87.000000 | e:   0.100000 | Q: 100.366638 | won: True 
#    2 | steps:    54 | steps_t: 1080975 | t: 0.137933 | r:  -517.000000 | e:   0.100000 | Q:  88.901855 | won: False 
#    3 | steps:    72 | steps_t: 1080975 | t: 0.169322 | r:    94.000000 | e:   0.100000 | Q: 100.270859 | won: True 
#    4 | steps:    98 | steps_t: 1080975 | t: 0.216556 | r:    86.000000 | e:   0.100000 | Q:  97.813156 | won: True 
#    5 | steps:   116 | steps_t: 1080975 | t: 0.256499 | r:    94.000000 | e:   0.100000 | Q: 100.270859 | won: True 
#    6 | steps:   134 | steps_t: 1080975 | t: 0.288069 | r:    94.000000 | e:   0.100000 | Q: 100.270859 | won: True 
#    7 | steps:   152 | steps_t: 1080975 | t: 0.323072 | r:    94.000000 | e:   0.100000 | Q: 100.270859 | won: True 
#    8 | steps:   186 | steps_t: 1080975 | t: 0.387078 | r:  -522.000000 | e:   0.100000 | Q: 104.174797 | won: False 
#    9 | steps:   205 | steps_t: 1080975 | t: 0.422919 | r:    93.000000 | e:   0.100000 | Q: 100.190926 | won: True 
#   10 | steps:   223 | steps_t: 1080975 | t: 0.455991 | r:    94.000000 | e:   0.100000 | Q: 100.270859 | won: True 
#   11 | steps:   238 | steps_t: 1080975 | t: 0.480645 | r:  -503.000000 | e:   0.100000 | Q:  77.974220 | won: False 
#   12 | steps:   253 | steps_t: 1080975 | t: 0.506005 | r:  -503.000000 | e:   0.100000 | Q:  77.974220 | won: False 
#   13 | steps:   270 | steps_t: 1080975 | t: 0.536749 | r:  -505.000000 | e:   0.100000 | Q:  86.851959 | won: False 
#   14 | steps:   288 | steps_t: 1080975 | t: 0.573629 | r:    94.000000 | e:   0.100000 | Q: 100.270859 | won: True 
#   15 | steps:   306 | steps_t: 1080975 | t: 0.608004 | r:    94.000000 | e:   0.100000 | Q: 100.270859 | won: True 
#   16 | steps:   322 | steps_t: 1080975 | t: 0.722869 | r:  -504.000000 | e:   0.100000 | Q:  81.129013 | won: False 
#   17 | steps:   344 | steps_t: 1080975 | t: 0.764705 | r:    90.000000 | e:   0.100000 | Q: 100.270859 | won: True 
#   18 | steps:   362 | steps_t: 1080975 | t: 0.796437 | r:  -506.000000 | e:   0.100000 | Q:  93.151527 | won: False 
#   19 | steps:   380 | steps_t: 1080975 | t: 0.832821 | r:    94.000000 | e:   0.100000 | Q: 100.270859 | won: True 
#   20 | steps:   395 | steps_t: 1080975 | t: 0.860317 | r:  -503.000000 | e:   0.100000 | Q:  69.159096 | won: False 
#   21 | steps:   425 | steps_t: 1080975 | t: 0.916459 | r:    82.000000 | e:   0.100000 | Q:  97.813156 | won: True 
#   22 | steps:   443 | steps_t: 1080975 | t: 0.949207 | r:    94.000000 | e:   0.100000 | Q: 100.270859 | won: True 
#   23 | steps:   458 | steps_t: 1080975 | t: 0.975656 | r:  -503.000000 | e:   0.100000 | Q:  69.751167 | won: False 
#   24 | steps:   474 | steps_t: 1080975 | t: 1.004528 | r:  -504.000000 | e:   0.100000 | Q:  77.974220 | won: False 
#   25 | steps:   492 | steps_t: 1080975 | t: 1.037511 | r:    94.000000 | e:   0.100000 | Q: 100.270859 | won: True 
#   26 | steps:   522 | steps_t: 1080975 | t: 1.086964 | r:  -518.000000 | e:   0.100000 | Q:  94.431725 | won: False 
#   27 | steps:   540 | steps_t: 1080975 | t: 1.119241 | r:    94.000000 | e:   0.100000 | Q: 100.270859 | won: True 
#   28 | steps:   570 | steps_t: 1080975 | t: 1.172109 | r:    82.000000 | e:   0.100000 | Q:  99.896408 | won: True 
#   29 | steps:   588 | steps_t: 1080975 | t: 1.203196 | r:    94.000000 | e:   0.100000 | Q: 100.270859 | won: True 
#   30 | steps:   622 | steps_t: 1080975 | t: 1.266201 | r:    78.000000 | e:   0.100000 | Q: 104.174797 | won: True 
#   31 | steps:   652 | steps_t: 1080975 | t: 1.326103 | r:    82.000000 | e:   0.100000 | Q:  97.813156 | won: True 
#   32 | steps:   686 | steps_t: 1080975 | t: 1.387727 | r:    78.000000 | e:   0.100000 | Q: 101.887489 | won: True 
#   33 | steps:   717 | steps_t: 1080975 | t: 1.440428 | r:  -519.000000 | e:   0.100000 | Q:  84.748795 | won: False 
#   34 | steps:   746 | steps_t: 1080975 | t: 1.489366 | r:    83.000000 | e:   0.100000 | Q: 100.675034 | won: True 
#   35 | steps:   762 | steps_t: 1080975 | t: 1.516209 | r:  -515.000000 | e:   0.100000 | Q:  59.225456 | won: False 
#   36 | steps:   780 | steps_t: 1080975 | t: 1.555470 | r:    94.000000 | e:   0.100000 | Q: 100.270859 | won: True 
#   37 | steps:   795 | steps_t: 1080975 | t: 1.584822 | r:  -503.000000 | e:   0.100000 | Q:  69.159096 | won: False 
#   38 | steps:   817 | steps_t: 1080975 | t: 1.628594 | r:    90.000000 | e:   0.100000 | Q: 100.270859 | won: True 
#   39 | steps:   835 | steps_t: 1080975 | t: 1.665342 | r:    94.000000 | e:   0.100000 | Q: 100.270859 | won: True 
#   40 | steps:   865 | steps_t: 1080975 | t: 1.723489 | r:    82.000000 | e:   0.100000 | Q:  97.813156 | won: True 
#   41 | steps:   883 | steps_t: 1080975 | t: 1.758881 | r:    94.000000 | e:   0.100000 | Q: 100.270859 | won: True 
#   42 | steps:   901 | steps_t: 1080975 | t: 1.802354 | r:    94.000000 | e:   0.100000 | Q: 100.270859 | won: True 
#   43 | steps:   918 | steps_t: 1080975 | t: 1.836417 | r:  -516.000000 | e:   0.100000 | Q:  65.646248 | won: False 
#   44 | steps:   936 | steps_t: 1080975 | t: 1.873670 | r:    94.000000 | e:   0.100000 | Q: 100.270859 | won: True 
#   45 | steps:   958 | steps_t: 1080975 | t: 1.915743 | r:    90.000000 | e:   0.100000 | Q: 100.270859 | won: True 
#   46 | steps:   983 | steps_t: 1080975 | t: 1.968993 | r:    87.000000 | e:   0.100000 | Q: 100.366638 | won: True 
#   47 | steps:  1004 | steps_t: 1080975 | t: 2.008199 | r:    91.000000 | e:   0.100000 | Q: 100.366638 | won: True 
#   48 | steps:  1025 | steps_t: 1080975 | t: 2.046319 | r:    91.000000 | e:   0.100000 | Q:  74.857689 | won: True 
#   49 | steps:  1047 | steps_t: 1080975 | t: 2.085891 | r:    90.000000 | e:   0.100000 | Q: 100.270859 | won: True 
#   50 | steps:  1065 | steps_t: 1080975 | t: 2.118143 | r:    94.000000 | e:   0.100000 | Q: 100.270859 | won: True 
#   51 | steps:  1078 | steps_t: 1080975 | t: 2.137605 | r:  -501.000000 | e:   0.100000 | Q:  74.420181 | won: False 
#   52 | steps:  1095 | steps_t: 1080975 | t: 2.166331 | r:  -516.000000 | e:   0.100000 | Q:  52.583405 | won: False 
#   53 | steps:  1113 | steps_t: 1080975 | t: 2.206462 | r:    94.000000 | e:   0.100000 | Q: 100.270859 | won: True 
#   54 | steps:  1133 | steps_t: 1080975 | t: 2.246064 | r:  -508.000000 | e:   0.100000 | Q:  82.919876 | won: False 
#   55 | steps:  1147 | steps_t: 1080975 | t: 2.270558 | r:  -502.000000 | e:   0.100000 | Q:  69.159096 | won: False 
#   56 | steps:  1169 | steps_t: 1080975 | t: 2.318608 | r:    90.000000 | e:   0.100000 | Q: 100.270859 | won: True 
#   57 | steps:  1187 | steps_t: 1080975 | t: 2.358756 | r:    94.000000 | e:   0.100000 | Q: 100.270859 | won: True 
#   58 | steps:  1217 | steps_t: 1080975 | t: 2.420398 | r:    82.000000 | e:   0.100000 | Q:  97.813156 | won: True 
#   59 | steps:  1235 | steps_t: 1080975 | t: 2.455473 | r:    94.000000 | e:   0.100000 | Q: 100.270859 | won: True 
#   60 | steps:  1265 | steps_t: 1080975 | t: 2.523341 | r:    82.000000 | e:   0.100000 | Q:  99.896408 | won: True 
#   61 | steps:  1283 | steps_t: 1080975 | t: 2.561876 | r:    94.000000 | e:   0.100000 | Q: 100.270859 | won: True 
#   62 | steps:  1301 | steps_t: 1080975 | t: 2.594804 | r:    94.000000 | e:   0.100000 | Q:  93.151527 | won: True 
#   63 | steps:  1319 | steps_t: 1080975 | t: 2.637954 | r:    94.000000 | e:   0.100000 | Q: 100.270859 | won: True 
#   64 | steps:  1334 | steps_t: 1080975 | t: 2.675462 | r:  -503.000000 | e:   0.100000 | Q:  74.420181 | won: False 
#   65 | steps:  1347 | steps_t: 1080975 | t: 2.702262 | r:  -501.000000 | e:   0.100000 | Q:  74.420181 | won: False 
#   66 | steps:  1366 | steps_t: 1080975 | t: 2.739307 | r:  -496.000000 | e:   0.100000 | Q:  57.186844 | won: False 
#   67 | steps:  1389 | steps_t: 1080975 | t: 2.791834 | r:  -511.000000 | e:   0.100000 | Q:  60.599041 | won: False 
#   68 | steps:  1407 | steps_t: 1080975 | t: 2.826862 | r:    94.000000 | e:   0.100000 | Q: 100.270859 | won: True 
#   69 | steps:  1425 | steps_t: 1080975 | t: 2.875476 | r:    94.000000 | e:   0.100000 | Q: 100.270859 | won: True 
#   70 | steps:  1443 | steps_t: 1080975 | t: 2.916639 | r:    94.000000 | e:   0.100000 | Q: 100.270859 | won: True 
#   71 | steps:  1467 | steps_t: 1080975 | t: 2.977220 | r:    88.000000 | e:   0.100000 | Q:  99.326248 | won: True 
#   72 | steps:  1488 | steps_t: 1080975 | t: 3.022526 | r:  -509.000000 | e:   0.100000 | Q:  86.851959 | won: False 
#   73 | steps:  1513 | steps_t: 1080975 | t: 3.081827 | r:    87.000000 | e:   0.100000 | Q: 100.366638 | won: True 
#   74 | steps:  1531 | steps_t: 1080975 | t: 3.124888 | r:    94.000000 | e:   0.100000 | Q: 100.270859 | won: True 
#   75 | steps:  1553 | steps_t: 1080975 | t: 3.170102 | r:    90.000000 | e:   0.100000 | Q:  97.813156 | won: True 
#   76 | steps:  1587 | steps_t: 1080975 | t: 3.249285 | r:    78.000000 | e:   0.100000 | Q: 100.270859 | won: True 
#   77 | steps:  1602 | steps_t: 1080975 | t: 3.276716 | r:  -503.000000 | e:   0.100000 | Q:  71.705902 | won: False 
#   78 | steps:  1620 | steps_t: 1080975 | t: 3.314751 | r:    94.000000 | e:   0.100000 | Q: 100.270859 | won: True 
#   79 | steps:  1638 | steps_t: 1080975 | t: 3.351764 | r:    94.000000 | e:   0.100000 | Q: 100.270859 | won: True 
#   80 | steps:  1654 | steps_t: 1080975 | t: 3.381180 | r:  -515.000000 | e:   0.100000 | Q:  45.411602 | won: False 
#   81 | steps:  1674 | steps_t: 1080975 | t: 3.427544 | r:  -508.000000 | e:   0.100000 | Q:  57.186844 | won: False 
#   82 | steps:  1692 | steps_t: 1080975 | t: 3.462062 | r:  -517.000000 | e:   0.100000 | Q:  52.233669 | won: False 
#   83 | steps:  1706 | steps_t: 1080975 | t: 3.483016 | r:  -513.000000 | e:   0.100000 | Q:  52.583405 | won: False 
#   84 | steps:  1730 | steps_t: 1080975 | t: 3.530032 | r:    88.000000 | e:   0.100000 | Q:  99.326248 | won: True 
#   85 | steps:  1748 | steps_t: 1080975 | t: 3.563957 | r:    94.000000 | e:   0.100000 | Q: 100.270859 | won: True 
#   86 | steps:  1770 | steps_t: 1080975 | t: 3.608637 | r:    90.000000 | e:   0.100000 | Q:  99.896408 | won: True 
#   87 | steps:  1784 | steps_t: 1080975 | t: 3.629019 | r:  -513.000000 | e:   0.100000 | Q:  45.411602 | won: False 
#   88 | steps:  1818 | steps_t: 1080975 | t: 3.693550 | r:    78.000000 | e:   0.100000 | Q: 104.174797 | won: True 
#   89 | steps:  1837 | steps_t: 1080975 | t: 3.732084 | r:    93.000000 | e:   0.100000 | Q: 100.190926 | won: True 
#   90 | steps:  1850 | steps_t: 1080975 | t: 3.755155 | r:  -501.000000 | e:   0.100000 | Q:  74.420181 | won: False 
#   91 | steps:  1868 | steps_t: 1080975 | t: 3.790167 | r:    94.000000 | e:   0.100000 | Q: 100.270859 | won: True 
#   92 | steps:  1883 | steps_t: 1080975 | t: 3.818043 | r:  -503.000000 | e:   0.100000 | Q:  77.974220 | won: False 
#   93 | steps:  1916 | steps_t: 1080975 | t: 3.882069 | r:  -521.000000 | e:   0.100000 | Q:  89.553993 | won: False 
#   94 | steps:  1934 | steps_t: 1080975 | t: 3.911561 | r:  -506.000000 | e:   0.100000 | Q:  93.151527 | won: False 
#   95 | steps:  1951 | steps_t: 1080975 | t: 3.945650 | r:  -505.000000 | e:   0.100000 | Q:  86.851959 | won: False 
