#    1 | steps:    45 | steps_t: 90830 | t: 0.134726 | r:  -533.000000 | e:   0.100000 | Q: 254.989517 | won: False 
#    2 | steps:    86 | steps_t: 90830 | t: 0.217441 | r:  -529.000000 | e:   0.100000 | Q: 254.989517 | won: False 
#    3 | steps:   132 | steps_t: 90830 | t: 0.329892 | r:  -534.000000 | e:   0.100000 | Q: 254.989517 | won: False 
#    4 | steps:   165 | steps_t: 90830 | t: 0.405344 | r:  -521.000000 | e:   0.100000 | Q: 254.989517 | won: False 
#    5 | steps:   217 | steps_t: 90830 | t: 0.538488 | r:  -540.000000 | e:   0.100000 | Q: 254.989517 | won: False 
#    6 | steps:   361 | steps_t: 90830 | t: 0.959997 | r:  -632.000000 | e:   0.100000 | Q: 208.423416 | won: False 
#    7 | steps:   369 | steps_t: 90830 | t: 0.967373 | r:  -507.000000 | e:   0.100000 | Q: 179.041473 | won: False 
#    8 | steps:   384 | steps_t: 90830 | t: 0.997006 | r:  -503.000000 | e:   0.100000 | Q: 172.634140 | won: False 
#    9 | steps:   477 | steps_t: 90830 | t: 1.150941 | r:  -581.000000 | e:   0.100000 | Q: 254.989517 | won: False 
#   10 | steps:   508 | steps_t: 90830 | t: 1.197054 | r:  -519.000000 | e:   0.100000 | Q: 254.989517 | won: False 
#   11 | steps:   545 | steps_t: 90830 | t: 1.265115 | r:  -525.000000 | e:   0.100000 | Q: 254.989517 | won: False 
#   12 | steps:   586 | steps_t: 90830 | t: 1.365002 | r:  -529.000000 | e:   0.100000 | Q: 207.932129 | won: False 
#   13 | steps:   682 | steps_t: 90830 | t: 1.559601 | r:  -584.000000 | e:   0.100000 | Q: 223.623199 | won: False 
#   14 | steps:   701 | steps_t: 90830 | t: 1.593172 | r:  -507.000000 | e:   0.100000 | Q: 153.768494 | won: False 
#   15 | steps:   751 | steps_t: 90830 | t: 1.669300 | r:  -538.000000 | e:   0.100000 | Q: 254.989517 | won: False 
#   16 | steps:   892 | steps_t: 90830 | t: 1.879244 | r:  -629.000000 | e:   0.100000 | Q: 254.989517 | won: False 
#   17 | steps:   926 | steps_t: 90830 | t: 1.943883 | r:  -522.000000 | e:   0.100000 | Q: 254.989517 | won: False 
#   18 | steps:   954 | steps_t: 90830 | t: 1.991381 | r:    84.000000 | e:   0.100000 | Q: 254.989517 | won: True 
#   19 | steps:  1004 | steps_t: 90830 | t: 2.077516 | r:  -538.000000 | e:   0.100000 | Q: 254.989517 | won: False 
#   20 | steps:  1053 | steps_t: 90830 | t: 2.151599 | r:  -537.000000 | e:   0.100000 | Q: 207.932129 | won: False 
#   21 | steps:  1069 | steps_t: 90830 | t: 2.175854 | r:  -515.000000 | e:   0.100000 | Q: 254.989517 | won: False 
#   22 | steps:  1099 | steps_t: 90830 | t: 2.224856 | r:  -518.000000 | e:   0.100000 | Q: 254.989517 | won: False 
#   23 | steps:  1151 | steps_t: 90830 | t: 2.301185 | r:  -540.000000 | e:   0.100000 | Q: 254.989517 | won: False 
#   24 | steps:  1191 | steps_t: 90830 | t: 2.365867 | r:  -528.000000 | e:   0.100000 | Q: 254.989517 | won: False 
#   25 | steps:  1223 | steps_t: 90830 | t: 2.414072 | r:  -520.000000 | e:   0.100000 | Q: 254.989517 | won: False 
#   26 | steps:  1252 | steps_t: 90830 | t: 2.457960 | r:  -517.000000 | e:   0.100000 | Q: 254.989517 | won: False 
#   27 | steps:  1313 | steps_t: 90830 | t: 2.558691 | r:  -549.000000 | e:   0.100000 | Q: 254.989517 | won: False 
#   28 | steps:  1416 | steps_t: 90830 | t: 2.712246 | r:  -591.000000 | e:   0.100000 | Q: 254.989517 | won: False 
#   29 | steps:  1430 | steps_t: 90830 | t: 2.728859 | r:  -513.000000 | e:   0.100000 | Q: 207.932129 | won: False 
#   30 | steps:  1531 | steps_t: 90830 | t: 2.880907 | r:  -589.000000 | e:   0.100000 | Q: 172.634140 | won: False 
#   31 | steps:  1562 | steps_t: 90830 | t: 2.929435 | r:  -519.000000 | e:   0.100000 | Q: 254.989517 | won: False 
#   32 | steps:  1583 | steps_t: 90830 | t: 2.960342 | r:  -509.000000 | e:   0.100000 | Q: 254.989517 | won: False 
#   33 | steps:  1606 | steps_t: 90830 | t: 2.994639 | r:  -511.000000 | e:   0.100000 | Q: 161.517670 | won: False 
#   34 | steps:  1681 | steps_t: 90830 | t: 3.109371 | r:  -563.000000 | e:   0.100000 | Q: 254.989517 | won: False 
#   35 | steps:  1742 | steps_t: 90830 | t: 3.204076 | r:  -549.000000 | e:   0.100000 | Q: 229.685638 | won: False 
#   36 | steps:  1814 | steps_t: 90830 | t: 3.318376 | r:  -560.000000 | e:   0.100000 | Q: 254.989517 | won: False 
#   37 | steps:  1829 | steps_t: 90830 | t: 3.341367 | r:  -503.000000 | e:   0.100000 | Q: 207.932129 | won: False 
#   38 | steps:  1911 | steps_t: 90830 | t: 3.464117 | r:  -570.000000 | e:   0.100000 | Q: 204.240723 | won: False 
#   39 | steps:  1991 | steps_t: 90830 | t: 3.588933 | r:  -568.000000 | e:   0.100000 | Q: 254.989517 | won: False 
#   40 | steps:  2060 | steps_t: 90830 | t: 3.688475 | r:  -557.000000 | e:   0.100000 | Q: 229.685638 | won: False 
#   41 | steps:  2079 | steps_t: 90830 | t: 3.725900 | r:  -507.000000 | e:   0.100000 | Q: 153.768494 | won: False 
#   42 | steps:  2094 | steps_t: 90830 | t: 3.755821 | r:  -503.000000 | e:   0.100000 | Q: 190.709396 | won: False 
#   43 | steps:  2148 | steps_t: 90830 | t: 3.843615 | r:  -542.000000 | e:   0.100000 | Q: 223.623199 | won: False 
#   44 | steps:  2233 | steps_t: 90830 | t: 3.965538 | r:  -573.000000 | e:   0.100000 | Q: 229.685638 | won: False 
#   45 | steps:  2250 | steps_t: 90830 | t: 3.991513 | r:  -516.000000 | e:   0.100000 | Q: 254.989517 | won: False 
#   46 | steps:  2296 | steps_t: 90830 | t: 4.061797 | r:  -534.000000 | e:   0.100000 | Q: 254.989517 | won: False 
#   47 | steps:  2354 | steps_t: 90830 | t: 4.153595 | r:  -546.000000 | e:   0.100000 | Q: 254.989517 | won: False 
#   48 | steps:  2415 | steps_t: 90830 | t: 4.266442 | r:  -549.000000 | e:   0.100000 | Q: 254.989517 | won: False 
#   49 | steps:  2452 | steps_t: 90830 | t: 4.345355 | r:  -525.000000 | e:   0.100000 | Q: 204.240723 | won: False 
#   50 | steps:  2511 | steps_t: 90830 | t: 4.453784 | r:  -547.000000 | e:   0.100000 | Q: 254.989517 | won: False 
#   51 | steps:  2539 | steps_t: 90830 | t: 4.497651 | r:  -516.000000 | e:   0.100000 | Q: 254.989517 | won: False 
#   52 | steps:  2572 | steps_t: 90830 | t: 4.554648 | r:  -521.000000 | e:   0.100000 | Q: 188.598648 | won: False 
#   53 | steps:  2608 | steps_t: 90830 | t: 4.614658 | r:  -524.000000 | e:   0.100000 | Q: 254.989517 | won: False 
#   54 | steps:  2688 | steps_t: 90830 | t: 4.749711 | r:  -568.000000 | e:   0.100000 | Q: 254.989517 | won: False 
#   55 | steps:  2777 | steps_t: 90830 | t: 4.909392 | r:    23.000000 | e:   0.100000 | Q: 254.989517 | won: True 
#   56 | steps:  2844 | steps_t: 90830 | t: 5.018785 | r:  -555.000000 | e:   0.100000 | Q: 229.685638 | won: False 
#   57 | steps:  2888 | steps_t: 90830 | t: 5.088642 | r:  -532.000000 | e:   0.100000 | Q: 254.989517 | won: False 
#   58 | steps:  2922 | steps_t: 90830 | t: 5.138114 | r:  -522.000000 | e:   0.100000 | Q: 182.531891 | won: False 
#   59 | steps:  3045 | steps_t: 90830 | t: 5.330288 | r:  -611.000000 | e:   0.100000 | Q: 190.709396 | won: False 
#   60 | steps:  3091 | steps_t: 90830 | t: 5.408091 | r:  -534.000000 | e:   0.100000 | Q: 254.989517 | won: False 
#   61 | steps:  3124 | steps_t: 90830 | t: 5.456079 | r:  -521.000000 | e:   0.100000 | Q: 188.598648 | won: False 
#   62 | steps:  3171 | steps_t: 90830 | t: 5.536161 | r:  -535.000000 | e:   0.100000 | Q: 254.989517 | won: False 
#   63 | steps:  3197 | steps_t: 90830 | t: 5.575838 | r:  -514.000000 | e:   0.100000 | Q: 254.989517 | won: False 
#   64 | steps:  3389 | steps_t: 90830 | t: 5.858366 | r:  -680.000000 | e:   0.100000 | Q: 254.989517 | won: False 
#   65 | steps:  3463 | steps_t: 90830 | t: 5.964215 | r:  -562.000000 | e:   0.100000 | Q: 254.989517 | won: False 
#   66 | steps:  3512 | steps_t: 90830 | t: 6.059079 | r:  -537.000000 | e:   0.100000 | Q: 254.989517 | won: False 
#   67 | steps:  3527 | steps_t: 90830 | t: 6.080155 | r:  -503.000000 | e:   0.100000 | Q: 201.892044 | won: False 
#   68 | steps:  3642 | steps_t: 90830 | t: 6.274852 | r:  -603.000000 | e:   0.100000 | Q: 254.989517 | won: False 
#   69 | steps:  3699 | steps_t: 90830 | t: 6.353266 | r:  -545.000000 | e:   0.100000 | Q: 254.989517 | won: False 
#   70 | steps:  3743 | steps_t: 90830 | t: 6.418363 | r:  -532.000000 | e:   0.100000 | Q: 254.989517 | won: False 
#   71 | steps:  3777 | steps_t: 90830 | t: 6.466412 | r:  -522.000000 | e:   0.100000 | Q: 207.932129 | won: False 
#   72 | steps:  3816 | steps_t: 90830 | t: 6.523733 | r:  -527.000000 | e:   0.100000 | Q: 185.644272 | won: False 
#   73 | steps:  3868 | steps_t: 90830 | t: 6.594731 | r:  -540.000000 | e:   0.100000 | Q: 254.989517 | won: False 
#   74 | steps:  3940 | steps_t: 90830 | t: 6.733883 | r:  -560.000000 | e:   0.100000 | Q: 190.709396 | won: False 
#   75 | steps:  4055 | steps_t: 90830 | t: 6.896544 | r:  -603.000000 | e:   0.100000 | Q: 254.989517 | won: False 
#   76 | steps:  4078 | steps_t: 90830 | t: 6.933963 | r:  -511.000000 | e:   0.100000 | Q: 153.768494 | won: False 
#   77 | steps:  4107 | steps_t: 90830 | t: 6.976996 | r:    83.000000 | e:   0.100000 | Q: 254.989517 | won: True 
#   78 | steps:  4152 | steps_t: 90830 | t: 7.044586 | r:  -533.000000 | e:   0.100000 | Q: 254.989517 | won: False 
#   79 | steps:  4190 | steps_t: 90830 | t: 7.109788 | r:  -526.000000 | e:   0.100000 | Q: 223.623199 | won: False 
#   80 | steps:  4215 | steps_t: 90830 | t: 7.159534 | r:  -513.000000 | e:   0.100000 | Q: 254.989517 | won: False 
#   81 | steps:  4251 | steps_t: 90830 | t: 7.243861 | r:  -524.000000 | e:   0.100000 | Q: 185.644272 | won: False 
#   82 | steps:  4309 | steps_t: 90830 | t: 7.338758 | r:  -546.000000 | e:   0.100000 | Q: 229.685638 | won: False 
#   83 | steps:  4372 | steps_t: 90830 | t: 7.429228 | r:  -551.000000 | e:   0.100000 | Q: 223.623199 | won: False 
#   84 | steps:  4456 | steps_t: 90830 | t: 7.555675 | r:  -572.000000 | e:   0.100000 | Q: 223.623199 | won: False 
#   85 | steps:  4578 | steps_t: 90830 | t: 7.731436 | r:  -610.000000 | e:   0.100000 | Q: 254.989517 | won: False 
#   86 | steps:  4590 | steps_t: 90830 | t: 7.747045 | r:  -511.000000 | e:   0.100000 | Q: 207.932129 | won: False 
#   87 | steps:  4655 | steps_t: 90830 | t: 7.847458 | r:  -553.000000 | e:   0.100000 | Q: 254.989517 | won: False 
#   88 | steps:  4684 | steps_t: 90830 | t: 7.891360 | r:  -517.000000 | e:   0.100000 | Q: 190.709396 | won: False 
#   89 | steps:  4740 | steps_t: 90830 | t: 7.980785 | r:  -544.000000 | e:   0.100000 | Q: 254.989517 | won: False 
#   90 | steps:  4777 | steps_t: 90830 | t: 8.029610 | r:  -525.000000 | e:   0.100000 | Q: 207.932129 | won: False 
#   91 | steps:  4818 | steps_t: 90830 | t: 8.088378 | r:  -529.000000 | e:   0.100000 | Q: 254.989517 | won: False 
#   92 | steps:  4962 | steps_t: 90830 | t: 8.287319 | r:  -632.000000 | e:   0.100000 | Q: 254.989517 | won: False 
#   93 | steps:  5050 | steps_t: 90878 | t: 8.926380 | r:  -576.000000 | e:   0.100000 | Q: 229.685638 | won: False 
#   94 | steps:  5064 | steps_t: 90891 | t: 9.085713 | r:  -513.000000 | e:   0.100000 | Q: 311.820435 | won: False 
#   95 | steps:  5114 | steps_t: 90940 | t: 9.621650 | r:  -538.000000 | e:   0.100000 | Q: 326.748596 | won: False 
#   96 | steps:  5130 | steps_t: 90955 | t: 9.776794 | r:  -515.000000 | e:   0.100000 | Q: 376.994843 | won: False 
#   97 | steps:  5148 | steps_t: 90972 | t: 9.955351 | r:  -495.000000 | e:   0.100000 | Q: 369.058441 | won: False 
#   98 | steps:  5177 | steps_t: 91000 | t: 10.223870 | r:    83.000000 | e:   0.100000 | Q: 285.513733 | won: True 
#   99 | steps:  5194 | steps_t: 91016 | t: 10.410561 | r:  -516.000000 | e:   0.100000 | Q: 179.117325 | won: False 
#  100 | steps:  5251 | steps_t: 91072 | t: 10.944358 | r:  -545.000000 | e:   0.100000 | Q: 409.160614 | won: False 
#  101 | steps:  5290 | steps_t: 91110 | t: 11.336724 | r:  -527.000000 | e:   0.100000 | Q: 194.989487 | won: False 
#  102 | steps:  5369 | steps_t: 91188 | t: 12.159506 | r:  -567.000000 | e:   0.100000 | Q: 246.476151 | won: False 
#  103 | steps:  5389 | steps_t: 91207 | t: 12.405290 | r:  -508.000000 | e:   0.100000 | Q: 190.463303 | won: False 
#  104 | steps:  5408 | steps_t: 91225 | t: 12.603982 | r:  -496.000000 | e:   0.100000 | Q: 153.652481 | won: False 
#  105 | steps:  5440 | steps_t: 91256 | t: 12.933688 | r:  -520.000000 | e:   0.100000 | Q: 216.701157 | won: False 
#  106 | steps:  5479 | steps_t: 91294 | t: 13.278636 | r:  -527.000000 | e:   0.100000 | Q: 172.808258 | won: False 
#  107 | steps:  5498 | steps_t: 91312 | t: 13.523217 | r:  -518.000000 | e:   0.100000 | Q: 186.930267 | won: False 
#  108 | steps:  5642 | steps_t: 91455 | t: 15.082577 | r:  -632.000000 | e:   0.100000 | Q: 171.140076 | won: False 
#  109 | steps:  5705 | steps_t: 91517 | t: 15.803049 | r:  -551.000000 | e:   0.100000 | Q: 180.197021 | won: False 
#  110 | steps:  5741 | steps_t: 91552 | t: 16.134965 | r:  -524.000000 | e:   0.100000 | Q: 143.691589 | won: False 
#  111 | steps:  5797 | steps_t: 91607 | t: 16.668065 | r:  -544.000000 | e:   0.100000 | Q: 145.227844 | won: False 
#  112 | steps:  5812 | steps_t: 91621 | t: 16.812418 | r:  -514.000000 | e:   0.100000 | Q: 139.982788 | won: False 
#  113 | steps:  5880 | steps_t: 91688 | t: 17.528276 | r:  -556.000000 | e:   0.100000 | Q: 152.034607 | won: False 
#  114 | steps:  5940 | steps_t: 91747 | t: 18.135339 | r:  -548.000000 | e:   0.100000 | Q: 137.839355 | won: False 
#  115 | steps:  5973 | steps_t: 91779 | t: 18.483511 | r:  -521.000000 | e:   0.100000 | Q: 122.646980 | won: False 
#  116 | steps:  5988 | steps_t: 91793 | t: 18.673164 | r:  -514.000000 | e:   0.100000 | Q: 109.251717 | won: False 
#  117 | steps:  6028 | steps_t: 91832 | t: 19.112422 | r:  -528.000000 | e:   0.100000 | Q: 148.124115 | won: False 
#  118 | steps:  6045 | steps_t: 91848 | t: 19.276942 | r:  -516.000000 | e:   0.100000 | Q: 295.242249 | won: False 
#  119 | steps:  6100 | steps_t: 91902 | t: 19.808843 | r:  -543.000000 | e:   0.100000 | Q: 219.376846 | won: False 
#  120 | steps:  6149 | steps_t: 91950 | t: 20.344950 | r:  -537.000000 | e:   0.100000 | Q: 319.162170 | won: False 
#  121 | steps:  6176 | steps_t: 91976 | t: 20.674432 | r:  -515.000000 | e:   0.100000 | Q: 176.578934 | won: False 
#  122 | steps:  6200 | steps_t: 91999 | t: 20.915976 | r:  -512.000000 | e:   0.100000 | Q: 341.038330 | won: False 
#  123 | steps:  6224 | steps_t: 92022 | t: 21.185079 | r:  -512.000000 | e:   0.100000 | Q: 189.335434 | won: False 
#  124 | steps:  6262 | steps_t: 92059 | t: 21.614886 | r:  -526.000000 | e:   0.100000 | Q: 488.412109 | won: False 
#  125 | steps:  6293 | steps_t: 92089 | t: 21.964877 | r:  -519.000000 | e:   0.100000 | Q: 384.452576 | won: False 
#  126 | steps:  6308 | steps_t: 92103 | t: 22.127943 | r:  -492.000000 | e:   0.100000 | Q: 188.644836 | won: False 
#  127 | steps:  6363 | steps_t: 92157 | t: 22.672572 | r:  -543.000000 | e:   0.100000 | Q: 261.864105 | won: False 
#  128 | steps:  6405 | steps_t: 92198 | t: 23.129704 | r:  -530.000000 | e:   0.100000 | Q: 200.957550 | won: False 
#  129 | steps:  6457 | steps_t: 92249 | t: 23.621386 | r:  -540.000000 | e:   0.100000 | Q: 174.790756 | won: False 
#  130 | steps:  6475 | steps_t: 92266 | t: 23.816047 | r:  -495.000000 | e:   0.100000 | Q: 127.376709 | won: False 
#  131 | steps:  6488 | steps_t: 92278 | t: 23.956185 | r:  -512.000000 | e:   0.100000 | Q: 152.081650 | won: False 
#  132 | steps:  6562 | steps_t: 92351 | t: 24.647460 | r:  -562.000000 | e:   0.100000 | Q: 147.247177 | won: False 
#  133 | steps:  6589 | steps_t: 92377 | t: 24.942365 | r:  -515.000000 | e:   0.100000 | Q: 126.155357 | won: False 
#  134 | steps:  6645 | steps_t: 92432 | t: 25.648490 | r:  -544.000000 | e:   0.100000 | Q: 154.666336 | won: False 
#  135 | steps:  6668 | steps_t: 92454 | t: 25.939964 | r:  -511.000000 | e:   0.100000 | Q: 157.713623 | won: False 
#  136 | steps:  6725 | steps_t: 92510 | t: 26.624525 | r:  -545.000000 | e:   0.100000 | Q: 118.241875 | won: False 
#  137 | steps:  6791 | steps_t: 92575 | t: 27.489743 | r:  -554.000000 | e:   0.100000 | Q: 129.168411 | won: False 
#  138 | steps:  6845 | steps_t: 92628 | t: 28.215112 | r:  -542.000000 | e:   0.100000 | Q: 138.013748 | won: False 
#  139 | steps:  6859 | steps_t: 92641 | t: 28.352250 | r:  -513.000000 | e:   0.100000 | Q:  98.009552 | won: False 
#  140 | steps:  6910 | steps_t: 92691 | t: 28.955578 | r:  -539.000000 | e:   0.100000 | Q:  91.938568 | won: False 
#  141 | steps:  6931 | steps_t: 92711 | t: 29.288487 | r:  -520.000000 | e:   0.100000 | Q: 143.593338 | won: False 
#  142 | steps:  7036 | steps_t: 92815 | t: 30.625724 | r:  -593.000000 | e:   0.100000 | Q: 114.351433 | won: False 
#  143 | steps:  7104 | steps_t: 92882 | t: 31.405861 | r:  -556.000000 | e:   0.100000 | Q: 159.831146 | won: False 
#  144 | steps:  7118 | steps_t: 92895 | t: 31.541224 | r:  -513.000000 | e:   0.100000 | Q: 198.713821 | won: False 
#  145 | steps:  7151 | steps_t: 92927 | t: 31.873395 | r:  -521.000000 | e:   0.100000 | Q: 164.409760 | won: False 
#  146 | steps:  7229 | steps_t: 93004 | t: 32.611228 | r:  -566.000000 | e:   0.100000 | Q: 285.309082 | won: False 
#  147 | steps:  7304 | steps_t: 93078 | t: 33.323201 | r:  -563.000000 | e:   0.100000 | Q: 282.363190 | won: False 
#  148 | steps:  7348 | steps_t: 93121 | t: 33.741415 | r:  -532.000000 | e:   0.100000 | Q: 264.766418 | won: False 
#  149 | steps:  7414 | steps_t: 93186 | t: 34.382766 | r:  -554.000000 | e:   0.100000 | Q: 165.868118 | won: False 
#  150 | steps:  7455 | steps_t: 93226 | t: 34.774447 | r:  -529.000000 | e:   0.100000 | Q: 149.453262 | won: False 
#  151 | steps:  7494 | steps_t: 93264 | t: 35.300592 | r:  -527.000000 | e:   0.100000 | Q: 280.299805 | won: False 
#  152 | steps:  7554 | steps_t: 93323 | t: 36.201958 | r:  -548.000000 | e:   0.100000 | Q: 235.356659 | won: False 
#  153 | steps:  7576 | steps_t: 93344 | t: 36.530167 | r:  -521.000000 | e:   0.100000 | Q: 212.774536 | won: False 
#  154 | steps:  7685 | steps_t: 93452 | t: 37.738594 | r:  -597.000000 | e:   0.100000 | Q: 149.041626 | won: False 
#  155 | steps:  7718 | steps_t: 93484 | t: 38.052266 | r:    79.000000 | e:   0.100000 | Q: 122.683525 | won: True 
#  156 | steps:  7756 | steps_t: 93521 | t: 38.402523 | r:  -526.000000 | e:   0.100000 | Q: 205.034454 | won: False 
#  157 | steps:  7832 | steps_t: 93596 | t: 39.103192 | r:  -564.000000 | e:   0.100000 | Q: 140.842148 | won: False 
#  158 | steps:  7856 | steps_t: 93619 | t: 39.324833 | r:  -512.000000 | e:   0.100000 | Q: 119.435188 | won: False 
#  159 | steps:  7887 | steps_t: 93649 | t: 39.611133 | r:  -519.000000 | e:   0.100000 | Q: 126.511803 | won: False 
#  160 | steps:  7977 | steps_t: 93738 | t: 40.472337 | r:  -578.000000 | e:   0.100000 | Q: 245.742981 | won: False 
#  161 | steps:  8021 | steps_t: 93781 | t: 40.905063 | r:  -532.000000 | e:   0.100000 | Q: 160.213593 | won: False 
#  162 | steps:  8042 | steps_t: 93801 | t: 41.138475 | r:  -509.000000 | e:   0.100000 | Q: 375.140076 | won: False 
#  163 | steps:  8059 | steps_t: 93817 | t: 41.321599 | r:  -516.000000 | e:   0.100000 | Q: 321.822327 | won: False 
#  164 | steps:  8093 | steps_t: 93850 | t: 41.705212 | r:  -522.000000 | e:   0.100000 | Q: 211.791687 | won: False 
#  165 | steps:  8128 | steps_t: 93884 | t: 42.106908 | r:  -523.000000 | e:   0.100000 | Q: 332.099487 | won: False 
#  166 | steps:  8143 | steps_t: 93898 | t: 42.281979 | r:  -503.000000 | e:   0.100000 | Q: 178.873474 | won: False 
#  167 | steps:  8179 | steps_t: 93933 | t: 42.734111 | r:  -524.000000 | e:   0.100000 | Q: 281.119080 | won: False 
#  168 | steps:  8215 | steps_t: 93968 | t: 43.081328 | r:  -524.000000 | e:   0.100000 | Q: 228.941849 | won: False 
#  169 | steps:  8253 | steps_t: 94005 | t: 43.502979 | r:  -526.000000 | e:   0.100000 | Q: 221.096344 | won: False 
#  170 | steps:  8271 | steps_t: 94022 | t: 43.736526 | r:  -517.000000 | e:   0.100000 | Q: 217.961472 | won: False 
#  171 | steps:  8338 | steps_t: 94088 | t: 44.708590 | r:  -555.000000 | e:   0.100000 | Q: 196.703827 | won: False 
#  172 | steps:  8357 | steps_t: 94106 | t: 44.984260 | r:  -496.000000 | e:   0.100000 | Q: 146.116440 | won: False 
#  173 | steps:  8383 | steps_t: 94131 | t: 45.267574 | r:  -514.000000 | e:   0.100000 | Q: 168.191971 | won: False 
#  174 | steps:  8433 | steps_t: 94180 | t: 45.916151 | r:  -538.000000 | e:   0.100000 | Q: 215.870361 | won: False 
#  175 | steps:  8444 | steps_t: 94190 | t: 46.033229 | r:  -510.000000 | e:   0.100000 | Q: 134.615265 | won: False 
#  176 | steps:  8487 | steps_t: 94232 | t: 46.610433 | r:  -531.000000 | e:   0.100000 | Q: 147.190033 | won: False 
#  177 | steps:  8524 | steps_t: 94268 | t: 47.172979 | r:  -525.000000 | e:   0.100000 | Q: 149.057175 | won: False 
#  178 | steps:  8543 | steps_t: 94286 | t: 47.460120 | r:  -496.000000 | e:   0.100000 | Q: 120.464859 | won: False 
#  179 | steps:  8565 | steps_t: 94307 | t: 47.701895 | r:  -521.000000 | e:   0.100000 | Q: 143.446289 | won: False 
#  180 | steps:  8595 | steps_t: 94336 | t: 47.965979 | r:  -518.000000 | e:   0.100000 | Q: 170.760818 | won: False 
#  181 | steps:  8628 | steps_t: 94368 | t: 48.278560 | r:  -521.000000 | e:   0.100000 | Q: 132.053741 | won: False 
#  182 | steps:  8656 | steps_t: 94395 | t: 48.534755 | r:  -516.000000 | e:   0.100000 | Q: 151.779190 | won: False 
#  183 | steps:  8695 | steps_t: 94433 | t: 48.893265 | r:  -527.000000 | e:   0.100000 | Q: 148.657425 | won: False 
#  184 | steps:  8741 | steps_t: 94478 | t: 49.336588 | r:    66.000000 | e:   0.100000 | Q: 108.982727 | won: True 
#  185 | steps:  8767 | steps_t: 94503 | t: 49.623789 | r:  -514.000000 | e:   0.100000 | Q:  97.044075 | won: False 
#  186 | steps:  8827 | steps_t: 94562 | t: 50.302725 | r:  -548.000000 | e:   0.100000 | Q:  97.209656 | won: False 
#  187 | steps:  8907 | steps_t: 94641 | t: 51.170617 | r:  -568.000000 | e:   0.100000 | Q: 122.869133 | won: False 
#  188 | steps:  8959 | steps_t: 94692 | t: 51.722298 | r:  -540.000000 | e:   0.100000 | Q: 137.637756 | won: False 
#  189 | steps:  8977 | steps_t: 94709 | t: 51.946246 | r:  -517.000000 | e:   0.100000 | Q: 104.398048 | won: False 
#  190 | steps:  8984 | steps_t: 94715 | t: 52.015984 | r:  -506.000000 | e:   0.100000 | Q:  91.747833 | won: False 
#  191 | steps:  8996 | steps_t: 94726 | t: 52.139217 | r:  -511.000000 | e:   0.100000 | Q: 108.286980 | won: False 
#  192 | steps:  9012 | steps_t: 94741 | t: 52.315893 | r:  -515.000000 | e:   0.100000 | Q: 175.804001 | won: False 
#  193 | steps:  9026 | steps_t: 94754 | t: 52.471309 | r:  -513.000000 | e:   0.100000 | Q: 189.636292 | won: False 
#  194 | steps:  9035 | steps_t: 94762 | t: 52.566513 | r:  -508.000000 | e:   0.100000 | Q: 120.087532 | won: False 
#  195 | steps:  9054 | steps_t: 94780 | t: 52.801369 | r:  -507.000000 | e:   0.100000 | Q: 124.632210 | won: False 
#  196 | steps:  9064 | steps_t: 94789 | t: 52.912013 | r:  -509.000000 | e:   0.100000 | Q: 130.128677 | won: False 
#  197 | steps:  9095 | steps_t: 94819 | t: 53.255429 | r:  -519.000000 | e:   0.100000 | Q: 167.031082 | won: False 
#  198 | steps:  9125 | steps_t: 94848 | t: 53.538663 | r:    82.000000 | e:   0.100000 | Q: 163.181961 | won: True 
#  199 | steps:  9181 | steps_t: 94903 | t: 54.145682 | r:  -544.000000 | e:   0.100000 | Q: 157.675278 | won: False 
#  200 | steps:  9283 | steps_t: 95004 | t: 55.246212 | r:  -590.000000 | e:   0.100000 | Q: 196.626358 | won: False 
#  201 | steps:  9323 | steps_t: 95043 | t: 55.627030 | r:  -528.000000 | e:   0.100000 | Q: 142.875198 | won: False 
#  202 | steps:  9343 | steps_t: 95062 | t: 55.807261 | r:  -508.000000 | e:   0.100000 | Q: 131.626221 | won: False 
#  203 | steps:  9366 | steps_t: 95084 | t: 56.037059 | r:  -511.000000 | e:   0.100000 | Q: 104.485107 | won: False 
#  204 | steps:  9429 | steps_t: 95146 | t: 56.779311 | r:  -551.000000 | e:   0.100000 | Q: 148.264206 | won: False 
#  205 | steps:  9476 | steps_t: 95192 | t: 57.284115 | r:  -535.000000 | e:   0.100000 | Q: 108.289833 | won: False 
#  206 | steps:  9509 | steps_t: 95224 | t: 57.649009 | r:  -521.000000 | e:   0.100000 | Q: 158.770203 | won: False 
#  207 | steps:  9549 | steps_t: 95263 | t: 58.145427 | r:  -528.000000 | e:   0.100000 | Q: 107.314644 | won: False 
#  208 | steps:  9602 | steps_t: 95315 | t: 58.742362 | r:  -541.000000 | e:   0.100000 | Q: 109.169998 | won: False 
#  209 | steps:  9664 | steps_t: 95376 | t: 59.320966 | r:  -550.000000 | e:   0.100000 | Q: 131.324829 | won: False 
#  210 | steps:  9698 | steps_t: 95409 | t: 59.644009 | r:  -522.000000 | e:   0.100000 | Q: 120.810356 | won: False 
#  211 | steps:  9780 | steps_t: 95490 | t: 60.460816 | r:  -570.000000 | e:   0.100000 | Q: 175.979691 | won: False 
#  212 | steps:  9810 | steps_t: 95519 | t: 60.778913 | r:  -518.000000 | e:   0.100000 | Q: 178.709473 | won: False 
#  213 | steps:  9871 | steps_t: 95579 | t: 61.393632 | r:  -549.000000 | e:   0.100000 | Q: 169.323959 | won: False 
#  214 | steps:  9885 | steps_t: 95592 | t: 61.522290 | r:  -513.000000 | e:   0.100000 | Q: 153.783112 | won: False 
#  215 | steps:  9914 | steps_t: 95620 | t: 61.874047 | r:  -517.000000 | e:   0.100000 | Q: 162.460739 | won: False 
#  216 | steps:  9928 | steps_t: 95633 | t: 62.014247 | r:  -513.000000 | e:   0.100000 | Q:  95.306854 | won: False 
#  217 | steps:  9955 | steps_t: 95659 | t: 62.271246 | r:  -515.000000 | e:   0.100000 | Q: 213.524353 | won: False 
#  218 | steps:  9994 | steps_t: 95697 | t: 62.703394 | r:  -527.000000 | e:   0.100000 | Q: 137.903305 | won: False 
#  219 | steps: 10044 | steps_t: 95746 | t: 63.309087 | r:  -538.000000 | e:   0.100000 | Q: 318.187225 | won: False 
#  220 | steps: 10069 | steps_t: 95770 | t: 63.578534 | r:  -513.000000 | e:   0.100000 | Q: 165.703613 | won: False 
#  221 | steps: 10078 | steps_t: 95778 | t: 63.655619 | r:  -508.000000 | e:   0.100000 | Q: 128.127716 | won: False 
#  222 | steps: 10094 | steps_t: 95793 | t: 63.841657 | r:  -515.000000 | e:   0.100000 | Q: 186.723175 | won: False 
#  223 | steps: 10136 | steps_t: 95834 | t: 64.297882 | r:  -530.000000 | e:   0.100000 | Q: 220.120682 | won: False 
#  224 | steps: 10145 | steps_t: 95842 | t: 64.380963 | r:  -508.000000 | e:   0.100000 | Q: 158.181976 | won: False 
#  225 | steps: 10157 | steps_t: 95853 | t: 64.499548 | r:  -511.000000 | e:   0.100000 | Q: 144.395386 | won: False 
#  226 | steps: 10178 | steps_t: 95873 | t: 64.784925 | r:  -509.000000 | e:   0.100000 | Q: 122.507500 | won: False 
#  227 | steps: 10208 | steps_t: 95902 | t: 65.072452 | r:  -518.000000 | e:   0.100000 | Q: 223.631622 | won: False 
#  228 | steps: 10246 | steps_t: 95939 | t: 65.424144 | r:  -526.000000 | e:   0.100000 | Q: 190.930283 | won: False 
#  229 | steps: 10319 | steps_t: 96011 | t: 66.291312 | r:  -561.000000 | e:   0.100000 | Q: 123.739746 | won: False 
#  230 | steps: 10378 | steps_t: 96069 | t: 66.935709 | r:  -547.000000 | e:   0.100000 | Q: 125.323967 | won: False 
#  231 | steps: 10412 | steps_t: 96102 | t: 67.403830 | r:  -522.000000 | e:   0.100000 | Q:  76.106590 | won: False 
#  232 | steps: 10460 | steps_t: 96149 | t: 68.013913 | r:  -536.000000 | e:   0.100000 | Q: 105.485474 | won: False 
#  233 | steps: 10562 | steps_t: 96250 | t: 69.268568 | r:  -590.000000 | e:   0.100000 | Q: 107.533585 | won: False 
#  234 | steps: 10577 | steps_t: 96264 | t: 69.503518 | r:  -514.000000 | e:   0.100000 | Q:  88.146759 | won: False 
#  235 | steps: 10638 | steps_t: 96324 | t: 70.251790 | r:  -549.000000 | e:   0.100000 | Q: 112.263733 | won: False 
#  236 | steps: 10652 | steps_t: 96337 | t: 70.394679 | r:  -513.000000 | e:   0.100000 | Q:  97.688576 | won: False 
#  237 | steps: 10709 | steps_t: 96393 | t: 70.989260 | r:  -545.000000 | e:   0.100000 | Q: 164.580673 | won: False 
#  238 | steps: 10724 | steps_t: 96407 | t: 71.150585 | r:  -514.000000 | e:   0.100000 | Q: 139.518509 | won: False 
#  239 | steps: 10739 | steps_t: 96421 | t: 71.336255 | r:  -514.000000 | e:   0.100000 | Q: 244.933899 | won: False 
#  240 | steps: 10776 | steps_t: 96457 | t: 71.786643 | r:  -525.000000 | e:   0.100000 | Q: 330.864777 | won: False 
#  241 | steps: 10811 | steps_t: 96491 | t: 72.213285 | r:  -523.000000 | e:   0.100000 | Q: 236.173279 | won: False 
#  242 | steps: 10817 | steps_t: 96496 | t: 72.298988 | r:  -505.000000 | e:   0.100000 | Q: 157.956284 | won: False 
#  243 | steps: 10846 | steps_t: 96524 | t: 72.639041 | r:    83.000000 | e:   0.100000 | Q: 208.464066 | won: True 
#  244 | steps: 10874 | steps_t: 96551 | t: 72.894390 | r:  -516.000000 | e:   0.100000 | Q: 237.751007 | won: False 
#  245 | steps: 10886 | steps_t: 96562 | t: 73.014592 | r:  -511.000000 | e:   0.100000 | Q: 175.128723 | won: False 
#  246 | steps: 10910 | steps_t: 96585 | t: 73.231144 | r:  -512.000000 | e:   0.100000 | Q: 337.845276 | won: False 
#  247 | steps: 10925 | steps_t: 96599 | t: 73.363345 | r:  -503.000000 | e:   0.100000 | Q: 321.818359 | won: False 
#  248 | steps: 10953 | steps_t: 96626 | t: 73.621808 | r:  -516.000000 | e:   0.100000 | Q: 281.514099 | won: False 
#  249 | steps: 10964 | steps_t: 96636 | t: 73.743406 | r:  -510.000000 | e:   0.100000 | Q: 214.236252 | won: False 
#  250 | steps: 10982 | steps_t: 96653 | t: 73.925464 | r:  -517.000000 | e:   0.100000 | Q: 291.084167 | won: False 
#  251 | steps: 10998 | steps_t: 96668 | t: 74.072869 | r:  -515.000000 | e:   0.100000 | Q: 459.358429 | won: False 
#  252 | steps: 11019 | steps_t: 96688 | t: 74.282304 | r:  -509.000000 | e:   0.100000 | Q: 371.085571 | won: False 
#  253 | steps: 11034 | steps_t: 96702 | t: 74.429112 | r:  -503.000000 | e:   0.100000 | Q: 260.722595 | won: False 
#  254 | steps: 11049 | steps_t: 96716 | t: 74.593256 | r:  -503.000000 | e:   0.100000 | Q: 339.566193 | won: False 
#  255 | steps: 11097 | steps_t: 96763 | t: 75.129245 | r:  -536.000000 | e:   0.100000 | Q: 374.852661 | won: False 
#  256 | steps: 11153 | steps_t: 96818 | t: 75.771333 | r:  -544.000000 | e:   0.100000 | Q: 239.232422 | won: False 
#  257 | steps: 11200 | steps_t: 96864 | t: 76.416571 | r:  -535.000000 | e:   0.100000 | Q: 155.900681 | won: False 
#  258 | steps: 11215 | steps_t: 96878 | t: 76.597327 | r:  -503.000000 | e:   0.100000 | Q: 166.545502 | won: False 
#  259 | steps: 11288 | steps_t: 96950 | t: 77.380265 | r:  -561.000000 | e:   0.100000 | Q: 154.774353 | won: False 
#  260 | steps: 11310 | steps_t: 96971 | t: 77.611194 | r:  -510.000000 | e:   0.100000 | Q: 124.881912 | won: False 
#  261 | steps: 11364 | steps_t: 97024 | t: 78.208464 | r:  -542.000000 | e:   0.100000 | Q: 115.339256 | won: False 
#  262 | steps: 11442 | steps_t: 97101 | t: 79.067750 | r:  -566.000000 | e:   0.100000 | Q: 119.370590 | won: False 
#  263 | steps: 11490 | steps_t: 97148 | t: 79.522316 | r:    64.000000 | e:   0.100000 | Q: 107.379440 | won: True 
#  264 | steps: 11516 | steps_t: 97173 | t: 79.775168 | r:  -514.000000 | e:   0.100000 | Q: 101.217339 | won: False 
#  265 | steps: 11540 | steps_t: 97196 | t: 80.012010 | r:  -512.000000 | e:   0.100000 | Q:  91.944572 | won: False 
#  266 | steps: 11592 | steps_t: 97247 | t: 80.542866 | r:  -540.000000 | e:   0.100000 | Q:  84.497543 | won: False 
#  267 | steps: 11637 | steps_t: 97291 | t: 80.973680 | r:  -533.000000 | e:   0.100000 | Q: 120.106018 | won: False 
#  268 | steps: 11669 | steps_t: 97322 | t: 81.280747 | r:  -520.000000 | e:   0.100000 | Q: 106.820854 | won: False 
#  269 | steps: 11691 | steps_t: 97343 | t: 81.496903 | r:  -510.000000 | e:   0.100000 | Q: 136.665176 | won: False 
#  270 | steps: 11717 | steps_t: 97368 | t: 81.789996 | r:  -514.000000 | e:   0.100000 | Q:  94.572647 | won: False 
#  271 | steps: 11787 | steps_t: 97437 | t: 82.515585 | r:  -558.000000 | e:   0.100000 | Q: 136.714600 | won: False 
#  272 | steps: 11871 | steps_t: 97520 | t: 83.397400 | r:  -572.000000 | e:   0.100000 | Q: 169.801529 | won: False 
#  273 | steps: 11885 | steps_t: 97533 | t: 83.531003 | r:  -513.000000 | e:   0.100000 | Q: 218.949341 | won: False 
#  274 | steps: 11965 | steps_t: 97612 | t: 84.355411 | r:  -568.000000 | e:   0.100000 | Q: 193.713303 | won: False 
#  275 | steps: 11982 | steps_t: 97628 | t: 84.514814 | r:  -516.000000 | e:   0.100000 | Q: 145.974930 | won: False 
#  276 | steps: 11996 | steps_t: 97641 | t: 84.651017 | r:  -513.000000 | e:   0.100000 | Q: 142.678879 | won: False 
#  277 | steps: 12030 | steps_t: 97674 | t: 84.956331 | r:  -522.000000 | e:   0.100000 | Q: 125.374420 | won: False 
#  278 | steps: 12102 | steps_t: 97745 | t: 85.638599 | r:  -560.000000 | e:   0.100000 | Q: 146.409302 | won: False 
#  279 | steps: 12138 | steps_t: 97780 | t: 85.978753 | r:  -524.000000 | e:   0.100000 | Q: 135.582916 | won: False 
#  280 | steps: 12189 | steps_t: 97830 | t: 86.519746 | r:  -539.000000 | e:   0.100000 | Q: 140.788254 | won: False 
#  281 | steps: 12232 | steps_t: 97872 | t: 86.974233 | r:  -531.000000 | e:   0.100000 | Q: 157.363831 | won: False 
#  282 | steps: 12282 | steps_t: 97921 | t: 87.438550 | r:  -538.000000 | e:   0.100000 | Q: 308.432861 | won: False 
#  283 | steps: 12308 | steps_t: 97946 | t: 87.669467 | r:  -514.000000 | e:   0.100000 | Q: 155.078964 | won: False 
#  284 | steps: 12388 | steps_t: 98025 | t: 88.487471 | r:  -568.000000 | e:   0.100000 | Q: 149.497009 | won: False 
#  285 | steps: 12396 | steps_t: 98032 | t: 88.577942 | r:  -507.000000 | e:   0.100000 | Q:  94.887650 | won: False 
#  286 | steps: 12446 | steps_t: 98081 | t: 89.130968 | r:  -538.000000 | e:   0.100000 | Q:  93.121735 | won: False 
#  287 | steps: 12464 | steps_t: 98098 | t: 89.351702 | r:  -517.000000 | e:   0.100000 | Q: 110.826126 | won: False 
#  288 | steps: 12527 | steps_t: 98160 | t: 90.130468 | r:  -551.000000 | e:   0.100000 | Q: 139.808258 | won: False 
#  289 | steps: 12588 | steps_t: 98220 | t: 90.923371 | r:  -549.000000 | e:   0.100000 | Q: 114.917221 | won: False 
#  290 | steps: 12613 | steps_t: 98244 | t: 91.182517 | r:  -513.000000 | e:   0.100000 | Q:  82.749252 | won: False 
#  291 | steps: 12655 | steps_t: 98285 | t: 91.561133 | r:  -530.000000 | e:   0.100000 | Q: 106.610672 | won: False 
#  292 | steps: 12672 | steps_t: 98301 | t: 91.711465 | r:  -516.000000 | e:   0.100000 | Q: 102.235527 | won: False 
#  293 | steps: 12706 | steps_t: 98334 | t: 92.133578 | r:  -522.000000 | e:   0.100000 | Q: 123.258240 | won: False 
#  294 | steps: 12820 | steps_t: 98447 | t: 93.320755 | r:  -602.000000 | e:   0.100000 | Q: 119.464272 | won: False 
#  295 | steps: 12853 | steps_t: 98479 | t: 93.643117 | r:    79.000000 | e:   0.100000 | Q:  82.643227 | won: True 
#  296 | steps: 12871 | steps_t: 98496 | t: 93.826733 | r:  -517.000000 | e:   0.100000 | Q: 199.251282 | won: False 
#  297 | steps: 12890 | steps_t: 98514 | t: 94.003221 | r:  -496.000000 | e:   0.100000 | Q: 232.075394 | won: False 
#  298 | steps: 12921 | steps_t: 98544 | t: 94.364559 | r:  -519.000000 | e:   0.100000 | Q: 168.837845 | won: False 
#  299 | steps: 12936 | steps_t: 98558 | t: 94.596399 | r:  -492.000000 | e:   0.100000 | Q: 188.221497 | won: False 
#  300 | steps: 12972 | steps_t: 98593 | t: 95.035713 | r:  -524.000000 | e:   0.100000 | Q: 230.103271 | won: False 
#  301 | steps: 13006 | steps_t: 98626 | t: 95.456535 | r:  -522.000000 | e:   0.100000 | Q: 133.913818 | won: False 
#  302 | steps: 13037 | steps_t: 98656 | t: 95.794198 | r:  -519.000000 | e:   0.100000 | Q: 131.612167 | won: False 
#  303 | steps: 13078 | steps_t: 98696 | t: 96.218117 | r:  -529.000000 | e:   0.100000 | Q: 215.019608 | won: False 
#  304 | steps: 13109 | steps_t: 98726 | t: 96.581733 | r:  -519.000000 | e:   0.100000 | Q: 193.519928 | won: False 
#  305 | steps: 13133 | steps_t: 98749 | t: 96.868187 | r:  -512.000000 | e:   0.100000 | Q: 164.385452 | won: False 
#  306 | steps: 13185 | steps_t: 98800 | t: 97.652602 | r:  -540.000000 | e:   0.100000 | Q: 154.345047 | won: False 
#  307 | steps: 13212 | steps_t: 98826 | t: 98.011439 | r:  -515.000000 | e:   0.100000 | Q: 279.131653 | won: False 
#  308 | steps: 13255 | steps_t: 98868 | t: 98.443343 | r:  -531.000000 | e:   0.100000 | Q: 182.247055 | won: False 
#  309 | steps: 13272 | steps_t: 98884 | t: 98.593497 | r:  -516.000000 | e:   0.100000 | Q: 296.394958 | won: False 
#  310 | steps: 13297 | steps_t: 98908 | t: 98.825940 | r:  -513.000000 | e:   0.100000 | Q: 266.895020 | won: False 
#  311 | steps: 13319 | steps_t: 98929 | t: 99.063569 | r:  -510.000000 | e:   0.100000 | Q: 165.893127 | won: False 
#  312 | steps: 13360 | steps_t: 98969 | t: 99.599232 | r:  -529.000000 | e:   0.100000 | Q: 271.743896 | won: False 
#  313 | steps: 13380 | steps_t: 98988 | t: 99.806903 | r:  -508.000000 | e:   0.100000 | Q: 234.077896 | won: False 
#  314 | steps: 13401 | steps_t: 99008 | t: 100.046889 | r:  -509.000000 | e:   0.100000 | Q: 186.448685 | won: False 
#  315 | steps: 13414 | steps_t: 99020 | t: 100.225389 | r:  -512.000000 | e:   0.100000 | Q: 160.771118 | won: False 
#  316 | steps: 13446 | steps_t: 99051 | t: 100.546429 | r:    80.000000 | e:   0.100000 | Q: 278.293243 | won: True 
#  317 | steps: 13498 | steps_t: 99102 | t: 101.112479 | r:  -540.000000 | e:   0.100000 | Q: 195.786209 | won: False 
#  318 | steps: 13511 | steps_t: 99114 | t: 101.226798 | r:  -512.000000 | e:   0.100000 | Q: 252.368744 | won: False 
#  319 | steps: 13524 | steps_t: 99126 | t: 101.342318 | r:  -512.000000 | e:   0.100000 | Q: 212.308212 | won: False 
#  320 | steps: 13561 | steps_t: 99162 | t: 101.719651 | r:  -525.000000 | e:   0.100000 | Q: 190.000168 | won: False 
#  321 | steps: 13606 | steps_t: 99206 | t: 102.202866 | r:  -533.000000 | e:   0.100000 | Q: 309.109009 | won: False 
#  322 | steps: 13634 | steps_t: 99233 | t: 102.460483 | r:    84.000000 | e:   0.100000 | Q: 172.453171 | won: True 
#  323 | steps: 13659 | steps_t: 99257 | t: 102.746971 | r:  -513.000000 | e:   0.100000 | Q: 187.391510 | won: False 
#  324 | steps: 13696 | steps_t: 99293 | t: 103.119315 | r:  -525.000000 | e:   0.100000 | Q: 160.403244 | won: False 
#  325 | steps: 13710 | steps_t: 99306 | t: 103.245260 | r:  -513.000000 | e:   0.100000 | Q: 146.861053 | won: False 
#  326 | steps: 13736 | steps_t: 99331 | t: 103.481588 | r:  -514.000000 | e:   0.100000 | Q: 121.152855 | won: False 
#  327 | steps: 13814 | steps_t: 99408 | t: 104.343824 | r:  -566.000000 | e:   0.100000 | Q: 157.312363 | won: False 
#  328 | steps: 13903 | steps_t: 99496 | t: 105.352924 | r:  -577.000000 | e:   0.100000 | Q:  93.734138 | won: False 
#  329 | steps: 13950 | steps_t: 99542 | t: 105.780655 | r:  -535.000000 | e:   0.100000 | Q: 106.239052 | won: False 
#  330 | steps: 14025 | steps_t: 99616 | t: 106.568383 | r:  -563.000000 | e:   0.100000 | Q: 105.830399 | won: False 
#  331 | steps: 14057 | steps_t: 99647 | t: 106.900511 | r:    80.000000 | e:   0.100000 | Q:  88.340256 | won: True 
#  332 | steps: 14083 | steps_t: 99672 | t: 107.141227 | r:  -514.000000 | e:   0.100000 | Q:  81.846428 | won: False 
#  333 | steps: 14115 | steps_t: 99703 | t: 107.470724 | r:    80.000000 | e:   0.100000 | Q: 141.027954 | won: True 
#  334 | steps: 14151 | steps_t: 99738 | t: 107.797195 | r:  -524.000000 | e:   0.100000 | Q: 110.122299 | won: False 
#  335 | steps: 14164 | steps_t: 99750 | t: 107.914197 | r:  -512.000000 | e:   0.100000 | Q: 120.527451 | won: False 
#  336 | steps: 14201 | steps_t: 99786 | t: 108.254951 | r:  -525.000000 | e:   0.100000 | Q: 124.439980 | won: False 
#  337 | steps: 14227 | steps_t: 99811 | t: 108.483120 | r:  -514.000000 | e:   0.100000 | Q: 160.579025 | won: False 
#  338 | steps: 14297 | steps_t: 99880 | t: 109.126790 | r:  -558.000000 | e:   0.100000 | Q: 180.274445 | won: False 
#  339 | steps: 14365 | steps_t: 99947 | t: 109.840713 | r:  -556.000000 | e:   0.100000 | Q: 150.485718 | won: False 
#  340 | steps: 14451 | steps_t: 100032 | t: 110.739659 | r:  -574.000000 | e:   0.100000 | Q: 152.016281 | won: False 
#  341 | steps: 14503 | steps_t: 100083 | t: 111.321565 | r:  -540.000000 | e:   0.100000 | Q: 117.910942 | won: False 
#  342 | steps: 14547 | steps_t: 100126 | t: 111.731279 | r:  -532.000000 | e:   0.100000 | Q: 122.009232 | won: False 
#  343 | steps: 14563 | steps_t: 100141 | t: 111.966404 | r:  -515.000000 | e:   0.100000 | Q: 126.924080 | won: False 
#  344 | steps: 14587 | steps_t: 100164 | t: 112.366868 | r:  -512.000000 | e:   0.100000 | Q: 158.187317 | won: False 
#  345 | steps: 14598 | steps_t: 100174 | t: 112.527266 | r:  -510.000000 | e:   0.100000 | Q: 104.200058 | won: False 
#  346 | steps: 14631 | steps_t: 100206 | t: 113.048064 | r:  -521.000000 | e:   0.100000 | Q: 139.075439 | won: False 
#  347 | steps: 14700 | steps_t: 100274 | t: 114.013665 | r:  -557.000000 | e:   0.100000 | Q: 145.820908 | won: False 
#  348 | steps: 14712 | steps_t: 100285 | t: 114.169900 | r:  -511.000000 | e:   0.100000 | Q:  96.075439 | won: False 
#  349 | steps: 14746 | steps_t: 100318 | t: 114.613684 | r:  -522.000000 | e:   0.100000 | Q: 150.141815 | won: False 
#  350 | steps: 14769 | steps_t: 100340 | t: 114.890286 | r:  -511.000000 | e:   0.100000 | Q: 117.964745 | won: False 
#  351 | steps: 14857 | steps_t: 100427 | t: 115.722334 | r:  -576.000000 | e:   0.100000 | Q: 149.032776 | won: False 
#  352 | steps: 14875 | steps_t: 100444 | t: 115.921543 | r:  -495.000000 | e:   0.100000 | Q: 125.582932 | won: False 
#  353 | steps: 14926 | steps_t: 100494 | t: 116.394844 | r:  -539.000000 | e:   0.100000 | Q: 118.288727 | won: False 
#  354 | steps: 14941 | steps_t: 100508 | t: 116.529568 | r:  -503.000000 | e:   0.100000 | Q:  99.406326 | won: False 
#  355 | steps: 14982 | steps_t: 100548 | t: 116.933884 | r:  -529.000000 | e:   0.100000 | Q: 130.772247 | won: False 
#  356 | steps: 14991 | steps_t: 100556 | t: 117.025144 | r:  -508.000000 | e:   0.100000 | Q: 106.369759 | won: False 
#  357 | steps: 15086 | steps_t: 100650 | t: 118.278041 | r:  -583.000000 | e:   0.100000 | Q: 104.200279 | won: False 
#  358 | steps: 15106 | steps_t: 100669 | t: 118.580131 | r:  -508.000000 | e:   0.100000 | Q:  95.951874 | won: False 
#  359 | steps: 15118 | steps_t: 100680 | t: 118.710151 | r:  -511.000000 | e:   0.100000 | Q:  85.768196 | won: False 
#  360 | steps: 15151 | steps_t: 100712 | t: 119.090192 | r:  -521.000000 | e:   0.100000 | Q: 167.444427 | won: False 
#  361 | steps: 15196 | steps_t: 100756 | t: 119.645057 | r:  -533.000000 | e:   0.100000 | Q: 189.751266 | won: False 
#  362 | steps: 15243 | steps_t: 100802 | t: 120.199642 | r:  -535.000000 | e:   0.100000 | Q: 150.147842 | won: False 
#  363 | steps: 15296 | steps_t: 100854 | t: 120.863877 | r:  -541.000000 | e:   0.100000 | Q: 181.042313 | won: False 
#  364 | steps: 15340 | steps_t: 100897 | t: 121.398673 | r:  -532.000000 | e:   0.100000 | Q: 153.230530 | won: False 
#  365 | steps: 15365 | steps_t: 100921 | t: 121.717356 | r:  -513.000000 | e:   0.100000 | Q: 247.745682 | won: False 
#  366 | steps: 15404 | steps_t: 100959 | t: 122.104581 | r:  -527.000000 | e:   0.100000 | Q: 306.676971 | won: False 
#  367 | steps: 15422 | steps_t: 100976 | t: 122.310058 | r:  -517.000000 | e:   0.100000 | Q: 262.188568 | won: False 
#  368 | steps: 15473 | steps_t: 101026 | t: 122.879859 | r:  -539.000000 | e:   0.100000 | Q: 197.041260 | won: False 
#  369 | steps: 15513 | steps_t: 101065 | t: 123.338583 | r:  -528.000000 | e:   0.100000 | Q: 274.647186 | won: False 
#  370 | steps: 15525 | steps_t: 101076 | t: 123.443819 | r:  -511.000000 | e:   0.100000 | Q: 167.729095 | won: False 
#  371 | steps: 15551 | steps_t: 101101 | t: 123.713558 | r:  -514.000000 | e:   0.100000 | Q: 311.874756 | won: False 
#  372 | steps: 15582 | steps_t: 101131 | t: 124.187303 | r:  -519.000000 | e:   0.100000 | Q: 452.147064 | won: False 
#  373 | steps: 15632 | steps_t: 101180 | t: 124.849592 | r:  -538.000000 | e:   0.100000 | Q: 211.626953 | won: False 
#  374 | steps: 15654 | steps_t: 101201 | t: 125.050944 | r:  -510.000000 | e:   0.100000 | Q: 305.999481 | won: False 
#  375 | steps: 15727 | steps_t: 101273 | t: 125.712505 | r:  -561.000000 | e:   0.100000 | Q: 216.522842 | won: False 
#  376 | steps: 15742 | steps_t: 101287 | t: 125.853832 | r:  -514.000000 | e:   0.100000 | Q: 256.653717 | won: False 
#  377 | steps: 15776 | steps_t: 101320 | t: 126.231516 | r:  -522.000000 | e:   0.100000 | Q: 213.732437 | won: False 
#  378 | steps: 15826 | steps_t: 101369 | t: 126.845293 | r:  -538.000000 | e:   0.100000 | Q: 245.158737 | won: False 
#  379 | steps: 15855 | steps_t: 101397 | t: 127.185902 | r:  -517.000000 | e:   0.100000 | Q: 140.283508 | won: False 
#  380 | steps: 15962 | steps_t: 101503 | t: 128.457167 | r:  -595.000000 | e:   0.100000 | Q: 187.666351 | won: False 
#  381 | steps: 16023 | steps_t: 101563 | t: 129.078741 | r:  -549.000000 | e:   0.100000 | Q: 140.377914 | won: False 
#  382 | steps: 16037 | steps_t: 101576 | t: 129.201505 | r:  -513.000000 | e:   0.100000 | Q:  99.431831 | won: False 
#  383 | steps: 16049 | steps_t: 101587 | t: 129.311480 | r:  -511.000000 | e:   0.100000 | Q: 119.642296 | won: False 
#  384 | steps: 16074 | steps_t: 101611 | t: 129.544809 | r:  -513.000000 | e:   0.100000 | Q:  99.958702 | won: False 
#  385 | steps: 16139 | steps_t: 101675 | t: 130.234977 | r:  -553.000000 | e:   0.100000 | Q: 100.570496 | won: False 
#  386 | steps: 16150 | steps_t: 101685 | t: 130.331549 | r:  -510.000000 | e:   0.100000 | Q: 104.872490 | won: False 
#  387 | steps: 16171 | steps_t: 101705 | t: 130.519760 | r:  -509.000000 | e:   0.100000 | Q: 101.954613 | won: False 
#  388 | steps: 16252 | steps_t: 101785 | t: 131.385173 | r:  -569.000000 | e:   0.100000 | Q: 111.166832 | won: False 
#  389 | steps: 16283 | steps_t: 101815 | t: 131.750086 | r:  -519.000000 | e:   0.100000 | Q:  68.374313 | won: False 
#  390 | steps: 16308 | steps_t: 101839 | t: 131.988290 | r:  -513.000000 | e:   0.100000 | Q:  74.800751 | won: False 
#  391 | steps: 16319 | steps_t: 101849 | t: 132.084305 | r:  -510.000000 | e:   0.100000 | Q:  75.591278 | won: False 
#  392 | steps: 16355 | steps_t: 101884 | t: 132.423310 | r:  -524.000000 | e:   0.100000 | Q:  99.198227 | won: False 
#  393 | steps: 16376 | steps_t: 101904 | t: 132.620082 | r:  -509.000000 | e:   0.100000 | Q: 135.631622 | won: False 
#  394 | steps: 16410 | steps_t: 101937 | t: 132.946838 | r:  -522.000000 | e:   0.100000 | Q: 114.795464 | won: False 
#  395 | steps: 16441 | steps_t: 101967 | t: 133.273634 | r:  -519.000000 | e:   0.100000 | Q: 116.414383 | won: False 
#  396 | steps: 16472 | steps_t: 101997 | t: 133.606593 | r:  -519.000000 | e:   0.100000 | Q:  74.584351 | won: False 
#  397 | steps: 16538 | steps_t: 102062 | t: 134.299056 | r:  -554.000000 | e:   0.100000 | Q:  95.654678 | won: False 
#  398 | steps: 16560 | steps_t: 102083 | t: 134.512607 | r:  -510.000000 | e:   0.100000 | Q: 122.753792 | won: False 
#  399 | steps: 16612 | steps_t: 102134 | t: 135.118300 | r:    60.000000 | e:   0.100000 | Q: 160.788239 | won: True 
#  400 | steps: 16702 | steps_t: 102223 | t: 136.196869 | r:  -578.000000 | e:   0.100000 | Q: 131.387772 | won: False 
