#    1 | steps:    26 | steps_t: 100603 | t: 0.096600 | r:    86.000000 | e:   0.100000 | Q: 105.935692 | won: True 
#    2 | steps:    52 | steps_t: 100603 | t: 0.156086 | r:    86.000000 | e:   0.100000 | Q: 147.010788 | won: True 
#    3 | steps:    76 | steps_t: 100603 | t: 0.206845 | r:    88.000000 | e:   0.100000 | Q: 142.888443 | won: True 
#    4 | steps:    97 | steps_t: 100603 | t: 0.259679 | r:    91.000000 | e:   0.100000 | Q: 112.562134 | won: True 
#    5 | steps:   123 | steps_t: 100603 | t: 0.322220 | r:    86.000000 | e:   0.100000 | Q: 105.935692 | won: True 
#    6 | steps:   143 | steps_t: 100603 | t: 0.374166 | r:    92.000000 | e:   0.100000 | Q: 112.562134 | won: True 
#    7 | steps:   167 | steps_t: 100603 | t: 0.436097 | r:    88.000000 | e:   0.100000 | Q: 147.010788 | won: True 
#    8 | steps:   192 | steps_t: 100603 | t: 0.486748 | r:    87.000000 | e:   0.100000 | Q: 142.888443 | won: True 
#    9 | steps:   218 | steps_t: 100603 | t: 0.559808 | r:    86.000000 | e:   0.100000 | Q: 105.935692 | won: True 
#   10 | steps:   235 | steps_t: 100603 | t: 0.599262 | r:  -505.000000 | e:   0.100000 | Q: 112.562134 | won: False 
#   11 | steps:   261 | steps_t: 100603 | t: 0.659990 | r:    86.000000 | e:   0.100000 | Q: 112.562134 | won: True 
#   12 | steps:   283 | steps_t: 100603 | t: 0.717067 | r:    90.000000 | e:   0.100000 | Q: 112.562134 | won: True 
#   13 | steps:   303 | steps_t: 100603 | t: 0.768129 | r:    92.000000 | e:   0.100000 | Q: 112.562134 | won: True 
#   14 | steps:   321 | steps_t: 100603 | t: 0.821584 | r:  -517.000000 | e:   0.100000 | Q:  80.683418 | won: False 
#   15 | steps:   345 | steps_t: 100603 | t: 0.897014 | r:    88.000000 | e:   0.100000 | Q: 147.010788 | won: True 
#   16 | steps:   372 | steps_t: 100603 | t: 0.974735 | r:  -504.000000 | e:   0.100000 | Q:  80.683418 | won: False 
#   17 | steps:   392 | steps_t: 100603 | t: 1.122978 | r:    92.000000 | e:   0.100000 | Q: 112.562134 | won: True 
#   18 | steps:   417 | steps_t: 100603 | t: 1.180112 | r:    87.000000 | e:   0.100000 | Q: 147.010788 | won: True 
#   19 | steps:   443 | steps_t: 100603 | t: 1.241742 | r:    86.000000 | e:   0.100000 | Q: 105.935692 | won: True 
#   20 | steps:   463 | steps_t: 100603 | t: 1.287841 | r:    92.000000 | e:   0.100000 | Q: 112.562134 | won: True 
#   21 | steps:   487 | steps_t: 100603 | t: 1.348982 | r:    88.000000 | e:   0.100000 | Q: 147.010788 | won: True 
#   22 | steps:   532 | steps_t: 100603 | t: 1.454407 | r:    67.000000 | e:   0.100000 | Q:  94.077515 | won: True 
#   23 | steps:   552 | steps_t: 100603 | t: 1.507769 | r:    92.000000 | e:   0.100000 | Q: 112.562134 | won: True 
#   24 | steps:   574 | steps_t: 100603 | t: 1.557686 | r:    90.000000 | e:   0.100000 | Q: 105.935692 | won: True 
#   25 | steps:   596 | steps_t: 100603 | t: 1.608515 | r:    90.000000 | e:   0.100000 | Q: 112.562134 | won: True 
#   26 | steps:   616 | steps_t: 100603 | t: 1.658575 | r:    92.000000 | e:   0.100000 | Q: 112.562134 | won: True 
#   27 | steps:   642 | steps_t: 100603 | t: 1.721459 | r:    86.000000 | e:   0.100000 | Q: 105.935692 | won: True 
#   28 | steps:   666 | steps_t: 100603 | t: 1.773246 | r:    88.000000 | e:   0.100000 | Q: 142.888443 | won: True 
#   29 | steps:   690 | steps_t: 100603 | t: 1.822518 | r:    88.000000 | e:   0.100000 | Q: 113.085564 | won: True 
#   30 | steps:   711 | steps_t: 100603 | t: 1.869876 | r:    91.000000 | e:   0.100000 | Q: 142.888443 | won: True 
#   31 | steps:   734 | steps_t: 100603 | t: 1.921081 | r:  -522.000000 | e:   0.100000 | Q:  75.621101 | won: False 
#   32 | steps:   751 | steps_t: 100603 | t: 1.960721 | r:  -505.000000 | e:   0.100000 | Q:  82.785492 | won: False 
#   33 | steps:   773 | steps_t: 100603 | t: 2.010097 | r:  -521.000000 | e:   0.100000 | Q:  75.621101 | won: False 
#   34 | steps:   793 | steps_t: 100603 | t: 2.055763 | r:    92.000000 | e:   0.100000 | Q: 105.321350 | won: True 
#   35 | steps:   817 | steps_t: 100603 | t: 2.108532 | r:    88.000000 | e:   0.100000 | Q: 112.562134 | won: True 
#   36 | steps:   839 | steps_t: 100603 | t: 2.155951 | r:    90.000000 | e:   0.100000 | Q: 112.562134 | won: True 
#   37 | steps:   859 | steps_t: 100603 | t: 2.204255 | r:    92.000000 | e:   0.100000 | Q: 112.562134 | won: True 
#   38 | steps:   885 | steps_t: 100603 | t: 2.265482 | r:    86.000000 | e:   0.100000 | Q: 105.935692 | won: True 
#   39 | steps:   930 | steps_t: 100603 | t: 2.362588 | r:    67.000000 | e:   0.100000 | Q: 118.030380 | won: True 
#   40 | steps:   950 | steps_t: 100603 | t: 2.410659 | r:    92.000000 | e:   0.100000 | Q: 112.562134 | won: True 
#   41 | steps:   970 | steps_t: 100603 | t: 2.457612 | r:    92.000000 | e:   0.100000 | Q: 140.347153 | won: True 
#   42 | steps:   989 | steps_t: 100603 | t: 2.502346 | r:  -518.000000 | e:   0.100000 | Q:  75.621101 | won: False 
#   43 | steps:  1009 | steps_t: 100603 | t: 2.545443 | r:    92.000000 | e:   0.100000 | Q: 112.562134 | won: True 
#   44 | steps:  1035 | steps_t: 100603 | t: 2.607958 | r:    86.000000 | e:   0.100000 | Q: 147.010788 | won: True 
#   45 | steps:  1055 | steps_t: 100603 | t: 2.654545 | r:    92.000000 | e:   0.100000 | Q: 112.562134 | won: True 
#   46 | steps:  1075 | steps_t: 100603 | t: 2.700898 | r:    92.000000 | e:   0.100000 | Q: 105.321350 | won: True 
#   47 | steps:  1095 | steps_t: 100603 | t: 2.745265 | r:    92.000000 | e:   0.100000 | Q: 112.562134 | won: True 
#   48 | steps:  1120 | steps_t: 100603 | t: 2.797185 | r:  -524.000000 | e:   0.100000 | Q:  75.621101 | won: False 
#   49 | steps:  1146 | steps_t: 100603 | t: 2.850277 | r:    86.000000 | e:   0.100000 | Q: 105.935692 | won: True 
#   50 | steps:  1166 | steps_t: 100603 | t: 2.891986 | r:    92.000000 | e:   0.100000 | Q: 112.562134 | won: True 
#   51 | steps:  1185 | steps_t: 100603 | t: 2.932058 | r:  -507.000000 | e:   0.100000 | Q: 112.562134 | won: False 
#   52 | steps:  1205 | steps_t: 100603 | t: 2.976917 | r:    92.000000 | e:   0.100000 | Q: 112.562134 | won: True 
#   53 | steps:  1225 | steps_t: 100603 | t: 3.024198 | r:    92.000000 | e:   0.100000 | Q: 112.562134 | won: True 
#   54 | steps:  1245 | steps_t: 100603 | t: 3.069200 | r:    92.000000 | e:   0.100000 | Q: 112.562134 | won: True 
#   55 | steps:  1265 | steps_t: 100603 | t: 3.109088 | r:    92.000000 | e:   0.100000 | Q: 112.562134 | won: True 
#   56 | steps:  1285 | steps_t: 100603 | t: 3.154410 | r:    92.000000 | e:   0.100000 | Q: 112.562134 | won: True 
#   57 | steps:  1305 | steps_t: 100603 | t: 3.201018 | r:    92.000000 | e:   0.100000 | Q: 112.562134 | won: True 
#   58 | steps:  1331 | steps_t: 100603 | t: 3.258449 | r:    86.000000 | e:   0.100000 | Q: 147.010788 | won: True 
#   59 | steps:  1351 | steps_t: 100603 | t: 3.304256 | r:    92.000000 | e:   0.100000 | Q: 140.347153 | won: True 
#   60 | steps:  1393 | steps_t: 100603 | t: 3.396208 | r:    70.000000 | e:   0.100000 | Q: 112.562134 | won: True 
#   61 | steps:  1418 | steps_t: 100603 | t: 3.447043 | r:  -513.000000 | e:   0.100000 | Q:  84.460915 | won: False 
#   62 | steps:  1442 | steps_t: 100603 | t: 3.503464 | r:    88.000000 | e:   0.100000 | Q: 147.010788 | won: True 
#   63 | steps:  1462 | steps_t: 100603 | t: 3.548827 | r:    92.000000 | e:   0.100000 | Q: 112.562134 | won: True 
#   64 | steps:  1488 | steps_t: 100603 | t: 3.609427 | r:    86.000000 | e:   0.100000 | Q: 105.935692 | won: True 
#   65 | steps:  1508 | steps_t: 100603 | t: 3.651553 | r:    92.000000 | e:   0.100000 | Q: 112.562134 | won: True 
#   66 | steps:  1530 | steps_t: 100603 | t: 3.697809 | r:    90.000000 | e:   0.100000 | Q: 105.935692 | won: True 
#   67 | steps:  1550 | steps_t: 100603 | t: 3.743642 | r:    92.000000 | e:   0.100000 | Q: 112.562134 | won: True 
#   68 | steps:  1576 | steps_t: 100603 | t: 3.804753 | r:    86.000000 | e:   0.100000 | Q: 105.935692 | won: True 
#   69 | steps:  1599 | steps_t: 100603 | t: 3.855328 | r:  -511.000000 | e:   0.100000 | Q:  86.663704 | won: False 
#   70 | steps:  1619 | steps_t: 100603 | t: 3.898929 | r:    92.000000 | e:   0.100000 | Q: 112.562134 | won: True 
#   71 | steps:  1643 | steps_t: 100603 | t: 3.952216 | r:  -512.000000 | e:   0.100000 | Q:  86.663704 | won: False 
#   72 | steps:  1669 | steps_t: 100603 | t: 4.009264 | r:    86.000000 | e:   0.100000 | Q: 105.935692 | won: True 
#   73 | steps:  1689 | steps_t: 100603 | t: 4.056895 | r:    92.000000 | e:   0.100000 | Q: 112.562134 | won: True 
#   74 | steps:  1714 | steps_t: 100603 | t: 4.111462 | r:    87.000000 | e:   0.100000 | Q: 147.010788 | won: True 
#   75 | steps:  1738 | steps_t: 100603 | t: 4.165079 | r:    88.000000 | e:   0.100000 | Q: 147.010788 | won: True 
#   76 | steps:  1762 | steps_t: 100603 | t: 4.217988 | r:    88.000000 | e:   0.100000 | Q: 147.010788 | won: True 
#   77 | steps:  1782 | steps_t: 100603 | t: 4.260430 | r:    92.000000 | e:   0.100000 | Q: 112.562134 | won: True 
#   78 | steps:  1808 | steps_t: 100603 | t: 4.319947 | r:    86.000000 | e:   0.100000 | Q: 147.010788 | won: True 
#   79 | steps:  1828 | steps_t: 100603 | t: 4.362527 | r:    92.000000 | e:   0.100000 | Q: 112.562134 | won: True 
#   80 | steps:  1850 | steps_t: 100603 | t: 4.410415 | r:    90.000000 | e:   0.100000 | Q: 112.562134 | won: True 
#   81 | steps:  1870 | steps_t: 100603 | t: 4.454216 | r:    92.000000 | e:   0.100000 | Q: 112.562134 | won: True 
#   82 | steps:  1890 | steps_t: 100603 | t: 4.493505 | r:    92.000000 | e:   0.100000 | Q: 112.562134 | won: True 
#   83 | steps:  1915 | steps_t: 100603 | t: 4.549921 | r:    87.000000 | e:   0.100000 | Q: 147.010788 | won: True 
#   84 | steps:  1940 | steps_t: 100603 | t: 4.602177 | r:  -513.000000 | e:   0.100000 | Q:  84.460915 | won: False 
#   85 | steps:  1967 | steps_t: 100603 | t: 4.661028 | r:  -504.000000 | e:   0.100000 | Q:  75.621101 | won: False 
#   86 | steps:  1989 | steps_t: 100603 | t: 4.706935 | r:    90.000000 | e:   0.100000 | Q: 105.935692 | won: True 
#   87 | steps:  2009 | steps_t: 100603 | t: 4.746425 | r:    92.000000 | e:   0.100000 | Q: 112.562134 | won: True 
#   88 | steps:  2033 | steps_t: 100603 | t: 4.801188 | r:    88.000000 | e:   0.100000 | Q: 147.010788 | won: True 
#   89 | steps:  2050 | steps_t: 100603 | t: 4.839072 | r:  -505.000000 | e:   0.100000 | Q: 112.562134 | won: False 
#   90 | steps:  2076 | steps_t: 100603 | t: 4.896696 | r:    86.000000 | e:   0.100000 | Q: 105.935692 | won: True 
#   91 | steps:  2102 | steps_t: 100603 | t: 4.952706 | r:    86.000000 | e:   0.100000 | Q: 112.562134 | won: True 
#   92 | steps:  2126 | steps_t: 100603 | t: 5.005481 | r:    88.000000 | e:   0.100000 | Q: 147.010788 | won: True 
#   93 | steps:  2150 | steps_t: 100603 | t: 5.053806 | r:    88.000000 | e:   0.100000 | Q: 112.562134 | won: True 
#   94 | steps:  2171 | steps_t: 100603 | t: 5.100088 | r:    91.000000 | e:   0.100000 | Q: 112.562134 | won: True 
#   95 | steps:  2195 | steps_t: 100603 | t: 5.153374 | r:    88.000000 | e:   0.100000 | Q: 147.010788 | won: True 
#   96 | steps:  2221 | steps_t: 100603 | t: 5.211009 | r:    86.000000 | e:   0.100000 | Q: 105.935692 | won: True 
#   97 | steps:  2245 | steps_t: 100603 | t: 5.260187 | r:    88.000000 | e:   0.100000 | Q: 113.085564 | won: True 
#   98 | steps:  2269 | steps_t: 100603 | t: 5.317236 | r:    88.000000 | e:   0.100000 | Q: 147.010788 | won: True 
#   99 | steps:  2290 | steps_t: 100603 | t: 5.362668 | r:  -520.000000 | e:   0.100000 | Q:  75.621101 | won: False 
#  100 | steps:  2316 | steps_t: 100603 | t: 5.423759 | r:    86.000000 | e:   0.100000 | Q: 105.935692 | won: True 
#  101 | steps:  2338 | steps_t: 100603 | t: 5.472090 | r:    90.000000 | e:   0.100000 | Q: 112.562134 | won: True 
#  102 | steps:  2360 | steps_t: 100603 | t: 5.518245 | r:  -510.000000 | e:   0.100000 | Q:  87.486603 | won: False 
#  103 | steps:  2384 | steps_t: 100603 | t: 5.567547 | r:  -512.000000 | e:   0.100000 | Q:  86.663704 | won: False 
#  104 | steps:  2410 | steps_t: 100603 | t: 5.620682 | r:    86.000000 | e:   0.100000 | Q: 112.562134 | won: True 
#  105 | steps:  2434 | steps_t: 100603 | t: 5.672390 | r:    88.000000 | e:   0.100000 | Q: 105.321350 | won: True 
#  106 | steps:  2454 | steps_t: 100603 | t: 5.718251 | r:    92.000000 | e:   0.100000 | Q: 112.562134 | won: True 
#  107 | steps:  2480 | steps_t: 100603 | t: 5.775379 | r:    86.000000 | e:   0.100000 | Q: 105.935692 | won: True 
#  108 | steps:  2500 | steps_t: 100603 | t: 5.813689 | r:    92.000000 | e:   0.100000 | Q: 113.085564 | won: True 
#  109 | steps:  2526 | steps_t: 100603 | t: 5.872104 | r:    86.000000 | e:   0.100000 | Q: 112.562134 | won: True 
#  110 | steps:  2548 | steps_t: 100603 | t: 5.920723 | r:    90.000000 | e:   0.100000 | Q: 112.562134 | won: True 
#  111 | steps:  2574 | steps_t: 100603 | t: 5.981627 | r:    86.000000 | e:   0.100000 | Q: 105.935692 | won: True 
#  112 | steps:  2598 | steps_t: 100603 | t: 6.026423 | r:  -512.000000 | e:   0.100000 | Q:  86.663704 | won: False 
#  113 | steps:  2619 | steps_t: 100603 | t: 6.072956 | r:    91.000000 | e:   0.100000 | Q: 112.562134 | won: True 
#  114 | steps:  2645 | steps_t: 100603 | t: 6.127504 | r:    86.000000 | e:   0.100000 | Q: 105.935692 | won: True 
#  115 | steps:  2665 | steps_t: 100603 | t: 6.168522 | r:    92.000000 | e:   0.100000 | Q: 112.562134 | won: True 
#  116 | steps:  2691 | steps_t: 100603 | t: 6.220569 | r:    86.000000 | e:   0.100000 | Q: 128.510239 | won: True 
#  117 | steps:  2709 | steps_t: 100603 | t: 6.260481 | r:  -506.000000 | e:   0.100000 | Q: 112.562134 | won: False 
#  118 | steps:  2733 | steps_t: 100603 | t: 6.312853 | r:    88.000000 | e:   0.100000 | Q: 112.562134 | won: True 
#  119 | steps:  2759 | steps_t: 100603 | t: 6.366682 | r:    86.000000 | e:   0.100000 | Q: 105.935692 | won: True 
#  120 | steps:  2783 | steps_t: 100603 | t: 6.420655 | r:  -512.000000 | e:   0.100000 | Q:  86.663704 | won: False 
#  121 | steps:  2807 | steps_t: 100603 | t: 6.474203 | r:    88.000000 | e:   0.100000 | Q: 147.010788 | won: True 
#  122 | steps:  2827 | steps_t: 100603 | t: 6.520989 | r:    92.000000 | e:   0.100000 | Q: 112.562134 | won: True 
#  123 | steps:  2852 | steps_t: 100603 | t: 6.570524 | r:  -513.000000 | e:   0.100000 | Q:  87.486603 | won: False 
#  124 | steps:  2874 | steps_t: 100603 | t: 6.618526 | r:    90.000000 | e:   0.100000 | Q: 112.562134 | won: True 
#  125 | steps:  2920 | steps_t: 100603 | t: 6.714058 | r:    66.000000 | e:   0.100000 | Q: 118.030380 | won: True 
#  126 | steps:  2934 | steps_t: 100603 | t: 6.739496 | r:  -491.000000 | e:   0.100000 | Q:  71.941917 | won: False 
#  127 | steps:  2956 | steps_t: 100603 | t: 6.789383 | r:    90.000000 | e:   0.100000 | Q: 112.562134 | won: True 
#  128 | steps:  2976 | steps_t: 100603 | t: 6.848118 | r:    92.000000 | e:   0.100000 | Q: 105.321350 | won: True 
#  129 | steps:  3001 | steps_t: 100603 | t: 6.910067 | r:  -513.000000 | e:   0.100000 | Q:  86.663704 | won: False 
#  130 | steps:  3021 | steps_t: 100603 | t: 6.960417 | r:    92.000000 | e:   0.100000 | Q: 112.562134 | won: True 
#  131 | steps:  3043 | steps_t: 100603 | t: 7.008863 | r:    90.000000 | e:   0.100000 | Q: 105.935692 | won: True 
#  132 | steps:  3065 | steps_t: 100603 | t: 7.055453 | r:    90.000000 | e:   0.100000 | Q: 105.935692 | won: True 
#  133 | steps:  3083 | steps_t: 100603 | t: 7.093555 | r:  -506.000000 | e:   0.100000 | Q:  89.550941 | won: False 
#  134 | steps:  3103 | steps_t: 100603 | t: 7.136135 | r:    92.000000 | e:   0.100000 | Q: 105.321350 | won: True 
#  135 | steps:  3127 | steps_t: 100603 | t: 7.182778 | r:    88.000000 | e:   0.100000 | Q: 147.010788 | won: True 
#  136 | steps:  3151 | steps_t: 100603 | t: 7.233709 | r:    88.000000 | e:   0.100000 | Q: 147.010788 | won: True 
#  137 | steps:  3171 | steps_t: 100603 | t: 7.274770 | r:    92.000000 | e:   0.100000 | Q: 112.562134 | won: True 
#  138 | steps:  3197 | steps_t: 100603 | t: 7.324333 | r:    86.000000 | e:   0.100000 | Q: 112.562134 | won: True 
#  139 | steps:  3217 | steps_t: 100603 | t: 7.365251 | r:    92.000000 | e:   0.100000 | Q: 112.562134 | won: True 
#  140 | steps:  3237 | steps_t: 100603 | t: 7.404889 | r:    92.000000 | e:   0.100000 | Q: 112.562134 | won: True 
#  141 | steps:  3261 | steps_t: 100603 | t: 7.457579 | r:    88.000000 | e:   0.100000 | Q: 142.888443 | won: True 
#  142 | steps:  3281 | steps_t: 100603 | t: 7.505228 | r:    92.000000 | e:   0.100000 | Q: 112.562134 | won: True 
#  143 | steps:  3303 | steps_t: 100603 | t: 7.552999 | r:  -510.000000 | e:   0.100000 | Q: 112.562134 | won: False 
#  144 | steps:  3329 | steps_t: 100603 | t: 7.609865 | r:    86.000000 | e:   0.100000 | Q: 101.818619 | won: True 
#  145 | steps:  3355 | steps_t: 100603 | t: 7.664511 | r:    86.000000 | e:   0.100000 | Q: 105.935692 | won: True 
#  146 | steps:  3379 | steps_t: 100603 | t: 7.706478 | r:    88.000000 | e:   0.100000 | Q: 105.321350 | won: True 
#  147 | steps:  3405 | steps_t: 100603 | t: 7.759423 | r:    86.000000 | e:   0.100000 | Q: 105.935692 | won: True 
#  148 | steps:  3431 | steps_t: 100603 | t: 7.812211 | r:    86.000000 | e:   0.100000 | Q: 105.935692 | won: True 
#  149 | steps:  3457 | steps_t: 100603 | t: 7.859461 | r:    86.000000 | e:   0.100000 | Q: 105.935692 | won: True 
#  150 | steps:  3483 | steps_t: 100603 | t: 7.912711 | r:    86.000000 | e:   0.100000 | Q: 105.935692 | won: True 
#  151 | steps:  3503 | steps_t: 100603 | t: 7.950967 | r:    92.000000 | e:   0.100000 | Q: 112.562134 | won: True 
#  152 | steps:  3526 | steps_t: 100603 | t: 7.994574 | r:  -522.000000 | e:   0.100000 | Q:  80.683418 | won: False 
#  153 | steps:  3546 | steps_t: 100603 | t: 8.037953 | r:    92.000000 | e:   0.100000 | Q: 112.562134 | won: True 
#  154 | steps:  3572 | steps_t: 100603 | t: 8.089173 | r:    86.000000 | e:   0.100000 | Q: 105.935692 | won: True 
#  155 | steps:  3592 | steps_t: 100603 | t: 8.129080 | r:    92.000000 | e:   0.100000 | Q: 112.562134 | won: True 
#  156 | steps:  3616 | steps_t: 100603 | t: 8.173326 | r:    88.000000 | e:   0.100000 | Q: 112.562134 | won: True 
#  157 | steps:  3636 | steps_t: 100603 | t: 8.209231 | r:    92.000000 | e:   0.100000 | Q: 105.321350 | won: True 
#  158 | steps:  3656 | steps_t: 100603 | t: 8.240945 | r:    92.000000 | e:   0.100000 | Q: 100.645950 | won: True 
#  159 | steps:  3698 | steps_t: 100603 | t: 8.326607 | r:    70.000000 | e:   0.100000 | Q: 112.562134 | won: True 
#  160 | steps:  3718 | steps_t: 100603 | t: 8.367045 | r:    92.000000 | e:   0.100000 | Q: 105.321350 | won: True 
#  161 | steps:  3738 | steps_t: 100603 | t: 8.406360 | r:    92.000000 | e:   0.100000 | Q: 112.562134 | won: True 
#  162 | steps:  3757 | steps_t: 100603 | t: 8.445445 | r:  -507.000000 | e:   0.100000 | Q:  86.663704 | won: False 
#  163 | steps:  3781 | steps_t: 100603 | t: 8.495885 | r:    88.000000 | e:   0.100000 | Q: 105.321350 | won: True 
#  164 | steps:  3801 | steps_t: 100603 | t: 8.538907 | r:    92.000000 | e:   0.100000 | Q: 112.562134 | won: True 
#  165 | steps:  3824 | steps_t: 100603 | t: 8.583129 | r:  -511.000000 | e:   0.100000 | Q:  87.486603 | won: False 
#  166 | steps:  3848 | steps_t: 100603 | t: 8.628803 | r:    88.000000 | e:   0.100000 | Q: 112.562134 | won: True 
#  167 | steps:  3874 | steps_t: 100603 | t: 8.678241 | r:    86.000000 | e:   0.100000 | Q: 105.935692 | won: True 
#  168 | steps:  3896 | steps_t: 100603 | t: 8.724236 | r:    90.000000 | e:   0.100000 | Q: 105.935692 | won: True 
#  169 | steps:  3918 | steps_t: 100603 | t: 8.766444 | r:    90.000000 | e:   0.100000 | Q: 112.562134 | won: True 
#  170 | steps:  3942 | steps_t: 100603 | t: 8.813472 | r:    88.000000 | e:   0.100000 | Q: 147.010788 | won: True 
#  171 | steps:  3966 | steps_t: 100603 | t: 8.862226 | r:    88.000000 | e:   0.100000 | Q: 128.510239 | won: True 
#  172 | steps:  3990 | steps_t: 100603 | t: 8.903642 | r:  -512.000000 | e:   0.100000 | Q:  89.672684 | won: False 
#  173 | steps:  4014 | steps_t: 100603 | t: 8.948684 | r:    88.000000 | e:   0.100000 | Q: 112.562134 | won: True 
#  174 | steps:  4034 | steps_t: 100603 | t: 8.991687 | r:    92.000000 | e:   0.100000 | Q: 112.562134 | won: True 
#  175 | steps:  4054 | steps_t: 100603 | t: 9.032171 | r:    92.000000 | e:   0.100000 | Q: 112.562134 | won: True 
#  176 | steps:  4078 | steps_t: 100603 | t: 9.085145 | r:    88.000000 | e:   0.100000 | Q: 147.010788 | won: True 
#  177 | steps:  4104 | steps_t: 100603 | t: 9.135676 | r:    86.000000 | e:   0.100000 | Q: 105.935692 | won: True 
#  178 | steps:  4128 | steps_t: 100603 | t: 9.188632 | r:    88.000000 | e:   0.100000 | Q: 147.010788 | won: True 
#  179 | steps:  4150 | steps_t: 100603 | t: 9.233039 | r:    90.000000 | e:   0.100000 | Q: 112.562134 | won: True 
#  180 | steps:  4170 | steps_t: 100603 | t: 9.269111 | r:    92.000000 | e:   0.100000 | Q: 112.562134 | won: True 
#  181 | steps:  4196 | steps_t: 100603 | t: 9.320040 | r:    86.000000 | e:   0.100000 | Q: 105.935692 | won: True 
#  182 | steps:  4222 | steps_t: 100603 | t: 9.370783 | r:    86.000000 | e:   0.100000 | Q: 105.935692 | won: True 
#  183 | steps:  4242 | steps_t: 100603 | t: 9.413873 | r:    92.000000 | e:   0.100000 | Q: 112.562134 | won: True 
#  184 | steps:  4262 | steps_t: 100603 | t: 9.453855 | r:    92.000000 | e:   0.100000 | Q: 112.562134 | won: True 
#  185 | steps:  4282 | steps_t: 100603 | t: 9.490536 | r:    92.000000 | e:   0.100000 | Q: 147.010788 | won: True 
#  186 | steps:  4302 | steps_t: 100603 | t: 9.532259 | r:    92.000000 | e:   0.100000 | Q: 147.010788 | won: True 
#  187 | steps:  4327 | steps_t: 100603 | t: 9.585691 | r:    87.000000 | e:   0.100000 | Q: 147.010788 | won: True 
#  188 | steps:  4349 | steps_t: 100603 | t: 9.625463 | r:  -521.000000 | e:   0.100000 | Q:  75.621101 | won: False 
#  189 | steps:  4369 | steps_t: 100603 | t: 9.666117 | r:    92.000000 | e:   0.100000 | Q: 112.562134 | won: True 
#  190 | steps:  4389 | steps_t: 100603 | t: 9.707900 | r:    92.000000 | e:   0.100000 | Q: 112.562134 | won: True 
#  191 | steps:  4411 | steps_t: 100603 | t: 9.753193 | r:    90.000000 | e:   0.100000 | Q: 105.935692 | won: True 
#  192 | steps:  4431 | steps_t: 100603 | t: 9.794284 | r:    92.000000 | e:   0.100000 | Q: 112.562134 | won: True 
#  193 | steps:  4451 | steps_t: 100603 | t: 9.836079 | r:    92.000000 | e:   0.100000 | Q: 112.562134 | won: True 
#  194 | steps:  4477 | steps_t: 100603 | t: 9.888169 | r:    86.000000 | e:   0.100000 | Q: 105.935692 | won: True 
#  195 | steps:  4497 | steps_t: 100603 | t: 9.925504 | r:    92.000000 | e:   0.100000 | Q: 112.562134 | won: True 
#  196 | steps:  4517 | steps_t: 100603 | t: 9.966957 | r:    92.000000 | e:   0.100000 | Q: 112.562134 | won: True 
#  197 | steps:  4541 | steps_t: 100603 | t: 10.012216 | r:    88.000000 | e:   0.100000 | Q: 147.010788 | won: True 
#  198 | steps:  4565 | steps_t: 100603 | t: 10.060587 | r:    88.000000 | e:   0.100000 | Q: 147.010788 | won: True 
#  199 | steps:  4589 | steps_t: 100603 | t: 10.108141 | r:    88.000000 | e:   0.100000 | Q: 112.562134 | won: True 
#  200 | steps:  4613 | steps_t: 100603 | t: 10.157011 | r:    88.000000 | e:   0.100000 | Q: 147.010788 | won: True 
#  201 | steps:  4637 | steps_t: 100603 | t: 10.203354 | r:    88.000000 | e:   0.100000 | Q: 142.888443 | won: True 
#  202 | steps:  4663 | steps_t: 100603 | t: 10.252259 | r:  -514.000000 | e:   0.100000 | Q: 101.818619 | won: False 
#  203 | steps:  4687 | steps_t: 100603 | t: 10.301264 | r:    88.000000 | e:   0.100000 | Q: 142.888443 | won: True 
#  204 | steps:  4713 | steps_t: 100603 | t: 10.353156 | r:    86.000000 | e:   0.100000 | Q: 105.935692 | won: True 
#  205 | steps:  4733 | steps_t: 100603 | t: 10.389216 | r:  -508.000000 | e:   0.100000 | Q:  78.787712 | won: False 
#  206 | steps:  4753 | steps_t: 100603 | t: 10.431508 | r:    92.000000 | e:   0.100000 | Q: 112.562134 | won: True 
#  207 | steps:  4777 | steps_t: 100603 | t: 10.483742 | r:    88.000000 | e:   0.100000 | Q: 147.010788 | won: True 
#  208 | steps:  4803 | steps_t: 100603 | t: 10.532599 | r:    86.000000 | e:   0.100000 | Q: 105.935692 | won: True 
#  209 | steps:  4827 | steps_t: 100603 | t: 10.586151 | r:    88.000000 | e:   0.100000 | Q: 147.010788 | won: True 
#  210 | steps:  4851 | steps_t: 100603 | t: 10.629475 | r:    88.000000 | e:   0.100000 | Q: 147.010788 | won: True 
#  211 | steps:  4871 | steps_t: 100603 | t: 10.670983 | r:    92.000000 | e:   0.100000 | Q: 112.562134 | won: True 
#  212 | steps:  4895 | steps_t: 100603 | t: 10.721674 | r:  -512.000000 | e:   0.100000 | Q:  86.663704 | won: False 
#  213 | steps:  4916 | steps_t: 100603 | t: 10.765960 | r:    91.000000 | e:   0.100000 | Q: 112.562134 | won: True 
#  214 | steps:  4941 | steps_t: 100603 | t: 10.827909 | r:    87.000000 | e:   0.100000 | Q: 147.010788 | won: True 
#  215 | steps:  4963 | steps_t: 100603 | t: 10.878105 | r:    90.000000 | e:   0.100000 | Q: 105.935692 | won: True 
#  216 | steps:  4985 | steps_t: 100603 | t: 10.921634 | r:    90.000000 | e:   0.100000 | Q: 105.935692 | won: True 
#  217 | steps:  5005 | steps_t: 100606 | t: 11.116113 | r:    92.000000 | e:   0.100000 | Q: 112.562134 | won: True 
#  218 | steps:  5027 | steps_t: 100627 | t: 11.403025 | r:    90.000000 | e:   0.100000 | Q:  93.021729 | won: True 
#  219 | steps:  5053 | steps_t: 100652 | t: 11.729557 | r:    86.000000 | e:   0.100000 | Q: 104.109947 | won: True 
#  220 | steps:  5074 | steps_t: 100672 | t: 11.995725 | r:  -509.000000 | e:   0.100000 | Q: 110.554680 | won: False 
#  221 | steps:  5096 | steps_t: 100693 | t: 12.256806 | r:    90.000000 | e:   0.100000 | Q: 101.455475 | won: True 
#  222 | steps:  5118 | steps_t: 100714 | t: 12.520707 | r:    90.000000 | e:   0.100000 | Q: 100.084167 | won: True 
#  223 | steps:  5146 | steps_t: 100741 | t: 12.886667 | r:  -516.000000 | e:   0.100000 | Q: 139.264755 | won: False 
#  224 | steps:  5166 | steps_t: 100760 | t: 13.137837 | r:  -508.000000 | e:   0.100000 | Q: 111.235527 | won: False 
#  225 | steps:  5188 | steps_t: 100781 | t: 13.400114 | r:  -510.000000 | e:   0.100000 | Q: 100.977470 | won: False 
#  226 | steps:  5212 | steps_t: 100804 | t: 13.713571 | r:    88.000000 | e:   0.100000 | Q: 144.510529 | won: True 
#  227 | steps:  5234 | steps_t: 100825 | t: 13.980659 | r:    90.000000 | e:   0.100000 | Q: 116.236649 | won: True 
#  228 | steps:  5256 | steps_t: 100846 | t: 14.263315 | r:  -510.000000 | e:   0.100000 | Q: 116.077103 | won: False 
#  229 | steps:  5276 | steps_t: 100865 | t: 14.515765 | r:  -508.000000 | e:   0.100000 | Q:  95.118645 | won: False 
#  230 | steps:  5313 | steps_t: 100901 | t: 14.984066 | r:  -525.000000 | e:   0.100000 | Q:  87.608788 | won: False 
#  231 | steps:  5339 | steps_t: 100926 | t: 15.313815 | r:    86.000000 | e:   0.100000 | Q: 105.123306 | won: True 
#  232 | steps:  5360 | steps_t: 100946 | t: 15.579028 | r:  -509.000000 | e:   0.100000 | Q: 105.024475 | won: False 
#  233 | steps:  5395 | steps_t: 100980 | t: 16.028399 | r:  -523.000000 | e:   0.100000 | Q: 130.060349 | won: False 
#  234 | steps:  5421 | steps_t: 101005 | t: 16.364013 | r:    86.000000 | e:   0.100000 | Q: 133.451782 | won: True 
#  235 | steps:  5443 | steps_t: 101026 | t: 16.677844 | r:    90.000000 | e:   0.100000 | Q: 121.498230 | won: True 
#  236 | steps:  5461 | steps_t: 101043 | t: 16.922851 | r:  -506.000000 | e:   0.100000 | Q:  84.218468 | won: False 
#  237 | steps:  5483 | steps_t: 101064 | t: 17.233037 | r:    90.000000 | e:   0.100000 | Q: 142.937027 | won: True 
#  238 | steps:  5505 | steps_t: 101085 | t: 17.510196 | r:    90.000000 | e:   0.100000 | Q: 110.082268 | won: True 
#  239 | steps:  5543 | steps_t: 101122 | t: 17.986904 | r:    74.000000 | e:   0.100000 | Q: 142.738373 | won: True 
#  240 | steps:  5564 | steps_t: 101142 | t: 18.234579 | r:  -509.000000 | e:   0.100000 | Q: 117.287659 | won: False 
#  241 | steps:  5586 | steps_t: 101163 | t: 18.497232 | r:    90.000000 | e:   0.100000 | Q: 105.493790 | won: True 
#  242 | steps:  5612 | steps_t: 101188 | t: 18.813192 | r:    86.000000 | e:   0.100000 | Q:  97.851677 | won: True 
#  243 | steps:  5633 | steps_t: 101208 | t: 19.060600 | r:  -509.000000 | e:   0.100000 | Q: 125.550583 | won: False 
#  244 | steps:  5655 | steps_t: 101229 | t: 19.325756 | r:    90.000000 | e:   0.100000 | Q:  96.744766 | won: True 
#  245 | steps:  5677 | steps_t: 101250 | t: 19.586693 | r:    90.000000 | e:   0.100000 | Q: 100.967316 | won: True 
#  246 | steps:  5697 | steps_t: 101269 | t: 19.827697 | r:  -508.000000 | e:   0.100000 | Q:  85.217346 | won: False 
#  247 | steps:  5723 | steps_t: 101294 | t: 20.138789 | r:  -514.000000 | e:   0.100000 | Q:  86.401497 | won: False 
#  248 | steps:  5749 | steps_t: 101319 | t: 20.461578 | r:    86.000000 | e:   0.100000 | Q: 102.594444 | won: True 
#  249 | steps:  5770 | steps_t: 101339 | t: 20.714648 | r:    91.000000 | e:   0.100000 | Q: 118.154694 | won: True 
#  250 | steps:  5796 | steps_t: 101364 | t: 21.040629 | r:    86.000000 | e:   0.100000 | Q:  96.273918 | won: True 
#  251 | steps:  5818 | steps_t: 101385 | t: 21.314186 | r:    90.000000 | e:   0.100000 | Q:  93.515335 | won: True 
#  252 | steps:  5835 | steps_t: 101401 | t: 21.513112 | r:  -505.000000 | e:   0.100000 | Q:  72.466248 | won: False 
#  253 | steps:  5859 | steps_t: 101424 | t: 21.808128 | r:    88.000000 | e:   0.100000 | Q: 117.853699 | won: True 
#  254 | steps:  5881 | steps_t: 101445 | t: 22.076833 | r:  -510.000000 | e:   0.100000 | Q: 123.297173 | won: False 
#  255 | steps:  5903 | steps_t: 101466 | t: 22.359054 | r:    90.000000 | e:   0.100000 | Q: 104.460899 | won: True 
#  256 | steps:  5929 | steps_t: 101491 | t: 22.705028 | r:    86.000000 | e:   0.100000 | Q: 105.972824 | won: True 
#  257 | steps:  5950 | steps_t: 101511 | t: 22.958556 | r:    91.000000 | e:   0.100000 | Q: 131.542587 | won: True 
#  258 | steps:  5970 | steps_t: 101530 | t: 23.195223 | r:  -508.000000 | e:   0.100000 | Q: 141.844528 | won: False 
#  259 | steps:  5993 | steps_t: 101552 | t: 23.487072 | r:  -511.000000 | e:   0.100000 | Q:  91.639145 | won: False 
#  260 | steps:  6019 | steps_t: 101577 | t: 23.801061 | r:    86.000000 | e:   0.100000 | Q: 102.226700 | won: True 
#  261 | steps:  6048 | steps_t: 101605 | t: 24.164007 | r:  -517.000000 | e:   0.100000 | Q: 128.916595 | won: False 
#  262 | steps:  6062 | steps_t: 101618 | t: 24.336651 | r:  -502.000000 | e:   0.100000 | Q:  84.395912 | won: False 
#  263 | steps:  6084 | steps_t: 101639 | t: 24.605771 | r:  -510.000000 | e:   0.100000 | Q:  95.324326 | won: False 
#  264 | steps:  6100 | steps_t: 101654 | t: 24.787537 | r:    96.000000 | e:   0.100000 | Q: 124.951141 | won: True 
#  265 | steps:  6141 | steps_t: 101694 | t: 25.301375 | r:  -529.000000 | e:   0.100000 | Q: 114.885773 | won: False 
#  266 | steps:  6157 | steps_t: 101709 | t: 25.500406 | r:  -504.000000 | e:   0.100000 | Q:  84.859077 | won: False 
#  267 | steps:  6177 | steps_t: 101728 | t: 25.741106 | r:    92.000000 | e:   0.100000 | Q: 112.194672 | won: True 
#  268 | steps:  6200 | steps_t: 101750 | t: 26.018036 | r:  -511.000000 | e:   0.100000 | Q:  89.885895 | won: False 
#  269 | steps:  6217 | steps_t: 101766 | t: 26.243063 | r:  -505.000000 | e:   0.100000 | Q:  79.863739 | won: False 
#  270 | steps:  6235 | steps_t: 101783 | t: 26.478534 | r:  -506.000000 | e:   0.100000 | Q:  82.259659 | won: False 
#  271 | steps:  6252 | steps_t: 101799 | t: 26.703457 | r:  -505.000000 | e:   0.100000 | Q: 101.236176 | won: False 
#  272 | steps:  6278 | steps_t: 101824 | t: 27.050613 | r:    86.000000 | e:   0.100000 | Q:  98.763458 | won: True 
#  273 | steps:  6300 | steps_t: 101845 | t: 27.305456 | r:    90.000000 | e:   0.100000 | Q:  99.007751 | won: True 
#  274 | steps:  6322 | steps_t: 101866 | t: 27.572615 | r:    90.000000 | e:   0.100000 | Q: 109.079742 | won: True 
#  275 | steps:  6343 | steps_t: 101886 | t: 27.830309 | r:    91.000000 | e:   0.100000 | Q: 107.912552 | won: True 
#  276 | steps:  6360 | steps_t: 101902 | t: 28.043387 | r:  -505.000000 | e:   0.100000 | Q:  95.374847 | won: False 
#  277 | steps:  6386 | steps_t: 101927 | t: 28.355367 | r:    86.000000 | e:   0.100000 | Q:  96.518906 | won: True 
#  278 | steps:  6408 | steps_t: 101948 | t: 28.645067 | r:    90.000000 | e:   0.100000 | Q:  98.710968 | won: True 
#  279 | steps:  6429 | steps_t: 101968 | t: 28.900491 | r:    91.000000 | e:   0.100000 | Q: 148.547836 | won: True 
#  280 | steps:  6455 | steps_t: 101993 | t: 29.219026 | r:    86.000000 | e:   0.100000 | Q: 153.776138 | won: True 
#  281 | steps:  6481 | steps_t: 102018 | t: 29.533952 | r:    86.000000 | e:   0.100000 | Q: 113.992981 | won: True 
#  282 | steps:  6503 | steps_t: 102039 | t: 29.797569 | r:    90.000000 | e:   0.100000 | Q: 121.304695 | won: True 
#  283 | steps:  6529 | steps_t: 102064 | t: 30.108197 | r:    86.000000 | e:   0.100000 | Q: 106.848022 | won: True 
#  284 | steps:  6551 | steps_t: 102085 | t: 30.373452 | r:  -510.000000 | e:   0.100000 | Q: 121.810211 | won: False 
#  285 | steps:  6572 | steps_t: 102105 | t: 30.652713 | r:    91.000000 | e:   0.100000 | Q: 124.728241 | won: True 
#  286 | steps:  6598 | steps_t: 102130 | t: 30.991151 | r:    86.000000 | e:   0.100000 | Q: 109.461418 | won: True 
#  287 | steps:  6624 | steps_t: 102155 | t: 31.339421 | r:    86.000000 | e:   0.100000 | Q: 106.396881 | won: True 
#  288 | steps:  6643 | steps_t: 102173 | t: 31.689332 | r:  -507.000000 | e:   0.100000 | Q:  96.861580 | won: False 
#  289 | steps:  6675 | steps_t: 102204 | t: 32.236750 | r:  -520.000000 | e:   0.100000 | Q: 100.377235 | won: False 
#  290 | steps:  6701 | steps_t: 102229 | t: 32.567265 | r:    86.000000 | e:   0.100000 | Q: 104.941299 | won: True 
#  291 | steps:  6717 | steps_t: 102244 | t: 32.761037 | r:  -515.000000 | e:   0.100000 | Q: 100.542465 | won: False 
#  292 | steps:  6735 | steps_t: 102261 | t: 33.011369 | r:  -506.000000 | e:   0.100000 | Q:  95.271950 | won: False 
#  293 | steps:  6757 | steps_t: 102282 | t: 33.286618 | r:    90.000000 | e:   0.100000 | Q: 108.584824 | won: True 
#  294 | steps:  6779 | steps_t: 102303 | t: 33.571255 | r:    90.000000 | e:   0.100000 | Q: 106.232796 | won: True 
#  295 | steps:  6801 | steps_t: 102324 | t: 33.851317 | r:    90.000000 | e:   0.100000 | Q: 111.493004 | won: True 
#  296 | steps:  6823 | steps_t: 102345 | t: 34.125149 | r:  -510.000000 | e:   0.100000 | Q:  89.178429 | won: False 
#  297 | steps:  6845 | steps_t: 102366 | t: 34.396209 | r:    90.000000 | e:   0.100000 | Q: 111.604721 | won: True 
#  298 | steps:  6871 | steps_t: 102391 | t: 34.715221 | r:    86.000000 | e:   0.100000 | Q: 133.804428 | won: True 
#  299 | steps:  6912 | steps_t: 102431 | t: 35.232308 | r:  -529.000000 | e:   0.100000 | Q: 126.949989 | won: False 
#  300 | steps:  6937 | steps_t: 102455 | t: 35.534505 | r:    87.000000 | e:   0.100000 | Q: 149.476898 | won: True 
#  301 | steps:  6962 | steps_t: 102479 | t: 35.837110 | r:    87.000000 | e:   0.100000 | Q: 102.186180 | won: True 
#  302 | steps:  6977 | steps_t: 102493 | t: 36.026723 | r:    97.000000 | e:   0.100000 | Q: 110.078438 | won: True 
#  303 | steps:  7003 | steps_t: 102518 | t: 36.342850 | r:    86.000000 | e:   0.100000 | Q: 149.892776 | won: True 
#  304 | steps:  7027 | steps_t: 102541 | t: 36.628622 | r:    88.000000 | e:   0.100000 | Q: 130.728897 | won: True 
#  305 | steps:  7048 | steps_t: 102561 | t: 36.877230 | r:    91.000000 | e:   0.100000 | Q: 131.375214 | won: True 
#  306 | steps:  7070 | steps_t: 102582 | t: 37.133353 | r:  -510.000000 | e:   0.100000 | Q:  89.014038 | won: False 
#  307 | steps:  7087 | steps_t: 102598 | t: 37.329395 | r:  -505.000000 | e:   0.100000 | Q:  68.923828 | won: False 
#  308 | steps:  7109 | steps_t: 102619 | t: 37.602746 | r:    90.000000 | e:   0.100000 | Q:  98.643532 | won: True 
#  309 | steps:  7135 | steps_t: 102644 | t: 37.929712 | r:    86.000000 | e:   0.100000 | Q: 102.841553 | won: True 
#  310 | steps:  7151 | steps_t: 102659 | t: 38.123780 | r:  -504.000000 | e:   0.100000 | Q: 104.567749 | won: False 
#  311 | steps:  7173 | steps_t: 102680 | t: 38.405688 | r:    90.000000 | e:   0.100000 | Q:  94.156624 | won: True 
#  312 | steps:  7232 | steps_t: 102738 | t: 39.163799 | r:    53.000000 | e:   0.100000 | Q: 126.841621 | won: True 
#  313 | steps:  7258 | steps_t: 102763 | t: 39.484191 | r:    86.000000 | e:   0.100000 | Q: 101.651520 | won: True 
#  314 | steps:  7278 | steps_t: 102782 | t: 39.728931 | r:    92.000000 | e:   0.100000 | Q: 111.432220 | won: True 
#  315 | steps:  7300 | steps_t: 102803 | t: 40.016305 | r:    90.000000 | e:   0.100000 | Q: 104.267967 | won: True 
#  316 | steps:  7319 | steps_t: 102821 | t: 40.246614 | r:  -507.000000 | e:   0.100000 | Q: 116.725990 | won: False 
#  317 | steps:  7339 | steps_t: 102840 | t: 40.511240 | r:    92.000000 | e:   0.100000 | Q: 107.439430 | won: True 
#  318 | steps:  7361 | steps_t: 102861 | t: 40.803243 | r:    90.000000 | e:   0.100000 | Q: 105.976265 | won: True 
#  319 | steps:  7387 | steps_t: 102886 | t: 41.142743 | r:    86.000000 | e:   0.100000 | Q: 102.329666 | won: True 
#  320 | steps:  7408 | steps_t: 102906 | t: 41.417140 | r:  -509.000000 | e:   0.100000 | Q: 105.336121 | won: False 
#  321 | steps:  7430 | steps_t: 102927 | t: 41.703383 | r:    90.000000 | e:   0.100000 | Q: 105.282776 | won: True 
#  322 | steps:  7454 | steps_t: 102950 | t: 42.029708 | r:    88.000000 | e:   0.100000 | Q: 106.697311 | won: True 
#  323 | steps:  7475 | steps_t: 102970 | t: 42.311916 | r:  -509.000000 | e:   0.100000 | Q:  93.544167 | won: False 
#  324 | steps:  7512 | steps_t: 103006 | t: 42.907851 | r:  -525.000000 | e:   0.100000 | Q: 121.168732 | won: False 
#  325 | steps:  7535 | steps_t: 103028 | t: 43.298077 | r:  -522.000000 | e:   0.100000 | Q:  70.146652 | won: False 
#  326 | steps:  7554 | steps_t: 103046 | t: 43.711483 | r:  -507.000000 | e:   0.100000 | Q: 118.043747 | won: False 
#  327 | steps:  7580 | steps_t: 103071 | t: 44.137500 | r:    86.000000 | e:   0.100000 | Q: 102.068855 | won: True 
#  328 | steps:  7600 | steps_t: 103090 | t: 44.388483 | r:  -519.000000 | e:   0.100000 | Q:  74.093048 | won: False 
#  329 | steps:  7631 | steps_t: 103120 | t: 44.792656 | r:  -519.000000 | e:   0.100000 | Q: 117.623245 | won: False 
#  330 | steps:  7652 | steps_t: 103140 | t: 45.105250 | r:    91.000000 | e:   0.100000 | Q: 149.124466 | won: True 
#  331 | steps:  7675 | steps_t: 103162 | t: 45.429728 | r:  -511.000000 | e:   0.100000 | Q:  89.503067 | won: False 
#  332 | steps:  7693 | steps_t: 103179 | t: 45.810715 | r:  -506.000000 | e:   0.100000 | Q: 106.541901 | won: False 
#  333 | steps:  7720 | steps_t: 103205 | t: 46.225173 | r:    85.000000 | e:   0.100000 | Q: 120.787338 | won: True 
#  334 | steps:  7741 | steps_t: 103225 | t: 46.585181 | r:    91.000000 | e:   0.100000 | Q: 126.302567 | won: True 
#  335 | steps:  7763 | steps_t: 103246 | t: 47.042848 | r:    90.000000 | e:   0.100000 | Q: 117.261887 | won: True 
#  336 | steps:  7784 | steps_t: 103266 | t: 47.397671 | r:    91.000000 | e:   0.100000 | Q: 113.264320 | won: True 
#  337 | steps:  7807 | steps_t: 103288 | t: 47.688583 | r:  -511.000000 | e:   0.100000 | Q:  80.239983 | won: False 
#  338 | steps:  7829 | steps_t: 103309 | t: 47.984679 | r:    90.000000 | e:   0.100000 | Q:  96.514206 | won: True 
#  339 | steps:  7850 | steps_t: 103329 | t: 48.245007 | r:  -509.000000 | e:   0.100000 | Q:  72.408363 | won: False 
#  340 | steps:  7868 | steps_t: 103346 | t: 48.525068 | r:  -506.000000 | e:   0.100000 | Q:  81.883636 | won: False 
#  341 | steps:  7891 | steps_t: 103368 | t: 48.838284 | r:  -511.000000 | e:   0.100000 | Q: 305.872772 | won: False 
#  342 | steps:  7913 | steps_t: 103389 | t: 49.146013 | r:    90.000000 | e:   0.100000 | Q: 166.430862 | won: True 
#  343 | steps:  7935 | steps_t: 103410 | t: 49.446891 | r:    90.000000 | e:   0.100000 | Q: 211.321365 | won: True 
#  344 | steps:  7975 | steps_t: 103449 | t: 50.012412 | r:  -528.000000 | e:   0.100000 | Q: 221.312836 | won: False 
#  345 | steps:  8009 | steps_t: 103482 | t: 50.455556 | r:  -522.000000 | e:   0.100000 | Q: 165.429352 | won: False 
#  346 | steps:  8031 | steps_t: 103503 | t: 50.755275 | r:    90.000000 | e:   0.100000 | Q: 172.882416 | won: True 
#  347 | steps:  8057 | steps_t: 103528 | t: 51.124393 | r:    86.000000 | e:   0.100000 | Q: 112.050499 | won: True 
#  348 | steps:  8079 | steps_t: 103549 | t: 51.413771 | r:    90.000000 | e:   0.100000 | Q: 136.053604 | won: True 
#  349 | steps:  8098 | steps_t: 103567 | t: 51.710741 | r:  -507.000000 | e:   0.100000 | Q: 110.818466 | won: False 
#  350 | steps:  8124 | steps_t: 103592 | t: 52.078570 | r:    86.000000 | e:   0.100000 | Q: 130.676697 | won: True 
#  351 | steps:  8144 | steps_t: 103611 | t: 52.332973 | r:  -508.000000 | e:   0.100000 | Q: 134.176666 | won: False 
#  352 | steps:  8188 | steps_t: 103654 | t: 52.913162 | r:    68.000000 | e:   0.100000 | Q:  86.333267 | won: True 
#  353 | steps:  8209 | steps_t: 103674 | t: 53.208705 | r:    91.000000 | e:   0.100000 | Q:  98.366028 | won: True 
#  354 | steps:  8235 | steps_t: 103699 | t: 53.553102 | r:    86.000000 | e:   0.100000 | Q: 102.805550 | won: True 
#  355 | steps:  8261 | steps_t: 103724 | t: 53.903675 | r:    86.000000 | e:   0.100000 | Q: 110.859016 | won: True 
#  356 | steps:  8283 | steps_t: 103745 | t: 54.171993 | r:    90.000000 | e:   0.100000 | Q: 111.719818 | won: True 
#  357 | steps:  8305 | steps_t: 103766 | t: 54.443373 | r:    90.000000 | e:   0.100000 | Q: 106.526520 | won: True 
#  358 | steps:  8337 | steps_t: 103797 | t: 54.860220 | r:  -520.000000 | e:   0.100000 | Q: 121.016968 | won: False 
#  359 | steps:  8363 | steps_t: 103822 | t: 55.196681 | r:    86.000000 | e:   0.100000 | Q:  97.445969 | won: True 
#  360 | steps:  8388 | steps_t: 103846 | t: 55.536773 | r:    87.000000 | e:   0.100000 | Q: 108.698921 | won: True 
#  361 | steps:  8410 | steps_t: 103867 | t: 55.838796 | r:  -521.000000 | e:   0.100000 | Q:  63.720146 | won: False 
#  362 | steps:  8435 | steps_t: 103891 | t: 56.175528 | r:  -513.000000 | e:   0.100000 | Q: 107.991623 | won: False 
#  363 | steps:  8461 | steps_t: 103916 | t: 56.554055 | r:    86.000000 | e:   0.100000 | Q:  93.771645 | won: True 
#  364 | steps:  8483 | steps_t: 103937 | t: 56.878795 | r:    90.000000 | e:   0.100000 | Q: 107.592430 | won: True 
#  365 | steps:  8506 | steps_t: 103959 | t: 57.242625 | r:  -511.000000 | e:   0.100000 | Q:  69.998512 | won: False 
#  366 | steps:  8532 | steps_t: 103984 | t: 57.606487 | r:    86.000000 | e:   0.100000 | Q: 122.846924 | won: True 
#  367 | steps:  8554 | steps_t: 104005 | t: 57.921397 | r:    90.000000 | e:   0.100000 | Q: 104.010307 | won: True 
#  368 | steps:  8575 | steps_t: 104025 | t: 58.312586 | r:  -509.000000 | e:   0.100000 | Q:  94.333435 | won: False 
#  369 | steps:  8600 | steps_t: 104049 | t: 58.656975 | r:  -513.000000 | e:   0.100000 | Q:  95.272667 | won: False 
#  370 | steps:  8626 | steps_t: 104074 | t: 58.978265 | r:    86.000000 | e:   0.100000 | Q: 104.263412 | won: True 
#  371 | steps:  8651 | steps_t: 104098 | t: 59.309119 | r:    87.000000 | e:   0.100000 | Q: 106.403099 | won: True 
#  372 | steps:  8677 | steps_t: 104123 | t: 59.632787 | r:    86.000000 | e:   0.100000 | Q:  85.634842 | won: True 
#  373 | steps:  8698 | steps_t: 104143 | t: 59.891974 | r:    91.000000 | e:   0.100000 | Q: 101.875725 | won: True 
#  374 | steps:  8720 | steps_t: 104164 | t: 60.159423 | r:  -510.000000 | e:   0.100000 | Q:  77.493935 | won: False 
#  375 | steps:  8742 | steps_t: 104185 | t: 60.432314 | r:    90.000000 | e:   0.100000 | Q:  97.435379 | won: True 
#  376 | steps:  8768 | steps_t: 104210 | t: 60.775808 | r:    86.000000 | e:   0.100000 | Q: 105.049316 | won: True 
#  377 | steps:  8788 | steps_t: 104229 | t: 61.008622 | r:  -508.000000 | e:   0.100000 | Q: 113.819511 | won: False 
#  378 | steps:  8810 | steps_t: 104250 | t: 61.277149 | r:    90.000000 | e:   0.100000 | Q: 103.989296 | won: True 
#  379 | steps:  8836 | steps_t: 104275 | t: 61.589711 | r:    86.000000 | e:   0.100000 | Q:  93.980522 | won: True 
#  380 | steps:  8862 | steps_t: 104300 | t: 61.902995 | r:    86.000000 | e:   0.100000 | Q: 100.749298 | won: True 
#  381 | steps:  8883 | steps_t: 104320 | t: 62.177609 | r:    91.000000 | e:   0.100000 | Q: 107.126244 | won: True 
#  382 | steps:  8909 | steps_t: 104345 | t: 62.490362 | r:    86.000000 | e:   0.100000 | Q: 100.106712 | won: True 
#  383 | steps:  8935 | steps_t: 104370 | t: 62.804912 | r:    86.000000 | e:   0.100000 | Q:  97.900566 | won: True 
#  384 | steps:  8956 | steps_t: 104390 | t: 63.052911 | r:  -509.000000 | e:   0.100000 | Q: 100.919571 | won: False 
#  385 | steps:  8977 | steps_t: 104410 | t: 63.300940 | r:  -509.000000 | e:   0.100000 | Q:  74.749077 | won: False 
#  386 | steps:  9002 | steps_t: 104434 | t: 63.599939 | r:    87.000000 | e:   0.100000 | Q: 100.318710 | won: True 
#  387 | steps:  9024 | steps_t: 104455 | t: 63.853474 | r:    90.000000 | e:   0.100000 | Q: 102.243011 | won: True 
#  388 | steps:  9044 | steps_t: 104474 | t: 64.085020 | r:    92.000000 | e:   0.100000 | Q: 100.174461 | won: True 
#  389 | steps:  9066 | steps_t: 104495 | t: 64.340613 | r:    90.000000 | e:   0.100000 | Q: 102.714417 | won: True 
#  390 | steps:  9087 | steps_t: 104515 | t: 64.590543 | r:    91.000000 | e:   0.100000 | Q: 106.449371 | won: True 
#  391 | steps:  9111 | steps_t: 104538 | t: 64.891738 | r:    88.000000 | e:   0.100000 | Q: 108.593117 | won: True 
#  392 | steps:  9132 | steps_t: 104558 | t: 65.153794 | r:    91.000000 | e:   0.100000 | Q: 105.312592 | won: True 
#  393 | steps:  9157 | steps_t: 104582 | t: 65.466128 | r:    87.000000 | e:   0.100000 | Q: 108.791344 | won: True 
#  394 | steps:  9179 | steps_t: 104603 | t: 65.730818 | r:    90.000000 | e:   0.100000 | Q: 102.342377 | won: True 
#  395 | steps:  9204 | steps_t: 104627 | t: 66.042243 | r:    87.000000 | e:   0.100000 | Q: 109.016853 | won: True 
#  396 | steps:  9224 | steps_t: 104646 | t: 66.284539 | r:  -508.000000 | e:   0.100000 | Q:  73.256950 | won: False 
#  397 | steps:  9246 | steps_t: 104667 | t: 66.545660 | r:    90.000000 | e:   0.100000 | Q: 121.513084 | won: True 
#  398 | steps:  9272 | steps_t: 104692 | t: 66.868271 | r:    86.000000 | e:   0.100000 | Q: 166.530960 | won: True 
#  399 | steps:  9294 | steps_t: 104713 | t: 67.135172 | r:    90.000000 | e:   0.100000 | Q: 144.761917 | won: True 
#  400 | steps:  9320 | steps_t: 104738 | t: 67.451192 | r:    86.000000 | e:   0.100000 | Q: 138.010468 | won: True 
#  401 | steps:  9342 | steps_t: 104759 | t: 67.714354 | r:    90.000000 | e:   0.100000 | Q: 115.746063 | won: True 
#  402 | steps:  9364 | steps_t: 104780 | t: 67.975174 | r:    90.000000 | e:   0.100000 | Q: 111.360252 | won: True 
#  403 | steps:  9390 | steps_t: 104805 | t: 68.286500 | r:    86.000000 | e:   0.100000 | Q: 113.222778 | won: True 
#  404 | steps:  9415 | steps_t: 104829 | t: 68.579453 | r:    87.000000 | e:   0.100000 | Q: 106.050407 | won: True 
#  405 | steps:  9441 | steps_t: 104854 | t: 68.890779 | r:    86.000000 | e:   0.100000 | Q: 117.075775 | won: True 
#  406 | steps:  9466 | steps_t: 104878 | t: 69.209101 | r:    87.000000 | e:   0.100000 | Q: 129.369217 | won: True 
#  407 | steps:  9512 | steps_t: 104923 | t: 69.773351 | r:    66.000000 | e:   0.100000 | Q: 111.093529 | won: True 
#  408 | steps:  9534 | steps_t: 104944 | t: 70.041308 | r:    90.000000 | e:   0.100000 | Q: 169.766220 | won: True 
#  409 | steps:  9553 | steps_t: 104962 | t: 70.267617 | r:  -507.000000 | e:   0.100000 | Q: 106.300072 | won: False 
#  410 | steps:  9579 | steps_t: 104987 | t: 70.589928 | r:    86.000000 | e:   0.100000 | Q:  96.717033 | won: True 
#  411 | steps:  9605 | steps_t: 105012 | t: 70.896758 | r:  -514.000000 | e:   0.100000 | Q: 190.687912 | won: False 
#  412 | steps:  9626 | steps_t: 105032 | t: 71.146257 | r:  -509.000000 | e:   0.100000 | Q:  97.912552 | won: False 
#  413 | steps:  9647 | steps_t: 105052 | t: 71.450780 | r:    91.000000 | e:   0.100000 | Q:  98.681343 | won: True 
#  414 | steps:  9663 | steps_t: 105067 | t: 71.646899 | r:  -504.000000 | e:   0.100000 | Q:  85.617424 | won: False 
#  415 | steps:  9687 | steps_t: 105090 | t: 72.028309 | r:  -512.000000 | e:   0.100000 | Q:  99.799683 | won: False 
#  416 | steps:  9706 | steps_t: 105108 | t: 72.285910 | r:  -507.000000 | e:   0.100000 | Q:  90.369843 | won: False 
#  417 | steps:  9727 | steps_t: 105128 | t: 72.600684 | r:    91.000000 | e:   0.100000 | Q: 112.619080 | won: True 
#  418 | steps:  9753 | steps_t: 105153 | t: 72.950852 | r:    86.000000 | e:   0.100000 | Q: 114.744644 | won: True 
#  419 | steps:  9775 | steps_t: 105174 | t: 73.239724 | r:  -510.000000 | e:   0.100000 | Q:  92.279228 | won: False 
#  420 | steps:  9801 | steps_t: 105199 | t: 73.566019 | r:    86.000000 | e:   0.100000 | Q:  98.650085 | won: True 
#  421 | steps:  9823 | steps_t: 105220 | t: 73.838962 | r:  -510.000000 | e:   0.100000 | Q:  81.997147 | won: False 
#  422 | steps:  9849 | steps_t: 105245 | t: 74.169152 | r:    86.000000 | e:   0.100000 | Q:  99.417236 | won: True 
