#    1 | steps:    10 | steps_t:     0 | t: 0.003083 | r:  -509.000000 | e:   1.000000 | Q:        nan | won: False 
#    2 | steps:    19 | steps_t:     0 | t: 0.005494 | r:  -508.000000 | e:   1.000000 | Q:        nan | won: False 
#    3 | steps:    26 | steps_t:     0 | t: 0.007263 | r:  -506.000000 | e:   1.000000 | Q:        nan | won: False 
#    4 | steps:    37 | steps_t:     0 | t: 0.011106 | r:  -510.000000 | e:   1.000000 | Q:        nan | won: False 
#    5 | steps:    48 | steps_t:     0 | t: 0.015711 | r:  -510.000000 | e:   1.000000 | Q:        nan | won: False 
#    6 | steps:    56 | steps_t:     0 | t: 0.018355 | r:  -507.000000 | e:   1.000000 | Q:        nan | won: False 
#    7 | steps:    64 | steps_t:     0 | t: 0.021097 | r:  -507.000000 | e:   1.000000 | Q:        nan | won: False 
#    8 | steps:    71 | steps_t:     0 | t: 0.023243 | r:  -506.000000 | e:   1.000000 | Q:        nan | won: False 
#    9 | steps:    86 | steps_t:     0 | t: 0.028228 | r:  -514.000000 | e:   1.000000 | Q:        nan | won: False 
#   10 | steps:    94 | steps_t:     0 | t: 0.031244 | r:  -507.000000 | e:   1.000000 | Q:        nan | won: False 
#   11 | steps:   106 | steps_t:     0 | t: 0.035424 | r:  -511.000000 | e:   1.000000 | Q:        nan | won: False 
#   12 | steps:   124 | steps_t:     0 | t: 0.041677 | r:  -517.000000 | e:   1.000000 | Q:        nan | won: False 
#   13 | steps:   131 | steps_t:     0 | t: 0.043866 | r:  -506.000000 | e:   1.000000 | Q:        nan | won: False 
#   14 | steps:   152 | steps_t:     0 | t: 0.051381 | r:  -520.000000 | e:   1.000000 | Q:        nan | won: False 
#   15 | steps:   169 | steps_t:     0 | t: 0.056938 | r:  -505.000000 | e:   1.000000 | Q:        nan | won: False 
#   16 | steps:   180 | steps_t:     0 | t: 0.061046 | r:  -510.000000 | e:   1.000000 | Q:        nan | won: False 
#   17 | steps:   187 | steps_t:     0 | t: 0.063960 | r:  -506.000000 | e:   1.000000 | Q:        nan | won: False 
#   18 | steps:   195 | steps_t:     0 | t: 0.067038 | r:  -507.000000 | e:   1.000000 | Q:        nan | won: False 
#   19 | steps:   215 | steps_t:     0 | t: 0.074703 | r:  -519.000000 | e:   1.000000 | Q:        nan | won: False 
#   20 | steps:   229 | steps_t:     0 | t: 0.079539 | r:  -513.000000 | e:   1.000000 | Q:        nan | won: False 
#   21 | steps:   236 | steps_t:     0 | t: 0.082768 | r:  -506.000000 | e:   1.000000 | Q:        nan | won: False 
#   22 | steps:   246 | steps_t:     0 | t: 0.086557 | r:  -509.000000 | e:   1.000000 | Q:        nan | won: False 
#   23 | steps:   255 | steps_t:     0 | t: 0.089612 | r:  -508.000000 | e:   1.000000 | Q:        nan | won: False 
#   24 | steps:   261 | steps_t:     0 | t: 0.091771 | r:  -505.000000 | e:   1.000000 | Q:        nan | won: False 
#   25 | steps:   271 | steps_t:     0 | t: 0.095275 | r:  -509.000000 | e:   1.000000 | Q:        nan | won: False 
#   26 | steps:   285 | steps_t:     0 | t: 0.100433 | r:  -513.000000 | e:   1.000000 | Q:        nan | won: False 
#   27 | steps:   301 | steps_t:     0 | t: 0.106442 | r:  -515.000000 | e:   1.000000 | Q:        nan | won: False 
#   28 | steps:   316 | steps_t:     0 | t: 0.111512 | r:  -514.000000 | e:   1.000000 | Q:        nan | won: False 
#   29 | steps:   333 | steps_t:     0 | t: 0.118707 | r:  -516.000000 | e:   1.000000 | Q:        nan | won: False 
#   30 | steps:   341 | steps_t:     0 | t: 0.121330 | r:  -507.000000 | e:   1.000000 | Q:        nan | won: False 
#   31 | steps:   350 | steps_t:     0 | t: 0.124235 | r:  -508.000000 | e:   1.000000 | Q:        nan | won: False 
#   32 | steps:   361 | steps_t:     0 | t: 0.180773 | r:  -510.000000 | e:   1.000000 | Q:        nan | won: False 
#   33 | steps:   381 | steps_t:     0 | t: 0.187580 | r:  -519.000000 | e:   1.000000 | Q:        nan | won: False 
#   34 | steps:   408 | steps_t:     0 | t: 0.196705 | r:  -515.000000 | e:   1.000000 | Q:        nan | won: False 
#   35 | steps:   417 | steps_t:     0 | t: 0.199991 | r:  -508.000000 | e:   1.000000 | Q:        nan | won: False 
#   36 | steps:   425 | steps_t:     0 | t: 0.202206 | r:  -507.000000 | e:   1.000000 | Q:        nan | won: False 
#   37 | steps:   436 | steps_t:     0 | t: 0.205773 | r:  -510.000000 | e:   1.000000 | Q:        nan | won: False 
#   38 | steps:   447 | steps_t:     0 | t: 0.209059 | r:  -510.000000 | e:   1.000000 | Q:        nan | won: False 
#   39 | steps:   455 | steps_t:     0 | t: 0.212002 | r:  -507.000000 | e:   1.000000 | Q:        nan | won: False 
#   40 | steps:   461 | steps_t:     0 | t: 0.214028 | r:  -505.000000 | e:   1.000000 | Q:        nan | won: False 
#   41 | steps:   472 | steps_t:     0 | t: 0.217629 | r:  -510.000000 | e:   1.000000 | Q:        nan | won: False 
#   42 | steps:   487 | steps_t:     0 | t: 0.222660 | r:  -514.000000 | e:   1.000000 | Q:        nan | won: False 
#   43 | steps:   496 | steps_t:     0 | t: 0.225708 | r:  -508.000000 | e:   1.000000 | Q:        nan | won: False 
#   44 | steps:   512 | steps_t:     0 | t: 0.231897 | r:  -515.000000 | e:   1.000000 | Q:        nan | won: False 
#   45 | steps:   521 | steps_t:     0 | t: 0.235067 | r:  -508.000000 | e:   1.000000 | Q:        nan | won: False 
#   46 | steps:   528 | steps_t:     0 | t: 0.237598 | r:  -506.000000 | e:   1.000000 | Q:        nan | won: False 
#   47 | steps:   544 | steps_t:     0 | t: 0.243049 | r:  -515.000000 | e:   1.000000 | Q:        nan | won: False 
#   48 | steps:   553 | steps_t:     0 | t: 0.246081 | r:  -508.000000 | e:   1.000000 | Q:        nan | won: False 
#   49 | steps:   567 | steps_t:     0 | t: 0.250689 | r:  -513.000000 | e:   1.000000 | Q:        nan | won: False 
#   50 | steps:   573 | steps_t:     0 | t: 0.252960 | r:  -505.000000 | e:   1.000000 | Q:        nan | won: False 
#   51 | steps:   579 | steps_t:     0 | t: 0.255185 | r:  -505.000000 | e:   1.000000 | Q:        nan | won: False 
#   52 | steps:   599 | steps_t:     0 | t: 0.262289 | r:  -519.000000 | e:   1.000000 | Q:        nan | won: False 
#   53 | steps:   622 | steps_t:     0 | t: 0.270712 | r:  -522.000000 | e:   1.000000 | Q:        nan | won: False 
#   54 | steps:   630 | steps_t:     0 | t: 0.272907 | r:  -507.000000 | e:   1.000000 | Q:        nan | won: False 
#   55 | steps:   645 | steps_t:     0 | t: 0.277493 | r:  -492.000000 | e:   1.000000 | Q:        nan | won: False 
#   56 | steps:   658 | steps_t:     0 | t: 0.282081 | r:  -512.000000 | e:   1.000000 | Q:        nan | won: False 
#   57 | steps:   666 | steps_t:     0 | t: 0.284655 | r:  -507.000000 | e:   1.000000 | Q:        nan | won: False 
#   58 | steps:   673 | steps_t:     0 | t: 0.286890 | r:  -506.000000 | e:   1.000000 | Q:        nan | won: False 
#   59 | steps:   679 | steps_t:     0 | t: 0.288733 | r:  -505.000000 | e:   1.000000 | Q:        nan | won: False 
#   60 | steps:   688 | steps_t:     0 | t: 0.291592 | r:  -508.000000 | e:   1.000000 | Q:        nan | won: False 
#   61 | steps:   697 | steps_t:     0 | t: 0.294496 | r:  -508.000000 | e:   1.000000 | Q:        nan | won: False 
#   62 | steps:   706 | steps_t:     0 | t: 0.297261 | r:  -508.000000 | e:   1.000000 | Q:        nan | won: False 
#   63 | steps:   717 | steps_t:     0 | t: 0.300656 | r:  -510.000000 | e:   1.000000 | Q:        nan | won: False 
#   64 | steps:   723 | steps_t:     0 | t: 0.302673 | r:  -505.000000 | e:   1.000000 | Q:        nan | won: False 
#   65 | steps:   732 | steps_t:     0 | t: 0.306027 | r:  -508.000000 | e:   1.000000 | Q:        nan | won: False 
#   66 | steps:   740 | steps_t:     0 | t: 0.309055 | r:  -507.000000 | e:   1.000000 | Q:        nan | won: False 
#   67 | steps:   748 | steps_t:     0 | t: 0.311497 | r:  -507.000000 | e:   1.000000 | Q:        nan | won: False 
#   68 | steps:   755 | steps_t:     0 | t: 0.313982 | r:  -506.000000 | e:   1.000000 | Q:        nan | won: False 
#   69 | steps:   764 | steps_t:     0 | t: 0.317075 | r:  -508.000000 | e:   1.000000 | Q:        nan | won: False 
#   70 | steps:   783 | steps_t:     0 | t: 0.323908 | r:  -518.000000 | e:   1.000000 | Q:        nan | won: False 
#   71 | steps:   793 | steps_t:     0 | t: 0.326933 | r:  -509.000000 | e:   1.000000 | Q:        nan | won: False 
#   72 | steps:   803 | steps_t:     0 | t: 0.330221 | r:  -509.000000 | e:   1.000000 | Q:        nan | won: False 
#   73 | steps:   813 | steps_t:     0 | t: 0.333641 | r:  -509.000000 | e:   1.000000 | Q:        nan | won: False 
#   74 | steps:   831 | steps_t:     0 | t: 0.339339 | r:  -517.000000 | e:   1.000000 | Q:        nan | won: False 
#   75 | steps:   836 | steps_t:     0 | t: 0.340927 | r:  -504.000000 | e:   1.000000 | Q:        nan | won: False 
#   76 | steps:   843 | steps_t:     0 | t: 0.343001 | r:  -506.000000 | e:   1.000000 | Q:        nan | won: False 
#   77 | steps:   856 | steps_t:     0 | t: 0.347752 | r:  -512.000000 | e:   1.000000 | Q:        nan | won: False 
#   78 | steps:   864 | steps_t:     0 | t: 0.350341 | r:  -507.000000 | e:   1.000000 | Q:        nan | won: False 
#   79 | steps:   874 | steps_t:     0 | t: 0.353402 | r:  -509.000000 | e:   1.000000 | Q:        nan | won: False 
#   80 | steps:   894 | steps_t:     0 | t: 0.359777 | r:  -519.000000 | e:   1.000000 | Q:        nan | won: False 
#   81 | steps:   911 | steps_t:     0 | t: 0.364665 | r:  -505.000000 | e:   1.000000 | Q:        nan | won: False 
#   82 | steps:   918 | steps_t:     0 | t: 0.368442 | r:  -506.000000 | e:   1.000000 | Q:        nan | won: False 
#   83 | steps:   928 | steps_t:     0 | t: 0.371635 | r:  -509.000000 | e:   1.000000 | Q:        nan | won: False 
#   84 | steps:   956 | steps_t:     0 | t: 0.379535 | r:  -527.000000 | e:   1.000000 | Q:        nan | won: False 
#   85 | steps:   973 | steps_t:     0 | t: 0.384859 | r:  -505.000000 | e:   1.000000 | Q:        nan | won: False 
#   86 | steps:   988 | steps_t:     0 | t: 0.390559 | r:  -514.000000 | e:   1.000000 | Q:        nan | won: False 
#   87 | steps:   997 | steps_t:     0 | t: 0.393397 | r:  -508.000000 | e:   1.000000 | Q:        nan | won: False 
#   88 | steps:  1006 | steps_t:     0 | t: 0.397450 | r:  -508.000000 | e:   1.000000 | Q:        nan | won: False 
#   89 | steps:  1016 | steps_t:     0 | t: 0.400712 | r:  -509.000000 | e:   1.000000 | Q:        nan | won: False 
#   90 | steps:  1027 | steps_t:     0 | t: 0.404477 | r:  -510.000000 | e:   1.000000 | Q:        nan | won: False 
#   91 | steps:  1037 | steps_t:     0 | t: 0.407813 | r:  -509.000000 | e:   1.000000 | Q:        nan | won: False 
#   92 | steps:  1048 | steps_t:     0 | t: 0.411231 | r:  -510.000000 | e:   1.000000 | Q:        nan | won: False 
#   93 | steps:  1056 | steps_t:     0 | t: 0.414571 | r:  -507.000000 | e:   1.000000 | Q:        nan | won: False 
#   94 | steps:  1068 | steps_t:     0 | t: 0.417969 | r:  -511.000000 | e:   1.000000 | Q:        nan | won: False 
#   95 | steps:  1077 | steps_t:     0 | t: 0.421812 | r:  -508.000000 | e:   1.000000 | Q:        nan | won: False 
#   96 | steps:  1091 | steps_t:     0 | t: 0.426291 | r:  -513.000000 | e:   1.000000 | Q:        nan | won: False 
#   97 | steps:  1101 | steps_t:     0 | t: 0.430073 | r:  -509.000000 | e:   1.000000 | Q:        nan | won: False 
#   98 | steps:  1108 | steps_t:     0 | t: 0.432311 | r:  -506.000000 | e:   1.000000 | Q:        nan | won: False 
#   99 | steps:  1122 | steps_t:     0 | t: 0.436862 | r:  -502.000000 | e:   1.000000 | Q:        nan | won: False 
#  100 | steps:  1132 | steps_t:     0 | t: 0.440701 | r:  -509.000000 | e:   1.000000 | Q:        nan | won: False 
#  101 | steps:  1139 | steps_t:     0 | t: 0.443094 | r:  -506.000000 | e:   1.000000 | Q:        nan | won: False 
#  102 | steps:  1149 | steps_t:     0 | t: 0.446899 | r:  -509.000000 | e:   1.000000 | Q:        nan | won: False 
#  103 | steps:  1163 | steps_t:     0 | t: 0.451596 | r:  -513.000000 | e:   1.000000 | Q:        nan | won: False 
#  104 | steps:  1172 | steps_t:     0 | t: 0.454605 | r:  -508.000000 | e:   1.000000 | Q:        nan | won: False 
#  105 | steps:  1181 | steps_t:     0 | t: 0.457476 | r:  -508.000000 | e:   1.000000 | Q:        nan | won: False 
#  106 | steps:  1201 | steps_t:     0 | t: 0.464827 | r:  -519.000000 | e:   1.000000 | Q:        nan | won: False 
#  107 | steps:  1220 | steps_t:     0 | t: 0.470063 | r:  -518.000000 | e:   1.000000 | Q:        nan | won: False 
#  108 | steps:  1228 | steps_t:     0 | t: 0.472672 | r:  -507.000000 | e:   1.000000 | Q:        nan | won: False 
#  109 | steps:  1235 | steps_t:     0 | t: 0.474847 | r:  -506.000000 | e:   1.000000 | Q:        nan | won: False 
#  110 | steps:  1241 | steps_t:     0 | t: 0.476497 | r:  -505.000000 | e:   1.000000 | Q:        nan | won: False 
#  111 | steps:  1251 | steps_t:     0 | t: 0.481312 | r:  -509.000000 | e:   1.000000 | Q:        nan | won: False 
#  112 | steps:  1268 | steps_t:     0 | t: 0.486576 | r:  -516.000000 | e:   1.000000 | Q:        nan | won: False 
#  113 | steps:  1282 | steps_t:     0 | t: 0.491339 | r:  -502.000000 | e:   1.000000 | Q:        nan | won: False 
#  114 | steps:  1290 | steps_t:     0 | t: 0.493773 | r:  -507.000000 | e:   1.000000 | Q:        nan | won: False 
#  115 | steps:  1296 | steps_t:     0 | t: 0.495744 | r:  -505.000000 | e:   1.000000 | Q:        nan | won: False 
#  116 | steps:  1306 | steps_t:     0 | t: 0.500241 | r:  -509.000000 | e:   1.000000 | Q:        nan | won: False 
#  117 | steps:  1350 | steps_t:     0 | t: 0.514724 | r:  -532.000000 | e:   1.000000 | Q:        nan | won: False 
#  118 | steps:  1360 | steps_t:     0 | t: 0.518653 | r:  -509.000000 | e:   1.000000 | Q:        nan | won: False 
#  119 | steps:  1373 | steps_t:     0 | t: 0.523093 | r:  -512.000000 | e:   1.000000 | Q:        nan | won: False 
#  120 | steps:  1379 | steps_t:     0 | t: 0.525023 | r:  -505.000000 | e:   1.000000 | Q:        nan | won: False 
#  121 | steps:  1388 | steps_t:     0 | t: 0.527580 | r:  -508.000000 | e:   1.000000 | Q:        nan | won: False 
#  122 | steps:  1396 | steps_t:     0 | t: 0.531065 | r:  -507.000000 | e:   1.000000 | Q:        nan | won: False 
#  123 | steps:  1403 | steps_t:     0 | t: 0.533771 | r:  -506.000000 | e:   1.000000 | Q:        nan | won: False 
#  124 | steps:  1410 | steps_t:     0 | t: 0.535988 | r:  -506.000000 | e:   1.000000 | Q:        nan | won: False 
#  125 | steps:  1419 | steps_t:     0 | t: 0.539423 | r:  -508.000000 | e:   1.000000 | Q:        nan | won: False 
#  126 | steps:  1428 | steps_t:     0 | t: 0.542201 | r:  -508.000000 | e:   1.000000 | Q:        nan | won: False 
#  127 | steps:  1435 | steps_t:     0 | t: 0.544266 | r:  -506.000000 | e:   1.000000 | Q:        nan | won: False 
#  128 | steps:  1442 | steps_t:     0 | t: 0.547380 | r:  -506.000000 | e:   1.000000 | Q:        nan | won: False 
#  129 | steps:  1454 | steps_t:     0 | t: 0.551232 | r:  -511.000000 | e:   1.000000 | Q:        nan | won: False 
#  130 | steps:  1466 | steps_t:     0 | t: 0.555490 | r:  -511.000000 | e:   1.000000 | Q:        nan | won: False 
#  131 | steps:  1474 | steps_t:     0 | t: 0.558656 | r:  -507.000000 | e:   1.000000 | Q:        nan | won: False 
#  132 | steps:  1481 | steps_t:     0 | t: 0.561028 | r:  -506.000000 | e:   1.000000 | Q:        nan | won: False 
#  133 | steps:  1492 | steps_t:     0 | t: 0.565936 | r:  -510.000000 | e:   1.000000 | Q:        nan | won: False 
#  134 | steps:  1499 | steps_t:     0 | t: 0.568096 | r:  -506.000000 | e:   1.000000 | Q:        nan | won: False 
#  135 | steps:  1507 | steps_t:     0 | t: 0.571790 | r:  -507.000000 | e:   1.000000 | Q:        nan | won: False 
#  136 | steps:  1531 | steps_t:     0 | t: 0.579973 | r:  -523.000000 | e:   1.000000 | Q:        nan | won: False 
#  137 | steps:  1538 | steps_t:     0 | t: 0.582206 | r:  -506.000000 | e:   1.000000 | Q:        nan | won: False 
#  138 | steps:  1546 | steps_t:     0 | t: 0.585522 | r:  -507.000000 | e:   1.000000 | Q:        nan | won: False 
#  139 | steps:  1555 | steps_t:     0 | t: 0.588887 | r:  -508.000000 | e:   1.000000 | Q:        nan | won: False 
#  140 | steps:  1562 | steps_t:     0 | t: 0.591361 | r:  -506.000000 | e:   1.000000 | Q:        nan | won: False 
#  141 | steps:  1569 | steps_t:     0 | t: 0.594135 | r:  -506.000000 | e:   1.000000 | Q:        nan | won: False 
#  142 | steps:  1579 | steps_t:     0 | t: 0.597499 | r:  -509.000000 | e:   1.000000 | Q:        nan | won: False 
#  143 | steps:  1587 | steps_t:     0 | t: 0.600392 | r:  -507.000000 | e:   1.000000 | Q:        nan | won: False 
#  144 | steps:  1597 | steps_t:     0 | t: 0.604214 | r:  -509.000000 | e:   1.000000 | Q:        nan | won: False 
#  145 | steps:  1604 | steps_t:     0 | t: 0.607071 | r:  -506.000000 | e:   1.000000 | Q:        nan | won: False 
#  146 | steps:  1611 | steps_t:     0 | t: 0.609574 | r:  -506.000000 | e:   1.000000 | Q:        nan | won: False 
#  147 | steps:  1620 | steps_t:     0 | t: 0.612523 | r:  -508.000000 | e:   1.000000 | Q:        nan | won: False 
#  148 | steps:  1629 | steps_t:     0 | t: 0.615177 | r:  -508.000000 | e:   1.000000 | Q:        nan | won: False 
#  149 | steps:  1636 | steps_t:     0 | t: 0.617591 | r:  -506.000000 | e:   1.000000 | Q:        nan | won: False 
#  150 | steps:  1643 | steps_t:     0 | t: 0.620001 | r:  -506.000000 | e:   1.000000 | Q:        nan | won: False 
#  151 | steps:  1664 | steps_t:     0 | t: 0.626205 | r:  -520.000000 | e:   1.000000 | Q:        nan | won: False 
#  152 | steps:  1674 | steps_t:     0 | t: 0.629410 | r:  -509.000000 | e:   1.000000 | Q:        nan | won: False 
#  153 | steps:  1685 | steps_t:     0 | t: 0.633216 | r:  -510.000000 | e:   1.000000 | Q:        nan | won: False 
#  154 | steps:  1693 | steps_t:     0 | t: 0.637116 | r:  -507.000000 | e:   1.000000 | Q:        nan | won: False 
#  155 | steps:  1713 | steps_t:     0 | t: 0.643262 | r:  -519.000000 | e:   1.000000 | Q:        nan | won: False 
#  156 | steps:  1728 | steps_t:     0 | t: 0.648311 | r:  -492.000000 | e:   1.000000 | Q:        nan | won: False 
#  157 | steps:  1737 | steps_t:     0 | t: 0.652232 | r:  -508.000000 | e:   1.000000 | Q:        nan | won: False 
#  158 | steps:  1748 | steps_t:     0 | t: 0.655641 | r:  -510.000000 | e:   1.000000 | Q:        nan | won: False 
#  159 | steps:  1756 | steps_t:     0 | t: 0.657890 | r:  -507.000000 | e:   1.000000 | Q:        nan | won: False 
#  160 | steps:  1774 | steps_t:     0 | t: 0.665683 | r:  -517.000000 | e:   1.000000 | Q:        nan | won: False 
#  161 | steps:  1783 | steps_t:     0 | t: 0.668725 | r:  -508.000000 | e:   1.000000 | Q:        nan | won: False 
#  162 | steps:  1789 | steps_t:     0 | t: 0.670964 | r:  -505.000000 | e:   1.000000 | Q:        nan | won: False 
#  163 | steps:  1796 | steps_t:     0 | t: 0.673032 | r:  -506.000000 | e:   1.000000 | Q:        nan | won: False 
#  164 | steps:  1806 | steps_t:     0 | t: 0.676682 | r:  -509.000000 | e:   1.000000 | Q:        nan | won: False 
#  165 | steps:  1814 | steps_t:     0 | t: 0.680215 | r:  -507.000000 | e:   1.000000 | Q:        nan | won: False 
#  166 | steps:  1821 | steps_t:     0 | t: 0.682822 | r:  -506.000000 | e:   1.000000 | Q:        nan | won: False 
#  167 | steps:  1836 | steps_t:     0 | t: 0.687682 | r:  -514.000000 | e:   1.000000 | Q:        nan | won: False 
#  168 | steps:  1847 | steps_t:     0 | t: 0.691524 | r:  -510.000000 | e:   1.000000 | Q:        nan | won: False 
#  169 | steps:  1856 | steps_t:     0 | t: 0.694820 | r:  -508.000000 | e:   1.000000 | Q:        nan | won: False 
#  170 | steps:  1865 | steps_t:     0 | t: 0.697979 | r:  -508.000000 | e:   1.000000 | Q:        nan | won: False 
#  171 | steps:  1874 | steps_t:     0 | t: 0.700872 | r:  -508.000000 | e:   1.000000 | Q:        nan | won: False 
#  172 | steps:  1893 | steps_t:     0 | t: 0.706739 | r:  -518.000000 | e:   1.000000 | Q:        nan | won: False 
#  173 | steps:  1907 | steps_t:     0 | t: 0.711766 | r:  -513.000000 | e:   1.000000 | Q:        nan | won: False 
#  174 | steps:  1914 | steps_t:     0 | t: 0.714746 | r:  -506.000000 | e:   1.000000 | Q:        nan | won: False 
#  175 | steps:  1921 | steps_t:     0 | t: 0.717690 | r:  -506.000000 | e:   1.000000 | Q:        nan | won: False 
#  176 | steps:  1930 | steps_t:     0 | t: 0.720449 | r:  -508.000000 | e:   1.000000 | Q:        nan | won: False 
#  177 | steps:  1937 | steps_t:     0 | t: 0.722796 | r:  -506.000000 | e:   1.000000 | Q:        nan | won: False 
#  178 | steps:  1944 | steps_t:     0 | t: 0.725754 | r:  -506.000000 | e:   1.000000 | Q:        nan | won: False 
#  179 | steps:  1952 | steps_t:     0 | t: 0.728446 | r:  -507.000000 | e:   1.000000 | Q:        nan | won: False 
#  180 | steps:  1966 | steps_t:     0 | t: 0.732673 | r:  -513.000000 | e:   1.000000 | Q:        nan | won: False 
#  181 | steps:  1985 | steps_t:     0 | t: 0.738693 | r:  -507.000000 | e:   1.000000 | Q:        nan | won: False 
#  182 | steps:  2004 | steps_t:     0 | t: 0.745881 | r:  -507.000000 | e:   1.000000 | Q:        nan | won: False 
#  183 | steps:  2014 | steps_t:     0 | t: 0.749213 | r:  -509.000000 | e:   1.000000 | Q:        nan | won: False 
#  184 | steps:  2025 | steps_t:     0 | t: 0.752564 | r:  -510.000000 | e:   1.000000 | Q:        nan | won: False 
#  185 | steps:  2036 | steps_t:     0 | t: 0.756894 | r:  -510.000000 | e:   1.000000 | Q:        nan | won: False 
#  186 | steps:  2047 | steps_t:     0 | t: 0.761616 | r:  -510.000000 | e:   1.000000 | Q:        nan | won: False 
#  187 | steps:  2052 | steps_t:     0 | t: 0.763542 | r:  -504.000000 | e:   1.000000 | Q:        nan | won: False 
#  188 | steps:  2060 | steps_t:     0 | t: 0.766120 | r:  -507.000000 | e:   1.000000 | Q:        nan | won: False 
#  189 | steps:  2075 | steps_t:     0 | t: 0.771451 | r:  -503.000000 | e:   1.000000 | Q:        nan | won: False 
#  190 | steps:  2087 | steps_t:     0 | t: 0.775439 | r:  -511.000000 | e:   1.000000 | Q:        nan | won: False 
#  191 | steps:  2095 | steps_t:     0 | t: 0.778514 | r:  -507.000000 | e:   1.000000 | Q:        nan | won: False 
#  192 | steps:  2114 | steps_t:     0 | t: 0.785422 | r:  -518.000000 | e:   1.000000 | Q:        nan | won: False 
#  193 | steps:  2121 | steps_t:     0 | t: 0.788783 | r:  -506.000000 | e:   1.000000 | Q:        nan | won: False 
#  194 | steps:  2129 | steps_t:     0 | t: 0.791122 | r:  -507.000000 | e:   1.000000 | Q:        nan | won: False 
#  195 | steps:  2152 | steps_t:     0 | t: 0.798727 | r:  -522.000000 | e:   1.000000 | Q:        nan | won: False 
#  196 | steps:  2162 | steps_t:     0 | t: 0.802438 | r:  -509.000000 | e:   1.000000 | Q:        nan | won: False 
#  197 | steps:  2171 | steps_t:     0 | t: 0.805443 | r:  -508.000000 | e:   1.000000 | Q:        nan | won: False 
#  198 | steps:  2187 | steps_t:     0 | t: 0.810694 | r:  -515.000000 | e:   1.000000 | Q:        nan | won: False 
#  199 | steps:  2199 | steps_t:     0 | t: 0.814451 | r:  -511.000000 | e:   1.000000 | Q:        nan | won: False 
#  200 | steps:  2209 | steps_t:     0 | t: 0.817762 | r:  -509.000000 | e:   1.000000 | Q:        nan | won: False 
#  201 | steps:  2223 | steps_t:     0 | t: 0.822510 | r:  -513.000000 | e:   1.000000 | Q:        nan | won: False 
#  202 | steps:  2232 | steps_t:     0 | t: 0.825176 | r:  -508.000000 | e:   1.000000 | Q:        nan | won: False 
#  203 | steps:  2239 | steps_t:     0 | t: 0.828355 | r:  -506.000000 | e:   1.000000 | Q:        nan | won: False 
#  204 | steps:  2246 | steps_t:     0 | t: 0.831436 | r:  -506.000000 | e:   1.000000 | Q:        nan | won: False 
#  205 | steps:  2257 | steps_t:     0 | t: 0.835827 | r:  -510.000000 | e:   1.000000 | Q:        nan | won: False 
#  206 | steps:  2266 | steps_t:     0 | t: 0.839087 | r:  -508.000000 | e:   1.000000 | Q:        nan | won: False 
#  207 | steps:  2278 | steps_t:     0 | t: 0.843663 | r:  -511.000000 | e:   1.000000 | Q:        nan | won: False 
#  208 | steps:  2290 | steps_t:     0 | t: 0.847939 | r:  -511.000000 | e:   1.000000 | Q:        nan | won: False 
#  209 | steps:  2300 | steps_t:     0 | t: 0.851253 | r:  -509.000000 | e:   1.000000 | Q:        nan | won: False 
#  210 | steps:  2309 | steps_t:     0 | t: 0.853974 | r:  -508.000000 | e:   1.000000 | Q:        nan | won: False 
#  211 | steps:  2320 | steps_t:     0 | t: 0.857964 | r:  -510.000000 | e:   1.000000 | Q:        nan | won: False 
#  212 | steps:  2331 | steps_t:     0 | t: 0.861609 | r:  -510.000000 | e:   1.000000 | Q:        nan | won: False 
#  213 | steps:  2351 | steps_t:     0 | t: 0.869836 | r:  -519.000000 | e:   1.000000 | Q:        nan | won: False 
#  214 | steps:  2359 | steps_t:     0 | t: 0.873310 | r:  -507.000000 | e:   1.000000 | Q:        nan | won: False 
#  215 | steps:  2374 | steps_t:     0 | t: 0.880164 | r:  -514.000000 | e:   1.000000 | Q:        nan | won: False 
#  216 | steps:  2381 | steps_t:     0 | t: 0.882801 | r:  -506.000000 | e:   1.000000 | Q:        nan | won: False 
#  217 | steps:  2401 | steps_t:     0 | t: 0.891029 | r:  -519.000000 | e:   1.000000 | Q:        nan | won: False 
#  218 | steps:  2411 | steps_t:     0 | t: 0.894036 | r:  -509.000000 | e:   1.000000 | Q:        nan | won: False 
#  219 | steps:  2421 | steps_t:     0 | t: 0.899905 | r:  -509.000000 | e:   1.000000 | Q:        nan | won: False 
#  220 | steps:  2434 | steps_t:     0 | t: 0.903689 | r:  -512.000000 | e:   1.000000 | Q:        nan | won: False 
#  221 | steps:  2443 | steps_t:     0 | t: 0.906039 | r:  -508.000000 | e:   1.000000 | Q:        nan | won: False 
#  222 | steps:  2451 | steps_t:     0 | t: 0.908787 | r:  -507.000000 | e:   1.000000 | Q:        nan | won: False 
#  223 | steps:  2458 | steps_t:     0 | t: 0.910860 | r:  -506.000000 | e:   1.000000 | Q:        nan | won: False 
#  224 | steps:  2465 | steps_t:     0 | t: 0.914743 | r:  -506.000000 | e:   1.000000 | Q:        nan | won: False 
#  225 | steps:  2478 | steps_t:     0 | t: 0.918495 | r:  -512.000000 | e:   1.000000 | Q:        nan | won: False 
#  226 | steps:  2485 | steps_t:     0 | t: 0.920465 | r:  -506.000000 | e:   1.000000 | Q:        nan | won: False 
#  227 | steps:  2492 | steps_t:     0 | t: 0.922593 | r:  -506.000000 | e:   1.000000 | Q:        nan | won: False 
#  228 | steps:  2514 | steps_t:     0 | t: 0.930382 | r:  -521.000000 | e:   1.000000 | Q:        nan | won: False 
#  229 | steps:  2521 | steps_t:     0 | t: 0.933364 | r:  -506.000000 | e:   1.000000 | Q:        nan | won: False 
#  230 | steps:  2531 | steps_t:     0 | t: 0.936661 | r:  -509.000000 | e:   1.000000 | Q:        nan | won: False 
#  231 | steps:  2536 | steps_t:     0 | t: 0.938600 | r:  -504.000000 | e:   1.000000 | Q:        nan | won: False 
#  232 | steps:  2542 | steps_t:     0 | t: 0.940701 | r:  -505.000000 | e:   1.000000 | Q:        nan | won: False 
#  233 | steps:  2553 | steps_t:     0 | t: 0.944479 | r:  -510.000000 | e:   1.000000 | Q:        nan | won: False 
#  234 | steps:  2561 | steps_t:     0 | t: 0.947572 | r:  -507.000000 | e:   1.000000 | Q:        nan | won: False 
#  235 | steps:  2572 | steps_t:     0 | t: 0.951299 | r:  -510.000000 | e:   1.000000 | Q:        nan | won: False 
#  236 | steps:  2581 | steps_t:     0 | t: 0.954888 | r:  -508.000000 | e:   1.000000 | Q:        nan | won: False 
#  237 | steps:  2589 | steps_t:     0 | t: 0.957263 | r:  -507.000000 | e:   1.000000 | Q:        nan | won: False 
#  238 | steps:  2597 | steps_t:     0 | t: 0.960007 | r:  -507.000000 | e:   1.000000 | Q:        nan | won: False 
#  239 | steps:  2607 | steps_t:     0 | t: 0.964362 | r:  -509.000000 | e:   1.000000 | Q:        nan | won: False 
#  240 | steps:  2617 | steps_t:     0 | t: 0.968441 | r:  -509.000000 | e:   1.000000 | Q:        nan | won: False 
#  241 | steps:  2624 | steps_t:     0 | t: 0.970551 | r:  -506.000000 | e:   1.000000 | Q:        nan | won: False 
#  242 | steps:  2633 | steps_t:     0 | t: 0.974004 | r:  -508.000000 | e:   1.000000 | Q:        nan | won: False 
#  243 | steps:  2641 | steps_t:     0 | t: 0.977056 | r:  -507.000000 | e:   1.000000 | Q:        nan | won: False 
#  244 | steps:  2663 | steps_t:     0 | t: 0.985098 | r:  -521.000000 | e:   1.000000 | Q:        nan | won: False 
#  245 | steps:  2683 | steps_t:     0 | t: 0.991070 | r:  -519.000000 | e:   1.000000 | Q:        nan | won: False 
#  246 | steps:  2692 | steps_t:     0 | t: 0.993804 | r:  -508.000000 | e:   1.000000 | Q:        nan | won: False 
#  247 | steps:  2698 | steps_t:     0 | t: 0.996408 | r:  -505.000000 | e:   1.000000 | Q:        nan | won: False 
#  248 | steps:  2705 | steps_t:     0 | t: 0.998888 | r:  -506.000000 | e:   1.000000 | Q:        nan | won: False 
#  249 | steps:  2732 | steps_t:     0 | t: 1.007257 | r:  -515.000000 | e:   1.000000 | Q:        nan | won: False 
#  250 | steps:  2739 | steps_t:     0 | t: 1.009287 | r:  -506.000000 | e:   1.000000 | Q:        nan | won: False 
#  251 | steps:  2758 | steps_t:     0 | t: 1.015599 | r:  -518.000000 | e:   1.000000 | Q:        nan | won: False 
#  252 | steps:  2765 | steps_t:     0 | t: 1.017666 | r:  -506.000000 | e:   1.000000 | Q:        nan | won: False 
#  253 | steps:  2775 | steps_t:     0 | t: 1.020538 | r:  -509.000000 | e:   1.000000 | Q:        nan | won: False 
#  254 | steps:  2784 | steps_t:     0 | t: 1.022916 | r:  -508.000000 | e:   1.000000 | Q:        nan | won: False 
#  255 | steps:  2796 | steps_t:     0 | t: 1.026619 | r:  -511.000000 | e:   1.000000 | Q:        nan | won: False 
#  256 | steps:  2806 | steps_t:     0 | t: 1.030293 | r:  -509.000000 | e:   1.000000 | Q:        nan | won: False 
#  257 | steps:  2814 | steps_t:     0 | t: 1.034024 | r:  -507.000000 | e:   1.000000 | Q:        nan | won: False 
#  258 | steps:  2820 | steps_t:     0 | t: 1.038095 | r:  -505.000000 | e:   1.000000 | Q:        nan | won: False 
#  259 | steps:  2826 | steps_t:     0 | t: 1.040312 | r:  -505.000000 | e:   1.000000 | Q:        nan | won: False 
#  260 | steps:  2847 | steps_t:     0 | t: 1.046993 | r:  -520.000000 | e:   1.000000 | Q:        nan | won: False 
#  261 | steps:  2863 | steps_t:     0 | t: 1.052282 | r:  -515.000000 | e:   1.000000 | Q:        nan | won: False 
#  262 | steps:  2871 | steps_t:     0 | t: 1.054565 | r:  -507.000000 | e:   1.000000 | Q:        nan | won: False 
#  263 | steps:  2882 | steps_t:     0 | t: 1.057753 | r:  -510.000000 | e:   1.000000 | Q:        nan | won: False 
#  264 | steps:  2888 | steps_t:     0 | t: 1.059323 | r:  -505.000000 | e:   1.000000 | Q:        nan | won: False 
#  265 | steps:  2895 | steps_t:     0 | t: 1.061262 | r:  -506.000000 | e:   1.000000 | Q:        nan | won: False 
#  266 | steps:  2913 | steps_t:     0 | t: 1.068735 | r:  -517.000000 | e:   1.000000 | Q:        nan | won: False 
#  267 | steps:  2923 | steps_t:     0 | t: 1.071627 | r:  -509.000000 | e:   1.000000 | Q:        nan | won: False 
#  268 | steps:  2944 | steps_t:     0 | t: 1.077455 | r:  -520.000000 | e:   1.000000 | Q:        nan | won: False 
#  269 | steps:  2963 | steps_t:     0 | t: 1.084621 | r:  -518.000000 | e:   1.000000 | Q:        nan | won: False 
#  270 | steps:  2973 | steps_t:     0 | t: 1.088443 | r:  -509.000000 | e:   1.000000 | Q:        nan | won: False 
#  271 | steps:  2996 | steps_t:     0 | t: 1.094944 | r:  -522.000000 | e:   1.000000 | Q:        nan | won: False 
#  272 | steps:  3001 | steps_t:     0 | t: 1.097498 | r:  -504.000000 | e:   1.000000 | Q:        nan | won: False 
#  273 | steps:  3025 | steps_t:     0 | t: 1.106110 | r:  -523.000000 | e:   1.000000 | Q:        nan | won: False 
#  274 | steps:  3033 | steps_t:     0 | t: 1.108285 | r:  -507.000000 | e:   1.000000 | Q:        nan | won: False 
#  275 | steps:  3045 | steps_t:     0 | t: 1.111703 | r:  -511.000000 | e:   1.000000 | Q:        nan | won: False 
#  276 | steps:  3064 | steps_t:     0 | t: 1.119007 | r:  -518.000000 | e:   1.000000 | Q:        nan | won: False 
#  277 | steps:  3073 | steps_t:     0 | t: 1.121710 | r:  -508.000000 | e:   1.000000 | Q:        nan | won: False 
#  278 | steps:  3081 | steps_t:     0 | t: 1.123958 | r:  -507.000000 | e:   1.000000 | Q:        nan | won: False 
#  279 | steps:  3087 | steps_t:     0 | t: 1.125914 | r:  -505.000000 | e:   1.000000 | Q:        nan | won: False 
#  280 | steps:  3102 | steps_t:     0 | t: 1.130978 | r:  -492.000000 | e:   1.000000 | Q:        nan | won: False 
#  281 | steps:  3121 | steps_t:     0 | t: 1.137692 | r:  -518.000000 | e:   1.000000 | Q:        nan | won: False 
#  282 | steps:  3129 | steps_t:     0 | t: 1.140737 | r:  -507.000000 | e:   1.000000 | Q:        nan | won: False 
#  283 | steps:  3138 | steps_t:     0 | t: 1.143932 | r:  -508.000000 | e:   1.000000 | Q:        nan | won: False 
#  284 | steps:  3154 | steps_t:     0 | t: 1.149917 | r:  -515.000000 | e:   1.000000 | Q:        nan | won: False 
#  285 | steps:  3166 | steps_t:     0 | t: 1.153704 | r:  -511.000000 | e:   1.000000 | Q:        nan | won: False 
#  286 | steps:  3180 | steps_t:     0 | t: 1.158152 | r:  -513.000000 | e:   1.000000 | Q:        nan | won: False 
#  287 | steps:  3188 | steps_t:     0 | t: 1.161267 | r:  -507.000000 | e:   1.000000 | Q:        nan | won: False 
#  288 | steps:  3199 | steps_t:     0 | t: 1.166359 | r:  -510.000000 | e:   1.000000 | Q:        nan | won: False 
#  289 | steps:  3207 | steps_t:     0 | t: 1.169194 | r:  -507.000000 | e:   1.000000 | Q:        nan | won: False 
#  290 | steps:  3215 | steps_t:     0 | t: 1.171448 | r:  -507.000000 | e:   1.000000 | Q:        nan | won: False 
#  291 | steps:  3237 | steps_t:     0 | t: 1.180286 | r:  -521.000000 | e:   1.000000 | Q:        nan | won: False 
#  292 | steps:  3246 | steps_t:     0 | t: 1.183518 | r:  -508.000000 | e:   1.000000 | Q:        nan | won: False 
#  293 | steps:  3264 | steps_t:     0 | t: 1.189677 | r:  -517.000000 | e:   1.000000 | Q:        nan | won: False 
#  294 | steps:  3272 | steps_t:     0 | t: 1.192091 | r:  -507.000000 | e:   1.000000 | Q:        nan | won: False 
#  295 | steps:  3290 | steps_t:     0 | t: 1.199089 | r:  -517.000000 | e:   1.000000 | Q:        nan | won: False 
#  296 | steps:  3303 | steps_t:     0 | t: 1.202750 | r:  -512.000000 | e:   1.000000 | Q:        nan | won: False 
#  297 | steps:  3322 | steps_t:     0 | t: 1.209144 | r:  -507.000000 | e:   1.000000 | Q:        nan | won: False 
#  298 | steps:  3329 | steps_t:     0 | t: 1.211073 | r:  -506.000000 | e:   1.000000 | Q:        nan | won: False 
#  299 | steps:  3338 | steps_t:     0 | t: 1.214669 | r:  -508.000000 | e:   1.000000 | Q:        nan | won: False 
#  300 | steps:  3347 | steps_t:     0 | t: 1.218499 | r:  -508.000000 | e:   1.000000 | Q:        nan | won: False 
#  301 | steps:  3354 | steps_t:     0 | t: 1.220602 | r:  -506.000000 | e:   1.000000 | Q:        nan | won: False 
#  302 | steps:  3362 | steps_t:     0 | t: 1.224078 | r:  -507.000000 | e:   1.000000 | Q:        nan | won: False 
#  303 | steps:  3384 | steps_t:     0 | t: 1.232150 | r:  -521.000000 | e:   1.000000 | Q:        nan | won: False 
#  304 | steps:  3398 | steps_t:     0 | t: 1.236852 | r:  -513.000000 | e:   1.000000 | Q:        nan | won: False 
#  305 | steps:  3405 | steps_t:     0 | t: 1.240280 | r:  -506.000000 | e:   1.000000 | Q:        nan | won: False 
#  306 | steps:  3423 | steps_t:     0 | t: 1.245909 | r:  -495.000000 | e:   1.000000 | Q:        nan | won: False 
#  307 | steps:  3429 | steps_t:     0 | t: 1.249646 | r:  -505.000000 | e:   1.000000 | Q:        nan | won: False 
#  308 | steps:  3438 | steps_t:     0 | t: 1.254275 | r:  -508.000000 | e:   1.000000 | Q:        nan | won: False 
#  309 | steps:  3444 | steps_t:     0 | t: 1.256387 | r:  -505.000000 | e:   1.000000 | Q:        nan | won: False 
#  310 | steps:  3452 | steps_t:     0 | t: 1.259693 | r:  -507.000000 | e:   1.000000 | Q:        nan | won: False 
#  311 | steps:  3460 | steps_t:     0 | t: 1.262808 | r:  -507.000000 | e:   1.000000 | Q:        nan | won: False 
#  312 | steps:  3468 | steps_t:     0 | t: 1.265830 | r:  -507.000000 | e:   1.000000 | Q:        nan | won: False 
#  313 | steps:  3489 | steps_t:     0 | t: 1.273226 | r:  -520.000000 | e:   1.000000 | Q:        nan | won: False 
#  314 | steps:  3495 | steps_t:     0 | t: 1.275344 | r:  -505.000000 | e:   1.000000 | Q:        nan | won: False 
#  315 | steps:  3517 | steps_t:     0 | t: 1.283520 | r:  -521.000000 | e:   1.000000 | Q:        nan | won: False 
#  316 | steps:  3533 | steps_t:     0 | t: 1.288385 | r:  -515.000000 | e:   1.000000 | Q:        nan | won: False 
#  317 | steps:  3548 | steps_t:     0 | t: 1.293213 | r:  -514.000000 | e:   1.000000 | Q:        nan | won: False 
#  318 | steps:  3553 | steps_t:     0 | t: 1.294834 | r:  -504.000000 | e:   1.000000 | Q:        nan | won: False 
#  319 | steps:  3563 | steps_t:     0 | t: 1.298407 | r:  -509.000000 | e:   1.000000 | Q:        nan | won: False 
#  320 | steps:  3574 | steps_t:     0 | t: 1.302448 | r:  -510.000000 | e:   1.000000 | Q:        nan | won: False 
#  321 | steps:  3581 | steps_t:     0 | t: 1.304395 | r:  -506.000000 | e:   1.000000 | Q:        nan | won: False 
#  322 | steps:  3592 | steps_t:     0 | t: 1.307356 | r:  -510.000000 | e:   1.000000 | Q:        nan | won: False 
#  323 | steps:  3606 | steps_t:     0 | t: 1.311073 | r:  -513.000000 | e:   1.000000 | Q:        nan | won: False 
#  324 | steps:  3618 | steps_t:     0 | t: 1.315567 | r:  -511.000000 | e:   1.000000 | Q:        nan | won: False 
#  325 | steps:  3676 | steps_t:     0 | t: 1.332455 | r:  -557.000000 | e:   1.000000 | Q:        nan | won: False 
#  326 | steps:  3705 | steps_t:     0 | t: 1.340086 | r:  -528.000000 | e:   1.000000 | Q:        nan | won: False 
#  327 | steps:  3713 | steps_t:     0 | t: 1.342569 | r:  -507.000000 | e:   1.000000 | Q:        nan | won: False 
#  328 | steps:  3722 | steps_t:     0 | t: 1.346105 | r:  -508.000000 | e:   1.000000 | Q:        nan | won: False 
#  329 | steps:  3739 | steps_t:     0 | t: 1.352236 | r:  -516.000000 | e:   1.000000 | Q:        nan | won: False 
#  330 | steps:  3754 | steps_t:     0 | t: 1.356437 | r:  -514.000000 | e:   1.000000 | Q:        nan | won: False 
#  331 | steps:  3766 | steps_t:     0 | t: 1.359738 | r:  -511.000000 | e:   1.000000 | Q:        nan | won: False 
#  332 | steps:  3773 | steps_t:     0 | t: 1.362303 | r:  -506.000000 | e:   1.000000 | Q:        nan | won: False 
#  333 | steps:  3792 | steps_t:     0 | t: 1.368294 | r:  -518.000000 | e:   1.000000 | Q:        nan | won: False 
#  334 | steps:  3800 | steps_t:     0 | t: 1.370571 | r:  -507.000000 | e:   1.000000 | Q:        nan | won: False 
#  335 | steps:  3806 | steps_t:     0 | t: 1.372177 | r:  -505.000000 | e:   1.000000 | Q:        nan | won: False 
#  336 | steps:  3818 | steps_t:     0 | t: 1.375511 | r:  -511.000000 | e:   1.000000 | Q:        nan | won: False 
#  337 | steps:  3825 | steps_t:     0 | t: 1.378461 | r:  -506.000000 | e:   1.000000 | Q:        nan | won: False 
#  338 | steps:  3833 | steps_t:     0 | t: 1.381979 | r:  -507.000000 | e:   1.000000 | Q:        nan | won: False 
#  339 | steps:  3839 | steps_t:     0 | t: 1.384692 | r:  -505.000000 | e:   1.000000 | Q:        nan | won: False 
#  340 | steps:  3846 | steps_t:     0 | t: 1.386827 | r:  -506.000000 | e:   1.000000 | Q:        nan | won: False 
#  341 | steps:  3859 | steps_t:     0 | t: 1.391270 | r:  -512.000000 | e:   1.000000 | Q:        nan | won: False 
#  342 | steps:  3868 | steps_t:     0 | t: 1.394651 | r:  -508.000000 | e:   1.000000 | Q:        nan | won: False 
#  343 | steps:  3875 | steps_t:     0 | t: 1.397408 | r:  -506.000000 | e:   1.000000 | Q:        nan | won: False 
#  344 | steps:  3885 | steps_t:     0 | t: 1.401351 | r:  -509.000000 | e:   1.000000 | Q:        nan | won: False 
#  345 | steps:  3891 | steps_t:     0 | t: 1.403084 | r:  -505.000000 | e:   1.000000 | Q:        nan | won: False 
#  346 | steps:  3910 | steps_t:     0 | t: 1.409203 | r:  -518.000000 | e:   1.000000 | Q:        nan | won: False 
#  347 | steps:  3920 | steps_t:     0 | t: 1.413159 | r:  -509.000000 | e:   1.000000 | Q:        nan | won: False 
#  348 | steps:  3931 | steps_t:     0 | t: 1.417187 | r:  -510.000000 | e:   1.000000 | Q:        nan | won: False 
#  349 | steps:  3941 | steps_t:     0 | t: 1.420600 | r:  -509.000000 | e:   1.000000 | Q:        nan | won: False 
#  350 | steps:  3950 | steps_t:     0 | t: 1.423006 | r:  -508.000000 | e:   1.000000 | Q:        nan | won: False 
#  351 | steps:  3964 | steps_t:     0 | t: 1.428753 | r:  -513.000000 | e:   1.000000 | Q:        nan | won: False 
#  352 | steps:  3972 | steps_t:     0 | t: 1.432083 | r:  -507.000000 | e:   1.000000 | Q:        nan | won: False 
#  353 | steps:  3981 | steps_t:     0 | t: 1.435335 | r:  -508.000000 | e:   1.000000 | Q:        nan | won: False 
#  354 | steps:  3996 | steps_t:     0 | t: 1.440797 | r:  -514.000000 | e:   1.000000 | Q:        nan | won: False 
#  355 | steps:  4012 | steps_t:     0 | t: 1.446887 | r:  -515.000000 | e:   1.000000 | Q:        nan | won: False 
#  356 | steps:  4021 | steps_t:     0 | t: 1.450249 | r:  -508.000000 | e:   1.000000 | Q:        nan | won: False 
#  357 | steps:  4027 | steps_t:     0 | t: 1.452602 | r:  -505.000000 | e:   1.000000 | Q:        nan | won: False 
#  358 | steps:  4041 | steps_t:     0 | t: 1.457798 | r:  -513.000000 | e:   1.000000 | Q:        nan | won: False 
#  359 | steps:  4053 | steps_t:     0 | t: 1.461950 | r:  -511.000000 | e:   1.000000 | Q:        nan | won: False 
#  360 | steps:  4072 | steps_t:     0 | t: 1.468409 | r:  -518.000000 | e:   1.000000 | Q:        nan | won: False 
#  361 | steps:  4084 | steps_t:     0 | t: 1.472328 | r:  -511.000000 | e:   1.000000 | Q:        nan | won: False 
#  362 | steps:  4095 | steps_t:     0 | t: 1.476088 | r:  -510.000000 | e:   1.000000 | Q:        nan | won: False 
#  363 | steps:  4105 | steps_t:     0 | t: 1.480777 | r:  -509.000000 | e:   1.000000 | Q:        nan | won: False 
#  364 | steps:  4114 | steps_t:     0 | t: 1.484263 | r:  -508.000000 | e:   1.000000 | Q:        nan | won: False 
#  365 | steps:  4121 | steps_t:     0 | t: 1.486864 | r:  -506.000000 | e:   1.000000 | Q:        nan | won: False 
#  366 | steps:  4131 | steps_t:     0 | t: 1.489786 | r:  -509.000000 | e:   1.000000 | Q:        nan | won: False 
#  367 | steps:  4142 | steps_t:     0 | t: 1.493086 | r:  -510.000000 | e:   1.000000 | Q:        nan | won: False 
#  368 | steps:  4150 | steps_t:     0 | t: 1.495872 | r:  -507.000000 | e:   1.000000 | Q:        nan | won: False 
#  369 | steps:  4160 | steps_t:     0 | t: 1.499554 | r:  -509.000000 | e:   1.000000 | Q:        nan | won: False 
#  370 | steps:  4166 | steps_t:     0 | t: 1.501266 | r:  -505.000000 | e:   1.000000 | Q:        nan | won: False 
#  371 | steps:  4176 | steps_t:     0 | t: 1.505131 | r:  -509.000000 | e:   1.000000 | Q:        nan | won: False 
#  372 | steps:  4181 | steps_t:     0 | t: 1.506646 | r:  -504.000000 | e:   1.000000 | Q:        nan | won: False 
#  373 | steps:  4189 | steps_t:     0 | t: 1.509089 | r:  -507.000000 | e:   1.000000 | Q:        nan | won: False 
#  374 | steps:  4198 | steps_t:     0 | t: 1.512394 | r:  -508.000000 | e:   1.000000 | Q:        nan | won: False 
#  375 | steps:  4206 | steps_t:     0 | t: 1.515811 | r:  -507.000000 | e:   1.000000 | Q:        nan | won: False 
#  376 | steps:  4215 | steps_t:     0 | t: 1.518757 | r:  -508.000000 | e:   1.000000 | Q:        nan | won: False 
#  377 | steps:  4223 | steps_t:     0 | t: 1.521698 | r:  -507.000000 | e:   1.000000 | Q:        nan | won: False 
#  378 | steps:  4233 | steps_t:     0 | t: 1.524913 | r:  -509.000000 | e:   1.000000 | Q:        nan | won: False 
#  379 | steps:  4243 | steps_t:     0 | t: 1.527811 | r:  -509.000000 | e:   1.000000 | Q:        nan | won: False 
#  380 | steps:  4258 | steps_t:     0 | t: 1.533296 | r:  -514.000000 | e:   1.000000 | Q:        nan | won: False 
#  381 | steps:  4268 | steps_t:     0 | t: 1.536621 | r:  -509.000000 | e:   1.000000 | Q:        nan | won: False 
#  382 | steps:  4278 | steps_t:     0 | t: 1.539397 | r:  -509.000000 | e:   1.000000 | Q:        nan | won: False 
#  383 | steps:  4286 | steps_t:     0 | t: 1.541495 | r:  -507.000000 | e:   1.000000 | Q:        nan | won: False 
#  384 | steps:  4293 | steps_t:     0 | t: 1.543443 | r:  -506.000000 | e:   1.000000 | Q:        nan | won: False 
#  385 | steps:  4312 | steps_t:     0 | t: 1.550786 | r:  -518.000000 | e:   1.000000 | Q:        nan | won: False 
#  386 | steps:  4318 | steps_t:     0 | t: 1.553063 | r:  -505.000000 | e:   1.000000 | Q:        nan | won: False 
#  387 | steps:  4324 | steps_t:     0 | t: 1.554858 | r:  -505.000000 | e:   1.000000 | Q:        nan | won: False 
#  388 | steps:  4332 | steps_t:     0 | t: 1.557060 | r:  -507.000000 | e:   1.000000 | Q:        nan | won: False 
#  389 | steps:  4341 | steps_t:     0 | t: 1.559576 | r:  -508.000000 | e:   1.000000 | Q:        nan | won: False 
#  390 | steps:  4352 | steps_t:     0 | t: 1.563834 | r:  -510.000000 | e:   1.000000 | Q:        nan | won: False 
#  391 | steps:  4359 | steps_t:     0 | t: 1.566558 | r:  -506.000000 | e:   1.000000 | Q:        nan | won: False 
#  392 | steps:  4378 | steps_t:     0 | t: 1.572176 | r:  -518.000000 | e:   1.000000 | Q:        nan | won: False 
#  393 | steps:  4386 | steps_t:     0 | t: 1.574345 | r:  -507.000000 | e:   1.000000 | Q:        nan | won: False 
#  394 | steps:  4398 | steps_t:     0 | t: 1.577661 | r:  -511.000000 | e:   1.000000 | Q:        nan | won: False 
#  395 | steps:  4406 | steps_t:     0 | t: 1.581340 | r:  -507.000000 | e:   1.000000 | Q:        nan | won: False 
#  396 | steps:  4415 | steps_t:     0 | t: 1.583897 | r:  -508.000000 | e:   1.000000 | Q:        nan | won: False 
#  397 | steps:  4425 | steps_t:     0 | t: 1.586648 | r:  -509.000000 | e:   1.000000 | Q:        nan | won: False 
#  398 | steps:  4434 | steps_t:     0 | t: 1.589063 | r:  -508.000000 | e:   1.000000 | Q:        nan | won: False 
#  399 | steps:  4452 | steps_t:     0 | t: 1.593942 | r:  -517.000000 | e:   1.000000 | Q:        nan | won: False 
#  400 | steps:  4459 | steps_t:     0 | t: 1.597303 | r:  -506.000000 | e:   1.000000 | Q:        nan | won: False 
#  401 | steps:  4475 | steps_t:     0 | t: 1.602310 | r:  -515.000000 | e:   1.000000 | Q:        nan | won: False 
#  402 | steps:  4498 | steps_t:     0 | t: 1.608654 | r:  -522.000000 | e:   1.000000 | Q:        nan | won: False 
#  403 | steps:  4508 | steps_t:     0 | t: 1.612351 | r:  -509.000000 | e:   1.000000 | Q:        nan | won: False 
#  404 | steps:  4520 | steps_t:     0 | t: 1.617167 | r:  -511.000000 | e:   1.000000 | Q:        nan | won: False 
#  405 | steps:  4531 | steps_t:     0 | t: 1.620368 | r:  -510.000000 | e:   1.000000 | Q:        nan | won: False 
#  406 | steps:  4543 | steps_t:     0 | t: 1.623660 | r:  -511.000000 | e:   1.000000 | Q:        nan | won: False 
#  407 | steps:  4553 | steps_t:     0 | t: 1.626659 | r:  -509.000000 | e:   1.000000 | Q:        nan | won: False 
#  408 | steps:  4566 | steps_t:     0 | t: 1.631631 | r:  -512.000000 | e:   1.000000 | Q:        nan | won: False 
#  409 | steps:  4574 | steps_t:     0 | t: 1.634503 | r:  -507.000000 | e:   1.000000 | Q:        nan | won: False 
#  410 | steps:  4583 | steps_t:     0 | t: 1.637023 | r:  -508.000000 | e:   1.000000 | Q:        nan | won: False 
#  411 | steps:  4591 | steps_t:     0 | t: 1.639368 | r:  -507.000000 | e:   1.000000 | Q:        nan | won: False 
#  412 | steps:  4600 | steps_t:     0 | t: 1.642131 | r:  -508.000000 | e:   1.000000 | Q:        nan | won: False 
#  413 | steps:  4607 | steps_t:     0 | t: 1.644060 | r:  -506.000000 | e:   1.000000 | Q:        nan | won: False 
#  414 | steps:  4627 | steps_t:     0 | t: 1.651283 | r:  -519.000000 | e:   1.000000 | Q:        nan | won: False 
#  415 | steps:  4637 | steps_t:     0 | t: 1.654065 | r:  -509.000000 | e:   1.000000 | Q:        nan | won: False 
#  416 | steps:  4643 | steps_t:     0 | t: 1.655854 | r:  -505.000000 | e:   1.000000 | Q:        nan | won: False 
#  417 | steps:  4654 | steps_t:     0 | t: 1.659596 | r:  -510.000000 | e:   1.000000 | Q:        nan | won: False 
#  418 | steps:  4662 | steps_t:     0 | t: 1.662963 | r:  -507.000000 | e:   1.000000 | Q:        nan | won: False 
#  419 | steps:  4671 | steps_t:     0 | t: 1.666297 | r:  -508.000000 | e:   1.000000 | Q:        nan | won: False 
#  420 | steps:  4677 | steps_t:     0 | t: 1.668651 | r:  -505.000000 | e:   1.000000 | Q:        nan | won: False 
#  421 | steps:  4690 | steps_t:     0 | t: 1.672249 | r:  -512.000000 | e:   1.000000 | Q:        nan | won: False 
#  422 | steps:  4696 | steps_t:     0 | t: 1.674103 | r:  -505.000000 | e:   1.000000 | Q:        nan | won: False 
#  423 | steps:  4702 | steps_t:     0 | t: 1.675801 | r:  -505.000000 | e:   1.000000 | Q:        nan | won: False 
#  424 | steps:  4719 | steps_t:     0 | t: 1.681947 | r:  -516.000000 | e:   1.000000 | Q:        nan | won: False 
#  425 | steps:  4727 | steps_t:     0 | t: 1.684955 | r:  -507.000000 | e:   1.000000 | Q:        nan | won: False 
#  426 | steps:  4738 | steps_t:     0 | t: 1.688103 | r:  -510.000000 | e:   1.000000 | Q:        nan | won: False 
#  427 | steps:  4750 | steps_t:     0 | t: 1.692365 | r:  -511.000000 | e:   1.000000 | Q:        nan | won: False 
#  428 | steps:  4764 | steps_t:     0 | t: 1.697743 | r:  -513.000000 | e:   1.000000 | Q:        nan | won: False 
#  429 | steps:  4773 | steps_t:     0 | t: 1.701289 | r:  -508.000000 | e:   1.000000 | Q:        nan | won: False 
#  430 | steps:  4792 | steps_t:     0 | t: 1.707676 | r:  -518.000000 | e:   1.000000 | Q:        nan | won: False 
#  431 | steps:  4799 | steps_t:     0 | t: 1.710294 | r:  -506.000000 | e:   1.000000 | Q:        nan | won: False 
#  432 | steps:  4814 | steps_t:     0 | t: 1.716099 | r:  -503.000000 | e:   1.000000 | Q:        nan | won: False 
#  433 | steps:  4828 | steps_t:     0 | t: 1.719959 | r:  -513.000000 | e:   1.000000 | Q:        nan | won: False 
#  434 | steps:  4836 | steps_t:     0 | t: 1.722228 | r:  -507.000000 | e:   1.000000 | Q:        nan | won: False 
#  435 | steps:  4850 | steps_t:     0 | t: 1.726928 | r:  -513.000000 | e:   1.000000 | Q:        nan | won: False 
#  436 | steps:  4862 | steps_t:     0 | t: 1.731242 | r:  -511.000000 | e:   1.000000 | Q:        nan | won: False 
#  437 | steps:  4876 | steps_t:     0 | t: 1.736120 | r:  -491.000000 | e:   1.000000 | Q:        nan | won: False 
#  438 | steps:  4896 | steps_t:     0 | t: 1.742201 | r:  -508.000000 | e:   1.000000 | Q:        nan | won: False 
#  439 | steps:  4905 | steps_t:     0 | t: 1.744520 | r:  -508.000000 | e:   1.000000 | Q:        nan | won: False 
#  440 | steps:  4913 | steps_t:     0 | t: 1.747530 | r:  -507.000000 | e:   1.000000 | Q:        nan | won: False 
#  441 | steps:  4920 | steps_t:     0 | t: 1.750266 | r:  -506.000000 | e:   1.000000 | Q:        nan | won: False 
#  442 | steps:  4933 | steps_t:     0 | t: 1.754767 | r:  -512.000000 | e:   1.000000 | Q:        nan | won: False 
#  443 | steps:  4945 | steps_t:     0 | t: 1.758504 | r:  -511.000000 | e:   1.000000 | Q:        nan | won: False 
#  444 | steps:  4959 | steps_t:     0 | t: 1.764440 | r:  -502.000000 | e:   1.000000 | Q:        nan | won: False 
#  445 | steps:  4969 | steps_t:     0 | t: 1.768660 | r:  -509.000000 | e:   1.000000 | Q:        nan | won: False 
#  446 | steps:  4976 | steps_t:     0 | t: 1.770592 | r:  -506.000000 | e:   1.000000 | Q:        nan | won: False 
#  447 | steps:  4985 | steps_t:     0 | t: 1.773238 | r:  -508.000000 | e:   1.000000 | Q:        nan | won: False 
#  448 | steps:  4997 | steps_t:     0 | t: 1.776798 | r:  -511.000000 | e:   1.000000 | Q:        nan | won: False 
