#    1 | steps:     5 | steps_t:     0 | t: 0.002560 | r:  -504.000000 | e:   1.000000 | Q:        nan | won: False 
#    2 | steps:    11 | steps_t:     0 | t: 0.004186 | r:  -505.000000 | e:   1.000000 | Q:        nan | won: False 
#    3 | steps:    20 | steps_t:     0 | t: 0.006805 | r:  -508.000000 | e:   1.000000 | Q:        nan | won: False 
#    4 | steps:    26 | steps_t:     0 | t: 0.008485 | r:  -505.000000 | e:   1.000000 | Q:        nan | won: False 
#    5 | steps:    37 | steps_t:     0 | t: 0.012146 | r:  -510.000000 | e:   1.000000 | Q:        nan | won: False 
#    6 | steps:    42 | steps_t:     0 | t: 0.013727 | r:  -504.000000 | e:   1.000000 | Q:        nan | won: False 
#    7 | steps:    54 | steps_t:     0 | t: 0.018561 | r:  -511.000000 | e:   1.000000 | Q:        nan | won: False 
#    8 | steps:    62 | steps_t:     0 | t: 0.021747 | r:  -507.000000 | e:   1.000000 | Q:        nan | won: False 
#    9 | steps:    72 | steps_t:     0 | t: 0.025499 | r:  -509.000000 | e:   1.000000 | Q:        nan | won: False 
#   10 | steps:    81 | steps_t:     0 | t: 0.028632 | r:  -508.000000 | e:   1.000000 | Q:        nan | won: False 
#   11 | steps:    90 | steps_t:     0 | t: 0.032309 | r:  -508.000000 | e:   1.000000 | Q:        nan | won: False 
#   12 | steps:   102 | steps_t:     0 | t: 0.036804 | r:  -511.000000 | e:   1.000000 | Q:        nan | won: False 
#   13 | steps:   111 | steps_t:     0 | t: 0.040541 | r:  -508.000000 | e:   1.000000 | Q:        nan | won: False 
#   14 | steps:   120 | steps_t:     0 | t: 0.043900 | r:  -508.000000 | e:   1.000000 | Q:        nan | won: False 
#   15 | steps:   126 | steps_t:     0 | t: 0.045945 | r:  -505.000000 | e:   1.000000 | Q:        nan | won: False 
#   16 | steps:   133 | steps_t:     0 | t: 0.048420 | r:  -506.000000 | e:   1.000000 | Q:        nan | won: False 
#   17 | steps:   142 | steps_t:     0 | t: 0.051977 | r:  -508.000000 | e:   1.000000 | Q:        nan | won: False 
#   18 | steps:   150 | steps_t:     0 | t: 0.055253 | r:  -507.000000 | e:   1.000000 | Q:        nan | won: False 
#   19 | steps:   159 | steps_t:     0 | t: 0.058281 | r:  -508.000000 | e:   1.000000 | Q:        nan | won: False 
#   20 | steps:   165 | steps_t:     0 | t: 0.060695 | r:  -505.000000 | e:   1.000000 | Q:        nan | won: False 
#   21 | steps:   173 | steps_t:     0 | t: 0.063452 | r:  -507.000000 | e:   1.000000 | Q:        nan | won: False 
#   22 | steps:   182 | steps_t:     0 | t: 0.067094 | r:  -508.000000 | e:   1.000000 | Q:        nan | won: False 
#   23 | steps:   194 | steps_t:     0 | t: 0.070923 | r:  -511.000000 | e:   1.000000 | Q:        nan | won: False 
#   24 | steps:   200 | steps_t:     0 | t: 0.073087 | r:  -505.000000 | e:   1.000000 | Q:        nan | won: False 
#   25 | steps:   209 | steps_t:     0 | t: 0.075685 | r:  -508.000000 | e:   1.000000 | Q:        nan | won: False 
#   26 | steps:   218 | steps_t:     0 | t: 0.078868 | r:  -508.000000 | e:   1.000000 | Q:        nan | won: False 
#   27 | steps:   225 | steps_t:     0 | t: 0.081278 | r:  -506.000000 | e:   1.000000 | Q:        nan | won: False 
#   28 | steps:   233 | steps_t:     0 | t: 0.084576 | r:  -507.000000 | e:   1.000000 | Q:        nan | won: False 
#   29 | steps:   238 | steps_t:     0 | t: 0.086350 | r:  -504.000000 | e:   1.000000 | Q:        nan | won: False 
#   30 | steps:   247 | steps_t:     0 | t: 0.089385 | r:  -508.000000 | e:   1.000000 | Q:        nan | won: False 
#   31 | steps:   259 | steps_t:     0 | t: 0.093124 | r:  -511.000000 | e:   1.000000 | Q:        nan | won: False 
#   32 | steps:   264 | steps_t:     0 | t: 0.094818 | r:  -504.000000 | e:   1.000000 | Q:        nan | won: False 
#   33 | steps:   270 | steps_t:     0 | t: 0.096613 | r:  -505.000000 | e:   1.000000 | Q:        nan | won: False 
#   34 | steps:   277 | steps_t:     0 | t: 0.099464 | r:  -506.000000 | e:   1.000000 | Q:        nan | won: False 
#   35 | steps:   286 | steps_t:     0 | t: 0.103241 | r:  -508.000000 | e:   1.000000 | Q:        nan | won: False 
#   36 | steps:   293 | steps_t:     0 | t: 0.105515 | r:  -506.000000 | e:   1.000000 | Q:        nan | won: False 
#   37 | steps:   300 | steps_t:     0 | t: 0.107790 | r:  -506.000000 | e:   1.000000 | Q:        nan | won: False 
#   38 | steps:   309 | steps_t:     0 | t: 0.111974 | r:  -508.000000 | e:   1.000000 | Q:        nan | won: False 
#   39 | steps:   319 | steps_t:     0 | t: 0.115776 | r:  -509.000000 | e:   1.000000 | Q:        nan | won: False 
#   40 | steps:   327 | steps_t:     0 | t: 0.119089 | r:  -507.000000 | e:   1.000000 | Q:        nan | won: False 
#   41 | steps:   333 | steps_t:     0 | t: 0.121062 | r:  -505.000000 | e:   1.000000 | Q:        nan | won: False 
#   42 | steps:   341 | steps_t:     0 | t: 0.123780 | r:  -507.000000 | e:   1.000000 | Q:        nan | won: False 
#   43 | steps:   347 | steps_t:     0 | t: 0.126002 | r:  -505.000000 | e:   1.000000 | Q:        nan | won: False 
#   44 | steps:   359 | steps_t:     0 | t: 0.130215 | r:  -511.000000 | e:   1.000000 | Q:        nan | won: False 
#   45 | steps:   370 | steps_t:     0 | t: 0.134646 | r:  -510.000000 | e:   1.000000 | Q:        nan | won: False 
#   46 | steps:   377 | steps_t:     0 | t: 0.137064 | r:  -506.000000 | e:   1.000000 | Q:        nan | won: False 
#   47 | steps:   385 | steps_t:     0 | t: 0.139914 | r:  -507.000000 | e:   1.000000 | Q:        nan | won: False 
#   48 | steps:   392 | steps_t:     0 | t: 0.142584 | r:  -506.000000 | e:   1.000000 | Q:        nan | won: False 
#   49 | steps:   400 | steps_t:     0 | t: 0.145752 | r:  -507.000000 | e:   1.000000 | Q:        nan | won: False 
#   50 | steps:   406 | steps_t:     0 | t: 0.148895 | r:  -505.000000 | e:   1.000000 | Q:        nan | won: False 
#   51 | steps:   417 | steps_t:     0 | t: 0.152803 | r:  -510.000000 | e:   1.000000 | Q:        nan | won: False 
#   52 | steps:   425 | steps_t:     0 | t: 0.155798 | r:  -507.000000 | e:   1.000000 | Q:        nan | won: False 
#   53 | steps:   432 | steps_t:     0 | t: 0.158354 | r:  -506.000000 | e:   1.000000 | Q:        nan | won: False 
#   54 | steps:   440 | steps_t:     0 | t: 0.161637 | r:  -507.000000 | e:   1.000000 | Q:        nan | won: False 
#   55 | steps:   449 | steps_t:     0 | t: 0.171134 | r:  -508.000000 | e:   1.000000 | Q:        nan | won: False 
#   56 | steps:   459 | steps_t:     0 | t: 0.186429 | r:  -509.000000 | e:   1.000000 | Q:        nan | won: False 
#   57 | steps:   472 | steps_t:     0 | t: 0.194516 | r:  -512.000000 | e:   1.000000 | Q:        nan | won: False 
#   58 | steps:   482 | steps_t:     0 | t: 0.200603 | r:  -509.000000 | e:   1.000000 | Q:        nan | won: False 
#   59 | steps:   490 | steps_t:     0 | t: 0.206979 | r:  -507.000000 | e:   1.000000 | Q:        nan | won: False 
#   60 | steps:   498 | steps_t:     0 | t: 0.212423 | r:  -507.000000 | e:   1.000000 | Q:        nan | won: False 
#   61 | steps:   504 | steps_t:     0 | t: 0.216845 | r:  -505.000000 | e:   1.000000 | Q:        nan | won: False 
#   62 | steps:   516 | steps_t:     0 | t: 0.223789 | r:  -511.000000 | e:   1.000000 | Q:        nan | won: False 
#   63 | steps:   526 | steps_t:     0 | t: 0.230074 | r:  -509.000000 | e:   1.000000 | Q:        nan | won: False 
#   64 | steps:   533 | steps_t:     0 | t: 0.232865 | r:  -506.000000 | e:   1.000000 | Q:        nan | won: False 
#   65 | steps:   542 | steps_t:     0 | t: 0.236016 | r:  -508.000000 | e:   1.000000 | Q:        nan | won: False 
#   66 | steps:   551 | steps_t:     0 | t: 0.239474 | r:  -508.000000 | e:   1.000000 | Q:        nan | won: False 
#   67 | steps:   557 | steps_t:     0 | t: 0.241717 | r:  -505.000000 | e:   1.000000 | Q:        nan | won: False 
#   68 | steps:   564 | steps_t:     0 | t: 0.244221 | r:  -506.000000 | e:   1.000000 | Q:        nan | won: False 
#   69 | steps:   573 | steps_t:     0 | t: 0.252147 | r:  -508.000000 | e:   1.000000 | Q:        nan | won: False 
#   70 | steps:   583 | steps_t:     0 | t: 0.255855 | r:  -509.000000 | e:   1.000000 | Q:        nan | won: False 
#   71 | steps:   593 | steps_t:     0 | t: 0.261196 | r:  -509.000000 | e:   1.000000 | Q:        nan | won: False 
#   72 | steps:   600 | steps_t:     0 | t: 0.331252 | r:  -506.000000 | e:   1.000000 | Q:        nan | won: False 
#   73 | steps:   614 | steps_t:     0 | t: 0.336189 | r:  -513.000000 | e:   1.000000 | Q:        nan | won: False 
#   74 | steps:   619 | steps_t:     0 | t: 0.337876 | r:  -504.000000 | e:   1.000000 | Q:        nan | won: False 
#   75 | steps:   627 | steps_t:     0 | t: 0.340598 | r:  -507.000000 | e:   1.000000 | Q:        nan | won: False 
#   76 | steps:   635 | steps_t:     0 | t: 0.343379 | r:  -507.000000 | e:   1.000000 | Q:        nan | won: False 
#   77 | steps:   642 | steps_t:     0 | t: 0.346044 | r:  -506.000000 | e:   1.000000 | Q:        nan | won: False 
#   78 | steps:   652 | steps_t:     0 | t: 0.349805 | r:  -509.000000 | e:   1.000000 | Q:        nan | won: False 
#   79 | steps:   658 | steps_t:     0 | t: 0.352816 | r:  -505.000000 | e:   1.000000 | Q:        nan | won: False 
#   80 | steps:   669 | steps_t:     0 | t: 0.356590 | r:  -510.000000 | e:   1.000000 | Q:        nan | won: False 
#   81 | steps:   682 | steps_t:     0 | t: 0.361299 | r:  -512.000000 | e:   1.000000 | Q:        nan | won: False 
#   82 | steps:   687 | steps_t:     0 | t: 0.362952 | r:  -504.000000 | e:   1.000000 | Q:        nan | won: False 
#   83 | steps:   695 | steps_t:     0 | t: 0.365928 | r:  -507.000000 | e:   1.000000 | Q:        nan | won: False 
#   84 | steps:   704 | steps_t:     0 | t: 0.369380 | r:  -508.000000 | e:   1.000000 | Q:        nan | won: False 
#   85 | steps:   711 | steps_t:     0 | t: 0.371670 | r:  -506.000000 | e:   1.000000 | Q:        nan | won: False 
#   86 | steps:   720 | steps_t:     0 | t: 0.375171 | r:  -508.000000 | e:   1.000000 | Q:        nan | won: False 
#   87 | steps:   730 | steps_t:     0 | t: 0.378622 | r:  -509.000000 | e:   1.000000 | Q:        nan | won: False 
#   88 | steps:   741 | steps_t:     0 | t: 0.383071 | r:  -510.000000 | e:   1.000000 | Q:        nan | won: False 
#   89 | steps:   747 | steps_t:     0 | t: 0.385294 | r:  -505.000000 | e:   1.000000 | Q:        nan | won: False 
#   90 | steps:   756 | steps_t:     0 | t: 0.388407 | r:  -508.000000 | e:   1.000000 | Q:        nan | won: False 
#   91 | steps:   764 | steps_t:     0 | t: 0.391643 | r:  -507.000000 | e:   1.000000 | Q:        nan | won: False 
#   92 | steps:   776 | steps_t:     0 | t: 0.396997 | r:  -511.000000 | e:   1.000000 | Q:        nan | won: False 
#   93 | steps:   786 | steps_t:     0 | t: 0.400762 | r:  -509.000000 | e:   1.000000 | Q:        nan | won: False 
#   94 | steps:   794 | steps_t:     0 | t: 0.403196 | r:  -507.000000 | e:   1.000000 | Q:        nan | won: False 
#   95 | steps:   804 | steps_t:     0 | t: 0.406191 | r:  -509.000000 | e:   1.000000 | Q:        nan | won: False 
#   96 | steps:   814 | steps_t:     0 | t: 0.409165 | r:  -509.000000 | e:   1.000000 | Q:        nan | won: False 
#   97 | steps:   824 | steps_t:     0 | t: 0.413081 | r:  -509.000000 | e:   1.000000 | Q:        nan | won: False 
#   98 | steps:   830 | steps_t:     0 | t: 0.415314 | r:  -505.000000 | e:   1.000000 | Q:        nan | won: False 
#   99 | steps:   838 | steps_t:     0 | t: 0.417943 | r:  -507.000000 | e:   1.000000 | Q:        nan | won: False 
#  100 | steps:   846 | steps_t:     0 | t: 0.420404 | r:  -507.000000 | e:   1.000000 | Q:        nan | won: False 
#  101 | steps:   855 | steps_t:     0 | t: 0.423185 | r:  -508.000000 | e:   1.000000 | Q:        nan | won: False 
#  102 | steps:   863 | steps_t:     0 | t: 0.425680 | r:  -507.000000 | e:   1.000000 | Q:        nan | won: False 
#  103 | steps:   869 | steps_t:     0 | t: 0.428370 | r:  -505.000000 | e:   1.000000 | Q:        nan | won: False 
#  104 | steps:   877 | steps_t:     0 | t: 0.430755 | r:  -507.000000 | e:   1.000000 | Q:        nan | won: False 
#  105 | steps:   883 | steps_t:     0 | t: 0.433474 | r:  -505.000000 | e:   1.000000 | Q:        nan | won: False 
#  106 | steps:   890 | steps_t:     0 | t: 0.436052 | r:  -506.000000 | e:   1.000000 | Q:        nan | won: False 
#  107 | steps:   896 | steps_t:     0 | t: 0.438680 | r:  -505.000000 | e:   1.000000 | Q:        nan | won: False 
#  108 | steps:   905 | steps_t:     0 | t: 0.441566 | r:  -508.000000 | e:   1.000000 | Q:        nan | won: False 
#  109 | steps:   910 | steps_t:     0 | t: 0.443383 | r:  -504.000000 | e:   1.000000 | Q:        nan | won: False 
#  110 | steps:   919 | steps_t:     0 | t: 0.446954 | r:  -508.000000 | e:   1.000000 | Q:        nan | won: False 
#  111 | steps:   933 | steps_t:     0 | t: 0.452703 | r:  -513.000000 | e:   1.000000 | Q:        nan | won: False 
#  112 | steps:   942 | steps_t:     0 | t: 0.455708 | r:  -508.000000 | e:   1.000000 | Q:        nan | won: False 
#  113 | steps:   949 | steps_t:     0 | t: 0.457789 | r:  -506.000000 | e:   1.000000 | Q:        nan | won: False 
#  114 | steps:   960 | steps_t:     0 | t: 0.462030 | r:  -510.000000 | e:   1.000000 | Q:        nan | won: False 
#  115 | steps:   968 | steps_t:     0 | t: 0.464942 | r:  -507.000000 | e:   1.000000 | Q:        nan | won: False 
#  116 | steps:   978 | steps_t:     0 | t: 0.468341 | r:  -509.000000 | e:   1.000000 | Q:        nan | won: False 
#  117 | steps:   986 | steps_t:     0 | t: 0.470880 | r:  -507.000000 | e:   1.000000 | Q:        nan | won: False 
#  118 | steps:   992 | steps_t:     0 | t: 0.473156 | r:  -505.000000 | e:   1.000000 | Q:        nan | won: False 
#  119 | steps:  1000 | steps_t:     0 | t: 0.475755 | r:  -507.000000 | e:   1.000000 | Q:        nan | won: False 
#  120 | steps:  1008 | steps_t:     0 | t: 0.478722 | r:  -507.000000 | e:   1.000000 | Q:        nan | won: False 
#  121 | steps:  1017 | steps_t:     0 | t: 0.482081 | r:  -508.000000 | e:   1.000000 | Q:        nan | won: False 
#  122 | steps:  1028 | steps_t:     0 | t: 0.485911 | r:  -510.000000 | e:   1.000000 | Q:        nan | won: False 
#  123 | steps:  1035 | steps_t:     0 | t: 0.487998 | r:  -506.000000 | e:   1.000000 | Q:        nan | won: False 
#  124 | steps:  1048 | steps_t:     0 | t: 0.492571 | r:  -512.000000 | e:   1.000000 | Q:        nan | won: False 
#  125 | steps:  1054 | steps_t:     0 | t: 0.495014 | r:  -505.000000 | e:   1.000000 | Q:        nan | won: False 
#  126 | steps:  1061 | steps_t:     0 | t: 0.497374 | r:  -506.000000 | e:   1.000000 | Q:        nan | won: False 
#  127 | steps:  1066 | steps_t:     0 | t: 0.499659 | r:  -504.000000 | e:   1.000000 | Q:        nan | won: False 
#  128 | steps:  1074 | steps_t:     0 | t: 0.502815 | r:  -507.000000 | e:   1.000000 | Q:        nan | won: False 
#  129 | steps:  1082 | steps_t:     0 | t: 0.505652 | r:  -507.000000 | e:   1.000000 | Q:        nan | won: False 
#  130 | steps:  1087 | steps_t:     0 | t: 0.508056 | r:  -504.000000 | e:   1.000000 | Q:        nan | won: False 
#  131 | steps:  1094 | steps_t:     0 | t: 0.510465 | r:  -506.000000 | e:   1.000000 | Q:        nan | won: False 
#  132 | steps:  1103 | steps_t:     0 | t: 0.513677 | r:  -508.000000 | e:   1.000000 | Q:        nan | won: False 
#  133 | steps:  1111 | steps_t:     0 | t: 0.516586 | r:  -507.000000 | e:   1.000000 | Q:        nan | won: False 
#  134 | steps:  1120 | steps_t:     0 | t: 0.519595 | r:  -508.000000 | e:   1.000000 | Q:        nan | won: False 
#  135 | steps:  1127 | steps_t:     0 | t: 0.522127 | r:  -506.000000 | e:   1.000000 | Q:        nan | won: False 
#  136 | steps:  1142 | steps_t:     0 | t: 0.527459 | r:  -492.000000 | e:   1.000000 | Q:        nan | won: False 
#  137 | steps:  1151 | steps_t:     0 | t: 0.530726 | r:  -508.000000 | e:   1.000000 | Q:        nan | won: False 
#  138 | steps:  1161 | steps_t:     0 | t: 0.534657 | r:  -509.000000 | e:   1.000000 | Q:        nan | won: False 
#  139 | steps:  1168 | steps_t:     0 | t: 0.537182 | r:  -506.000000 | e:   1.000000 | Q:        nan | won: False 
#  140 | steps:  1178 | steps_t:     0 | t: 0.541006 | r:  -509.000000 | e:   1.000000 | Q:        nan | won: False 
#  141 | steps:  1185 | steps_t:     0 | t: 0.544095 | r:  -506.000000 | e:   1.000000 | Q:        nan | won: False 
#  142 | steps:  1194 | steps_t:     0 | t: 0.547121 | r:  -508.000000 | e:   1.000000 | Q:        nan | won: False 
#  143 | steps:  1200 | steps_t:     0 | t: 0.549869 | r:  -505.000000 | e:   1.000000 | Q:        nan | won: False 
#  144 | steps:  1207 | steps_t:     0 | t: 0.552426 | r:  -506.000000 | e:   1.000000 | Q:        nan | won: False 
#  145 | steps:  1222 | steps_t:     0 | t: 0.557187 | r:  -503.000000 | e:   1.000000 | Q:        nan | won: False 
#  146 | steps:  1253 | steps_t:     0 | t: 0.567864 | r:  -519.000000 | e:   1.000000 | Q:        nan | won: False 
#  147 | steps:  1264 | steps_t:     0 | t: 0.571357 | r:  -510.000000 | e:   1.000000 | Q:        nan | won: False 
#  148 | steps:  1273 | steps_t:     0 | t: 0.575939 | r:  -508.000000 | e:   1.000000 | Q:        nan | won: False 
#  149 | steps:  1285 | steps_t:     0 | t: 0.579865 | r:  -511.000000 | e:   1.000000 | Q:        nan | won: False 
#  150 | steps:  1292 | steps_t:     0 | t: 0.582744 | r:  -506.000000 | e:   1.000000 | Q:        nan | won: False 
#  151 | steps:  1301 | steps_t:     0 | t: 0.586300 | r:  -508.000000 | e:   1.000000 | Q:        nan | won: False 
#  152 | steps:  1318 | steps_t:     0 | t: 0.592193 | r:  -516.000000 | e:   1.000000 | Q:        nan | won: False 
#  153 | steps:  1332 | steps_t:     0 | t: 0.597311 | r:  -513.000000 | e:   1.000000 | Q:        nan | won: False 
#  154 | steps:  1345 | steps_t:     0 | t: 0.604432 | r:  -512.000000 | e:   1.000000 | Q:        nan | won: False 
#  155 | steps:  1354 | steps_t:     0 | t: 0.608109 | r:  -508.000000 | e:   1.000000 | Q:        nan | won: False 
#  156 | steps:  1363 | steps_t:     0 | t: 0.611536 | r:  -508.000000 | e:   1.000000 | Q:        nan | won: False 
#  157 | steps:  1370 | steps_t:     0 | t: 0.614051 | r:  -506.000000 | e:   1.000000 | Q:        nan | won: False 
#  158 | steps:  1382 | steps_t:     0 | t: 0.618031 | r:  -511.000000 | e:   1.000000 | Q:        nan | won: False 
#  159 | steps:  1390 | steps_t:     0 | t: 0.620620 | r:  -507.000000 | e:   1.000000 | Q:        nan | won: False 
#  160 | steps:  1399 | steps_t:     0 | t: 0.623494 | r:  -508.000000 | e:   1.000000 | Q:        nan | won: False 
#  161 | steps:  1422 | steps_t:     0 | t: 0.630960 | r:  -511.000000 | e:   1.000000 | Q:        nan | won: False 
#  162 | steps:  1429 | steps_t:     0 | t: 0.633766 | r:  -506.000000 | e:   1.000000 | Q:        nan | won: False 
#  163 | steps:  1444 | steps_t:     0 | t: 0.638443 | r:  -492.000000 | e:   1.000000 | Q:        nan | won: False 
#  164 | steps:  1451 | steps_t:     0 | t: 0.640650 | r:  -506.000000 | e:   1.000000 | Q:        nan | won: False 
#  165 | steps:  1458 | steps_t:     0 | t: 0.642641 | r:  -506.000000 | e:   1.000000 | Q:        nan | won: False 
#  166 | steps:  1466 | steps_t:     0 | t: 0.645766 | r:  -507.000000 | e:   1.000000 | Q:        nan | won: False 
#  167 | steps:  1473 | steps_t:     0 | t: 0.648165 | r:  -506.000000 | e:   1.000000 | Q:        nan | won: False 
#  168 | steps:  1479 | steps_t:     0 | t: 0.650645 | r:  -505.000000 | e:   1.000000 | Q:        nan | won: False 
#  169 | steps:  1487 | steps_t:     0 | t: 0.653216 | r:  -507.000000 | e:   1.000000 | Q:        nan | won: False 
#  170 | steps:  1498 | steps_t:     0 | t: 0.656672 | r:  -510.000000 | e:   1.000000 | Q:        nan | won: False 
