#    1 | steps:     9 | steps_t:     0 | t: 0.005364 | r:  -508.000000 | e:   1.000000 | Q:        nan | won: False 
#    2 | steps:    20 | steps_t:     0 | t: 0.009495 | r:  -510.000000 | e:   1.000000 | Q:        nan | won: False 
#    3 | steps:    29 | steps_t:     0 | t: 0.012494 | r:  -508.000000 | e:   1.000000 | Q:        nan | won: False 
#    4 | steps:    39 | steps_t:     0 | t: 0.016481 | r:  -509.000000 | e:   1.000000 | Q:        nan | won: False 
#    5 | steps:    47 | steps_t:     0 | t: 0.018566 | r:  -507.000000 | e:   1.000000 | Q:        nan | won: False 
#    6 | steps:    56 | steps_t:     0 | t: 0.022968 | r:  -508.000000 | e:   1.000000 | Q:        nan | won: False 
#    7 | steps:    65 | steps_t:     0 | t: 0.025961 | r:  -508.000000 | e:   1.000000 | Q:        nan | won: False 
#    8 | steps:    72 | steps_t:     0 | t: 0.028967 | r:  -506.000000 | e:   1.000000 | Q:        nan | won: False 
#    9 | steps:    78 | steps_t:     0 | t: 0.031968 | r:  -505.000000 | e:   1.000000 | Q:        nan | won: False 
#   10 | steps:    86 | steps_t:     0 | t: 0.033965 | r:  -507.000000 | e:   1.000000 | Q:        nan | won: False 
#   11 | steps:   101 | steps_t:     0 | t: 0.039581 | r:  -514.000000 | e:   1.000000 | Q:        nan | won: False 
#   12 | steps:   107 | steps_t:     0 | t: 0.041579 | r:  -505.000000 | e:   1.000000 | Q:        nan | won: False 
#   13 | steps:   113 | steps_t:     0 | t: 0.044581 | r:  -505.000000 | e:   1.000000 | Q:        nan | won: False 
#   14 | steps:   121 | steps_t:     0 | t: 0.047579 | r:  -507.000000 | e:   1.000000 | Q:        nan | won: False 
#   15 | steps:   130 | steps_t:     0 | t: 0.050577 | r:  -508.000000 | e:   1.000000 | Q:        nan | won: False 
#   16 | steps:   139 | steps_t:     0 | t: 0.054580 | r:  -508.000000 | e:   1.000000 | Q:        nan | won: False 
#   17 | steps:   146 | steps_t:     0 | t: 0.056580 | r:  -506.000000 | e:   1.000000 | Q:        nan | won: False 
#   18 | steps:   155 | steps_t:     0 | t: 0.060584 | r:  -508.000000 | e:   1.000000 | Q:        nan | won: False 
#   19 | steps:   163 | steps_t:     0 | t: 0.063578 | r:  -507.000000 | e:   1.000000 | Q:        nan | won: False 
#   20 | steps:   172 | steps_t:     0 | t: 0.066543 | r:  -508.000000 | e:   1.000000 | Q:        nan | won: False 
#   21 | steps:   180 | steps_t:     0 | t: 0.069544 | r:  -507.000000 | e:   1.000000 | Q:        nan | won: False 
#   22 | steps:   189 | steps_t:     0 | t: 0.073547 | r:  -508.000000 | e:   1.000000 | Q:        nan | won: False 
#   23 | steps:   196 | steps_t:     0 | t: 0.075543 | r:  -506.000000 | e:   1.000000 | Q:        nan | won: False 
#   24 | steps:   212 | steps_t:     0 | t: 0.081633 | r:  -515.000000 | e:   1.000000 | Q:        nan | won: False 
#   25 | steps:   220 | steps_t:     0 | t: 0.083633 | r:  -507.000000 | e:   1.000000 | Q:        nan | won: False 
#   26 | steps:   231 | steps_t:     0 | t: 0.088637 | r:  -510.000000 | e:   1.000000 | Q:        nan | won: False 
#   27 | steps:   239 | steps_t:     0 | t: 0.091640 | r:  -507.000000 | e:   1.000000 | Q:        nan | won: False 
#   28 | steps:   246 | steps_t:     0 | t: 0.094640 | r:  -506.000000 | e:   1.000000 | Q:        nan | won: False 
#   29 | steps:   251 | steps_t:     0 | t: 0.096640 | r:  -504.000000 | e:   1.000000 | Q:        nan | won: False 
#   30 | steps:   256 | steps_t:     0 | t: 0.098640 | r:  -504.000000 | e:   1.000000 | Q:        nan | won: False 
#   31 | steps:   262 | steps_t:     0 | t: 0.100640 | r:  -505.000000 | e:   1.000000 | Q:        nan | won: False 
#   32 | steps:   274 | steps_t:     0 | t: 0.105775 | r:  -511.000000 | e:   1.000000 | Q:        nan | won: False 
#   33 | steps:   285 | steps_t:     0 | t: 0.109817 | r:  -510.000000 | e:   1.000000 | Q:        nan | won: False 
#   34 | steps:   292 | steps_t:     0 | t: 0.111819 | r:  -506.000000 | e:   1.000000 | Q:        nan | won: False 
#   35 | steps:   311 | steps_t:     0 | t: 0.118817 | r:  -518.000000 | e:   1.000000 | Q:        nan | won: False 
#   36 | steps:   325 | steps_t:     0 | t: 0.124002 | r:  -513.000000 | e:   1.000000 | Q:        nan | won: False 
#   37 | steps:   332 | steps_t:     0 | t: 0.127005 | r:  -506.000000 | e:   1.000000 | Q:        nan | won: False 
#   38 | steps:   340 | steps_t:     0 | t: 0.128999 | r:  -507.000000 | e:   1.000000 | Q:        nan | won: False 
#   39 | steps:   350 | steps_t:     0 | t: 0.132668 | r:  -509.000000 | e:   1.000000 | Q:        nan | won: False 
#   40 | steps:   357 | steps_t:     0 | t: 0.135673 | r:  -506.000000 | e:   1.000000 | Q:        nan | won: False 
#   41 | steps:   363 | steps_t:     0 | t: 0.138695 | r:  -505.000000 | e:   1.000000 | Q:        nan | won: False 
#   42 | steps:   372 | steps_t:     0 | t: 0.142712 | r:  -508.000000 | e:   1.000000 | Q:        nan | won: False 
#   43 | steps:   381 | steps_t:     0 | t: 0.145705 | r:  -508.000000 | e:   1.000000 | Q:        nan | won: False 
#   44 | steps:   392 | steps_t:     0 | t: 0.148710 | r:  -510.000000 | e:   1.000000 | Q:        nan | won: False 
#   45 | steps:   399 | steps_t:     0 | t: 0.151721 | r:  -506.000000 | e:   1.000000 | Q:        nan | won: False 
#   46 | steps:   415 | steps_t:     0 | t: 0.157711 | r:  -504.000000 | e:   1.000000 | Q:        nan | won: False 
#   47 | steps:   421 | steps_t:     0 | t: 0.159710 | r:  -505.000000 | e:   1.000000 | Q:        nan | won: False 
#   48 | steps:   428 | steps_t:     0 | t: 0.162710 | r:  -506.000000 | e:   1.000000 | Q:        nan | won: False 
#   49 | steps:   437 | steps_t:     0 | t: 0.165715 | r:  -508.000000 | e:   1.000000 | Q:        nan | won: False 
#   50 | steps:   446 | steps_t:     0 | t: 0.168716 | r:  -508.000000 | e:   1.000000 | Q:        nan | won: False 
#   51 | steps:   455 | steps_t:     0 | t: 0.174138 | r:  -508.000000 | e:   1.000000 | Q:        nan | won: False 
#   52 | steps:   463 | steps_t:     0 | t: 0.177138 | r:  -507.000000 | e:   1.000000 | Q:        nan | won: False 
#   53 | steps:   472 | steps_t:     0 | t: 0.180135 | r:  -508.000000 | e:   1.000000 | Q:        nan | won: False 
#   54 | steps:   484 | steps_t:     0 | t: 0.184138 | r:  -511.000000 | e:   1.000000 | Q:        nan | won: False 
#   55 | steps:   491 | steps_t:     0 | t: 0.187703 | r:  -506.000000 | e:   1.000000 | Q:        nan | won: False 
#   56 | steps:   498 | steps_t:     0 | t: 0.191752 | r:  -506.000000 | e:   1.000000 | Q:        nan | won: False 
#   57 | steps:   507 | steps_t:     0 | t: 0.195753 | r:  -508.000000 | e:   1.000000 | Q:        nan | won: False 
#   58 | steps:   514 | steps_t:     0 | t: 0.197752 | r:  -506.000000 | e:   1.000000 | Q:        nan | won: False 
#   59 | steps:   522 | steps_t:     0 | t: 0.200752 | r:  -507.000000 | e:   1.000000 | Q:        nan | won: False 
#   60 | steps:   529 | steps_t:     0 | t: 0.204382 | r:  -506.000000 | e:   1.000000 | Q:        nan | won: False 
#   61 | steps:   536 | steps_t:     0 | t: 0.207492 | r:  -506.000000 | e:   1.000000 | Q:        nan | won: False 
#   62 | steps:   543 | steps_t:     0 | t: 0.210492 | r:  -506.000000 | e:   1.000000 | Q:        nan | won: False 
#   63 | steps:   551 | steps_t:     0 | t: 0.213492 | r:  -507.000000 | e:   1.000000 | Q:        nan | won: False 
#   64 | steps:   562 | steps_t:     0 | t: 0.217498 | r:  -510.000000 | e:   1.000000 | Q:        nan | won: False 
#   65 | steps:   572 | steps_t:     0 | t: 0.221465 | r:  -509.000000 | e:   1.000000 | Q:        nan | won: False 
#   66 | steps:   584 | steps_t:     0 | t: 0.226464 | r:  -511.000000 | e:   1.000000 | Q:        nan | won: False 
#   67 | steps:   597 | steps_t:     0 | t: 0.230492 | r:  -501.000000 | e:   1.000000 | Q:        nan | won: False 
#   68 | steps:   603 | steps_t:     0 | t: 0.233501 | r:  -505.000000 | e:   1.000000 | Q:        nan | won: False 
#   69 | steps:   612 | steps_t:     0 | t: 0.236591 | r:  -508.000000 | e:   1.000000 | Q:        nan | won: False 
#   70 | steps:   620 | steps_t:     0 | t: 0.239622 | r:  -507.000000 | e:   1.000000 | Q:        nan | won: False 
#   71 | steps:   627 | steps_t:     0 | t: 0.242625 | r:  -506.000000 | e:   1.000000 | Q:        nan | won: False 
#   72 | steps:   634 | steps_t:     0 | t: 0.245625 | r:  -506.000000 | e:   1.000000 | Q:        nan | won: False 
#   73 | steps:   640 | steps_t:     0 | t: 0.247625 | r:  -505.000000 | e:   1.000000 | Q:        nan | won: False 
#   74 | steps:   646 | steps_t:     0 | t: 0.249630 | r:  -505.000000 | e:   1.000000 | Q:        nan | won: False 
#   75 | steps:   655 | steps_t:     0 | t: 0.253531 | r:  -508.000000 | e:   1.000000 | Q:        nan | won: False 
#   76 | steps:   669 | steps_t:     0 | t: 0.259542 | r:  -513.000000 | e:   1.000000 | Q:        nan | won: False 
#   77 | steps:   678 | steps_t:     0 | t: 0.262567 | r:  -508.000000 | e:   1.000000 | Q:        nan | won: False 
#   78 | steps:   685 | steps_t:     0 | t: 0.264566 | r:  -506.000000 | e:   1.000000 | Q:        nan | won: False 
#   79 | steps:   692 | steps_t:     0 | t: 0.267542 | r:  -506.000000 | e:   1.000000 | Q:        nan | won: False 
#   80 | steps:   698 | steps_t:     0 | t: 0.270570 | r:  -505.000000 | e:   1.000000 | Q:        nan | won: False 
#   81 | steps:   704 | steps_t:     0 | t: 0.273577 | r:  -505.000000 | e:   1.000000 | Q:        nan | won: False 
#   82 | steps:   713 | steps_t:     0 | t: 0.276573 | r:  -508.000000 | e:   1.000000 | Q:        nan | won: False 
#   83 | steps:   721 | steps_t:     0 | t: 0.279575 | r:  -507.000000 | e:   1.000000 | Q:        nan | won: False 
#   84 | steps:   727 | steps_t:     0 | t: 0.281573 | r:  -505.000000 | e:   1.000000 | Q:        nan | won: False 
#   85 | steps:   750 | steps_t:     0 | t: 0.290051 | r:  -511.000000 | e:   1.000000 | Q:        nan | won: False 
#   86 | steps:   759 | steps_t:     0 | t: 0.293434 | r:  -508.000000 | e:   1.000000 | Q:        nan | won: False 
#   87 | steps:   766 | steps_t:     0 | t: 0.295436 | r:  -506.000000 | e:   1.000000 | Q:        nan | won: False 
#   88 | steps:   776 | steps_t:     0 | t: 0.299434 | r:  -509.000000 | e:   1.000000 | Q:        nan | won: False 
#   89 | steps:   785 | steps_t:     0 | t: 0.303404 | r:  -508.000000 | e:   1.000000 | Q:        nan | won: False 
#   90 | steps:   793 | steps_t:     0 | t: 0.306948 | r:  -507.000000 | e:   1.000000 | Q:        nan | won: False 
#   91 | steps:   800 | steps_t:     0 | t: 0.309462 | r:  -506.000000 | e:   1.000000 | Q:        nan | won: False 
#   92 | steps:   808 | steps_t:     0 | t: 0.311463 | r:  -507.000000 | e:   1.000000 | Q:        nan | won: False 
#   93 | steps:   817 | steps_t:     0 | t: 0.314460 | r:  -508.000000 | e:   1.000000 | Q:        nan | won: False 
#   94 | steps:   825 | steps_t:     0 | t: 0.317595 | r:  -507.000000 | e:   1.000000 | Q:        nan | won: False 
#   95 | steps:   833 | steps_t:     0 | t: 0.321559 | r:  -507.000000 | e:   1.000000 | Q:        nan | won: False 
#   96 | steps:   842 | steps_t:     0 | t: 0.324588 | r:  -508.000000 | e:   1.000000 | Q:        nan | won: False 
#   97 | steps:   852 | steps_t:     0 | t: 0.328558 | r:  -509.000000 | e:   1.000000 | Q:        nan | won: False 
#   98 | steps:   859 | steps_t:     0 | t: 0.331590 | r:  -506.000000 | e:   1.000000 | Q:        nan | won: False 
#   99 | steps:   869 | steps_t:     0 | t: 0.334588 | r:  -509.000000 | e:   1.000000 | Q:        nan | won: False 
#  100 | steps:   877 | steps_t:     0 | t: 0.338596 | r:  -507.000000 | e:   1.000000 | Q:        nan | won: False 
#  101 | steps:   885 | steps_t:     0 | t: 0.341588 | r:  -507.000000 | e:   1.000000 | Q:        nan | won: False 
#  102 | steps:   893 | steps_t:     0 | t: 0.344588 | r:  -507.000000 | e:   1.000000 | Q:        nan | won: False 
#  103 | steps:   902 | steps_t:     0 | t: 0.347590 | r:  -508.000000 | e:   1.000000 | Q:        nan | won: False 
#  104 | steps:   911 | steps_t:     0 | t: 0.350589 | r:  -508.000000 | e:   1.000000 | Q:        nan | won: False 
#  105 | steps:   925 | steps_t:     0 | t: 0.356267 | r:  -513.000000 | e:   1.000000 | Q:        nan | won: False 
#  106 | steps:   931 | steps_t:     0 | t: 0.358268 | r:  -505.000000 | e:   1.000000 | Q:        nan | won: False 
#  107 | steps:   938 | steps_t:     0 | t: 0.361241 | r:  -506.000000 | e:   1.000000 | Q:        nan | won: False 
#  108 | steps:   945 | steps_t:     0 | t: 0.363274 | r:  -506.000000 | e:   1.000000 | Q:        nan | won: False 
#  109 | steps:   952 | steps_t:     0 | t: 0.366277 | r:  -506.000000 | e:   1.000000 | Q:        nan | won: False 
#  110 | steps:   957 | steps_t:     0 | t: 0.368275 | r:  -504.000000 | e:   1.000000 | Q:        nan | won: False 
#  111 | steps:   965 | steps_t:     0 | t: 0.372028 | r:  -507.000000 | e:   1.000000 | Q:        nan | won: False 
#  112 | steps:   973 | steps_t:     0 | t: 0.372028 | r:  -507.000000 | e:   1.000000 | Q:        nan | won: False 
#  113 | steps:   981 | steps_t:     0 | t: 0.372028 | r:  -507.000000 | e:   1.000000 | Q:        nan | won: False 
#  114 | steps:   990 | steps_t:     0 | t: 0.372028 | r:  -508.000000 | e:   1.000000 | Q:        nan | won: False 
#  115 | steps:  1005 | steps_t:     0 | t: 0.372028 | r:  -514.000000 | e:   1.000000 | Q:        nan | won: False 
#  116 | steps:  1013 | steps_t:     0 | t: 0.389822 | r:  -507.000000 | e:   1.000000 | Q:        nan | won: False 
#  117 | steps:  1020 | steps_t:     0 | t: 0.392864 | r:  -506.000000 | e:   1.000000 | Q:        nan | won: False 
#  118 | steps:  1029 | steps_t:     0 | t: 0.395861 | r:  -508.000000 | e:   1.000000 | Q:        nan | won: False 
#  119 | steps:  1039 | steps_t:     0 | t: 0.398861 | r:  -509.000000 | e:   1.000000 | Q:        nan | won: False 
#  120 | steps:  1054 | steps_t:     0 | t: 0.405349 | r:  -514.000000 | e:   1.000000 | Q:        nan | won: False 
#  121 | steps:  1063 | steps_t:     0 | t: 0.408892 | r:  -508.000000 | e:   1.000000 | Q:        nan | won: False 
#  122 | steps:  1072 | steps_t:     0 | t: 0.411867 | r:  -508.000000 | e:   1.000000 | Q:        nan | won: False 
#  123 | steps:  1080 | steps_t:     0 | t: 0.414896 | r:  -507.000000 | e:   1.000000 | Q:        nan | won: False 
#  124 | steps:  1088 | steps_t:     0 | t: 0.417893 | r:  -507.000000 | e:   1.000000 | Q:        nan | won: False 
#  125 | steps:  1096 | steps_t:     0 | t: 0.421895 | r:  -507.000000 | e:   1.000000 | Q:        nan | won: False 
#  126 | steps:  1111 | steps_t:     0 | t: 0.426892 | r:  -514.000000 | e:   1.000000 | Q:        nan | won: False 
#  127 | steps:  1124 | steps_t:     0 | t: 0.431892 | r:  -512.000000 | e:   1.000000 | Q:        nan | won: False 
#  128 | steps:  1129 | steps_t:     0 | t: 0.433897 | r:  -504.000000 | e:   1.000000 | Q:        nan | won: False 
#  129 | steps:  1139 | steps_t:     0 | t: 0.437992 | r:  -509.000000 | e:   1.000000 | Q:        nan | won: False 
#  130 | steps:  1148 | steps_t:     0 | t: 0.440101 | r:  -508.000000 | e:   1.000000 | Q:        nan | won: False 
#  131 | steps:  1157 | steps_t:     0 | t: 0.440101 | r:  -508.000000 | e:   1.000000 | Q:        nan | won: False 
#  132 | steps:  1171 | steps_t:     0 | t: 0.440101 | r:  -513.000000 | e:   1.000000 | Q:        nan | won: False 
#  133 | steps:  1179 | steps_t:     0 | t: 0.440101 | r:  -507.000000 | e:   1.000000 | Q:        nan | won: False 
#  134 | steps:  1189 | steps_t:     0 | t: 0.457339 | r:  -509.000000 | e:   1.000000 | Q:        nan | won: False 
#  135 | steps:  1201 | steps_t:     0 | t: 0.461356 | r:  -511.000000 | e:   1.000000 | Q:        nan | won: False 
#  136 | steps:  1213 | steps_t:     0 | t: 0.466364 | r:  -511.000000 | e:   1.000000 | Q:        nan | won: False 
#  137 | steps:  1223 | steps_t:     0 | t: 0.470948 | r:  -509.000000 | e:   1.000000 | Q:        nan | won: False 
#  138 | steps:  1231 | steps_t:     0 | t: 0.473936 | r:  -507.000000 | e:   1.000000 | Q:        nan | won: False 
#  139 | steps:  1238 | steps_t:     0 | t: 0.476936 | r:  -506.000000 | e:   1.000000 | Q:        nan | won: False 
#  140 | steps:  1245 | steps_t:     0 | t: 0.479935 | r:  -506.000000 | e:   1.000000 | Q:        nan | won: False 
#  141 | steps:  1252 | steps_t:     0 | t: 0.481963 | r:  -506.000000 | e:   1.000000 | Q:        nan | won: False 
#  142 | steps:  1269 | steps_t:     0 | t: 0.488964 | r:  -516.000000 | e:   1.000000 | Q:        nan | won: False 
#  143 | steps:  1281 | steps_t:     0 | t: 0.492970 | r:  -511.000000 | e:   1.000000 | Q:        nan | won: False 
#  144 | steps:  1287 | steps_t:     0 | t: 0.495970 | r:  -505.000000 | e:   1.000000 | Q:        nan | won: False 
#  145 | steps:  1295 | steps_t:     0 | t: 0.497971 | r:  -507.000000 | e:   1.000000 | Q:        nan | won: False 
#  146 | steps:  1306 | steps_t:     0 | t: 0.501979 | r:  -510.000000 | e:   1.000000 | Q:        nan | won: False 
#  147 | steps:  1314 | steps_t:     0 | t: 0.507234 | r:  -507.000000 | e:   1.000000 | Q:        nan | won: False 
#  148 | steps:  1322 | steps_t:     0 | t: 0.510241 | r:  -507.000000 | e:   1.000000 | Q:        nan | won: False 
#  149 | steps:  1335 | steps_t:     0 | t: 0.514234 | r:  -512.000000 | e:   1.000000 | Q:        nan | won: False 
#  150 | steps:  1341 | steps_t:     0 | t: 0.517236 | r:  -505.000000 | e:   1.000000 | Q:        nan | won: False 
#  151 | steps:  1349 | steps_t:     0 | t: 0.521311 | r:  -507.000000 | e:   1.000000 | Q:        nan | won: False 
#  152 | steps:  1358 | steps_t:     0 | t: 0.524327 | r:  -508.000000 | e:   1.000000 | Q:        nan | won: False 
#  153 | steps:  1365 | steps_t:     0 | t: 0.527323 | r:  -506.000000 | e:   1.000000 | Q:        nan | won: False 
#  154 | steps:  1376 | steps_t:     0 | t: 0.530323 | r:  -510.000000 | e:   1.000000 | Q:        nan | won: False 
#  155 | steps:  1385 | steps_t:     0 | t: 0.533329 | r:  -508.000000 | e:   1.000000 | Q:        nan | won: False 
#  156 | steps:  1393 | steps_t:     0 | t: 0.537321 | r:  -507.000000 | e:   1.000000 | Q:        nan | won: False 
#  157 | steps:  1404 | steps_t:     0 | t: 0.541323 | r:  -510.000000 | e:   1.000000 | Q:        nan | won: False 
#  158 | steps:  1412 | steps_t:     0 | t: 0.544326 | r:  -507.000000 | e:   1.000000 | Q:        nan | won: False 
#  159 | steps:  1427 | steps_t:     0 | t: 0.549289 | r:  -514.000000 | e:   1.000000 | Q:        nan | won: False 
#  160 | steps:  1435 | steps_t:     0 | t: 0.553345 | r:  -507.000000 | e:   1.000000 | Q:        nan | won: False 
#  161 | steps:  1443 | steps_t:     0 | t: 0.556378 | r:  -507.000000 | e:   1.000000 | Q:        nan | won: False 
#  162 | steps:  1449 | steps_t:     0 | t: 0.557516 | r:  -505.000000 | e:   1.000000 | Q:        nan | won: False 
#  163 | steps:  1459 | steps_t:     0 | t: 0.557516 | r:  -509.000000 | e:   1.000000 | Q:        nan | won: False 
#  164 | steps:  1473 | steps_t:     0 | t: 0.557516 | r:  -513.000000 | e:   1.000000 | Q:        nan | won: False 
#  165 | steps:  1481 | steps_t:     0 | t: 0.570968 | r:  -507.000000 | e:   1.000000 | Q:        nan | won: False 
#  166 | steps:  1488 | steps_t:     0 | t: 0.573967 | r:  -506.000000 | e:   1.000000 | Q:        nan | won: False 
#  167 | steps:  1497 | steps_t:     0 | t: 0.576967 | r:  -508.000000 | e:   1.000000 | Q:        nan | won: False 
#  168 | steps:  1503 | steps_t:     0 | t: 0.578967 | r:  -505.000000 | e:   1.000000 | Q:        nan | won: False 
#  169 | steps:  1511 | steps_t:     0 | t: 0.581967 | r:  -507.000000 | e:   1.000000 | Q:        nan | won: False 
#  170 | steps:  1518 | steps_t:     0 | t: 0.585023 | r:  -506.000000 | e:   1.000000 | Q:        nan | won: False 
#  171 | steps:  1524 | steps_t:     0 | t: 0.587667 | r:  -505.000000 | e:   1.000000 | Q:        nan | won: False 
#  172 | steps:  1534 | steps_t:     0 | t: 0.591679 | r:  -509.000000 | e:   1.000000 | Q:        nan | won: False 
#  173 | steps:  1548 | steps_t:     0 | t: 0.596680 | r:  -513.000000 | e:   1.000000 | Q:        nan | won: False 
#  174 | steps:  1559 | steps_t:     0 | t: 0.600685 | r:  -510.000000 | e:   1.000000 | Q:        nan | won: False 
#  175 | steps:  1567 | steps_t:     0 | t: 0.603939 | r:  -507.000000 | e:   1.000000 | Q:        nan | won: False 
#  176 | steps:  1574 | steps_t:     0 | t: 0.606453 | r:  -506.000000 | e:   1.000000 | Q:        nan | won: False 
#  177 | steps:  1581 | steps_t:     0 | t: 0.609481 | r:  -506.000000 | e:   1.000000 | Q:        nan | won: False 
#  178 | steps:  1586 | steps_t:     0 | t: 0.611481 | r:  -504.000000 | e:   1.000000 | Q:        nan | won: False 
#  179 | steps:  1593 | steps_t:     0 | t: 0.614481 | r:  -506.000000 | e:   1.000000 | Q:        nan | won: False 
#  180 | steps:  1602 | steps_t:     0 | t: 0.617481 | r:  -508.000000 | e:   1.000000 | Q:        nan | won: False 
#  181 | steps:  1611 | steps_t:     0 | t: 0.621484 | r:  -508.000000 | e:   1.000000 | Q:        nan | won: False 
#  182 | steps:  1618 | steps_t:     0 | t: 0.624487 | r:  -506.000000 | e:   1.000000 | Q:        nan | won: False 
#  183 | steps:  1626 | steps_t:     0 | t: 0.626877 | r:  -507.000000 | e:   1.000000 | Q:        nan | won: False 
#  184 | steps:  1632 | steps_t:     0 | t: 0.628871 | r:  -505.000000 | e:   1.000000 | Q:        nan | won: False 
#  185 | steps:  1640 | steps_t:     0 | t: 0.631871 | r:  -507.000000 | e:   1.000000 | Q:        nan | won: False 
#  186 | steps:  1648 | steps_t:     0 | t: 0.634871 | r:  -507.000000 | e:   1.000000 | Q:        nan | won: False 
#  187 | steps:  1654 | steps_t:     0 | t: 0.639055 | r:  -505.000000 | e:   1.000000 | Q:        nan | won: False 
#  188 | steps:  1661 | steps_t:     0 | t: 0.641053 | r:  -506.000000 | e:   1.000000 | Q:        nan | won: False 
#  189 | steps:  1671 | steps_t:     0 | t: 0.645049 | r:  -509.000000 | e:   1.000000 | Q:        nan | won: False 
#  190 | steps:  1682 | steps_t:     0 | t: 0.649052 | r:  -510.000000 | e:   1.000000 | Q:        nan | won: False 
#  191 | steps:  1702 | steps_t:     0 | t: 0.656050 | r:  -519.000000 | e:   1.000000 | Q:        nan | won: False 
#  192 | steps:  1712 | steps_t:     0 | t: 0.659048 | r:  -509.000000 | e:   1.000000 | Q:        nan | won: False 
#  193 | steps:  1721 | steps_t:     0 | t: 0.663048 | r:  -508.000000 | e:   1.000000 | Q:        nan | won: False 
#  194 | steps:  1729 | steps_t:     0 | t: 0.666049 | r:  -507.000000 | e:   1.000000 | Q:        nan | won: False 
#  195 | steps:  1737 | steps_t:     0 | t: 0.668111 | r:  -507.000000 | e:   1.000000 | Q:        nan | won: False 
#  196 | steps:  1745 | steps_t:     0 | t: 0.672042 | r:  -507.000000 | e:   1.000000 | Q:        nan | won: False 
#  197 | steps:  1752 | steps_t:     0 | t: 0.675034 | r:  -506.000000 | e:   1.000000 | Q:        nan | won: False 
#  198 | steps:  1762 | steps_t:     0 | t: 0.678036 | r:  -509.000000 | e:   1.000000 | Q:        nan | won: False 
#  199 | steps:  1773 | steps_t:     0 | t: 0.682035 | r:  -510.000000 | e:   1.000000 | Q:        nan | won: False 
#  200 | steps:  1782 | steps_t:     0 | t: 0.685193 | r:  -508.000000 | e:   1.000000 | Q:        nan | won: False 
#  201 | steps:  1789 | steps_t:     0 | t: 0.688935 | r:  -506.000000 | e:   1.000000 | Q:        nan | won: False 
#  202 | steps:  1794 | steps_t:     0 | t: 0.692112 | r:  -504.000000 | e:   1.000000 | Q:        nan | won: False 
#  203 | steps:  1803 | steps_t:     0 | t: 0.692112 | r:  -508.000000 | e:   1.000000 | Q:        nan | won: False 
#  204 | steps:  1810 | steps_t:     0 | t: 0.692112 | r:  -506.000000 | e:   1.000000 | Q:        nan | won: False 
#  205 | steps:  1815 | steps_t:     0 | t: 0.692112 | r:  -504.000000 | e:   1.000000 | Q:        nan | won: False 
#  206 | steps:  1824 | steps_t:     0 | t: 0.692112 | r:  -508.000000 | e:   1.000000 | Q:        nan | won: False 
#  207 | steps:  1841 | steps_t:     0 | t: 0.709037 | r:  -516.000000 | e:   1.000000 | Q:        nan | won: False 
#  208 | steps:  1848 | steps_t:     0 | t: 0.711038 | r:  -506.000000 | e:   1.000000 | Q:        nan | won: False 
#  209 | steps:  1854 | steps_t:     0 | t: 0.714038 | r:  -505.000000 | e:   1.000000 | Q:        nan | won: False 
#  210 | steps:  1864 | steps_t:     0 | t: 0.717041 | r:  -509.000000 | e:   1.000000 | Q:        nan | won: False 
#  211 | steps:  1873 | steps_t:     0 | t: 0.721014 | r:  -508.000000 | e:   1.000000 | Q:        nan | won: False 
#  212 | steps:  1881 | steps_t:     0 | t: 0.724042 | r:  -507.000000 | e:   1.000000 | Q:        nan | won: False 
#  213 | steps:  1887 | steps_t:     0 | t: 0.727038 | r:  -505.000000 | e:   1.000000 | Q:        nan | won: False 
#  214 | steps:  1893 | steps_t:     0 | t: 0.729041 | r:  -505.000000 | e:   1.000000 | Q:        nan | won: False 
#  215 | steps:  1901 | steps_t:     0 | t: 0.732038 | r:  -507.000000 | e:   1.000000 | Q:        nan | won: False 
#  216 | steps:  1917 | steps_t:     0 | t: 0.738273 | r:  -504.000000 | e:   1.000000 | Q:        nan | won: False 
#  217 | steps:  1924 | steps_t:     0 | t: 0.741292 | r:  -506.000000 | e:   1.000000 | Q:        nan | won: False 
#  218 | steps:  1932 | steps_t:     0 | t: 0.744299 | r:  -507.000000 | e:   1.000000 | Q:        nan | won: False 
#  219 | steps:  1941 | steps_t:     0 | t: 0.747305 | r:  -508.000000 | e:   1.000000 | Q:        nan | won: False 
#  220 | steps:  1953 | steps_t:     0 | t: 0.751270 | r:  -511.000000 | e:   1.000000 | Q:        nan | won: False 
#  221 | steps:  1960 | steps_t:     0 | t: 0.754279 | r:  -506.000000 | e:   1.000000 | Q:        nan | won: False 
#  222 | steps:  1968 | steps_t:     0 | t: 0.757302 | r:  -507.000000 | e:   1.000000 | Q:        nan | won: False 
#  223 | steps:  1976 | steps_t:     0 | t: 0.760310 | r:  -507.000000 | e:   1.000000 | Q:        nan | won: False 
#  224 | steps:  1988 | steps_t:     0 | t: 0.765309 | r:  -511.000000 | e:   1.000000 | Q:        nan | won: False 
#  225 | steps:  1995 | steps_t:     0 | t: 0.768276 | r:  -506.000000 | e:   1.000000 | Q:        nan | won: False 
#  226 | steps:  2003 | steps_t:     0 | t: 0.772279 | r:  -507.000000 | e:   1.000000 | Q:        nan | won: False 
#  227 | steps:  2019 | steps_t:     0 | t: 0.778274 | r:  -504.000000 | e:   1.000000 | Q:        nan | won: False 
#  228 | steps:  2027 | steps_t:     0 | t: 0.780273 | r:  -507.000000 | e:   1.000000 | Q:        nan | won: False 
#  229 | steps:  2036 | steps_t:     0 | t: 0.784273 | r:  -508.000000 | e:   1.000000 | Q:        nan | won: False 
#  230 | steps:  2042 | steps_t:     0 | t: 0.786273 | r:  -505.000000 | e:   1.000000 | Q:        nan | won: False 
#  231 | steps:  2052 | steps_t:     0 | t: 0.790273 | r:  -509.000000 | e:   1.000000 | Q:        nan | won: False 
#  232 | steps:  2060 | steps_t:     0 | t: 0.793277 | r:  -507.000000 | e:   1.000000 | Q:        nan | won: False 
#  233 | steps:  2072 | steps_t:     0 | t: 0.797277 | r:  -511.000000 | e:   1.000000 | Q:        nan | won: False 
#  234 | steps:  2079 | steps_t:     0 | t: 0.800282 | r:  -506.000000 | e:   1.000000 | Q:        nan | won: False 
#  235 | steps:  2087 | steps_t:     0 | t: 0.803278 | r:  -507.000000 | e:   1.000000 | Q:        nan | won: False 
#  236 | steps:  2093 | steps_t:     0 | t: 0.805784 | r:  -505.000000 | e:   1.000000 | Q:        nan | won: False 
#  237 | steps:  2105 | steps_t:     0 | t: 0.809789 | r:  -511.000000 | e:   1.000000 | Q:        nan | won: False 
#  238 | steps:  2112 | steps_t:     0 | t: 0.812789 | r:  -506.000000 | e:   1.000000 | Q:        nan | won: False 
#  239 | steps:  2119 | steps_t:     0 | t: 0.815789 | r:  -506.000000 | e:   1.000000 | Q:        nan | won: False 
#  240 | steps:  2125 | steps_t:     0 | t: 0.817789 | r:  -505.000000 | e:   1.000000 | Q:        nan | won: False 
#  241 | steps:  2136 | steps_t:     0 | t: 0.821790 | r:  -510.000000 | e:   1.000000 | Q:        nan | won: False 
#  242 | steps:  2145 | steps_t:     0 | t: 0.825789 | r:  -508.000000 | e:   1.000000 | Q:        nan | won: False 
#  243 | steps:  2154 | steps_t:     0 | t: 0.828789 | r:  -508.000000 | e:   1.000000 | Q:        nan | won: False 
#  244 | steps:  2161 | steps_t:     0 | t: 0.831818 | r:  -506.000000 | e:   1.000000 | Q:        nan | won: False 
#  245 | steps:  2169 | steps_t:     0 | t: 0.834790 | r:  -507.000000 | e:   1.000000 | Q:        nan | won: False 
#  246 | steps:  2178 | steps_t:     0 | t: 0.838903 | r:  -508.000000 | e:   1.000000 | Q:        nan | won: False 
#  247 | steps:  2185 | steps_t:     0 | t: 0.841925 | r:  -506.000000 | e:   1.000000 | Q:        nan | won: False 
#  248 | steps:  2193 | steps_t:     0 | t: 0.844887 | r:  -507.000000 | e:   1.000000 | Q:        nan | won: False 
#  249 | steps:  2201 | steps_t:     0 | t: 0.847314 | r:  -507.000000 | e:   1.000000 | Q:        nan | won: False 
#  250 | steps:  2210 | steps_t:     0 | t: 0.850312 | r:  -508.000000 | e:   1.000000 | Q:        nan | won: False 
#  251 | steps:  2218 | steps_t:     0 | t: 0.854287 | r:  -507.000000 | e:   1.000000 | Q:        nan | won: False 
#  252 | steps:  2223 | steps_t:     0 | t: 0.856315 | r:  -504.000000 | e:   1.000000 | Q:        nan | won: False 
#  253 | steps:  2231 | steps_t:     0 | t: 0.858906 | r:  -507.000000 | e:   1.000000 | Q:        nan | won: False 
#  254 | steps:  2243 | steps_t:     0 | t: 0.862904 | r:  -511.000000 | e:   1.000000 | Q:        nan | won: False 
#  255 | steps:  2248 | steps_t:     0 | t: 0.865905 | r:  -504.000000 | e:   1.000000 | Q:        nan | won: False 
#  256 | steps:  2258 | steps_t:     0 | t: 0.868907 | r:  -509.000000 | e:   1.000000 | Q:        nan | won: False 
#  257 | steps:  2266 | steps_t:     0 | t: 0.872907 | r:  -507.000000 | e:   1.000000 | Q:        nan | won: False 
#  258 | steps:  2276 | steps_t:     0 | t: 0.876902 | r:  -509.000000 | e:   1.000000 | Q:        nan | won: False 
#  259 | steps:  2287 | steps_t:     0 | t: 0.880903 | r:  -510.000000 | e:   1.000000 | Q:        nan | won: False 
#  260 | steps:  2295 | steps_t:     0 | t: 0.882904 | r:  -507.000000 | e:   1.000000 | Q:        nan | won: False 
#  261 | steps:  2304 | steps_t:     0 | t: 0.887880 | r:  -508.000000 | e:   1.000000 | Q:        nan | won: False 
#  262 | steps:  2310 | steps_t:     0 | t: 0.890906 | r:  -505.000000 | e:   1.000000 | Q:        nan | won: False 
#  263 | steps:  2317 | steps_t:     0 | t: 0.893910 | r:  -506.000000 | e:   1.000000 | Q:        nan | won: False 
#  264 | steps:  2325 | steps_t:     0 | t: 0.895910 | r:  -507.000000 | e:   1.000000 | Q:        nan | won: False 
#  265 | steps:  2331 | steps_t:     0 | t: 0.897909 | r:  -505.000000 | e:   1.000000 | Q:        nan | won: False 
#  266 | steps:  2339 | steps_t:     0 | t: 0.900909 | r:  -507.000000 | e:   1.000000 | Q:        nan | won: False 
#  267 | steps:  2349 | steps_t:     0 | t: 0.904916 | r:  -509.000000 | e:   1.000000 | Q:        nan | won: False 
#  268 | steps:  2363 | steps_t:     0 | t: 0.910108 | r:  -513.000000 | e:   1.000000 | Q:        nan | won: False 
#  269 | steps:  2371 | steps_t:     0 | t: 0.913108 | r:  -507.000000 | e:   1.000000 | Q:        nan | won: False 
#  270 | steps:  2379 | steps_t:     0 | t: 0.916108 | r:  -507.000000 | e:   1.000000 | Q:        nan | won: False 
#  271 | steps:  2389 | steps_t:     0 | t: 0.920113 | r:  -509.000000 | e:   1.000000 | Q:        nan | won: False 
#  272 | steps:  2406 | steps_t:     0 | t: 0.927144 | r:  -516.000000 | e:   1.000000 | Q:        nan | won: False 
#  273 | steps:  2412 | steps_t:     0 | t: 0.929147 | r:  -505.000000 | e:   1.000000 | Q:        nan | won: False 
#  274 | steps:  2422 | steps_t:     0 | t: 0.932144 | r:  -509.000000 | e:   1.000000 | Q:        nan | won: False 
#  275 | steps:  2434 | steps_t:     0 | t: 0.938134 | r:  -511.000000 | e:   1.000000 | Q:        nan | won: False 
#  276 | steps:  2441 | steps_t:     0 | t: 0.942144 | r:  -506.000000 | e:   1.000000 | Q:        nan | won: False 
#  277 | steps:  2453 | steps_t:     0 | t: 0.946144 | r:  -511.000000 | e:   1.000000 | Q:        nan | won: False 
#  278 | steps:  2461 | steps_t:     0 | t: 0.949146 | r:  -507.000000 | e:   1.000000 | Q:        nan | won: False 
#  279 | steps:  2468 | steps_t:     0 | t: 0.951172 | r:  -506.000000 | e:   1.000000 | Q:        nan | won: False 
#  280 | steps:  2478 | steps_t:     0 | t: 0.957157 | r:  -509.000000 | e:   1.000000 | Q:        nan | won: False 
#  281 | steps:  2483 | steps_t:     0 | t: 0.959109 | r:  -504.000000 | e:   1.000000 | Q:        nan | won: False 
#  282 | steps:  2497 | steps_t:     0 | t: 0.964108 | r:  -513.000000 | e:   1.000000 | Q:        nan | won: False 
#  283 | steps:  2504 | steps_t:     0 | t: 0.966709 | r:  -506.000000 | e:   1.000000 | Q:        nan | won: False 
#  284 | steps:  2512 | steps_t:     0 | t: 0.969678 | r:  -507.000000 | e:   1.000000 | Q:        nan | won: False 
#  285 | steps:  2522 | steps_t:     0 | t: 0.974679 | r:  -509.000000 | e:   1.000000 | Q:        nan | won: False 
#  286 | steps:  2529 | steps_t:     0 | t: 0.976679 | r:  -506.000000 | e:   1.000000 | Q:        nan | won: False 
#  287 | steps:  2536 | steps_t:     0 | t: 0.979679 | r:  -506.000000 | e:   1.000000 | Q:        nan | won: False 
#  288 | steps:  2545 | steps_t:     0 | t: 0.982678 | r:  -508.000000 | e:   1.000000 | Q:        nan | won: False 
#  289 | steps:  2553 | steps_t:     0 | t: 0.985678 | r:  -507.000000 | e:   1.000000 | Q:        nan | won: False 
#  290 | steps:  2566 | steps_t:     0 | t: 0.991687 | r:  -512.000000 | e:   1.000000 | Q:        nan | won: False 
#  291 | steps:  2574 | steps_t:     0 | t: 0.994689 | r:  -507.000000 | e:   1.000000 | Q:        nan | won: False 
#  292 | steps:  2592 | steps_t:     0 | t: 1.000718 | r:  -517.000000 | e:   1.000000 | Q:        nan | won: False 
#  293 | steps:  2604 | steps_t:     0 | t: 1.006215 | r:  -511.000000 | e:   1.000000 | Q:        nan | won: False 
#  294 | steps:  2609 | steps_t:     0 | t: 1.008249 | r:  -504.000000 | e:   1.000000 | Q:        nan | won: False 
#  295 | steps:  2614 | steps_t:     0 | t: 1.011250 | r:  -504.000000 | e:   1.000000 | Q:        nan | won: False 
#  296 | steps:  2624 | steps_t:     0 | t: 1.014250 | r:  -509.000000 | e:   1.000000 | Q:        nan | won: False 
#  297 | steps:  2635 | steps_t:     0 | t: 1.019257 | r:  -510.000000 | e:   1.000000 | Q:        nan | won: False 
#  298 | steps:  2644 | steps_t:     0 | t: 1.024221 | r:  -508.000000 | e:   1.000000 | Q:        nan | won: False 
#  299 | steps:  2650 | steps_t:     0 | t: 1.026249 | r:  -505.000000 | e:   1.000000 | Q:        nan | won: False 
#  300 | steps:  2661 | steps_t:     0 | t: 1.030253 | r:  -510.000000 | e:   1.000000 | Q:        nan | won: False 
#  301 | steps:  2668 | steps_t:     0 | t: 1.033225 | r:  -506.000000 | e:   1.000000 | Q:        nan | won: False 
#  302 | steps:  2680 | steps_t:     0 | t: 1.039231 | r:  -511.000000 | e:   1.000000 | Q:        nan | won: False 
#  303 | steps:  2690 | steps_t:     0 | t: 1.042224 | r:  -509.000000 | e:   1.000000 | Q:        nan | won: False 
#  304 | steps:  2696 | steps_t:     0 | t: 1.045224 | r:  -505.000000 | e:   1.000000 | Q:        nan | won: False 
#  305 | steps:  2703 | steps_t:     0 | t: 1.047224 | r:  -506.000000 | e:   1.000000 | Q:        nan | won: False 
#  306 | steps:  2720 | steps_t:     0 | t: 1.054222 | r:  -505.000000 | e:   1.000000 | Q:        nan | won: False 
#  307 | steps:  2731 | steps_t:     0 | t: 1.058225 | r:  -510.000000 | e:   1.000000 | Q:        nan | won: False 
#  308 | steps:  2740 | steps_t:     0 | t: 1.061257 | r:  -508.000000 | e:   1.000000 | Q:        nan | won: False 
#  309 | steps:  2746 | steps_t:     0 | t: 1.063256 | r:  -505.000000 | e:   1.000000 | Q:        nan | won: False 
#  310 | steps:  2755 | steps_t:     0 | t: 1.067225 | r:  -508.000000 | e:   1.000000 | Q:        nan | won: False 
#  311 | steps:  2763 | steps_t:     0 | t: 1.071224 | r:  -507.000000 | e:   1.000000 | Q:        nan | won: False 
#  312 | steps:  2770 | steps_t:     0 | t: 1.074221 | r:  -506.000000 | e:   1.000000 | Q:        nan | won: False 
#  313 | steps:  2783 | steps_t:     0 | t: 1.078222 | r:  -512.000000 | e:   1.000000 | Q:        nan | won: False 
#  314 | steps:  2790 | steps_t:     0 | t: 1.081221 | r:  -506.000000 | e:   1.000000 | Q:        nan | won: False 
#  315 | steps:  2798 | steps_t:     0 | t: 1.084220 | r:  -507.000000 | e:   1.000000 | Q:        nan | won: False 
#  316 | steps:  2825 | steps_t:     0 | t: 1.092684 | r:  -526.000000 | e:   1.000000 | Q:        nan | won: False 
#  317 | steps:  2831 | steps_t:     0 | t: 1.095718 | r:  -505.000000 | e:   1.000000 | Q:        nan | won: False 
#  318 | steps:  2841 | steps_t:     0 | t: 1.098717 | r:  -509.000000 | e:   1.000000 | Q:        nan | won: False 
#  319 | steps:  2848 | steps_t:     0 | t: 1.101720 | r:  -506.000000 | e:   1.000000 | Q:        nan | won: False 
#  320 | steps:  2854 | steps_t:     0 | t: 1.104207 | r:  -505.000000 | e:   1.000000 | Q:        nan | won: False 
#  321 | steps:  2863 | steps_t:     0 | t: 1.107826 | r:  -508.000000 | e:   1.000000 | Q:        nan | won: False 
#  322 | steps:  2874 | steps_t:     0 | t: 1.111829 | r:  -510.000000 | e:   1.000000 | Q:        nan | won: False 
#  323 | steps:  2883 | steps_t:     0 | t: 1.116075 | r:  -508.000000 | e:   1.000000 | Q:        nan | won: False 
#  324 | steps:  2891 | steps_t:     0 | t: 1.119198 | r:  -507.000000 | e:   1.000000 | Q:        nan | won: False 
#  325 | steps:  2897 | steps_t:     0 | t: 1.122559 | r:  -505.000000 | e:   1.000000 | Q:        nan | won: False 
#  326 | steps:  2904 | steps_t:     0 | t: 1.124552 | r:  -506.000000 | e:   1.000000 | Q:        nan | won: False 
#  327 | steps:  2914 | steps_t:     0 | t: 1.128549 | r:  -509.000000 | e:   1.000000 | Q:        nan | won: False 
#  328 | steps:  2930 | steps_t:     0 | t: 1.134551 | r:  -515.000000 | e:   1.000000 | Q:        nan | won: False 
#  329 | steps:  2938 | steps_t:     0 | t: 1.137516 | r:  -507.000000 | e:   1.000000 | Q:        nan | won: False 
#  330 | steps:  2944 | steps_t:     0 | t: 1.139517 | r:  -505.000000 | e:   1.000000 | Q:        nan | won: False 
#  331 | steps:  2952 | steps_t:     0 | t: 1.142553 | r:  -507.000000 | e:   1.000000 | Q:        nan | won: False 
#  332 | steps:  2959 | steps_t:     0 | t: 1.145551 | r:  -506.000000 | e:   1.000000 | Q:        nan | won: False 
#  333 | steps:  2966 | steps_t:     0 | t: 1.147552 | r:  -506.000000 | e:   1.000000 | Q:        nan | won: False 
#  334 | steps:  2972 | steps_t:     0 | t: 1.149557 | r:  -505.000000 | e:   1.000000 | Q:        nan | won: False 
#  335 | steps:  2981 | steps_t:     0 | t: 1.153518 | r:  -508.000000 | e:   1.000000 | Q:        nan | won: False 
#  336 | steps:  2989 | steps_t:     0 | t: 1.156552 | r:  -507.000000 | e:   1.000000 | Q:        nan | won: False 
#  337 | steps:  3003 | steps_t:     0 | t: 1.161551 | r:  -513.000000 | e:   1.000000 | Q:        nan | won: False 
#  338 | steps:  3011 | steps_t:     0 | t: 1.164549 | r:  -507.000000 | e:   1.000000 | Q:        nan | won: False 
#  339 | steps:  3017 | steps_t:     0 | t: 1.166556 | r:  -505.000000 | e:   1.000000 | Q:        nan | won: False 
#  340 | steps:  3024 | steps_t:     0 | t: 1.170517 | r:  -506.000000 | e:   1.000000 | Q:        nan | won: False 
#  341 | steps:  3032 | steps_t:     0 | t: 1.173551 | r:  -507.000000 | e:   1.000000 | Q:        nan | won: False 
#  342 | steps:  3040 | steps_t:     0 | t: 1.177544 | r:  -507.000000 | e:   1.000000 | Q:        nan | won: False 
#  343 | steps:  3048 | steps_t:     0 | t: 1.180543 | r:  -507.000000 | e:   1.000000 | Q:        nan | won: False 
#  344 | steps:  3066 | steps_t:     0 | t: 1.187519 | r:  -517.000000 | e:   1.000000 | Q:        nan | won: False 
#  345 | steps:  3072 | steps_t:     0 | t: 1.190516 | r:  -505.000000 | e:   1.000000 | Q:        nan | won: False 
#  346 | steps:  3080 | steps_t:     0 | t: 1.193548 | r:  -507.000000 | e:   1.000000 | Q:        nan | won: False 
#  347 | steps:  3088 | steps_t:     0 | t: 1.196548 | r:  -507.000000 | e:   1.000000 | Q:        nan | won: False 
#  348 | steps:  3100 | steps_t:     0 | t: 1.200549 | r:  -511.000000 | e:   1.000000 | Q:        nan | won: False 
#  349 | steps:  3108 | steps_t:     0 | t: 1.204521 | r:  -507.000000 | e:   1.000000 | Q:        nan | won: False 
#  350 | steps:  3115 | steps_t:     0 | t: 1.207823 | r:  -506.000000 | e:   1.000000 | Q:        nan | won: False 
#  351 | steps:  3122 | steps_t:     0 | t: 1.209846 | r:  -506.000000 | e:   1.000000 | Q:        nan | won: False 
#  352 | steps:  3130 | steps_t:     0 | t: 1.212847 | r:  -507.000000 | e:   1.000000 | Q:        nan | won: False 
#  353 | steps:  3138 | steps_t:     0 | t: 1.215847 | r:  -507.000000 | e:   1.000000 | Q:        nan | won: False 
#  354 | steps:  3146 | steps_t:     0 | t: 1.218966 | r:  -507.000000 | e:   1.000000 | Q:        nan | won: False 
#  355 | steps:  3152 | steps_t:     0 | t: 1.222130 | r:  -505.000000 | e:   1.000000 | Q:        nan | won: False 
#  356 | steps:  3160 | steps_t:     0 | t: 1.225163 | r:  -507.000000 | e:   1.000000 | Q:        nan | won: False 
#  357 | steps:  3170 | steps_t:     0 | t: 1.228167 | r:  -509.000000 | e:   1.000000 | Q:        nan | won: False 
#  358 | steps:  3180 | steps_t:     0 | t: 1.232163 | r:  -509.000000 | e:   1.000000 | Q:        nan | won: False 
#  359 | steps:  3186 | steps_t:     0 | t: 1.234200 | r:  -505.000000 | e:   1.000000 | Q:        nan | won: False 
#  360 | steps:  3194 | steps_t:     0 | t: 1.235224 | r:  -507.000000 | e:   1.000000 | Q:        nan | won: False 
#  361 | steps:  3203 | steps_t:     0 | t: 1.241947 | r:  -508.000000 | e:   1.000000 | Q:        nan | won: False 
#  362 | steps:  3211 | steps_t:     0 | t: 1.243943 | r:  -507.000000 | e:   1.000000 | Q:        nan | won: False 
#  363 | steps:  3220 | steps_t:     0 | t: 1.247947 | r:  -508.000000 | e:   1.000000 | Q:        nan | won: False 
#  364 | steps:  3229 | steps_t:     0 | t: 1.250958 | r:  -508.000000 | e:   1.000000 | Q:        nan | won: False 
#  365 | steps:  3252 | steps_t:     0 | t: 1.259458 | r:  -522.000000 | e:   1.000000 | Q:        nan | won: False 
#  366 | steps:  3258 | steps_t:     0 | t: 1.262429 | r:  -505.000000 | e:   1.000000 | Q:        nan | won: False 
#  367 | steps:  3264 | steps_t:     0 | t: 1.264428 | r:  -505.000000 | e:   1.000000 | Q:        nan | won: False 
#  368 | steps:  3272 | steps_t:     0 | t: 1.267007 | r:  -507.000000 | e:   1.000000 | Q:        nan | won: False 
#  369 | steps:  3279 | steps_t:     0 | t: 1.269970 | r:  -506.000000 | e:   1.000000 | Q:        nan | won: False 
#  370 | steps:  3284 | steps_t:     0 | t: 1.272971 | r:  -504.000000 | e:   1.000000 | Q:        nan | won: False 
#  371 | steps:  3299 | steps_t:     0 | t: 1.278006 | r:  -503.000000 | e:   1.000000 | Q:        nan | won: False 
#  372 | steps:  3306 | steps_t:     0 | t: 1.280005 | r:  -506.000000 | e:   1.000000 | Q:        nan | won: False 
#  373 | steps:  3316 | steps_t:     0 | t: 1.284010 | r:  -509.000000 | e:   1.000000 | Q:        nan | won: False 
#  374 | steps:  3322 | steps_t:     0 | t: 1.287829 | r:  -505.000000 | e:   1.000000 | Q:        nan | won: False 
#  375 | steps:  3338 | steps_t:     0 | t: 1.293826 | r:  -515.000000 | e:   1.000000 | Q:        nan | won: False 
#  376 | steps:  3351 | steps_t:     0 | t: 1.297858 | r:  -512.000000 | e:   1.000000 | Q:        nan | won: False 
#  377 | steps:  3361 | steps_t:     0 | t: 1.301862 | r:  -509.000000 | e:   1.000000 | Q:        nan | won: False 
#  378 | steps:  3367 | steps_t:     0 | t: 1.304361 | r:  -505.000000 | e:   1.000000 | Q:        nan | won: False 
#  379 | steps:  3373 | steps_t:     0 | t: 1.306937 | r:  -505.000000 | e:   1.000000 | Q:        nan | won: False 
#  380 | steps:  3381 | steps_t:     0 | t: 1.309980 | r:  -507.000000 | e:   1.000000 | Q:        nan | won: False 
#  381 | steps:  3388 | steps_t:     0 | t: 1.312976 | r:  -506.000000 | e:   1.000000 | Q:        nan | won: False 
#  382 | steps:  3397 | steps_t:     0 | t: 1.315979 | r:  -508.000000 | e:   1.000000 | Q:        nan | won: False 
#  383 | steps:  3410 | steps_t:     0 | t: 1.321249 | r:  -512.000000 | e:   1.000000 | Q:        nan | won: False 
#  384 | steps:  3417 | steps_t:     0 | t: 1.324240 | r:  -506.000000 | e:   1.000000 | Q:        nan | won: False 
#  385 | steps:  3429 | steps_t:     0 | t: 1.328241 | r:  -511.000000 | e:   1.000000 | Q:        nan | won: False 
#  386 | steps:  3436 | steps_t:     0 | t: 1.331240 | r:  -506.000000 | e:   1.000000 | Q:        nan | won: False 
#  387 | steps:  3445 | steps_t:     0 | t: 1.334250 | r:  -508.000000 | e:   1.000000 | Q:        nan | won: False 
#  388 | steps:  3452 | steps_t:     0 | t: 1.337254 | r:  -506.000000 | e:   1.000000 | Q:        nan | won: False 
#  389 | steps:  3460 | steps_t:     0 | t: 1.341240 | r:  -507.000000 | e:   1.000000 | Q:        nan | won: False 
#  390 | steps:  3470 | steps_t:     0 | t: 1.344241 | r:  -509.000000 | e:   1.000000 | Q:        nan | won: False 
#  391 | steps:  3484 | steps_t:     0 | t: 1.349244 | r:  -513.000000 | e:   1.000000 | Q:        nan | won: False 
#  392 | steps:  3491 | steps_t:     0 | t: 1.352246 | r:  -506.000000 | e:   1.000000 | Q:        nan | won: False 
#  393 | steps:  3496 | steps_t:     0 | t: 1.355249 | r:  -504.000000 | e:   1.000000 | Q:        nan | won: False 
#  394 | steps:  3505 | steps_t:     0 | t: 1.358240 | r:  -508.000000 | e:   1.000000 | Q:        nan | won: False 
#  395 | steps:  3511 | steps_t:     0 | t: 1.361214 | r:  -505.000000 | e:   1.000000 | Q:        nan | won: False 
#  396 | steps:  3518 | steps_t:     0 | t: 1.363241 | r:  -506.000000 | e:   1.000000 | Q:        nan | won: False 
#  397 | steps:  3526 | steps_t:     0 | t: 1.366241 | r:  -507.000000 | e:   1.000000 | Q:        nan | won: False 
#  398 | steps:  3538 | steps_t:     0 | t: 1.370842 | r:  -511.000000 | e:   1.000000 | Q:        nan | won: False 
#  399 | steps:  3544 | steps_t:     0 | t: 1.373867 | r:  -505.000000 | e:   1.000000 | Q:        nan | won: False 
#  400 | steps:  3555 | steps_t:     0 | t: 1.377867 | r:  -510.000000 | e:   1.000000 | Q:        nan | won: False 
#  401 | steps:  3563 | steps_t:     0 | t: 1.380866 | r:  -507.000000 | e:   1.000000 | Q:        nan | won: False 
#  402 | steps:  3572 | steps_t:     0 | t: 1.383873 | r:  -508.000000 | e:   1.000000 | Q:        nan | won: False 
#  403 | steps:  3581 | steps_t:     0 | t: 1.387800 | r:  -508.000000 | e:   1.000000 | Q:        nan | won: False 
#  404 | steps:  3589 | steps_t:     0 | t: 1.390787 | r:  -507.000000 | e:   1.000000 | Q:        nan | won: False 
#  405 | steps:  3600 | steps_t:     0 | t: 1.394814 | r:  -510.000000 | e:   1.000000 | Q:        nan | won: False 
#  406 | steps:  3609 | steps_t:     0 | t: 1.398181 | r:  -508.000000 | e:   1.000000 | Q:        nan | won: False 
#  407 | steps:  3616 | steps_t:     0 | t: 1.401145 | r:  -506.000000 | e:   1.000000 | Q:        nan | won: False 
#  408 | steps:  3624 | steps_t:     0 | t: 1.404147 | r:  -507.000000 | e:   1.000000 | Q:        nan | won: False 
#  409 | steps:  3633 | steps_t:     0 | t: 1.407654 | r:  -508.000000 | e:   1.000000 | Q:        nan | won: False 
#  410 | steps:  3643 | steps_t:     0 | t: 1.411655 | r:  -509.000000 | e:   1.000000 | Q:        nan | won: False 
#  411 | steps:  3658 | steps_t:     0 | t: 1.417683 | r:  -514.000000 | e:   1.000000 | Q:        nan | won: False 
#  412 | steps:  3664 | steps_t:     0 | t: 1.419864 | r:  -505.000000 | e:   1.000000 | Q:        nan | won: False 
#  413 | steps:  3672 | steps_t:     0 | t: 1.423908 | r:  -507.000000 | e:   1.000000 | Q:        nan | won: False 
#  414 | steps:  3679 | steps_t:     0 | t: 1.425915 | r:  -506.000000 | e:   1.000000 | Q:        nan | won: False 
#  415 | steps:  3688 | steps_t:     0 | t: 1.428906 | r:  -508.000000 | e:   1.000000 | Q:        nan | won: False 
#  416 | steps:  3694 | steps_t:     0 | t: 1.431905 | r:  -505.000000 | e:   1.000000 | Q:        nan | won: False 
#  417 | steps:  3706 | steps_t:     0 | t: 1.435057 | r:  -511.000000 | e:   1.000000 | Q:        nan | won: False 
#  418 | steps:  3712 | steps_t:     0 | t: 1.439050 | r:  -505.000000 | e:   1.000000 | Q:        nan | won: False 
#  419 | steps:  3728 | steps_t:     0 | t: 1.446046 | r:  -515.000000 | e:   1.000000 | Q:        nan | won: False 
#  420 | steps:  3734 | steps_t:     0 | t: 1.448082 | r:  -505.000000 | e:   1.000000 | Q:        nan | won: False 
#  421 | steps:  3741 | steps_t:     0 | t: 1.451046 | r:  -506.000000 | e:   1.000000 | Q:        nan | won: False 
#  422 | steps:  3746 | steps_t:     0 | t: 1.453175 | r:  -504.000000 | e:   1.000000 | Q:        nan | won: False 
#  423 | steps:  3755 | steps_t:     0 | t: 1.457218 | r:  -508.000000 | e:   1.000000 | Q:        nan | won: False 
#  424 | steps:  3762 | steps_t:     0 | t: 1.460211 | r:  -506.000000 | e:   1.000000 | Q:        nan | won: False 
#  425 | steps:  3768 | steps_t:     0 | t: 1.462181 | r:  -505.000000 | e:   1.000000 | Q:        nan | won: False 
#  426 | steps:  3776 | steps_t:     0 | t: 1.465181 | r:  -507.000000 | e:   1.000000 | Q:        nan | won: False 
#  427 | steps:  3785 | steps_t:     0 | t: 1.468181 | r:  -508.000000 | e:   1.000000 | Q:        nan | won: False 
#  428 | steps:  3793 | steps_t:     0 | t: 1.472183 | r:  -507.000000 | e:   1.000000 | Q:        nan | won: False 
#  429 | steps:  3800 | steps_t:     0 | t: 1.475182 | r:  -506.000000 | e:   1.000000 | Q:        nan | won: False 
#  430 | steps:  3808 | steps_t:     0 | t: 1.477224 | r:  -507.000000 | e:   1.000000 | Q:        nan | won: False 
#  431 | steps:  3816 | steps_t:     0 | t: 1.480218 | r:  -507.000000 | e:   1.000000 | Q:        nan | won: False 
#  432 | steps:  3822 | steps_t:     0 | t: 1.483216 | r:  -505.000000 | e:   1.000000 | Q:        nan | won: False 
#  433 | steps:  3827 | steps_t:     0 | t: 1.485210 | r:  -504.000000 | e:   1.000000 | Q:        nan | won: False 
#  434 | steps:  3833 | steps_t:     0 | t: 1.488186 | r:  -505.000000 | e:   1.000000 | Q:        nan | won: False 
#  435 | steps:  3840 | steps_t:     0 | t: 1.491217 | r:  -506.000000 | e:   1.000000 | Q:        nan | won: False 
#  436 | steps:  3850 | steps_t:     0 | t: 1.495256 | r:  -509.000000 | e:   1.000000 | Q:        nan | won: False 
#  437 | steps:  3858 | steps_t:     0 | t: 1.497256 | r:  -507.000000 | e:   1.000000 | Q:        nan | won: False 
#  438 | steps:  3864 | steps_t:     0 | t: 1.500257 | r:  -505.000000 | e:   1.000000 | Q:        nan | won: False 
#  439 | steps:  3873 | steps_t:     0 | t: 1.504234 | r:  -508.000000 | e:   1.000000 | Q:        nan | won: False 
#  440 | steps:  3884 | steps_t:     0 | t: 1.508815 | r:  -510.000000 | e:   1.000000 | Q:        nan | won: False 
#  441 | steps:  3891 | steps_t:     0 | t: 1.510814 | r:  -506.000000 | e:   1.000000 | Q:        nan | won: False 
#  442 | steps:  3898 | steps_t:     0 | t: 1.513813 | r:  -506.000000 | e:   1.000000 | Q:        nan | won: False 
#  443 | steps:  3908 | steps_t:     0 | t: 1.516812 | r:  -509.000000 | e:   1.000000 | Q:        nan | won: False 
#  444 | steps:  3915 | steps_t:     0 | t: 1.521181 | r:  -506.000000 | e:   1.000000 | Q:        nan | won: False 
#  445 | steps:  3921 | steps_t:     0 | t: 1.524200 | r:  -505.000000 | e:   1.000000 | Q:        nan | won: False 
#  446 | steps:  3927 | steps_t:     0 | t: 1.526200 | r:  -505.000000 | e:   1.000000 | Q:        nan | won: False 
#  447 | steps:  3938 | steps_t:     0 | t: 1.530203 | r:  -510.000000 | e:   1.000000 | Q:        nan | won: False 
#  448 | steps:  3946 | steps_t:     0 | t: 1.533200 | r:  -507.000000 | e:   1.000000 | Q:        nan | won: False 
#  449 | steps:  3954 | steps_t:     0 | t: 1.535354 | r:  -507.000000 | e:   1.000000 | Q:        nan | won: False 
#  450 | steps:  3963 | steps_t:     0 | t: 1.540953 | r:  -508.000000 | e:   1.000000 | Q:        nan | won: False 
#  451 | steps:  3971 | steps_t:     0 | t: 1.543951 | r:  -507.000000 | e:   1.000000 | Q:        nan | won: False 
#  452 | steps:  3982 | steps_t:     0 | t: 1.546954 | r:  -510.000000 | e:   1.000000 | Q:        nan | won: False 
#  453 | steps:  3991 | steps_t:     0 | t: 1.550951 | r:  -508.000000 | e:   1.000000 | Q:        nan | won: False 
#  454 | steps:  4002 | steps_t:     0 | t: 1.555519 | r:  -510.000000 | e:   1.000000 | Q:        nan | won: False 
#  455 | steps:  4010 | steps_t:     0 | t: 1.559513 | r:  -507.000000 | e:   1.000000 | Q:        nan | won: False 
#  456 | steps:  4016 | steps_t:     0 | t: 1.561512 | r:  -505.000000 | e:   1.000000 | Q:        nan | won: False 
#  457 | steps:  4024 | steps_t:     0 | t: 1.564512 | r:  -507.000000 | e:   1.000000 | Q:        nan | won: False 
#  458 | steps:  4034 | steps_t:     0 | t: 1.567513 | r:  -509.000000 | e:   1.000000 | Q:        nan | won: False 
#  459 | steps:  4042 | steps_t:     0 | t: 1.571513 | r:  -507.000000 | e:   1.000000 | Q:        nan | won: False 
#  460 | steps:  4048 | steps_t:     0 | t: 1.574541 | r:  -505.000000 | e:   1.000000 | Q:        nan | won: False 
#  461 | steps:  4058 | steps_t:     0 | t: 1.577513 | r:  -509.000000 | e:   1.000000 | Q:        nan | won: False 
#  462 | steps:  4065 | steps_t:     0 | t: 1.580513 | r:  -506.000000 | e:   1.000000 | Q:        nan | won: False 
#  463 | steps:  4077 | steps_t:     0 | t: 1.584513 | r:  -511.000000 | e:   1.000000 | Q:        nan | won: False 
#  464 | steps:  4087 | steps_t:     0 | t: 1.588517 | r:  -509.000000 | e:   1.000000 | Q:        nan | won: False 
#  465 | steps:  4097 | steps_t:     0 | t: 1.592517 | r:  -509.000000 | e:   1.000000 | Q:        nan | won: False 
#  466 | steps:  4104 | steps_t:     0 | t: 1.595517 | r:  -506.000000 | e:   1.000000 | Q:        nan | won: False 
#  467 | steps:  4113 | steps_t:     0 | t: 1.598516 | r:  -508.000000 | e:   1.000000 | Q:        nan | won: False 
#  468 | steps:  4120 | steps_t:     0 | t: 1.600517 | r:  -506.000000 | e:   1.000000 | Q:        nan | won: False 
#  469 | steps:  4126 | steps_t:     0 | t: 1.604518 | r:  -505.000000 | e:   1.000000 | Q:        nan | won: False 
#  470 | steps:  4135 | steps_t:     0 | t: 1.607064 | r:  -508.000000 | e:   1.000000 | Q:        nan | won: False 
#  471 | steps:  4146 | steps_t:     0 | t: 1.611104 | r:  -510.000000 | e:   1.000000 | Q:        nan | won: False 
#  472 | steps:  4157 | steps_t:     0 | t: 1.615105 | r:  -510.000000 | e:   1.000000 | Q:        nan | won: False 
#  473 | steps:  4164 | steps_t:     0 | t: 1.618107 | r:  -506.000000 | e:   1.000000 | Q:        nan | won: False 
#  474 | steps:  4173 | steps_t:     0 | t: 1.623542 | r:  -508.000000 | e:   1.000000 | Q:        nan | won: False 
#  475 | steps:  4181 | steps_t:     0 | t: 1.626546 | r:  -507.000000 | e:   1.000000 | Q:        nan | won: False 
#  476 | steps:  4187 | steps_t:     0 | t: 1.628536 | r:  -505.000000 | e:   1.000000 | Q:        nan | won: False 
#  477 | steps:  4196 | steps_t:     0 | t: 1.632536 | r:  -508.000000 | e:   1.000000 | Q:        nan | won: False 
#  478 | steps:  4203 | steps_t:     0 | t: 1.635607 | r:  -506.000000 | e:   1.000000 | Q:        nan | won: False 
#  479 | steps:  4209 | steps_t:     0 | t: 1.638732 | r:  -505.000000 | e:   1.000000 | Q:        nan | won: False 
#  480 | steps:  4217 | steps_t:     0 | t: 1.642726 | r:  -507.000000 | e:   1.000000 | Q:        nan | won: False 
#  481 | steps:  4237 | steps_t:     0 | t: 1.649751 | r:  -519.000000 | e:   1.000000 | Q:        nan | won: False 
#  482 | steps:  4244 | steps_t:     0 | t: 1.652736 | r:  -506.000000 | e:   1.000000 | Q:        nan | won: False 
#  483 | steps:  4252 | steps_t:     0 | t: 1.655755 | r:  -507.000000 | e:   1.000000 | Q:        nan | won: False 
#  484 | steps:  4261 | steps_t:     0 | t: 1.659760 | r:  -508.000000 | e:   1.000000 | Q:        nan | won: False 
#  485 | steps:  4271 | steps_t:     0 | t: 1.662757 | r:  -509.000000 | e:   1.000000 | Q:        nan | won: False 
#  486 | steps:  4277 | steps_t:     0 | t: 1.665757 | r:  -505.000000 | e:   1.000000 | Q:        nan | won: False 
#  487 | steps:  4286 | steps_t:     0 | t: 1.668767 | r:  -508.000000 | e:   1.000000 | Q:        nan | won: False 
#  488 | steps:  4293 | steps_t:     0 | t: 1.672761 | r:  -506.000000 | e:   1.000000 | Q:        nan | won: False 
#  489 | steps:  4301 | steps_t:     0 | t: 1.675759 | r:  -507.000000 | e:   1.000000 | Q:        nan | won: False 
#  490 | steps:  4307 | steps_t:     0 | t: 1.677758 | r:  -505.000000 | e:   1.000000 | Q:        nan | won: False 
#  491 | steps:  4315 | steps_t:     0 | t: 1.680761 | r:  -507.000000 | e:   1.000000 | Q:        nan | won: False 
#  492 | steps:  4321 | steps_t:     0 | t: 1.683758 | r:  -505.000000 | e:   1.000000 | Q:        nan | won: False 
#  493 | steps:  4330 | steps_t:     0 | t: 1.687831 | r:  -508.000000 | e:   1.000000 | Q:        nan | won: False 
#  494 | steps:  4336 | steps_t:     0 | t: 1.689857 | r:  -505.000000 | e:   1.000000 | Q:        nan | won: False 
#  495 | steps:  4342 | steps_t:     0 | t: 1.692893 | r:  -505.000000 | e:   1.000000 | Q:        nan | won: False 
#  496 | steps:  4350 | steps_t:     0 | t: 1.695887 | r:  -507.000000 | e:   1.000000 | Q:        nan | won: False 
#  497 | steps:  4359 | steps_t:     0 | t: 1.698894 | r:  -508.000000 | e:   1.000000 | Q:        nan | won: False 
#  498 | steps:  4371 | steps_t:     0 | t: 1.703220 | r:  -511.000000 | e:   1.000000 | Q:        nan | won: False 
#  499 | steps:  4376 | steps_t:     0 | t: 1.705266 | r:  -504.000000 | e:   1.000000 | Q:        nan | won: False 
#  500 | steps:  4383 | steps_t:     0 | t: 1.708852 | r:  -506.000000 | e:   1.000000 | Q:        nan | won: False 
#  501 | steps:  4408 | steps_t:     0 | t: 1.716815 | r:  -524.000000 | e:   1.000000 | Q:        nan | won: False 
#  502 | steps:  4414 | steps_t:     0 | t: 1.718962 | r:  -505.000000 | e:   1.000000 | Q:        nan | won: False 
#  503 | steps:  4419 | steps_t:     0 | t: 1.722111 | r:  -504.000000 | e:   1.000000 | Q:        nan | won: False 
#  504 | steps:  4428 | steps_t:     0 | t: 1.725142 | r:  -508.000000 | e:   1.000000 | Q:        nan | won: False 
#  505 | steps:  4435 | steps_t:     0 | t: 1.729147 | r:  -506.000000 | e:   1.000000 | Q:        nan | won: False 
#  506 | steps:  4448 | steps_t:     0 | t: 1.734109 | r:  -512.000000 | e:   1.000000 | Q:        nan | won: False 
#  507 | steps:  4454 | steps_t:     0 | t: 1.737116 | r:  -505.000000 | e:   1.000000 | Q:        nan | won: False 
#  508 | steps:  4461 | steps_t:     0 | t: 1.740109 | r:  -506.000000 | e:   1.000000 | Q:        nan | won: False 
#  509 | steps:  4471 | steps_t:     0 | t: 1.745109 | r:  -509.000000 | e:   1.000000 | Q:        nan | won: False 
#  510 | steps:  4481 | steps_t:     0 | t: 1.749109 | r:  -509.000000 | e:   1.000000 | Q:        nan | won: False 
#  511 | steps:  4488 | steps_t:     0 | t: 1.751135 | r:  -506.000000 | e:   1.000000 | Q:        nan | won: False 
#  512 | steps:  4494 | steps_t:     0 | t: 1.754109 | r:  -505.000000 | e:   1.000000 | Q:        nan | won: False 
#  513 | steps:  4506 | steps_t:     0 | t: 1.759107 | r:  -511.000000 | e:   1.000000 | Q:        nan | won: False 
#  514 | steps:  4512 | steps_t:     0 | t: 1.762108 | r:  -505.000000 | e:   1.000000 | Q:        nan | won: False 
#  515 | steps:  4519 | steps_t:     0 | t: 1.764107 | r:  -506.000000 | e:   1.000000 | Q:        nan | won: False 
#  516 | steps:  4531 | steps_t:     0 | t: 1.768134 | r:  -511.000000 | e:   1.000000 | Q:        nan | won: False 
#  517 | steps:  4538 | steps_t:     0 | t: 1.772109 | r:  -506.000000 | e:   1.000000 | Q:        nan | won: False 
#  518 | steps:  4546 | steps_t:     0 | t: 1.776109 | r:  -507.000000 | e:   1.000000 | Q:        nan | won: False 
#  519 | steps:  4563 | steps_t:     0 | t: 1.781106 | r:  -516.000000 | e:   1.000000 | Q:        nan | won: False 
#  520 | steps:  4575 | steps_t:     0 | t: 1.785251 | r:  -511.000000 | e:   1.000000 | Q:        nan | won: False 
#  521 | steps:  4585 | steps_t:     0 | t: 1.790856 | r:  -509.000000 | e:   1.000000 | Q:        nan | won: False 
#  522 | steps:  4594 | steps_t:     0 | t: 1.793932 | r:  -508.000000 | e:   1.000000 | Q:        nan | won: False 
#  523 | steps:  4602 | steps_t:     0 | t: 1.796931 | r:  -507.000000 | e:   1.000000 | Q:        nan | won: False 
#  524 | steps:  4612 | steps_t:     0 | t: 1.800895 | r:  -509.000000 | e:   1.000000 | Q:        nan | won: False 
#  525 | steps:  4622 | steps_t:     0 | t: 1.805533 | r:  -509.000000 | e:   1.000000 | Q:        nan | won: False 
#  526 | steps:  4634 | steps_t:     0 | t: 1.810117 | r:  -511.000000 | e:   1.000000 | Q:        nan | won: False 
#  527 | steps:  4642 | steps_t:     0 | t: 1.813117 | r:  -507.000000 | e:   1.000000 | Q:        nan | won: False 
#  528 | steps:  4654 | steps_t:     0 | t: 1.817117 | r:  -511.000000 | e:   1.000000 | Q:        nan | won: False 
#  529 | steps:  4667 | steps_t:     0 | t: 1.823153 | r:  -512.000000 | e:   1.000000 | Q:        nan | won: False 
#  530 | steps:  4674 | steps_t:     0 | t: 1.825152 | r:  -506.000000 | e:   1.000000 | Q:        nan | won: False 
#  531 | steps:  4689 | steps_t:     0 | t: 1.831152 | r:  -514.000000 | e:   1.000000 | Q:        nan | won: False 
#  532 | steps:  4699 | steps_t:     0 | t: 1.834170 | r:  -509.000000 | e:   1.000000 | Q:        nan | won: False 
#  533 | steps:  4708 | steps_t:     0 | t: 1.840152 | r:  -508.000000 | e:   1.000000 | Q:        nan | won: False 
#  534 | steps:  4719 | steps_t:     0 | t: 1.844152 | r:  -510.000000 | e:   1.000000 | Q:        nan | won: False 
#  535 | steps:  4728 | steps_t:     0 | t: 1.847152 | r:  -508.000000 | e:   1.000000 | Q:        nan | won: False 
#  536 | steps:  4735 | steps_t:     0 | t: 1.850152 | r:  -506.000000 | e:   1.000000 | Q:        nan | won: False 
#  537 | steps:  4741 | steps_t:     0 | t: 1.852152 | r:  -505.000000 | e:   1.000000 | Q:        nan | won: False 
#  538 | steps:  4747 | steps_t:     0 | t: 1.856153 | r:  -505.000000 | e:   1.000000 | Q:        nan | won: False 
#  539 | steps:  4753 | steps_t:     0 | t: 1.918851 | r:  -505.000000 | e:   1.000000 | Q:        nan | won: False 
#  540 | steps:  4761 | steps_t:     0 | t: 1.923008 | r:  -507.000000 | e:   1.000000 | Q:        nan | won: False 
#  541 | steps:  4767 | steps_t:     0 | t: 1.926158 | r:  -505.000000 | e:   1.000000 | Q:        nan | won: False 
#  542 | steps:  4775 | steps_t:     0 | t: 1.930175 | r:  -507.000000 | e:   1.000000 | Q:        nan | won: False 
#  543 | steps:  4797 | steps_t:     0 | t: 1.939663 | r:  -521.000000 | e:   1.000000 | Q:        nan | won: False 
#  544 | steps:  4804 | steps_t:     0 | t: 1.942646 | r:  -506.000000 | e:   1.000000 | Q:        nan | won: False 
#  545 | steps:  4815 | steps_t:     0 | t: 1.947039 | r:  -510.000000 | e:   1.000000 | Q:        nan | won: False 
#  546 | steps:  4821 | steps_t:     0 | t: 1.949449 | r:  -505.000000 | e:   1.000000 | Q:        nan | won: False 
#  547 | steps:  4831 | steps_t:     0 | t: 1.953461 | r:  -509.000000 | e:   1.000000 | Q:        nan | won: False 
#  548 | steps:  4839 | steps_t:     0 | t: 1.956462 | r:  -507.000000 | e:   1.000000 | Q:        nan | won: False 
#  549 | steps:  4844 | steps_t:     0 | t: 1.958457 | r:  -504.000000 | e:   1.000000 | Q:        nan | won: False 
#  550 | steps:  4850 | steps_t:     0 | t: 1.961461 | r:  -505.000000 | e:   1.000000 | Q:        nan | won: False 
#  551 | steps:  4858 | steps_t:     0 | t: 1.964493 | r:  -507.000000 | e:   1.000000 | Q:        nan | won: False 
#  552 | steps:  4868 | steps_t:     0 | t: 1.967492 | r:  -509.000000 | e:   1.000000 | Q:        nan | won: False 
#  553 | steps:  4877 | steps_t:     0 | t: 1.971673 | r:  -508.000000 | e:   1.000000 | Q:        nan | won: False 
#  554 | steps:  4884 | steps_t:     0 | t: 1.974705 | r:  -506.000000 | e:   1.000000 | Q:        nan | won: False 
#  555 | steps:  4893 | steps_t:     0 | t: 1.978602 | r:  -508.000000 | e:   1.000000 | Q:        nan | won: False 
#  556 | steps:  4901 | steps_t:     0 | t: 1.981645 | r:  -507.000000 | e:   1.000000 | Q:        nan | won: False 
#  557 | steps:  4908 | steps_t:     0 | t: 1.984612 | r:  -506.000000 | e:   1.000000 | Q:        nan | won: False 
#  558 | steps:  4926 | steps_t:     0 | t: 1.990648 | r:  -517.000000 | e:   1.000000 | Q:        nan | won: False 
#  559 | steps:  4936 | steps_t:     0 | t: 1.994690 | r:  -509.000000 | e:   1.000000 | Q:        nan | won: False 
#  560 | steps:  4945 | steps_t:     0 | t: 1.997692 | r:  -508.000000 | e:   1.000000 | Q:        nan | won: False 
#  561 | steps:  4955 | steps_t:     0 | t: 2.001814 | r:  -509.000000 | e:   1.000000 | Q:        nan | won: False 
#  562 | steps:  4969 | steps_t:     0 | t: 2.008352 | r:  -513.000000 | e:   1.000000 | Q:        nan | won: False 
#  563 | steps:  4975 | steps_t:     0 | t: 2.011508 | r:  -505.000000 | e:   1.000000 | Q:        nan | won: False 
#  564 | steps:  4998 | steps_t:     0 | t: 2.018528 | r:  -522.000000 | e:   1.000000 | Q:        nan | won: False 
#  565 | steps:  5005 | steps_t:     3 | t: 2.146577 | r:  -506.000000 | e:   0.999700 | Q:        nan | won: False 
#  566 | steps:  5011 | steps_t:     8 | t: 2.181684 | r:  -505.000000 | e:   0.999200 | Q:        nan | won: False 
#  567 | steps:  5019 | steps_t:    15 | t: 2.233642 | r:  -507.000000 | e:   0.998500 | Q:        nan | won: False 
#  568 | steps:  5030 | steps_t:    25 | t: 2.303757 | r:  -510.000000 | e:   0.997500 | Q:        nan | won: False 
#  569 | steps:  5035 | steps_t:    29 | t: 2.332663 | r:  -504.000000 | e:   0.997100 | Q:        nan | won: False 
#  570 | steps:  5042 | steps_t:    35 | t: 2.376621 | r:  -506.000000 | e:   0.996500 | Q:        nan | won: False 
#  571 | steps:  5049 | steps_t:    41 | t: 2.421746 | r:  -506.000000 | e:   0.995900 | Q:        nan | won: False 
#  572 | steps:  5057 | steps_t:    48 | t: 2.473638 | r:  -507.000000 | e:   0.995200 | Q:        nan | won: False 
#  573 | steps:  5071 | steps_t:    61 | t: 2.571316 | r:  -513.000000 | e:   0.993900 | Q:        nan | won: False 
#  574 | steps:  5078 | steps_t:    67 | t: 2.617850 | r:  -506.000000 | e:   0.993300 | Q:        nan | won: False 
#  575 | steps:  5089 | steps_t:    77 | t: 2.693630 | r:  -510.000000 | e:   0.992300 | Q:        nan | won: False 
#  576 | steps:  5094 | steps_t:    81 | t: 2.723110 | r:  -504.000000 | e:   0.991900 | Q:        nan | won: False 
#  577 | steps:  5101 | steps_t:    87 | t: 2.764646 | r:  -506.000000 | e:   0.991300 | Q:        nan | won: False 
#  578 | steps:  5112 | steps_t:    97 | t: 2.839589 | r:  -510.000000 | e:   0.990300 | Q:        nan | won: False 
#  579 | steps:  5123 | steps_t:   107 | t: 2.905038 | r:  -510.000000 | e:   0.989300 | Q:        nan | won: False 
#  580 | steps:  5132 | steps_t:   115 | t: 2.954630 | r:  -508.000000 | e:   0.988500 | Q:        nan | won: False 
#  581 | steps:  5140 | steps_t:   122 | t: 2.996668 | r:  -507.000000 | e:   0.987800 | Q:        nan | won: False 
#  582 | steps:  5158 | steps_t:   139 | t: 3.101712 | r:  -517.000000 | e:   0.986100 | Q:        nan | won: False 
#  583 | steps:  5164 | steps_t:   144 | t: 3.134324 | r:  -505.000000 | e:   0.985600 | Q:        nan | won: False 
#  584 | steps:  5181 | steps_t:   160 | t: 3.240635 | r:  -516.000000 | e:   0.984000 | Q: -307.525269 | won: False 
#  585 | steps:  5186 | steps_t:   164 | t: 3.267637 | r:  -504.000000 | e:   0.983600 | Q:        nan | won: False 
#  586 | steps:  5193 | steps_t:   170 | t: 3.321662 | r:  -506.000000 | e:   0.983000 | Q:        nan | won: False 
#  587 | steps:  5201 | steps_t:   177 | t: 3.374103 | r:  -507.000000 | e:   0.982300 | Q:        nan | won: False 
#  588 | steps:  5207 | steps_t:   182 | t: 3.413981 | r:  -505.000000 | e:   0.981800 | Q:        nan | won: False 
#  589 | steps:  5213 | steps_t:   187 | t: 3.459377 | r:  -505.000000 | e:   0.981300 | Q:        nan | won: False 
#  590 | steps:  5221 | steps_t:   194 | t: 3.592151 | r:  -507.000000 | e:   0.980600 | Q:        nan | won: False 
#  591 | steps:  5230 | steps_t:   202 | t: 3.661684 | r:  -508.000000 | e:   0.979800 | Q:        nan | won: False 
#  592 | steps:  5238 | steps_t:   209 | t: 3.722217 | r:  -507.000000 | e:   0.979100 | Q:        nan | won: False 
#  593 | steps:  5250 | steps_t:   220 | t: 3.812745 | r:  -511.000000 | e:   0.978000 | Q: -286.659332 | won: False 
#  594 | steps:  5274 | steps_t:   243 | t: 3.985170 | r:  -523.000000 | e:   0.975700 | Q:        nan | won: False 
#  595 | steps:  5282 | steps_t:   250 | t: 4.037727 | r:  -507.000000 | e:   0.975000 | Q:        nan | won: False 
#  596 | steps:  5288 | steps_t:   255 | t: 4.076435 | r:  -505.000000 | e:   0.974500 | Q:        nan | won: False 
#  597 | steps:  5295 | steps_t:   261 | t: 4.121964 | r:  -506.000000 | e:   0.973900 | Q:        nan | won: False 
#  598 | steps:  5307 | steps_t:   272 | t: 4.207319 | r:  -511.000000 | e:   0.972800 | Q: -328.447815 | won: False 
#  599 | steps:  5317 | steps_t:   281 | t: 4.275934 | r:  -509.000000 | e:   0.971900 | Q: -305.711517 | won: False 
#  600 | steps:  5325 | steps_t:   288 | t: 4.326259 | r:  -507.000000 | e:   0.971200 | Q:        nan | won: False 
#  601 | steps:  5332 | steps_t:   294 | t: 4.369258 | r:  -506.000000 | e:   0.970600 | Q:        nan | won: False 
#  602 | steps:  5340 | steps_t:   301 | t: 4.421263 | r:  -507.000000 | e:   0.969900 | Q:        nan | won: False 
#  603 | steps:  5346 | steps_t:   306 | t: 4.458453 | r:  -505.000000 | e:   0.969400 | Q:        nan | won: False 
#  604 | steps:  5358 | steps_t:   317 | t: 4.535192 | r:  -511.000000 | e:   0.968300 | Q:        nan | won: False 
#  605 | steps:  5366 | steps_t:   324 | t: 4.582458 | r:  -507.000000 | e:   0.967600 | Q:        nan | won: False 
#  606 | steps:  5375 | steps_t:   332 | t: 4.638741 | r:  -508.000000 | e:   0.966800 | Q:        nan | won: False 
#  607 | steps:  5381 | steps_t:   337 | t: 4.673789 | r:  -505.000000 | e:   0.966300 | Q:        nan | won: False 
#  608 | steps:  5389 | steps_t:   344 | t: 4.722312 | r:  -507.000000 | e:   0.965600 | Q:        nan | won: False 
#  609 | steps:  5394 | steps_t:   348 | t: 4.749310 | r:  -504.000000 | e:   0.965200 | Q:        nan | won: False 
#  610 | steps:  5403 | steps_t:   356 | t: 4.805702 | r:  -508.000000 | e:   0.964400 | Q:        nan | won: False 
#  611 | steps:  5413 | steps_t:   365 | t: 4.872214 | r:  -509.000000 | e:   0.963500 | Q:        nan | won: False 
#  612 | steps:  5426 | steps_t:   377 | t: 4.957284 | r:  -512.000000 | e:   0.962300 | Q: -326.668213 | won: False 
#  613 | steps:  5434 | steps_t:   384 | t: 5.008412 | r:  -507.000000 | e:   0.961600 | Q:        nan | won: False 
#  614 | steps:  5441 | steps_t:   390 | t: 5.049956 | r:  -506.000000 | e:   0.961000 | Q:        nan | won: False 
#  615 | steps:  5451 | steps_t:   399 | t: 5.115782 | r:  -509.000000 | e:   0.960100 | Q: -336.896118 | won: False 
#  616 | steps:  5459 | steps_t:   406 | t: 5.165638 | r:  -507.000000 | e:   0.959400 | Q: -325.191193 | won: False 
#  617 | steps:  5466 | steps_t:   412 | t: 5.214031 | r:  -506.000000 | e:   0.958800 | Q:        nan | won: False 
#  618 | steps:  5480 | steps_t:   425 | t: 5.306676 | r:  -513.000000 | e:   0.957500 | Q: -276.477539 | won: False 
#  619 | steps:  5488 | steps_t:   432 | t: 5.351817 | r:  -507.000000 | e:   0.956800 | Q:        nan | won: False 
#  620 | steps:  5497 | steps_t:   440 | t: 5.410350 | r:  -508.000000 | e:   0.956000 | Q:        nan | won: False 
#  621 | steps:  5505 | steps_t:   447 | t: 5.462368 | r:  -507.000000 | e:   0.955300 | Q: -291.911377 | won: False 
#  622 | steps:  5519 | steps_t:   460 | t: 5.553661 | r:  -513.000000 | e:   0.954000 | Q:        nan | won: False 
#  623 | steps:  5529 | steps_t:   469 | t: 5.618117 | r:  -509.000000 | e:   0.953100 | Q: -315.991913 | won: False 
#  624 | steps:  5536 | steps_t:   475 | t: 5.661633 | r:  -506.000000 | e:   0.952500 | Q:        nan | won: False 
#  625 | steps:  5543 | steps_t:   481 | t: 5.705770 | r:  -506.000000 | e:   0.951900 | Q:        nan | won: False 
#  626 | steps:  5550 | steps_t:   487 | t: 5.747904 | r:  -506.000000 | e:   0.951300 | Q:        nan | won: False 
#  627 | steps:  5557 | steps_t:   493 | t: 5.792907 | r:  -506.000000 | e:   0.950700 | Q: -327.126099 | won: False 
#  628 | steps:  5563 | steps_t:   498 | t: 5.830999 | r:  -505.000000 | e:   0.950200 | Q:        nan | won: False 
#  629 | steps:  5573 | steps_t:   507 | t: 5.896753 | r:  -509.000000 | e:   0.949300 | Q: -287.721100 | won: False 
#  630 | steps:  5581 | steps_t:   514 | t: 5.947141 | r:  -507.000000 | e:   0.948600 | Q:        nan | won: False 
#  631 | steps:  5591 | steps_t:   523 | t: 6.012832 | r:  -509.000000 | e:   0.947700 | Q: -276.307617 | won: False 
#  632 | steps:  5599 | steps_t:   530 | t: 6.062841 | r:  -507.000000 | e:   0.947000 | Q:        nan | won: False 
#  633 | steps:  5610 | steps_t:   540 | t: 6.133226 | r:  -510.000000 | e:   0.946000 | Q: -274.562286 | won: False 
#  634 | steps:  5618 | steps_t:   547 | t: 6.182657 | r:  -507.000000 | e:   0.945300 | Q:        nan | won: False 
#  635 | steps:  5632 | steps_t:   560 | t: 6.273299 | r:  -513.000000 | e:   0.944000 | Q:        nan | won: False 
#  636 | steps:  5663 | steps_t:   590 | t: 6.476970 | r:  -519.000000 | e:   0.941000 | Q: -314.034515 | won: False 
#  637 | steps:  5669 | steps_t:   595 | t: 6.512985 | r:  -505.000000 | e:   0.940500 | Q:        nan | won: False 
#  638 | steps:  5679 | steps_t:   604 | t: 6.580017 | r:  -509.000000 | e:   0.939600 | Q:        nan | won: False 
#  639 | steps:  5689 | steps_t:   613 | t: 6.769766 | r:  -509.000000 | e:   0.938700 | Q: -330.911652 | won: False 
#  640 | steps:  5695 | steps_t:   618 | t: 6.875751 | r:  -505.000000 | e:   0.938200 | Q:        nan | won: False 
#  641 | steps:  5704 | steps_t:   626 | t: 7.155349 | r:  -508.000000 | e:   0.937400 | Q:        nan | won: False 
#  642 | steps:  5710 | steps_t:   631 | t: 7.260948 | r:  -505.000000 | e:   0.936900 | Q:        nan | won: False 
#  643 | steps:  5719 | steps_t:   639 | t: 7.404917 | r:  -508.000000 | e:   0.936100 | Q:        nan | won: False 
#  644 | steps:  5737 | steps_t:   656 | t: 7.552946 | r:  -517.000000 | e:   0.934400 | Q:        nan | won: False 
#  645 | steps:  5760 | steps_t:   678 | t: 7.729669 | r:  -522.000000 | e:   0.932200 | Q: -271.791931 | won: False 
#  646 | steps:  5768 | steps_t:   685 | t: 7.778667 | r:  -507.000000 | e:   0.931500 | Q:        nan | won: False 
#  647 | steps:  5774 | steps_t:   690 | t: 7.814674 | r:  -505.000000 | e:   0.931000 | Q:        nan | won: False 
#  648 | steps:  5783 | steps_t:   698 | t: 7.869192 | r:  -508.000000 | e:   0.930200 | Q:        nan | won: False 
#  649 | steps:  5792 | steps_t:   706 | t: 7.924719 | r:  -508.000000 | e:   0.929400 | Q: -321.592865 | won: False 
#  650 | steps:  5801 | steps_t:   714 | t: 7.979715 | r:  -508.000000 | e:   0.928600 | Q:        nan | won: False 
#  651 | steps:  5822 | steps_t:   734 | t: 8.117774 | r:  -509.000000 | e:   0.926600 | Q: -306.509003 | won: False 
#  652 | steps:  5827 | steps_t:   738 | t: 8.146774 | r:  -504.000000 | e:   0.926200 | Q:        nan | won: False 
#  653 | steps:  5834 | steps_t:   744 | t: 8.189778 | r:  -506.000000 | e:   0.925600 | Q:        nan | won: False 
#  654 | steps:  5852 | steps_t:   761 | t: 8.309310 | r:  -517.000000 | e:   0.923900 | Q: -290.096924 | won: False 
#  655 | steps:  5859 | steps_t:   767 | t: 8.351825 | r:  -506.000000 | e:   0.923300 | Q:        nan | won: False 
#  656 | steps:  5869 | steps_t:   776 | t: 8.424354 | r:  -509.000000 | e:   0.922400 | Q: -325.279083 | won: False 
#  657 | steps:  5877 | steps_t:   783 | t: 8.474355 | r:  -507.000000 | e:   0.921700 | Q:        nan | won: False 
#  658 | steps:  5888 | steps_t:   793 | t: 8.546880 | r:  -510.000000 | e:   0.920700 | Q: -333.899109 | won: False 
#  659 | steps:  5897 | steps_t:   801 | t: 8.601888 | r:  -508.000000 | e:   0.919900 | Q:        nan | won: False 
#  660 | steps:  5909 | steps_t:   812 | t: 8.677406 | r:  -511.000000 | e:   0.918800 | Q: -345.302338 | won: False 
#  661 | steps:  5920 | steps_t:   822 | t: 8.748929 | r:  -510.000000 | e:   0.917800 | Q: -322.124878 | won: False 
#  662 | steps:  5932 | steps_t:   833 | t: 8.826971 | r:  -511.000000 | e:   0.916700 | Q: -325.410645 | won: False 
#  663 | steps:  5945 | steps_t:   845 | t: 8.921494 | r:  -512.000000 | e:   0.915500 | Q: -324.327576 | won: False 
#  664 | steps:  5959 | steps_t:   858 | t: 9.030017 | r:  -513.000000 | e:   0.914200 | Q: -303.997528 | won: False 
#  665 | steps:  5975 | steps_t:   873 | t: 9.142546 | r:  -515.000000 | e:   0.912700 | Q: -295.030792 | won: False 
#  666 | steps:  5981 | steps_t:   878 | t: 9.178545 | r:  -505.000000 | e:   0.912200 | Q:        nan | won: False 
#  667 | steps:  5990 | steps_t:   886 | t: 9.235067 | r:  -508.000000 | e:   0.911400 | Q:        nan | won: False 
#  668 | steps:  5999 | steps_t:   894 | t: 9.292067 | r:  -508.000000 | e:   0.910600 | Q:        nan | won: False 
#  669 | steps:  6016 | steps_t:   910 | t: 9.403608 | r:  -516.000000 | e:   0.909000 | Q: -324.162781 | won: False 
#  670 | steps:  6025 | steps_t:   918 | t: 9.460119 | r:  -508.000000 | e:   0.908200 | Q:        nan | won: False 
#  671 | steps:  6034 | steps_t:   926 | t: 9.522645 | r:  -508.000000 | e:   0.907400 | Q:        nan | won: False 
#  672 | steps:  6042 | steps_t:   933 | t: 9.575948 | r:  -507.000000 | e:   0.906700 | Q: -332.236053 | won: False 
#  673 | steps:  6051 | steps_t:   941 | t: 9.635473 | r:  -508.000000 | e:   0.905900 | Q: -326.087433 | won: False 
#  674 | steps:  6059 | steps_t:   948 | t: 9.693469 | r:  -507.000000 | e:   0.905200 | Q: -329.488647 | won: False 
#  675 | steps:  6081 | steps_t:   969 | t: 9.840516 | r:  -521.000000 | e:   0.903100 | Q:        nan | won: False 
#  676 | steps:  6091 | steps_t:   978 | t: 9.908526 | r:  -509.000000 | e:   0.902200 | Q: -305.794159 | won: False 
#  677 | steps:  6100 | steps_t:   986 | t: 9.966045 | r:  -508.000000 | e:   0.901400 | Q: -305.067749 | won: False 
#  678 | steps:  6111 | steps_t:   996 | t: 10.036566 | r:  -510.000000 | e:   0.900400 | Q:        nan | won: False 
#  679 | steps:  6120 | steps_t:  1004 | t: 10.094568 | r:  -508.000000 | e:   0.899600 | Q:        nan | won: False 
#  680 | steps:  6143 | steps_t:  1026 | t: 10.247886 | r:  -522.000000 | e:   0.897400 | Q: -317.134491 | won: False 
#  681 | steps:  6149 | steps_t:  1031 | t: 10.284887 | r:  -505.000000 | e:   0.896900 | Q:        nan | won: False 
#  682 | steps:  6157 | steps_t:  1038 | t: 10.336414 | r:  -507.000000 | e:   0.896200 | Q:        nan | won: False 
#  683 | steps:  6171 | steps_t:  1051 | t: 10.426934 | r:  -513.000000 | e:   0.894900 | Q: -324.217560 | won: False 
#  684 | steps:  6181 | steps_t:  1060 | t: 10.490933 | r:  -509.000000 | e:   0.894000 | Q: -308.343658 | won: False 
#  685 | steps:  6201 | steps_t:  1079 | t: 10.621988 | r:  -508.000000 | e:   0.892100 | Q: -307.148438 | won: False 
#  686 | steps:  6209 | steps_t:  1086 | t: 10.670988 | r:  -507.000000 | e:   0.891400 | Q:        nan | won: False 
#  687 | steps:  6216 | steps_t:  1092 | t: 10.713996 | r:  -506.000000 | e:   0.890800 | Q: -310.875366 | won: False 
#  688 | steps:  6225 | steps_t:  1100 | t: 10.770515 | r:  -508.000000 | e:   0.890000 | Q:        nan | won: False 
#  689 | steps:  6235 | steps_t:  1109 | t: 10.833033 | r:  -509.000000 | e:   0.889100 | Q: -323.370087 | won: False 
#  690 | steps:  6258 | steps_t:  1131 | t: 10.982551 | r:  -522.000000 | e:   0.886900 | Q: -304.248108 | won: False 
#  691 | steps:  6266 | steps_t:  1138 | t: 11.033076 | r:  -507.000000 | e:   0.886200 | Q: -300.384186 | won: False 
#  692 | steps:  6272 | steps_t:  1143 | t: 11.069076 | r:  -505.000000 | e:   0.885700 | Q:        nan | won: False 
#  693 | steps:  6282 | steps_t:  1152 | t: 11.136520 | r:  -509.000000 | e:   0.884800 | Q: -315.712189 | won: False 
#  694 | steps:  6293 | steps_t:  1162 | t: 11.206527 | r:  -510.000000 | e:   0.883800 | Q:        nan | won: False 
#  695 | steps:  6303 | steps_t:  1171 | t: 11.270039 | r:  -509.000000 | e:   0.882900 | Q:        nan | won: False 
#  696 | steps:  6313 | steps_t:  1180 | t: 11.333560 | r:  -509.000000 | e:   0.882000 | Q: -323.462463 | won: False 
#  697 | steps:  6324 | steps_t:  1190 | t: 11.404572 | r:  -510.000000 | e:   0.881000 | Q: -322.381317 | won: False 
#  698 | steps:  6349 | steps_t:  1214 | t: 11.573613 | r:  -524.000000 | e:   0.878600 | Q: -308.833191 | won: False 
#  699 | steps:  6361 | steps_t:  1225 | t: 11.661138 | r:  -511.000000 | e:   0.877500 | Q: -285.533569 | won: False 
#  700 | steps:  6371 | steps_t:  1234 | t: 11.725664 | r:  -509.000000 | e:   0.876600 | Q:        nan | won: False 
#  701 | steps:  6394 | steps_t:  1256 | t: 11.880189 | r:  -522.000000 | e:   0.874400 | Q: -251.492889 | won: False 
#  702 | steps:  6406 | steps_t:  1267 | t: 11.957709 | r:  -511.000000 | e:   0.873300 | Q: -324.365723 | won: False 
#  703 | steps:  6416 | steps_t:  1276 | t: 12.022238 | r:  -509.000000 | e:   0.872400 | Q: -326.280121 | won: False 
#  704 | steps:  6422 | steps_t:  1281 | t: 12.058235 | r:  -505.000000 | e:   0.871900 | Q:        nan | won: False 
#  705 | steps:  6444 | steps_t:  1302 | t: 12.213915 | r:  -521.000000 | e:   0.869800 | Q: -302.582275 | won: False 
#  706 | steps:  6452 | steps_t:  1309 | t: 12.264436 | r:  -507.000000 | e:   0.869100 | Q:        nan | won: False 
#  707 | steps:  6463 | steps_t:  1319 | t: 12.339958 | r:  -510.000000 | e:   0.868100 | Q: -291.705841 | won: False 
#  708 | steps:  6472 | steps_t:  1327 | t: 12.395960 | r:  -508.000000 | e:   0.867300 | Q:        nan | won: False 
#  709 | steps:  6478 | steps_t:  1332 | t: 12.436486 | r:  -505.000000 | e:   0.866800 | Q:        nan | won: False 
#  710 | steps:  6489 | steps_t:  1342 | t: 12.510492 | r:  -510.000000 | e:   0.865800 | Q:        nan | won: False 
#  711 | steps:  6499 | steps_t:  1351 | t: 12.575008 | r:  -509.000000 | e:   0.864900 | Q: -283.407776 | won: False 
#  712 | steps:  6509 | steps_t:  1360 | t: 12.638535 | r:  -509.000000 | e:   0.864000 | Q: -308.221619 | won: False 
#  713 | steps:  6523 | steps_t:  1373 | t: 12.730763 | r:  -513.000000 | e:   0.862700 | Q: -341.709351 | won: False 
#  714 | steps:  6530 | steps_t:  1379 | t: 12.780667 | r:  -506.000000 | e:   0.862100 | Q: -330.289124 | won: False 
#  715 | steps:  6538 | steps_t:  1386 | t: 12.837068 | r:  -507.000000 | e:   0.861400 | Q: -322.301025 | won: False 
#  716 | steps:  6548 | steps_t:  1395 | t: 12.901358 | r:  -509.000000 | e:   0.860500 | Q:        nan | won: False 
#  717 | steps:  6558 | steps_t:  1404 | t: 12.967377 | r:  -509.000000 | e:   0.859600 | Q:        nan | won: False 
#  718 | steps:  6570 | steps_t:  1415 | t: 13.049277 | r:  -511.000000 | e:   0.858500 | Q: -332.937164 | won: False 
#  719 | steps:  6581 | steps_t:  1425 | t: 13.121570 | r:  -510.000000 | e:   0.857500 | Q: -319.765503 | won: False 
#  720 | steps:  6604 | steps_t:  1447 | t: 13.275893 | r:  -522.000000 | e:   0.855300 | Q: -309.505066 | won: False 
#  721 | steps:  6612 | steps_t:  1454 | t: 13.330068 | r:  -507.000000 | e:   0.854600 | Q: -290.251099 | won: False 
#  722 | steps:  6620 | steps_t:  1461 | t: 13.383647 | r:  -507.000000 | e:   0.853900 | Q: -278.369171 | won: False 
#  723 | steps:  6628 | steps_t:  1468 | t: 13.440169 | r:  -507.000000 | e:   0.853200 | Q: -277.533112 | won: False 
#  724 | steps:  6638 | steps_t:  1477 | t: 13.506752 | r:  -509.000000 | e:   0.852300 | Q: -273.246185 | won: False 
#  725 | steps:  6647 | steps_t:  1485 | t: 13.565240 | r:  -508.000000 | e:   0.851500 | Q: -283.668732 | won: False 
#  726 | steps:  6691 | steps_t:  1528 | t: 13.878947 | r:  -543.000000 | e:   0.847200 | Q: -296.086151 | won: False 
#  727 | steps:  6702 | steps_t:  1538 | t: 13.951477 | r:  -510.000000 | e:   0.846200 | Q: -353.749054 | won: False 
#  728 | steps:  6716 | steps_t:  1551 | t: 14.046012 | r:  -513.000000 | e:   0.844900 | Q: -327.712677 | won: False 
#  729 | steps:  6724 | steps_t:  1558 | t: 14.097013 | r:  -507.000000 | e:   0.844200 | Q: -303.949707 | won: False 
#  730 | steps:  6739 | steps_t:  1572 | t: 14.197541 | r:  -503.000000 | e:   0.842800 | Q: -297.848236 | won: False 
#  731 | steps:  6751 | steps_t:  1583 | t: 14.276595 | r:  -511.000000 | e:   0.841700 | Q: -324.676544 | won: False 
#  732 | steps:  6760 | steps_t:  1591 | t: 14.339122 | r:  -508.000000 | e:   0.840900 | Q: -303.126434 | won: False 
#  733 | steps:  6771 | steps_t:  1601 | t: 14.411552 | r:  -510.000000 | e:   0.839900 | Q: -299.263947 | won: False 
#  734 | steps:  6785 | steps_t:  1614 | t: 14.512089 | r:  -513.000000 | e:   0.838600 | Q: -301.844299 | won: False 
#  735 | steps:  6795 | steps_t:  1623 | t: 14.590606 | r:  -509.000000 | e:   0.837700 | Q: -273.182373 | won: False 
#  736 | steps:  6804 | steps_t:  1631 | t: 14.652749 | r:  -508.000000 | e:   0.836900 | Q: -283.990814 | won: False 
#  737 | steps:  6812 | steps_t:  1638 | t: 14.706761 | r:  -507.000000 | e:   0.836200 | Q: -273.479095 | won: False 
#  738 | steps:  6818 | steps_t:  1643 | t: 14.745283 | r:  -505.000000 | e:   0.835700 | Q: -294.955048 | won: False 
#  739 | steps:  6829 | steps_t:  1653 | t: 14.821815 | r:  -510.000000 | e:   0.834700 | Q: -314.953491 | won: False 
#  740 | steps:  6835 | steps_t:  1658 | t: 14.858813 | r:  -505.000000 | e:   0.834200 | Q:        nan | won: False 
#  741 | steps:  6851 | steps_t:  1673 | t: 14.960340 | r:  -504.000000 | e:   0.832700 | Q: -320.845947 | won: False 
#  742 | steps:  6869 | steps_t:  1690 | t: 15.078866 | r:  -517.000000 | e:   0.831000 | Q: -315.622162 | won: False 
#  743 | steps:  6878 | steps_t:  1698 | t: 15.138401 | r:  -508.000000 | e:   0.830200 | Q: -309.433350 | won: False 
#  744 | steps:  6894 | steps_t:  1713 | t: 15.243953 | r:  -515.000000 | e:   0.828700 | Q: -350.006653 | won: False 
#  745 | steps:  6906 | steps_t:  1724 | t: 15.317968 | r:  -511.000000 | e:   0.827600 | Q:        nan | won: False 
#  746 | steps:  6915 | steps_t:  1732 | t: 15.375475 | r:  -508.000000 | e:   0.826800 | Q: -318.058533 | won: False 
#  747 | steps:  6922 | steps_t:  1738 | t: 15.421013 | r:  -506.000000 | e:   0.826200 | Q: -303.579865 | won: False 
#  748 | steps:  6930 | steps_t:  1745 | t: 15.472008 | r:  -507.000000 | e:   0.825500 | Q: -316.778961 | won: False 
#  749 | steps:  6955 | steps_t:  1769 | t: 15.636069 | r:  -524.000000 | e:   0.823100 | Q: -308.402161 | won: False 
#  750 | steps:  6964 | steps_t:  1777 | t: 15.694069 | r:  -508.000000 | e:   0.822300 | Q: -313.547241 | won: False 
#  751 | steps:  6974 | steps_t:  1786 | t: 15.758181 | r:  -509.000000 | e:   0.821400 | Q: -281.317352 | won: False 
#  752 | steps:  6990 | steps_t:  1801 | t: 15.866707 | r:  -515.000000 | e:   0.819900 | Q: -284.951233 | won: False 
#  753 | steps:  7002 | steps_t:  1812 | t: 15.952235 | r:  -511.000000 | e:   0.818800 | Q: -338.649567 | won: False 
#  754 | steps:  7013 | steps_t:  1822 | t: 16.024769 | r:  -510.000000 | e:   0.817800 | Q: -307.397156 | won: False 
#  755 | steps:  7023 | steps_t:  1831 | t: 16.095771 | r:  -509.000000 | e:   0.816900 | Q: -309.433838 | won: False 
#  756 | steps:  7037 | steps_t:  1844 | t: 16.190303 | r:  -513.000000 | e:   0.815600 | Q: -302.599426 | won: False 
#  757 | steps:  7047 | steps_t:  1853 | t: 16.254836 | r:  -509.000000 | e:   0.814700 | Q: -337.866852 | won: False 
#  758 | steps:  7064 | steps_t:  1869 | t: 16.373357 | r:  -516.000000 | e:   0.813100 | Q: -328.496033 | won: False 
#  759 | steps:  7074 | steps_t:  1878 | t: 16.440884 | r:  -509.000000 | e:   0.812200 | Q: -325.662445 | won: False 
#  760 | steps:  7082 | steps_t:  1885 | t: 16.491885 | r:  -507.000000 | e:   0.811500 | Q: -320.599365 | won: False 
#  761 | steps:  7123 | steps_t:  1925 | t: 16.767793 | r:  -540.000000 | e:   0.807500 | Q: -309.265472 | won: False 
#  762 | steps:  7144 | steps_t:  1945 | t: 16.905320 | r:  -520.000000 | e:   0.805500 | Q: -324.626678 | won: False 
#  763 | steps:  7151 | steps_t:  1951 | t: 16.954846 | r:  -506.000000 | e:   0.804900 | Q: -339.958191 | won: False 
#  764 | steps:  7160 | steps_t:  1959 | t: 17.012867 | r:  -508.000000 | e:   0.804100 | Q:        nan | won: False 
#  765 | steps:  7171 | steps_t:  1969 | t: 17.084390 | r:  -510.000000 | e:   0.803100 | Q: -336.945892 | won: False 
#  766 | steps:  7176 | steps_t:  1973 | t: 17.114403 | r:  -504.000000 | e:   0.802700 | Q: -327.941803 | won: False 
#  767 | steps:  7185 | steps_t:  1981 | t: 17.171475 | r:  -508.000000 | e:   0.801900 | Q: -319.013367 | won: False 
#  768 | steps:  7196 | steps_t:  1991 | t: 17.246906 | r:  -510.000000 | e:   0.800900 | Q: -299.112061 | won: False 
#  769 | steps:  7204 | steps_t:  1998 | t: 17.298906 | r:  -507.000000 | e:   0.800200 | Q: -291.017456 | won: False 
#  770 | steps:  7211 | steps_t:  2004 | t: 17.342439 | r:  -506.000000 | e:   0.799600 | Q:        nan | won: False 
#  771 | steps:  7221 | steps_t:  2013 | t: 17.406455 | r:  -509.000000 | e:   0.798700 | Q: -313.698303 | won: False 
#  772 | steps:  7226 | steps_t:  2017 | t: 17.433777 | r:  -504.000000 | e:   0.798300 | Q:        nan | won: False 
#  773 | steps:  7235 | steps_t:  2025 | t: 17.492778 | r:  -508.000000 | e:   0.797500 | Q:        nan | won: False 
#  774 | steps:  7251 | steps_t:  2040 | t: 17.598311 | r:  -515.000000 | e:   0.796000 | Q: -380.245209 | won: False 
#  775 | steps:  7258 | steps_t:  2046 | t: 17.643846 | r:  -506.000000 | e:   0.795400 | Q: -349.842865 | won: False 
#  776 | steps:  7268 | steps_t:  2055 | t: 17.712854 | r:  -509.000000 | e:   0.794500 | Q: -333.146881 | won: False 
#  777 | steps:  7288 | steps_t:  2074 | t: 17.845904 | r:  -519.000000 | e:   0.792600 | Q: -320.858459 | won: False 
#  778 | steps:  7300 | steps_t:  2085 | t: 17.926444 | r:  -511.000000 | e:   0.791500 | Q: -300.976929 | won: False 
#  779 | steps:  7308 | steps_t:  2092 | t: 17.979445 | r:  -507.000000 | e:   0.790800 | Q:        nan | won: False 
#  780 | steps:  7324 | steps_t:  2107 | t: 18.116981 | r:  -515.000000 | e:   0.789300 | Q: -401.418304 | won: False 
#  781 | steps:  7334 | steps_t:  2116 | t: 18.192507 | r:  -509.000000 | e:   0.788400 | Q: -317.676514 | won: False 
#  782 | steps:  7343 | steps_t:  2124 | t: 18.256037 | r:  -508.000000 | e:   0.787600 | Q: -321.625885 | won: False 
#  783 | steps:  7357 | steps_t:  2137 | t: 18.364564 | r:  -513.000000 | e:   0.786300 | Q: -321.209167 | won: False 
#  784 | steps:  7369 | steps_t:  2148 | t: 18.460095 | r:  -511.000000 | e:   0.785200 | Q: -314.152740 | won: False 
#  785 | steps:  7380 | steps_t:  2158 | t: 18.539624 | r:  -510.000000 | e:   0.784200 | Q: -419.945312 | won: False 
#  786 | steps:  7388 | steps_t:  2165 | t: 18.596625 | r:  -507.000000 | e:   0.783500 | Q: -326.417542 | won: False 
#  787 | steps:  7394 | steps_t:  2170 | t: 18.634839 | r:  -505.000000 | e:   0.783000 | Q:        nan | won: False 
#  788 | steps:  7410 | steps_t:  2185 | t: 18.757367 | r:  -515.000000 | e:   0.781500 | Q: -369.145569 | won: False 
#  789 | steps:  7420 | steps_t:  2194 | t: 18.826890 | r:  -509.000000 | e:   0.780600 | Q: -309.410614 | won: False 
#  790 | steps:  7429 | steps_t:  2202 | t: 18.884891 | r:  -508.000000 | e:   0.779800 | Q: -362.223785 | won: False 
#  791 | steps:  7438 | steps_t:  2210 | t: 18.945312 | r:  -508.000000 | e:   0.779000 | Q: -404.348846 | won: False 
#  792 | steps:  7447 | steps_t:  2218 | t: 19.005316 | r:  -508.000000 | e:   0.778200 | Q: -318.379944 | won: False 
#  793 | steps:  7460 | steps_t:  2230 | t: 19.095840 | r:  -512.000000 | e:   0.777000 | Q: -324.620178 | won: False 
#  794 | steps:  7468 | steps_t:  2237 | t: 19.146978 | r:  -507.000000 | e:   0.776300 | Q: -422.285156 | won: False 
#  795 | steps:  7475 | steps_t:  2243 | t: 19.188980 | r:  -506.000000 | e:   0.775700 | Q:        nan | won: False 
#  796 | steps:  7482 | steps_t:  2249 | t: 19.231517 | r:  -506.000000 | e:   0.775100 | Q: -352.236023 | won: False 
#  797 | steps:  7489 | steps_t:  2255 | t: 19.277665 | r:  -506.000000 | e:   0.774500 | Q: -389.339661 | won: False 
#  798 | steps:  7497 | steps_t:  2262 | t: 19.326192 | r:  -507.000000 | e:   0.773800 | Q: -379.642883 | won: False 
#  799 | steps:  7506 | steps_t:  2270 | t: 19.384715 | r:  -508.000000 | e:   0.773000 | Q: -354.457916 | won: False 
#  800 | steps:  7513 | steps_t:  2276 | t: 19.427241 | r:  -506.000000 | e:   0.772400 | Q:        nan | won: False 
